2025-01-06 23:44:23,112 [INFO] Activator:176 - 


2025-01-06 23:44:23,123 [INFO] Activator:177 - !SESSION log4j initialized
2025-01-06 23:44:34,446 [INFO] LogOutputStream:77 - [STDOUT_REDIRECT] 
2025-01-06 23:44:45,215 [INFO] ApplicationProperties:184 - Using Application install path: C:\ST\STM32CubeIDE_1.17.0\STM32CubeIDE\plugins\com.st.stm32cube.common.mx_6.13.0.202411220809
2025-01-06 23:44:45,234 [INFO] DbMcusXml:78 - Set database path to: C:\ST\STM32CubeIDE_1.17.0\STM32CubeIDE\plugins\com.st.stm32cube.common.mx_6.13.0.202411220809\\db\/mcu/
2025-01-06 23:44:45,234 [INFO] ApiDb:274 - Set plugin database path to: C:\ST\STM32CubeIDE_1.17.0\STM32CubeIDE\plugins\com.st.stm32cube.common.mx_6.13.0.202411220809\\db\/plugins/boardmanager/
2025-01-06 23:44:45,235 [WARN] ApiDb:259 - Overriding images path with different value:  => C:\ST\STM32CubeIDE_1.17.0\STM32CubeIDE\plugins\com.st.stm32cube.common.mx_6.13.0.202411220809\\db\/plugins/mcufinder/images/
2025-01-06 23:44:45,253 [INFO] ApiDb:250 - Set database path to: C:\Users\anhhu\.stmcufinder\plugins\mcufinder//mcu/
2025-01-06 23:44:45,255 [INFO] DbMcusAds:125 - Set database path to: C:\Users\anhhu\.stmcufinder\plugins\mcufinder//mcu/
2025-01-06 23:44:45,301 [INFO] CrossReferenceDbSqlite:203 - Set database path to: C:\Users\anhhu\.stmcufinder\plugins\mcufinder//mcu/cs/
2025-01-06 23:44:45,454 [INFO] RulesReader:64 - Compatibility file has been processed (297 Rules)
2025-01-06 23:44:45,568 [INFO] DbMcusXml:78 - Set database path to: C:\ST\STM32CubeIDE_1.17.0\STM32CubeIDE\plugins\com.st.stm32cube.common.mx_6.13.0.202411220809\\db\/mcu/
2025-01-06 23:44:45,568 [INFO] ApiDb:274 - Set plugin database path to: C:\ST\STM32CubeIDE_1.17.0\STM32CubeIDE\plugins\com.st.stm32cube.common.mx_6.13.0.202411220809\\db\/plugins/boardmanager/
2025-01-06 23:44:45,569 [INFO] ApiDb:261 - Set plugin images path to: C:\ST\STM32CubeIDE_1.17.0\STM32CubeIDE\plugins\com.st.stm32cube.common.mx_6.13.0.202411220809\\db\/plugins/mcufinder/images/
2025-01-06 23:44:45,569 [WARN] DbFile:41 - Overriding database path with different value: C:\Users\anhhu\.stmcufinder\plugins\mcufinder/ => C:\Users\anhhu\.stmcufinder\plugins\mcufinder
2025-01-06 23:44:45,569 [INFO] ApiDb:250 - Set database path to: C:\Users\anhhu\.stmcufinder\plugins\mcufinder//mcu/
2025-01-06 23:44:45,569 [WARN] DbFile:41 - Overriding database path with different value: C:\Users\anhhu\.stmcufinder\plugins\mcufinder/ => C:\Users\anhhu\.stmcufinder\plugins\mcufinder
2025-01-06 23:44:45,569 [INFO] DbMcusAds:125 - Set database path to: C:\Users\anhhu\.stmcufinder\plugins\mcufinder//mcu/
2025-01-06 23:44:45,569 [WARN] DbFile:41 - Overriding database path with different value: C:\Users\anhhu\.stmcufinder\plugins\mcufinder/ => C:\Users\anhhu\.stmcufinder\plugins\mcufinder
2025-01-06 23:44:45,569 [WARN] DbFile:41 - Overriding database path with different value: C:\Users\anhhu\.stmcufinder\plugins\mcufinder/ => C:\Users\anhhu\.stmcufinder\plugins\mcufinder
2025-01-06 23:44:45,570 [INFO] CrossReferenceDbSqlite:203 - Set database path to: C:\Users\anhhu\.stmcufinder\plugins\mcufinder//mcu/cs/
2025-01-06 23:44:45,675 [INFO] MainPanel:272 - HeapMemory: 268435456
2025-01-06 23:44:45,814 [INFO] DbMcusXml:78 - Set database path to: C:\ST\STM32CubeIDE_1.17.0\STM32CubeIDE\plugins\com.st.stm32cube.common.mx_6.13.0.202411220809\\db\/mcu/
2025-01-06 23:44:45,814 [INFO] ApiDb:274 - Set plugin database path to: C:\ST\STM32CubeIDE_1.17.0\STM32CubeIDE\plugins\com.st.stm32cube.common.mx_6.13.0.202411220809\\db\/plugins/boardmanager/
2025-01-06 23:44:45,814 [INFO] ApiDb:261 - Set plugin images path to: C:\ST\STM32CubeIDE_1.17.0\STM32CubeIDE\plugins\com.st.stm32cube.common.mx_6.13.0.202411220809\\db\/plugins/mcufinder/images/
2025-01-06 23:44:45,815 [WARN] DbFile:41 - Overriding database path with different value: C:\Users\anhhu\.stmcufinder\plugins\mcufinder/ => C:\Users\anhhu\.stmcufinder\plugins\mcufinder
2025-01-06 23:44:45,815 [INFO] ApiDb:250 - Set database path to: C:\Users\anhhu\.stmcufinder\plugins\mcufinder//mcu/
2025-01-06 23:44:45,815 [WARN] DbFile:41 - Overriding database path with different value: C:\Users\anhhu\.stmcufinder\plugins\mcufinder/ => C:\Users\anhhu\.stmcufinder\plugins\mcufinder
2025-01-06 23:44:45,815 [INFO] DbMcusAds:125 - Set database path to: C:\Users\anhhu\.stmcufinder\plugins\mcufinder//mcu/
2025-01-06 23:44:45,815 [WARN] DbFile:41 - Overriding database path with different value: C:\Users\anhhu\.stmcufinder\plugins\mcufinder/ => C:\Users\anhhu\.stmcufinder\plugins\mcufinder
2025-01-06 23:44:45,815 [WARN] DbFile:41 - Overriding database path with different value: C:\Users\anhhu\.stmcufinder\plugins\mcufinder/ => C:\Users\anhhu\.stmcufinder\plugins\mcufinder
2025-01-06 23:44:45,815 [INFO] CrossReferenceDbSqlite:203 - Set database path to: C:\Users\anhhu\.stmcufinder\plugins\mcufinder//mcu/cs/
2025-01-06 23:44:45,840 [INFO] ApplicationProperties:184 - Using Application install path: C:\ST\STM32CubeIDE_1.17.0\STM32CubeIDE\plugins\com.st.stm32cube.common.mx_6.13.0.202411220809
2025-01-06 23:44:45,842 [INFO] PluginManage:196 - Search for loadable plugins [exclusion list=, ]
2025-01-06 23:44:45,844 [INFO] PluginManage:310 - Check plugin analytics
2025-01-06 23:44:55,181 [INFO] AnalyticsPlugin:253 - Accepted Software Licenses: STM32CubeMX.5.3.0,STM32CubeMX.5.6.0,STM32CubeMX.5.6.1
2025-01-06 23:44:55,182 [INFO] AnalyticsPlugin:255 - Accepted CMSIS Pack Licenses: 
2025-01-06 23:44:55,182 [INFO] AnalyticsPlugin:257 - Accepted Firmware Licenses: 
2025-01-06 23:44:55,185 [INFO] PluginManage:359 - Loaded plugin analytics (category:tool,tabindex:-1)
2025-01-06 23:44:55,186 [INFO] PluginManage:310 - Check plugin cadmodel
2025-01-06 23:44:55,223 [INFO] CADModel:105 - Init CAD model plugin
2025-01-06 23:44:55,225 [INFO] PluginManage:359 - Loaded plugin cadmodel (category:power,tabindex:5)
2025-01-06 23:44:55,226 [INFO] PluginManage:310 - Check plugin clock
2025-01-06 23:44:55,262 [INFO] PluginManage:359 - Loaded plugin clock (category:base,tabindex:2)
2025-01-06 23:44:55,263 [INFO] PluginManage:310 - Check plugin ddr
2025-01-06 23:44:55,266 [INFO] PluginManage:359 - Loaded plugin ddr (category:tool,tabindex:6)
2025-01-06 23:44:55,266 [INFO] PluginManage:310 - Check plugin filemanager
2025-01-06 23:44:55,487 [INFO] PluginManage:359 - Loaded plugin filemanager (category:base,tabindex:10)
2025-01-06 23:44:55,487 [INFO] PluginManage:310 - Check plugin ipmanager
2025-01-06 23:44:55,497 [INFO] PluginManage:359 - Loaded plugin ipmanager (category:base,tabindex:5)
2025-01-06 23:44:55,497 [INFO] PluginManage:310 - Check plugin lpbam
2025-01-06 23:44:55,521 [INFO] PluginManage:359 - Loaded plugin lpbam (category:base,tabindex:0)
2025-01-06 23:44:55,521 [INFO] PluginManage:310 - Check plugin memorymap
2025-01-06 23:44:55,554 [INFO] PluginManage:359 - Loaded plugin memorymap (category:base,tabindex:4)
2025-01-06 23:44:55,554 [INFO] PluginManage:310 - Check plugin pinoutandconfiguration
2025-01-06 23:44:55,579 [INFO] PluginManage:359 - Loaded plugin pinoutandconfiguration (category:base,tabindex:1)
2025-01-06 23:44:55,579 [INFO] PluginManage:310 - Check plugin pinoutconfig
2025-01-06 23:44:55,745 [WARN] SupportedApi:132 - Cannot load RTOS API schema: s4s-elt-must-match.1: The content of 'definitions' must match (annotation?, (simpleType | complexType)?, (unique | key | keyref)*)). A problem was found starting at: attribute.
2025-01-06 23:44:55,962 [INFO] PluginManage:359 - Loaded plugin pinoutconfig (category:base,tabindex:0)
2025-01-06 23:44:55,962 [INFO] PluginManage:310 - Check plugin power
2025-01-06 23:44:55,992 [INFO] PluginManage:359 - Loaded plugin power (category:power,tabindex:4)
2025-01-06 23:44:55,992 [INFO] PluginManage:310 - Check plugin projectmanager
2025-01-06 23:44:56,013 [INFO] PluginManage:359 - Loaded plugin projectmanager (category:projectmanager,tabindex:4)
2025-01-06 23:44:56,013 [INFO] PluginManage:310 - Check plugin rif
2025-01-06 23:44:56,039 [INFO] PluginManage:359 - Loaded plugin rif (category:base,tabindex:3)
2025-01-06 23:44:56,040 [INFO] PluginManage:310 - Check plugin thirdparty
2025-01-06 23:44:56,464 [INFO] PluginManage:359 - Loaded plugin thirdparty (category:base,tabindex:-1)
2025-01-06 23:44:56,465 [INFO] PluginManage:310 - Check plugin tools
2025-01-06 23:44:56,472 [WARN] IntegrityCheckThread:84 - waiting for thirdparty lock release [integrity check]
2025-01-06 23:44:56,473 [INFO] IntegrityCheckThread:86 - entering critical section [integrity check]
2025-01-06 23:44:56,473 [INFO] ThirdPartyUpdaterWithRetryManager:70 - Updater plugin not ready yet. [1/15]
2025-01-06 23:44:56,522 [INFO] PluginManage:359 - Loaded plugin tools (category:base,tabindex:7)
2025-01-06 23:44:56,522 [INFO] PluginManage:310 - Check plugin tutovideos
2025-01-06 23:44:56,780 [INFO] PluginManage:359 - Loaded plugin tutovideos (category:base,tabindex:-1)
2025-01-06 23:44:56,780 [INFO] PluginManage:310 - Check plugin updater
2025-01-06 23:44:56,826 [INFO] PluginManage:359 - Loaded plugin updater (category:base,tabindex:12)
2025-01-06 23:44:56,826 [INFO] PluginManage:310 - Check plugin userauth
2025-01-06 23:44:56,846 [INFO] UserAuth:118 - Init User Auth plugin
2025-01-06 23:44:56,847 [INFO] PluginManage:359 - Loaded plugin userauth (category:base,tabindex:14)
2025-01-06 23:44:56,848 [INFO] PluginManage:283 - PluginManage : Loaded plugins [18]
2025-01-06 23:44:57,118 [INFO] PinOutPanel:1589 - setPackage(No Configuration,No Configuration)
2025-01-06 23:44:57,233 [INFO] CADModel:165 - CPN selected for project level
2025-01-06 23:44:57,233 [INFO] CADModel:114 - Register for checkConnection events
2025-01-06 23:44:57,269 [INFO] IPUIPlugin:80 - create IPUIPlugin
2025-01-06 23:44:57,270 [INFO] PluginManager:220 - loadIPPluginJar : add adc
2025-01-06 23:44:57,326 [INFO] IPUIPlugin:80 - create IPUIPlugin
2025-01-06 23:44:57,327 [INFO] PluginManager:220 - loadIPPluginJar : add aes
2025-01-06 23:44:57,389 [INFO] IPUIPlugin:80 - create IPUIPlugin
2025-01-06 23:44:57,389 [INFO] PluginManager:220 - loadIPPluginJar : add can
2025-01-06 23:44:57,488 [INFO] IPUIPlugin:80 - create IPUIPlugin
2025-01-06 23:44:57,488 [INFO] PluginManager:220 - loadIPPluginJar : add comp
2025-01-06 23:44:57,543 [INFO] IPUIPlugin:80 - create IPUIPlugin
2025-01-06 23:44:57,543 [INFO] PluginManager:220 - loadIPPluginJar : add cryp
2025-01-06 23:44:57,560 [INFO] IPUIPlugin:80 - create IPUIPlugin
2025-01-06 23:44:57,560 [INFO] PluginManager:220 - loadIPPluginJar : add ddr_ctrl_phy
2025-01-06 23:44:57,605 [INFO] IPUIPlugin:80 - create IPUIPlugin
2025-01-06 23:44:57,605 [INFO] PluginManager:220 - loadIPPluginJar : add dfsdm
2025-01-06 23:44:57,624 [INFO] IPUIPlugin:80 - create IPUIPlugin
2025-01-06 23:44:57,625 [INFO] PluginManager:220 - loadIPPluginJar : add dma
2025-01-06 23:44:57,682 [INFO] IPUIPlugin:80 - create IPUIPlugin
2025-01-06 23:44:57,682 [INFO] PluginManager:220 - loadIPPluginJar : add dma3
2025-01-06 23:44:57,754 [INFO] IPUIPlugin:80 - create IPUIPlugin
2025-01-06 23:44:57,754 [INFO] PluginManager:220 - loadIPPluginJar : add extmemmanager
2025-01-06 23:44:57,790 [INFO] IPUIPlugin:80 - create IPUIPlugin
2025-01-06 23:44:57,790 [INFO] PluginManager:220 - loadIPPluginJar : add fatfs
2025-01-06 23:44:57,868 [INFO] IPUIPlugin:80 - create IPUIPlugin
2025-01-06 23:44:57,868 [INFO] PluginManager:220 - loadIPPluginJar : add fmc
2025-01-06 23:44:57,893 [INFO] IPUIPlugin:80 - create IPUIPlugin
2025-01-06 23:44:57,893 [INFO] PluginManager:220 - loadIPPluginJar : add freertos
2025-01-06 23:44:57,928 [INFO] IPUIPlugin:80 - create IPUIPlugin
2025-01-06 23:44:57,928 [INFO] PluginManager:220 - loadIPPluginJar : add genericplugin
2025-01-06 23:44:58,110 [INFO] IPUIPlugin:80 - create IPUIPlugin
2025-01-06 23:44:58,110 [INFO] PluginManager:220 - loadIPPluginJar : add gfxmmu
2025-01-06 23:44:58,329 [INFO] IPUIPlugin:80 - create IPUIPlugin
2025-01-06 23:44:58,329 [INFO] PluginManager:220 - loadIPPluginJar : add gic
2025-01-06 23:44:58,347 [INFO] IPUIPlugin:80 - create IPUIPlugin
2025-01-06 23:44:58,347 [INFO] PluginManager:220 - loadIPPluginJar : add gpio
2025-01-06 23:44:58,491 [INFO] IPUIPlugin:80 - create IPUIPlugin
2025-01-06 23:44:58,491 [INFO] PluginManager:220 - loadIPPluginJar : add gtzc
2025-01-06 23:44:58,578 [INFO] IPUIPlugin:80 - create IPUIPlugin
2025-01-06 23:44:58,578 [INFO] PluginManager:220 - loadIPPluginJar : add hash
2025-01-06 23:44:58,661 [INFO] IPUIPlugin:80 - create IPUIPlugin
2025-01-06 23:44:58,661 [INFO] PluginManager:220 - loadIPPluginJar : add i2c
2025-01-06 23:44:58,725 [INFO] IPUIPlugin:80 - create IPUIPlugin
2025-01-06 23:44:58,726 [INFO] PluginManager:220 - loadIPPluginJar : add i2s
2025-01-06 23:44:58,800 [INFO] IPUIPlugin:80 - create IPUIPlugin
2025-01-06 23:44:58,801 [INFO] PluginManager:220 - loadIPPluginJar : add i3c
2025-01-06 23:44:59,085 [INFO] IPUIPlugin:80 - create IPUIPlugin
2025-01-06 23:44:59,085 [INFO] PluginManager:220 - loadIPPluginJar : add ipddr
2025-01-06 23:44:59,246 [INFO] IPUIPlugin:80 - create IPUIPlugin
2025-01-06 23:44:59,246 [INFO] PluginManager:220 - loadIPPluginJar : add linkedlist
2025-01-06 23:44:59,317 [INFO] IPUIPlugin:80 - create IPUIPlugin
2025-01-06 23:44:59,317 [INFO] PluginManager:220 - loadIPPluginJar : add lorawan
2025-01-06 23:44:59,407 [INFO] IPUIPlugin:80 - create IPUIPlugin
2025-01-06 23:44:59,407 [INFO] PluginManager:220 - loadIPPluginJar : add ltdc
2025-01-06 23:44:59,426 [INFO] IPUIPlugin:80 - create IPUIPlugin
2025-01-06 23:44:59,426 [INFO] PluginManager:220 - loadIPPluginJar : add mdma
2025-01-06 23:44:59,446 [INFO] IPUIPlugin:80 - create IPUIPlugin
2025-01-06 23:44:59,446 [INFO] PluginManager:220 - loadIPPluginJar : add nvic
2025-01-06 23:44:59,508 [INFO] ThirdPartyUpdaterWithRetryManager:70 - Updater plugin not ready yet. [2/15]
2025-01-06 23:44:59,527 [INFO] IPUIPlugin:80 - create IPUIPlugin
2025-01-06 23:44:59,527 [INFO] PluginManager:220 - loadIPPluginJar : add opamp
2025-01-06 23:44:59,692 [INFO] IPUIPlugin:80 - create IPUIPlugin
2025-01-06 23:44:59,692 [INFO] PluginManager:220 - loadIPPluginJar : add openamp
2025-01-06 23:44:59,783 [INFO] IPUIPlugin:80 - create IPUIPlugin
2025-01-06 23:44:59,784 [INFO] PluginManager:220 - loadIPPluginJar : add pdm2pcm
2025-01-06 23:44:59,804 [INFO] IPUIPlugin:80 - create IPUIPlugin
2025-01-06 23:44:59,807 [INFO] PluginManager:220 - loadIPPluginJar : add plateformsettings
2025-01-06 23:44:59,851 [INFO] IPUIPlugin:80 - create IPUIPlugin
2025-01-06 23:44:59,851 [INFO] PluginManager:220 - loadIPPluginJar : add quadspi
2025-01-06 23:44:59,897 [INFO] IPUIPlugin:80 - create IPUIPlugin
2025-01-06 23:44:59,898 [INFO] PluginManager:220 - loadIPPluginJar : add radio
2025-01-06 23:44:59,918 [INFO] IPUIPlugin:80 - create IPUIPlugin
2025-01-06 23:44:59,919 [INFO] PluginManager:220 - loadIPPluginJar : add resmgrutility
2025-01-06 23:45:00,030 [INFO] IPUIPlugin:80 - create IPUIPlugin
2025-01-06 23:45:00,030 [INFO] PluginManager:220 - loadIPPluginJar : add sai
2025-01-06 23:45:00,091 [INFO] IPUIPlugin:80 - create IPUIPlugin
2025-01-06 23:45:00,091 [INFO] PluginManager:220 - loadIPPluginJar : add spi
2025-01-06 23:45:00,231 [INFO] IPUIPlugin:80 - create IPUIPlugin
2025-01-06 23:45:00,231 [INFO] PluginManager:220 - loadIPPluginJar : add stm32_wpan
2025-01-06 23:45:00,305 [INFO] IPUIPlugin:80 - create IPUIPlugin
2025-01-06 23:45:00,305 [INFO] PluginManager:220 - loadIPPluginJar : add tim
2025-01-06 23:45:00,426 [INFO] IPUIPlugin:80 - create IPUIPlugin
2025-01-06 23:45:00,427 [INFO] PluginManager:220 - loadIPPluginJar : add touchsensing
2025-01-06 23:45:00,483 [INFO] IPUIPlugin:80 - create IPUIPlugin
2025-01-06 23:45:00,483 [INFO] PluginManager:220 - loadIPPluginJar : add tracer_emb
2025-01-06 23:45:00,541 [INFO] IPUIPlugin:80 - create IPUIPlugin
2025-01-06 23:45:00,542 [INFO] PluginManager:220 - loadIPPluginJar : add ts
2025-01-06 23:45:00,607 [INFO] IPUIPlugin:80 - create IPUIPlugin
2025-01-06 23:45:00,607 [INFO] PluginManager:220 - loadIPPluginJar : add tsc
2025-01-06 23:45:00,660 [INFO] IPUIPlugin:80 - create IPUIPlugin
2025-01-06 23:45:00,661 [INFO] PluginManager:220 - loadIPPluginJar : add ucpd
2025-01-06 23:45:00,813 [INFO] IPUIPlugin:80 - create IPUIPlugin
2025-01-06 23:45:00,813 [INFO] PluginManager:220 - loadIPPluginJar : add usart
2025-01-06 23:45:00,918 [INFO] IPUIPlugin:80 - create IPUIPlugin
2025-01-06 23:45:00,918 [INFO] PluginManager:220 - loadIPPluginJar : add usbx
2025-01-06 23:45:01,139 [FATAL] Updater:351 - Updater called before beeing initialized
2025-01-06 23:45:01,182 [INFO] RulesReader:64 - Compatibility file has been processed (297 Rules)
2025-01-06 23:45:01,194 [INFO] RulesReader:64 - Compatibility file has been processed (297 Rules)
2025-01-06 23:45:01,201 [INFO] CADModel:165 - CPN selected for project level
2025-01-06 23:45:01,201 [INFO] CADModel:114 - Register for checkConnection events
2025-01-06 23:45:01,203 [FATAL] Updater:351 - Updater called before beeing initialized
2025-01-06 23:45:01,204 [ERROR] CADModel:125 - Updater not yet initialized, retry later 
2025-01-06 23:45:01,604 [FATAL] Updater:351 - Updater called before beeing initialized
2025-01-06 23:45:01,619 [INFO] CADModel:165 - CPN selected for project level
2025-01-06 23:45:01,620 [INFO] CADModel:114 - Register for checkConnection events
2025-01-06 23:45:01,620 [FATAL] Updater:351 - Updater called before beeing initialized
2025-01-06 23:45:01,620 [ERROR] CADModel:125 - Updater not yet initialized, retry later 
2025-01-06 23:45:01,624 [FATAL] Updater:351 - Updater called before beeing initialized
2025-01-06 23:45:01,926 [FATAL] Updater:351 - Updater called before beeing initialized
2025-01-06 23:45:01,953 [INFO] DbMcusAds:53 - JSON generation date=Fri Sep 20 20:04:23 ICT 2024 (1726837463113)
2025-01-06 23:45:01,954 [FATAL] Updater:351 - Updater called before beeing initialized
2025-01-06 23:45:02,089 [WARN] DetailPanel:346 - Failed to get advertising image, set to default
2025-01-06 23:45:02,462 [FATAL] Updater:351 - Updater called before beeing initialized
2025-01-06 23:45:02,465 [FATAL] Updater:351 - Updater called before beeing initialized
2025-01-06 23:45:02,465 [FATAL] Updater:351 - Updater called before beeing initialized
2025-01-06 23:45:02,465 [WARN] DetailPanel:346 - Failed to get advertising image, set to default
2025-01-06 23:45:02,466 [FATAL] Updater:351 - Updater called before beeing initialized
2025-01-06 23:45:02,515 [INFO] ThirdPartyUpdaterWithRetryManager:70 - Updater plugin not ready yet. [3/15]
2025-01-06 23:45:02,555 [ERROR] Updater:1198 - MainUpdater not yet initialized. External WinMGr cannot be set.
2025-01-06 23:45:02,570 [INFO] Updater:1134 - Updater Version found : 6.13.0
2025-01-06 23:45:02,597 [INFO] ApplicationProperties:184 - Using Application install path: C:\ST\STM32CubeIDE_1.17.0\STM32CubeIDE\plugins\com.st.stm32cube.common.mx_6.13.0.202411220809
2025-01-06 23:45:03,212 [INFO] MainUpdater:2872 - connection check result : 10
2025-01-06 23:45:03,212 [INFO] MainUpdater:3566 - Updater definition file requires update
2025-01-06 23:45:03,213 [INFO] MainUpdater:289 - Updater Check For Update Now.
2025-01-06 23:45:03,214 [INFO] MicroXplorer:498 - Change Database Version : DB.6.0.130
2025-01-06 23:45:03,238 [INFO] McuFinderGlobals:63 - Set McuFinder mode to 2 (CubeIDE integrated)
2025-01-06 23:45:03,238 [INFO] UserAuth:171 - activating auth plugin
2025-01-06 23:45:03,243 [INFO] UserAuth:486 - Internet connection configuration mode: 1
2025-01-06 23:45:03,308 [INFO] JxBrowserEngine:152 - Initiate JxBrowser Engine with user profile folder
2025-01-06 23:45:03,328 [INFO] ServerAccessManage:473 - Download File updaters.zip
2025-01-06 23:45:03,762 [INFO] FileExtend:240 - Unzip File : updaters.zip
2025-01-06 23:45:03,762 [INFO] FileExtend:255 - Standard Zip Deflate
2025-01-06 23:45:04,337 [INFO] ServerAccessManage:473 - Download File PacksControlFlags.xml
2025-01-06 23:45:04,477 [INFO] ServerAccessManage:473 - Download File cubemx.pidx
2025-01-06 23:45:04,624 [INFO] LoadServerUpdatesThread:375 - End of LoadServerUpdate Thread
2025-01-06 23:45:05,060 [INFO] CheckServerUpdateThread:120 - End of CheckServer Thread
2025-01-06 23:45:06,314 [WARN] PackLoader:240 - Cannot read IP mode file for STMicroelectronics.FP-SNS-MOTENVWB1.1.4.0
2025-01-06 23:45:06,376 [WARN] PackLoader:240 - Cannot read IP mode file for STMicroelectronics.FP-ATR-ASTRA1.2.0.1
2025-01-06 23:45:06,405 [WARN] PackLoader:240 - Cannot read IP mode file for STMicroelectronics.X-CUBE-SMBUS.2.1.0
2025-01-06 23:45:06,440 [WARN] PackLoader:240 - Cannot read IP mode file for STMicroelectronics.X-CUBE-WB05N.1.1.0
2025-01-06 23:45:06,654 [WARN] PackLoader:240 - Cannot read IP mode file for STMicroelectronics.X-CUBE-AZRTOS-F7.1.1.0
2025-01-06 23:45:07,041 [WARN] PackLoader:240 - Cannot read IP mode file for STMicroelectronics.X-CUBE-MEMS1.11.0.0
2025-01-06 23:45:08,113 [WARN] PackLoader:240 - Cannot read IP mode file for STMicroelectronics.FP-SNS-FLIGHT1.5.0.2
2025-01-06 23:45:08,265 [WARN] PackLoader:240 - Cannot read IP mode file for Infineon.AIROC-Wi-Fi-Bluetooth-STM32.1.7.0
2025-01-06 23:45:08,393 [WARN] PackLoader:240 - Cannot read IP mode file for STMicroelectronics.X-CUBE-DISPLAY.3.0.0
2025-01-06 23:45:08,423 [WARN] PackLoader:240 - Cannot read IP mode file for STMicroelectronics.X-CUBE-BLE1.7.0.0
2025-01-06 23:45:08,424 [INFO] WebApp:168 - Instantiating new browser for Auth
2025-01-06 23:45:08,557 [WARN] PackLoader:240 - Cannot read IP mode file for STMicroelectronics.X-CUBE-NFC10.1.0.0
2025-01-06 23:45:08,613 [WARN] PackLoader:240 - Cannot read IP mode file for STMicroelectronics.X-CUBE-BLEMGR.4.0.0
2025-01-06 23:45:08,666 [WARN] PackLoader:240 - Cannot read IP mode file for emotas.I-CUBE-CANOPEN.1.3.0
2025-01-06 23:45:08,687 [WARN] PackLoader:240 - Cannot read IP mode file for STMicroelectronics.FP-SNS-SMARTAG2.1.2.0
2025-01-06 23:45:09,006 [WARN] PackLoader:240 - Cannot read IP mode file for STMicroelectronics.X-CUBE-MEMS1.11.1.0
2025-01-06 23:45:09,163 [INFO] LogOutputStream:77 - [STDOUT_REDIRECT] 1 : Invalid condition id : UX_CORESTACK_Condition cause : null
2025-01-06 23:45:09,163 [INFO] LogOutputStream:77 - [STDOUT_REDIRECT] 1 : Invalid condition id : UX_CORESTACK_Condition cause : null
2025-01-06 23:45:09,166 [INFO] LogOutputStream:77 - [STDOUT_REDIRECT] 1 : Invalid condition id : UX_CORESTACK_Condition cause : null
2025-01-06 23:45:09,171 [INFO] LogOutputStream:77 - [STDOUT_REDIRECT] 1 : Invalid condition id : UX_CORESTACK_Condition cause : null
2025-01-06 23:45:09,172 [INFO] LogOutputStream:77 - [STDOUT_REDIRECT] 1 : Invalid condition id : UX_CORESTACK_Condition cause : null
2025-01-06 23:45:09,201 [WARN] PackLoader:240 - Cannot read IP mode file for STMicroelectronics.X-CUBE-AZRTOS-WL.2.0.0
2025-01-06 23:45:09,222 [WARN] PackLoader:240 - Cannot read IP mode file for STMicroelectronics.FP-SNS-MOTENV1.5.0.0
2025-01-06 23:45:09,240 [WARN] PackLoader:240 - Cannot read IP mode file for wolfSSL.I-CUBE-wolfMQTT.1.19.0
2025-01-06 23:45:09,262 [WARN] PackLoader:240 - Cannot read IP mode file for WES.I-CUBE-Cesium.1.3.0
2025-01-06 23:45:09,282 [WARN] PackLoader:240 - Cannot read IP mode file for STMicroelectronics.X-CUBE-BLE2.3.3.0
2025-01-06 23:45:09,303 [WARN] PackLoader:240 - Cannot read IP mode file for STMicroelectronics.X-CUBE-NFC9.1.0.0
2025-01-06 23:45:09,338 [WARN] PackLoader:240 - Cannot read IP mode file for STMicroelectronics.X-CUBE-AZRTOS-G0.1.1.0
2025-01-06 23:45:09,361 [WARN] PackLoader:240 - Cannot read IP mode file for STMicroelectronics.X-CUBE-SAFEA1.1.2.2
2025-01-06 23:45:09,423 [WARN] PackLoader:240 - Cannot read IP mode file for STMicroelectronics.X-CUBE-NFC4.3.0.0
2025-01-06 23:45:09,495 [WARN] PackLoader:240 - Cannot read IP mode file for EmbeddedOffice.I-CUBE-FS-RTOS.1.0.1
2025-01-06 23:45:09,515 [WARN] PackLoader:240 - Cannot read IP mode file for STMicroelectronics.X-CUBE-TCPP.4.2.0
2025-01-06 23:45:09,554 [WARN] PackLoader:240 - Cannot read IP mode file for RealThread.X-CUBE-RT-Thread_Nano.4.1.1
2025-01-06 23:45:09,570 [WARN] PackLoader:240 - Cannot read IP mode file for STMicroelectronics.FP-ATR-SIGFOX1.3.2.0
2025-01-06 23:45:09,596 [WARN] ConditionMgr:438 - getConditionDescription Invalid condition id : Cortex-A Device cause : null
2025-01-06 23:45:09,620 [WARN] ConditionMgr:1044 - genDependencies : Invalid condition id : Cortex-A Device cause : null
2025-01-06 23:45:09,620 [WARN] ConditionMgr:1044 - genDependencies : Invalid condition id : Cortex-A Device cause : null
2025-01-06 23:45:09,621 [WARN] ConditionMgr:1044 - genDependencies : Invalid condition id : Cortex-A Device cause : null
2025-01-06 23:45:09,640 [WARN] PackLoader:240 - Cannot read IP mode file for STMicroelectronics.X-CUBE-EEPRMA1.5.1.0
2025-01-06 23:45:09,655 [WARN] PackLoader:240 - Cannot read IP mode file for wolfSSL.I-CUBE-wolfSSL.5.7.4
2025-01-06 23:45:09,676 [WARN] PackLoader:240 - Cannot read IP mode file for ITTIA_DB.I-CUBE-ITTIADB.8.9.0
2025-01-06 23:45:09,721 [WARN] PackLoader:240 - Cannot read IP mode file for SEGGER.I-CUBE-embOS.1.3.1
2025-01-06 23:45:09,765 [WARN] PackLoader:240 - Cannot read IP mode file for STMicroelectronics.X-CUBE-ALGOBUILD.1.4.0
2025-01-06 23:45:09,873 [WARN] PackLoader:240 - Cannot read IP mode file for STMicroelectronics.X-CUBE-AI.9.1.0
2025-01-06 23:45:10,276 [WARN] PackLoader:240 - Cannot read IP mode file for STMicroelectronics.X-CUBE-AZRTOS-F4.1.1.0
2025-01-06 23:45:10,608 [WARN] PackLoader:240 - Cannot read IP mode file for STMicroelectronics.X-CUBE-ISPU.2.1.0
2025-01-06 23:45:10,694 [WARN] PackLoader:240 - Cannot read IP mode file for STMicroelectronics.X-CUBE-AZRTOS-L5.2.0.0
2025-01-06 23:45:10,719 [WARN] PackLoader:240 - Cannot read IP mode file for STMicroelectronics.X-CUBE-NFC6.3.1.0
2025-01-06 23:45:10,780 [WARN] PackLoader:240 - Cannot read IP mode file for STMicroelectronics.X-CUBE-DPower.1.2.0
2025-01-06 23:45:10,799 [WARN] PackLoader:240 - Cannot read IP mode file for STMicroelectronics.X-CUBE-FREERTOS.1.3.0
2025-01-06 23:45:10,817 [WARN] PackLoader:240 - Cannot read IP mode file for STMicroelectronics.X-CUBE-NFC7.1.0.1
2025-01-06 23:45:10,867 [WARN] ConditionMgr:438 - getConditionDescription Invalid condition id : LAN8742 Phy interface Condition cause : null
2025-01-06 23:45:10,868 [WARN] PackLoader:240 - Cannot read IP mode file for STMicroelectronics.X-CUBE-AZRTOS-L4.2.0.0
2025-01-06 23:45:10,869 [WARN] ConditionMgr:1044 - genDependencies : Invalid condition id : LAN8742 Phy interface Condition cause : null
2025-01-06 23:45:10,871 [WARN] ConditionMgr:1044 - genDependencies : Invalid condition id : LAN8742 Phy interface Condition cause : null
2025-01-06 23:45:10,872 [WARN] ConditionMgr:1044 - genDependencies : Invalid condition id : LAN8742 Phy interface Condition cause : null
2025-01-06 23:45:11,029 [WARN] PackLoader:240 - Cannot read IP mode file for STMicroelectronics.X-CUBE-SFXS2LP1.4.0.0
2025-01-06 23:45:11,126 [WARN] PackLoader:240 - Cannot read IP mode file for STMicroelectronics.X-CUBE-AZRTOS-H7.3.3.0
2025-01-06 23:45:11,153 [WARN] PackLoader:240 - Cannot read IP mode file for STMicroelectronics.X-CUBE-IPS.3.0.0
2025-01-06 23:45:11,542 [WARN] ConditionMgr:438 - getConditionDescription Invalid condition id : UX DEVICE CLASS RTOS Condition cause : null
2025-01-06 23:45:11,560 [WARN] ConditionMgr:438 - getConditionDescription Invalid condition id : UX DEVICE CLASS RTOS Condition cause : null
2025-01-06 23:45:11,988 [WARN] PackLoader:240 - Cannot read IP mode file for STMicroelectronics.X-CUBE-AZRTOS-WB.2.0.0
2025-01-06 23:45:11,988 [WARN] ConditionMgr:1044 - genDependencies : Invalid condition id : UX DEVICE CLASS RTOS Condition cause : null
2025-01-06 23:45:11,988 [WARN] ConditionMgr:1044 - genDependencies : Invalid condition id : UX DEVICE CLASS RTOS Condition cause : null
2025-01-06 23:45:11,989 [WARN] ConditionMgr:1044 - genDependencies : Invalid condition id : UX DEVICE CLASS RTOS Condition cause : null
2025-01-06 23:45:11,989 [WARN] ConditionMgr:1044 - genDependencies : Invalid condition id : UX DEVICE CLASS RTOS Condition cause : null
2025-01-06 23:45:11,989 [WARN] ConditionMgr:1044 - genDependencies : Invalid condition id : UX DEVICE CLASS RTOS Condition cause : null
2025-01-06 23:45:12,058 [INFO] WebApp:449 - Apply proxy settings
2025-01-06 23:45:12,059 [INFO] WebApp:534 - Chromium requires no authentication
2025-01-06 23:45:12,103 [WARN] PackLoader:240 - Cannot read IP mode file for STMicroelectronics.X-CUBE-GNSS1.7.0.0
2025-01-06 23:45:12,135 [WARN] PackLoader:240 - Cannot read IP mode file for STMicroelectronics.X-CUBE-GNSS1.7.0.1
2025-01-06 23:45:12,157 [WARN] PackLoader:240 - Cannot read IP mode file for STMicroelectronics.FP-SNS-STBOX1.2.0.0
2025-01-06 23:45:12,194 [INFO] WebApp:477 - Direct internet connection detected
2025-01-06 23:45:12,204 [WARN] PackLoader:240 - Cannot read IP mode file for STMicroelectronics.X-CUBE-SUBG2.5.0.0
2025-01-06 23:45:12,275 [WARN] PackLoader:240 - Cannot read IP mode file for Cesanta.I-CUBE-Mongoose.7.13.0
2025-01-06 23:45:12,328 [WARN] PackLoader:240 - Cannot read IP mode file for STMicroelectronics.X-CUBE-AZRTOS-G4.2.0.0
2025-01-06 23:45:12,369 [WARN] PackLoader:240 - Cannot read IP mode file for STMicroelectronics.X-CUBE-ALS.1.0.2
2025-01-06 23:45:12,374 [INFO] WebApp:880 - Register for checkConnection events
2025-01-06 23:45:12,374 [INFO] WebApp:449 - Apply proxy settings
2025-01-06 23:45:12,374 [INFO] WebApp:534 - Chromium requires no authentication
2025-01-06 23:45:12,375 [INFO] WebApp:477 - Direct internet connection detected
2025-01-06 23:45:12,393 [WARN] PackLoader:240 - Cannot read IP mode file for STMicroelectronics.X-CUBE-TOUCHGFX.4.24.1
2025-01-06 23:45:12,412 [WARN] PackLoader:240 - Cannot read IP mode file for wolfSSL.I-CUBE-wolfTPM.3.4.0
2025-01-06 23:45:12,434 [WARN] PackLoader:240 - Cannot read IP mode file for portGmbH.I-Cube-SoM-uGOAL.1.1.0
2025-01-06 23:45:12,511 [WARN] PackLoader:240 - Cannot read IP mode file for STMicroelectronics.X-CUBE-AZRTOS-H7RS.1.0.0
2025-01-06 23:45:12,589 [WARN] PackLoader:240 - Cannot read IP mode file for STMicroelectronics.X-CUBE-TOF1.3.4.2
2025-01-06 23:45:12,658 [WARN] PackLoader:240 - Cannot read IP mode file for wolfSSL.I-CUBE-wolfSSH.1.4.17
2025-01-06 23:45:12,659 [INFO] ThirdParty:978 - Integrity check success = true
2025-01-06 23:45:12,659 [INFO] IntegrityCheckThread:100 - exiting critical section [integrity check]
2025-01-06 23:45:12,659 [INFO] IntegrityCheckThread:103 - End integrity checks thread
2025-01-06 23:45:12,769 [INFO] WebApp:187 - Connection restablished
2025-01-06 23:45:13,102 [INFO] WebApp:221 - Starting web application
2025-01-06 23:45:13,103 [INFO] WebApp:579 - Web application path used C:\ST\STM32CubeIDE_1.17.0\STM32CubeIDE\plugins\com.st.stm32cube.common.mx_6.13.0.202411220809\db\plugins\mcufinder\reactClient1\index.html
