2025-01-14 01:55:20,042 [ERROR] LogOutputStream:75 - [STDERR_REDIRECT] 
2025-01-14 23:35:11,186 [INFO] Activator:176 - 


2025-01-14 23:35:11,190 [INFO] Activator:177 - !SESSION log4j initialized
2025-01-14 23:35:23,622 [INFO] LogOutputStream:77 - [STDOUT_REDIRECT] 
2025-01-14 23:35:34,291 [INFO] ApplicationProperties:184 - Using Application install path: C:\ST\STM32CubeIDE_1.17.0\STM32CubeIDE\plugins\com.st.stm32cube.common.mx_6.13.0.202411220809
2025-01-14 23:35:34,315 [INFO] DbMcusXml:78 - Set database path to: C:\ST\STM32CubeIDE_1.17.0\STM32CubeIDE\plugins\com.st.stm32cube.common.mx_6.13.0.202411220809\\db\/mcu/
2025-01-14 23:35:34,317 [INFO] ApiDb:274 - Set plugin database path to: C:\ST\STM32CubeIDE_1.17.0\STM32CubeIDE\plugins\com.st.stm32cube.common.mx_6.13.0.202411220809\\db\/plugins/boardmanager/
2025-01-14 23:35:34,317 [WARN] ApiDb:259 - Overriding images path with different value:  => C:\ST\STM32CubeIDE_1.17.0\STM32CubeIDE\plugins\com.st.stm32cube.common.mx_6.13.0.202411220809\\db\/plugins/mcufinder/images/
2025-01-14 23:35:34,352 [INFO] ApiDb:250 - Set database path to: C:\Users\anhhu\.stmcufinder\plugins\mcufinder//mcu/
2025-01-14 23:35:34,353 [INFO] DbMcusAds:125 - Set database path to: C:\Users\anhhu\.stmcufinder\plugins\mcufinder//mcu/
2025-01-14 23:35:34,396 [INFO] CrossReferenceDbSqlite:203 - Set database path to: C:\Users\anhhu\.stmcufinder\plugins\mcufinder//mcu/cs/
2025-01-14 23:35:34,617 [INFO] RulesReader:64 - Compatibility file has been processed (297 Rules)
2025-01-14 23:35:34,788 [INFO] DbMcusXml:78 - Set database path to: C:\ST\STM32CubeIDE_1.17.0\STM32CubeIDE\plugins\com.st.stm32cube.common.mx_6.13.0.202411220809\\db\/mcu/
2025-01-14 23:35:34,789 [INFO] ApiDb:274 - Set plugin database path to: C:\ST\STM32CubeIDE_1.17.0\STM32CubeIDE\plugins\com.st.stm32cube.common.mx_6.13.0.202411220809\\db\/plugins/boardmanager/
2025-01-14 23:35:34,789 [INFO] ApiDb:261 - Set plugin images path to: C:\ST\STM32CubeIDE_1.17.0\STM32CubeIDE\plugins\com.st.stm32cube.common.mx_6.13.0.202411220809\\db\/plugins/mcufinder/images/
2025-01-14 23:35:34,789 [WARN] DbFile:41 - Overriding database path with different value: C:\Users\anhhu\.stmcufinder\plugins\mcufinder/ => C:\Users\anhhu\.stmcufinder\plugins\mcufinder
2025-01-14 23:35:34,789 [INFO] ApiDb:250 - Set database path to: C:\Users\anhhu\.stmcufinder\plugins\mcufinder//mcu/
2025-01-14 23:35:34,789 [WARN] DbFile:41 - Overriding database path with different value: C:\Users\anhhu\.stmcufinder\plugins\mcufinder/ => C:\Users\anhhu\.stmcufinder\plugins\mcufinder
2025-01-14 23:35:34,790 [INFO] DbMcusAds:125 - Set database path to: C:\Users\anhhu\.stmcufinder\plugins\mcufinder//mcu/
2025-01-14 23:35:34,790 [WARN] DbFile:41 - Overriding database path with different value: C:\Users\anhhu\.stmcufinder\plugins\mcufinder/ => C:\Users\anhhu\.stmcufinder\plugins\mcufinder
2025-01-14 23:35:34,790 [WARN] DbFile:41 - Overriding database path with different value: C:\Users\anhhu\.stmcufinder\plugins\mcufinder/ => C:\Users\anhhu\.stmcufinder\plugins\mcufinder
2025-01-14 23:35:34,790 [INFO] CrossReferenceDbSqlite:203 - Set database path to: C:\Users\anhhu\.stmcufinder\plugins\mcufinder//mcu/cs/
2025-01-14 23:35:34,940 [INFO] MainPanel:272 - HeapMemory: 268435456
2025-01-14 23:35:35,140 [INFO] DbMcusXml:78 - Set database path to: C:\ST\STM32CubeIDE_1.17.0\STM32CubeIDE\plugins\com.st.stm32cube.common.mx_6.13.0.202411220809\\db\/mcu/
2025-01-14 23:35:35,140 [INFO] ApiDb:274 - Set plugin database path to: C:\ST\STM32CubeIDE_1.17.0\STM32CubeIDE\plugins\com.st.stm32cube.common.mx_6.13.0.202411220809\\db\/plugins/boardmanager/
2025-01-14 23:35:35,141 [INFO] ApiDb:261 - Set plugin images path to: C:\ST\STM32CubeIDE_1.17.0\STM32CubeIDE\plugins\com.st.stm32cube.common.mx_6.13.0.202411220809\\db\/plugins/mcufinder/images/
2025-01-14 23:35:35,141 [WARN] DbFile:41 - Overriding database path with different value: C:\Users\anhhu\.stmcufinder\plugins\mcufinder/ => C:\Users\anhhu\.stmcufinder\plugins\mcufinder
2025-01-14 23:35:35,141 [INFO] ApiDb:250 - Set database path to: C:\Users\anhhu\.stmcufinder\plugins\mcufinder//mcu/
2025-01-14 23:35:35,142 [WARN] DbFile:41 - Overriding database path with different value: C:\Users\anhhu\.stmcufinder\plugins\mcufinder/ => C:\Users\anhhu\.stmcufinder\plugins\mcufinder
2025-01-14 23:35:35,142 [INFO] DbMcusAds:125 - Set database path to: C:\Users\anhhu\.stmcufinder\plugins\mcufinder//mcu/
2025-01-14 23:35:35,142 [WARN] DbFile:41 - Overriding database path with different value: C:\Users\anhhu\.stmcufinder\plugins\mcufinder/ => C:\Users\anhhu\.stmcufinder\plugins\mcufinder
2025-01-14 23:35:35,142 [WARN] DbFile:41 - Overriding database path with different value: C:\Users\anhhu\.stmcufinder\plugins\mcufinder/ => C:\Users\anhhu\.stmcufinder\plugins\mcufinder
2025-01-14 23:35:35,143 [INFO] CrossReferenceDbSqlite:203 - Set database path to: C:\Users\anhhu\.stmcufinder\plugins\mcufinder//mcu/cs/
2025-01-14 23:35:35,177 [INFO] ApplicationProperties:184 - Using Application install path: C:\ST\STM32CubeIDE_1.17.0\STM32CubeIDE\plugins\com.st.stm32cube.common.mx_6.13.0.202411220809
2025-01-14 23:35:35,180 [INFO] PluginManage:196 - Search for loadable plugins [exclusion list=, ]
2025-01-14 23:35:35,183 [INFO] PluginManage:310 - Check plugin analytics
2025-01-14 23:35:44,582 [INFO] AnalyticsPlugin:253 - Accepted Software Licenses: STM32CubeMX.5.3.0,STM32CubeMX.5.6.0,STM32CubeMX.5.6.1
2025-01-14 23:35:44,585 [INFO] AnalyticsPlugin:255 - Accepted CMSIS Pack Licenses: 
2025-01-14 23:35:44,586 [INFO] AnalyticsPlugin:257 - Accepted Firmware Licenses: 
2025-01-14 23:35:44,591 [INFO] PluginManage:359 - Loaded plugin analytics (category:tool,tabindex:-1)
2025-01-14 23:35:44,591 [INFO] PluginManage:310 - Check plugin cadmodel
2025-01-14 23:35:44,618 [INFO] CADModel:105 - Init CAD model plugin
2025-01-14 23:35:44,619 [INFO] PluginManage:359 - Loaded plugin cadmodel (category:power,tabindex:5)
2025-01-14 23:35:44,619 [INFO] PluginManage:310 - Check plugin clock
2025-01-14 23:35:44,654 [INFO] PluginManage:359 - Loaded plugin clock (category:base,tabindex:2)
2025-01-14 23:35:44,655 [INFO] PluginManage:310 - Check plugin ddr
2025-01-14 23:35:44,658 [INFO] PluginManage:359 - Loaded plugin ddr (category:tool,tabindex:6)
2025-01-14 23:35:44,658 [INFO] PluginManage:310 - Check plugin filemanager
2025-01-14 23:35:44,927 [INFO] PluginManage:359 - Loaded plugin filemanager (category:base,tabindex:10)
2025-01-14 23:35:44,928 [INFO] PluginManage:310 - Check plugin ipmanager
2025-01-14 23:35:44,946 [INFO] PluginManage:359 - Loaded plugin ipmanager (category:base,tabindex:5)
2025-01-14 23:35:44,947 [INFO] PluginManage:310 - Check plugin lpbam
2025-01-14 23:35:44,977 [INFO] PluginManage:359 - Loaded plugin lpbam (category:base,tabindex:0)
2025-01-14 23:35:44,978 [INFO] PluginManage:310 - Check plugin memorymap
2025-01-14 23:35:45,015 [INFO] PluginManage:359 - Loaded plugin memorymap (category:base,tabindex:4)
2025-01-14 23:35:45,015 [INFO] PluginManage:310 - Check plugin pinoutandconfiguration
2025-01-14 23:35:45,044 [INFO] PluginManage:359 - Loaded plugin pinoutandconfiguration (category:base,tabindex:1)
2025-01-14 23:35:45,044 [INFO] PluginManage:310 - Check plugin pinoutconfig
2025-01-14 23:35:45,213 [WARN] SupportedApi:132 - Cannot load RTOS API schema: s4s-elt-must-match.1: The content of 'definitions' must match (annotation?, (simpleType | complexType)?, (unique | key | keyref)*)). A problem was found starting at: attribute.
2025-01-14 23:35:45,459 [INFO] PluginManage:359 - Loaded plugin pinoutconfig (category:base,tabindex:0)
2025-01-14 23:35:45,459 [INFO] PluginManage:310 - Check plugin power
2025-01-14 23:35:45,498 [INFO] PluginManage:359 - Loaded plugin power (category:power,tabindex:4)
2025-01-14 23:35:45,498 [INFO] PluginManage:310 - Check plugin projectmanager
2025-01-14 23:35:45,523 [INFO] PluginManage:359 - Loaded plugin projectmanager (category:projectmanager,tabindex:4)
2025-01-14 23:35:45,524 [INFO] PluginManage:310 - Check plugin rif
2025-01-14 23:35:45,550 [INFO] PluginManage:359 - Loaded plugin rif (category:base,tabindex:3)
2025-01-14 23:35:45,550 [INFO] PluginManage:310 - Check plugin thirdparty
2025-01-14 23:35:46,061 [WARN] IntegrityCheckThread:84 - waiting for thirdparty lock release [integrity check]
2025-01-14 23:35:46,061 [INFO] IntegrityCheckThread:86 - entering critical section [integrity check]
2025-01-14 23:35:46,061 [INFO] ThirdPartyUpdaterWithRetryManager:70 - Updater plugin not ready yet. [1/15]
2025-01-14 23:35:46,063 [INFO] PluginManage:359 - Loaded plugin thirdparty (category:base,tabindex:-1)
2025-01-14 23:35:46,063 [INFO] PluginManage:310 - Check plugin tools
2025-01-14 23:35:46,173 [INFO] PluginManage:359 - Loaded plugin tools (category:base,tabindex:7)
2025-01-14 23:35:46,173 [INFO] PluginManage:310 - Check plugin tutovideos
2025-01-14 23:35:46,484 [INFO] PluginManage:359 - Loaded plugin tutovideos (category:base,tabindex:-1)
2025-01-14 23:35:46,484 [INFO] PluginManage:310 - Check plugin updater
2025-01-14 23:35:46,516 [INFO] PluginManage:359 - Loaded plugin updater (category:base,tabindex:12)
2025-01-14 23:35:46,516 [INFO] PluginManage:310 - Check plugin userauth
2025-01-14 23:35:46,523 [INFO] UserAuth:118 - Init User Auth plugin
2025-01-14 23:35:46,524 [INFO] PluginManage:359 - Loaded plugin userauth (category:base,tabindex:14)
2025-01-14 23:35:46,525 [INFO] PluginManage:283 - PluginManage : Loaded plugins [18]
2025-01-14 23:35:46,941 [INFO] PinOutPanel:1589 - setPackage(No Configuration,No Configuration)
2025-01-14 23:35:47,081 [INFO] CADModel:165 - CPN selected for project level
2025-01-14 23:35:47,082 [INFO] CADModel:114 - Register for checkConnection events
2025-01-14 23:35:47,124 [INFO] IPUIPlugin:80 - create IPUIPlugin
2025-01-14 23:35:47,124 [INFO] PluginManager:220 - loadIPPluginJar : add adc
2025-01-14 23:35:47,191 [INFO] IPUIPlugin:80 - create IPUIPlugin
2025-01-14 23:35:47,191 [INFO] PluginManager:220 - loadIPPluginJar : add aes
2025-01-14 23:35:47,271 [INFO] IPUIPlugin:80 - create IPUIPlugin
2025-01-14 23:35:47,271 [INFO] PluginManager:220 - loadIPPluginJar : add can
2025-01-14 23:35:47,385 [INFO] IPUIPlugin:80 - create IPUIPlugin
2025-01-14 23:35:47,385 [INFO] PluginManager:220 - loadIPPluginJar : add comp
2025-01-14 23:35:47,455 [INFO] IPUIPlugin:80 - create IPUIPlugin
2025-01-14 23:35:47,455 [INFO] PluginManager:220 - loadIPPluginJar : add cryp
2025-01-14 23:35:47,473 [INFO] IPUIPlugin:80 - create IPUIPlugin
2025-01-14 23:35:47,473 [INFO] PluginManager:220 - loadIPPluginJar : add ddr_ctrl_phy
2025-01-14 23:35:47,525 [INFO] IPUIPlugin:80 - create IPUIPlugin
2025-01-14 23:35:47,525 [INFO] PluginManager:220 - loadIPPluginJar : add dfsdm
2025-01-14 23:35:47,547 [INFO] IPUIPlugin:80 - create IPUIPlugin
2025-01-14 23:35:47,548 [INFO] PluginManager:220 - loadIPPluginJar : add dma
2025-01-14 23:35:47,613 [INFO] IPUIPlugin:80 - create IPUIPlugin
2025-01-14 23:35:47,613 [INFO] PluginManager:220 - loadIPPluginJar : add dma3
2025-01-14 23:35:47,719 [INFO] IPUIPlugin:80 - create IPUIPlugin
2025-01-14 23:35:47,720 [INFO] PluginManager:220 - loadIPPluginJar : add extmemmanager
2025-01-14 23:35:47,777 [INFO] IPUIPlugin:80 - create IPUIPlugin
2025-01-14 23:35:47,777 [INFO] PluginManager:220 - loadIPPluginJar : add fatfs
2025-01-14 23:35:47,873 [INFO] IPUIPlugin:80 - create IPUIPlugin
2025-01-14 23:35:47,873 [INFO] PluginManager:220 - loadIPPluginJar : add fmc
2025-01-14 23:35:47,907 [INFO] IPUIPlugin:80 - create IPUIPlugin
2025-01-14 23:35:47,908 [INFO] PluginManager:220 - loadIPPluginJar : add freertos
2025-01-14 23:35:47,952 [INFO] IPUIPlugin:80 - create IPUIPlugin
2025-01-14 23:35:47,952 [INFO] PluginManager:220 - loadIPPluginJar : add genericplugin
2025-01-14 23:35:48,137 [INFO] IPUIPlugin:80 - create IPUIPlugin
2025-01-14 23:35:48,137 [INFO] PluginManager:220 - loadIPPluginJar : add gfxmmu
2025-01-14 23:35:48,448 [INFO] IPUIPlugin:80 - create IPUIPlugin
2025-01-14 23:35:48,448 [INFO] PluginManager:220 - loadIPPluginJar : add gic
2025-01-14 23:35:48,470 [INFO] IPUIPlugin:80 - create IPUIPlugin
2025-01-14 23:35:48,470 [INFO] PluginManager:220 - loadIPPluginJar : add gpio
2025-01-14 23:35:48,637 [INFO] IPUIPlugin:80 - create IPUIPlugin
2025-01-14 23:35:48,637 [INFO] PluginManager:220 - loadIPPluginJar : add gtzc
2025-01-14 23:35:48,726 [INFO] IPUIPlugin:80 - create IPUIPlugin
2025-01-14 23:35:48,726 [INFO] PluginManager:220 - loadIPPluginJar : add hash
2025-01-14 23:35:48,825 [INFO] IPUIPlugin:80 - create IPUIPlugin
2025-01-14 23:35:48,825 [INFO] PluginManager:220 - loadIPPluginJar : add i2c
2025-01-14 23:35:48,903 [INFO] IPUIPlugin:80 - create IPUIPlugin
2025-01-14 23:35:48,903 [INFO] PluginManager:220 - loadIPPluginJar : add i2s
2025-01-14 23:35:48,981 [INFO] IPUIPlugin:80 - create IPUIPlugin
2025-01-14 23:35:48,981 [INFO] PluginManager:220 - loadIPPluginJar : add i3c
2025-01-14 23:35:49,062 [INFO] ThirdPartyUpdaterWithRetryManager:70 - Updater plugin not ready yet. [2/15]
2025-01-14 23:35:49,161 [INFO] IPUIPlugin:80 - create IPUIPlugin
2025-01-14 23:35:49,161 [INFO] PluginManager:220 - loadIPPluginJar : add ipddr
2025-01-14 23:35:49,317 [INFO] IPUIPlugin:80 - create IPUIPlugin
2025-01-14 23:35:49,317 [INFO] PluginManager:220 - loadIPPluginJar : add linkedlist
2025-01-14 23:35:49,378 [INFO] IPUIPlugin:80 - create IPUIPlugin
2025-01-14 23:35:49,378 [INFO] PluginManager:220 - loadIPPluginJar : add lorawan
2025-01-14 23:35:49,443 [INFO] IPUIPlugin:80 - create IPUIPlugin
2025-01-14 23:35:49,443 [INFO] PluginManager:220 - loadIPPluginJar : add ltdc
2025-01-14 23:35:49,472 [INFO] IPUIPlugin:80 - create IPUIPlugin
2025-01-14 23:35:49,472 [INFO] PluginManager:220 - loadIPPluginJar : add mdma
2025-01-14 23:35:49,497 [INFO] IPUIPlugin:80 - create IPUIPlugin
2025-01-14 23:35:49,498 [INFO] PluginManager:220 - loadIPPluginJar : add nvic
2025-01-14 23:35:49,570 [INFO] IPUIPlugin:80 - create IPUIPlugin
2025-01-14 23:35:49,570 [INFO] PluginManager:220 - loadIPPluginJar : add opamp
2025-01-14 23:35:49,806 [INFO] IPUIPlugin:80 - create IPUIPlugin
2025-01-14 23:35:49,806 [INFO] PluginManager:220 - loadIPPluginJar : add openamp
2025-01-14 23:35:50,090 [INFO] IPUIPlugin:80 - create IPUIPlugin
2025-01-14 23:35:50,090 [INFO] PluginManager:220 - loadIPPluginJar : add pdm2pcm
2025-01-14 23:35:50,116 [INFO] IPUIPlugin:80 - create IPUIPlugin
2025-01-14 23:35:50,120 [INFO] PluginManager:220 - loadIPPluginJar : add plateformsettings
2025-01-14 23:35:50,160 [INFO] IPUIPlugin:80 - create IPUIPlugin
2025-01-14 23:35:50,161 [INFO] PluginManager:220 - loadIPPluginJar : add quadspi
2025-01-14 23:35:50,205 [INFO] IPUIPlugin:80 - create IPUIPlugin
2025-01-14 23:35:50,206 [INFO] PluginManager:220 - loadIPPluginJar : add radio
2025-01-14 23:35:50,228 [INFO] IPUIPlugin:80 - create IPUIPlugin
2025-01-14 23:35:50,228 [INFO] PluginManager:220 - loadIPPluginJar : add resmgrutility
2025-01-14 23:35:50,311 [INFO] IPUIPlugin:80 - create IPUIPlugin
2025-01-14 23:35:50,311 [INFO] PluginManager:220 - loadIPPluginJar : add sai
2025-01-14 23:35:50,376 [INFO] IPUIPlugin:80 - create IPUIPlugin
2025-01-14 23:35:50,376 [INFO] PluginManager:220 - loadIPPluginJar : add spi
2025-01-14 23:35:50,497 [INFO] IPUIPlugin:80 - create IPUIPlugin
2025-01-14 23:35:50,498 [INFO] PluginManager:220 - loadIPPluginJar : add stm32_wpan
2025-01-14 23:35:50,542 [INFO] IPUIPlugin:80 - create IPUIPlugin
2025-01-14 23:35:50,542 [INFO] PluginManager:220 - loadIPPluginJar : add tim
2025-01-14 23:35:50,649 [INFO] IPUIPlugin:80 - create IPUIPlugin
2025-01-14 23:35:50,649 [INFO] PluginManager:220 - loadIPPluginJar : add touchsensing
2025-01-14 23:35:50,687 [INFO] IPUIPlugin:80 - create IPUIPlugin
2025-01-14 23:35:50,687 [INFO] PluginManager:220 - loadIPPluginJar : add tracer_emb
2025-01-14 23:35:50,729 [INFO] IPUIPlugin:80 - create IPUIPlugin
2025-01-14 23:35:50,729 [INFO] PluginManager:220 - loadIPPluginJar : add ts
2025-01-14 23:35:50,767 [INFO] IPUIPlugin:80 - create IPUIPlugin
2025-01-14 23:35:50,767 [INFO] PluginManager:220 - loadIPPluginJar : add tsc
2025-01-14 23:35:50,803 [INFO] IPUIPlugin:80 - create IPUIPlugin
2025-01-14 23:35:50,803 [INFO] PluginManager:220 - loadIPPluginJar : add ucpd
2025-01-14 23:35:50,877 [INFO] IPUIPlugin:80 - create IPUIPlugin
2025-01-14 23:35:50,880 [INFO] PluginManager:220 - loadIPPluginJar : add usart
2025-01-14 23:35:50,962 [INFO] IPUIPlugin:80 - create IPUIPlugin
2025-01-14 23:35:50,963 [INFO] PluginManager:220 - loadIPPluginJar : add usbx
2025-01-14 23:35:51,126 [FATAL] Updater:351 - Updater called before beeing initialized
2025-01-14 23:35:51,164 [INFO] RulesReader:64 - Compatibility file has been processed (297 Rules)
2025-01-14 23:35:51,179 [INFO] RulesReader:64 - Compatibility file has been processed (297 Rules)
2025-01-14 23:35:51,191 [INFO] CADModel:165 - CPN selected for project level
2025-01-14 23:35:51,191 [INFO] CADModel:114 - Register for checkConnection events
2025-01-14 23:35:51,191 [FATAL] Updater:351 - Updater called before beeing initialized
2025-01-14 23:35:51,191 [ERROR] CADModel:125 - Updater not yet initialized, retry later 
2025-01-14 23:35:51,392 [FATAL] Updater:351 - Updater called before beeing initialized
2025-01-14 23:35:51,395 [INFO] CADModel:165 - CPN selected for project level
2025-01-14 23:35:51,395 [INFO] CADModel:114 - Register for checkConnection events
2025-01-14 23:35:51,395 [FATAL] Updater:351 - Updater called before beeing initialized
2025-01-14 23:35:51,395 [ERROR] CADModel:125 - Updater not yet initialized, retry later 
2025-01-14 23:35:51,401 [FATAL] Updater:351 - Updater called before beeing initialized
2025-01-14 23:35:51,650 [FATAL] Updater:351 - Updater called before beeing initialized
2025-01-14 23:35:51,668 [INFO] DbMcusAds:53 - JSON generation date=Tue Dec 17 23:01:15 ICT 2024 (1734451275222)
2025-01-14 23:35:51,668 [FATAL] Updater:351 - Updater called before beeing initialized
2025-01-14 23:35:51,726 [WARN] DetailPanel:346 - Failed to get advertising image, set to default
2025-01-14 23:35:52,074 [INFO] ThirdPartyUpdaterWithRetryManager:70 - Updater plugin not ready yet. [3/15]
2025-01-14 23:35:52,152 [FATAL] Updater:351 - Updater called before beeing initialized
2025-01-14 23:35:52,165 [FATAL] Updater:351 - Updater called before beeing initialized
2025-01-14 23:35:52,167 [FATAL] Updater:351 - Updater called before beeing initialized
2025-01-14 23:35:52,167 [WARN] DetailPanel:346 - Failed to get advertising image, set to default
2025-01-14 23:35:52,169 [FATAL] Updater:351 - Updater called before beeing initialized
2025-01-14 23:35:52,305 [ERROR] Updater:1198 - MainUpdater not yet initialized. External WinMGr cannot be set.
2025-01-14 23:35:52,324 [INFO] Updater:1134 - Updater Version found : 6.13.0
2025-01-14 23:35:52,351 [INFO] ApplicationProperties:184 - Using Application install path: C:\ST\STM32CubeIDE_1.17.0\STM32CubeIDE\plugins\com.st.stm32cube.common.mx_6.13.0.202411220809
2025-01-14 23:35:52,933 [INFO] MainUpdater:2872 - connection check result : 10
2025-01-14 23:35:52,934 [INFO] MainUpdater:289 - Updater Check For Update Now.
2025-01-14 23:35:52,934 [INFO] MicroXplorer:498 - Change Database Version : DB.6.0.130
2025-01-14 23:35:52,961 [INFO] McuFinderGlobals:63 - Set McuFinder mode to 2 (CubeIDE integrated)
2025-01-14 23:35:52,962 [INFO] UserAuth:171 - activating auth plugin
2025-01-14 23:35:52,968 [INFO] UserAuth:486 - Internet connection configuration mode: 1
2025-01-14 23:35:53,054 [INFO] JxBrowserEngine:152 - Initiate JxBrowser Engine with user profile folder
2025-01-14 23:35:53,455 [INFO] CheckServerUpdateThread:120 - End of CheckServer Thread
2025-01-14 23:35:56,170 [WARN] PackLoader:240 - Cannot read IP mode file for STMicroelectronics.FP-SNS-MOTENVWB1.1.4.0
2025-01-14 23:35:56,194 [WARN] PackLoader:240 - Cannot read IP mode file for STMicroelectronics.FP-ATR-ASTRA1.2.0.1
2025-01-14 23:35:56,283 [WARN] PackLoader:240 - Cannot read IP mode file for STMicroelectronics.X-CUBE-SMBUS.2.1.0
2025-01-14 23:35:56,331 [WARN] PackLoader:240 - Cannot read IP mode file for STMicroelectronics.X-CUBE-WB05N.1.1.0
2025-01-14 23:35:56,554 [WARN] PackLoader:240 - Cannot read IP mode file for STMicroelectronics.X-CUBE-AZRTOS-F7.1.1.0
2025-01-14 23:35:57,154 [WARN] PackLoader:240 - Cannot read IP mode file for STMicroelectronics.X-CUBE-MEMS1.11.0.0
2025-01-14 23:35:57,850 [INFO] WebApp:168 - Instantiating new browser for Auth
2025-01-14 23:35:58,190 [WARN] PackLoader:240 - Cannot read IP mode file for STMicroelectronics.FP-SNS-FLIGHT1.5.0.2
2025-01-14 23:35:58,435 [WARN] PackLoader:240 - Cannot read IP mode file for Infineon.AIROC-Wi-Fi-Bluetooth-STM32.1.7.0
2025-01-14 23:35:58,489 [WARN] PackLoader:240 - Cannot read IP mode file for STMicroelectronics.X-CUBE-DISPLAY.3.0.0
2025-01-14 23:35:58,592 [WARN] PackLoader:240 - Cannot read IP mode file for STMicroelectronics.X-CUBE-BLE1.7.0.0
2025-01-14 23:35:58,623 [WARN] PackLoader:240 - Cannot read IP mode file for STMicroelectronics.X-CUBE-NFC10.1.0.0
2025-01-14 23:35:58,818 [WARN] PackLoader:240 - Cannot read IP mode file for STMicroelectronics.X-CUBE-BLEMGR.4.0.0
2025-01-14 23:35:58,851 [WARN] PackLoader:240 - Cannot read IP mode file for emotas.I-CUBE-CANOPEN.1.3.0
2025-01-14 23:35:58,897 [WARN] PackLoader:240 - Cannot read IP mode file for STMicroelectronics.FP-SNS-SMARTAG2.1.2.0
2025-01-14 23:35:59,209 [WARN] PackLoader:240 - Cannot read IP mode file for STMicroelectronics.X-CUBE-MEMS1.11.1.0
2025-01-14 23:35:59,863 [INFO] LogOutputStream:77 - [STDOUT_REDIRECT] 1 : Invalid condition id : UX_CORESTACK_Condition cause : null
2025-01-14 23:35:59,864 [INFO] LogOutputStream:77 - [STDOUT_REDIRECT] 1 : Invalid condition id : UX_CORESTACK_Condition cause : null
2025-01-14 23:35:59,865 [INFO] LogOutputStream:77 - [STDOUT_REDIRECT] 1 : Invalid condition id : UX_CORESTACK_Condition cause : null
2025-01-14 23:35:59,875 [INFO] LogOutputStream:77 - [STDOUT_REDIRECT] 1 : Invalid condition id : UX_CORESTACK_Condition cause : null
2025-01-14 23:35:59,876 [INFO] LogOutputStream:77 - [STDOUT_REDIRECT] 1 : Invalid condition id : UX_CORESTACK_Condition cause : null
2025-01-14 23:35:59,884 [WARN] PackLoader:240 - Cannot read IP mode file for STMicroelectronics.X-CUBE-AZRTOS-WL.2.0.0
2025-01-14 23:35:59,914 [WARN] PackLoader:240 - Cannot read IP mode file for STMicroelectronics.FP-SNS-MOTENV1.5.0.0
2025-01-14 23:36:00,012 [WARN] PackLoader:240 - Cannot read IP mode file for wolfSSL.I-CUBE-wolfMQTT.1.19.0
2025-01-14 23:36:00,046 [WARN] PackLoader:240 - Cannot read IP mode file for WES.I-CUBE-Cesium.1.3.0
2025-01-14 23:36:00,078 [WARN] PackLoader:240 - Cannot read IP mode file for STMicroelectronics.X-CUBE-BLE2.3.3.0
2025-01-14 23:36:00,112 [WARN] PackLoader:240 - Cannot read IP mode file for STMicroelectronics.X-CUBE-NFC9.1.0.0
2025-01-14 23:36:00,381 [WARN] PackLoader:240 - Cannot read IP mode file for STMicroelectronics.X-CUBE-AZRTOS-G0.1.1.0
2025-01-14 23:36:00,526 [WARN] PackLoader:240 - Cannot read IP mode file for STMicroelectronics.X-CUBE-SAFEA1.1.2.2
2025-01-14 23:36:00,550 [WARN] PackLoader:240 - Cannot read IP mode file for STMicroelectronics.X-CUBE-NFC4.3.0.0
2025-01-14 23:36:00,582 [WARN] PackLoader:240 - Cannot read IP mode file for EmbeddedOffice.I-CUBE-FS-RTOS.1.0.1
2025-01-14 23:36:00,608 [WARN] PackLoader:240 - Cannot read IP mode file for STMicroelectronics.X-CUBE-TCPP.4.2.0
2025-01-14 23:36:00,674 [WARN] PackLoader:240 - Cannot read IP mode file for RealThread.X-CUBE-RT-Thread_Nano.4.1.1
2025-01-14 23:36:00,689 [WARN] PackLoader:240 - Cannot read IP mode file for STMicroelectronics.FP-ATR-SIGFOX1.3.2.0
2025-01-14 23:36:00,710 [WARN] ConditionMgr:438 - getConditionDescription Invalid condition id : Cortex-A Device cause : null
2025-01-14 23:36:00,738 [WARN] ConditionMgr:1044 - genDependencies : Invalid condition id : Cortex-A Device cause : null
2025-01-14 23:36:00,738 [WARN] ConditionMgr:1044 - genDependencies : Invalid condition id : Cortex-A Device cause : null
2025-01-14 23:36:00,738 [WARN] ConditionMgr:1044 - genDependencies : Invalid condition id : Cortex-A Device cause : null
2025-01-14 23:36:00,761 [WARN] PackLoader:240 - Cannot read IP mode file for STMicroelectronics.X-CUBE-EEPRMA1.5.1.0
2025-01-14 23:36:00,785 [WARN] PackLoader:240 - Cannot read IP mode file for wolfSSL.I-CUBE-wolfSSL.5.7.4
2025-01-14 23:36:00,846 [WARN] PackLoader:240 - Cannot read IP mode file for ITTIA_DB.I-CUBE-ITTIADB.8.9.0
2025-01-14 23:36:00,889 [WARN] PackLoader:240 - Cannot read IP mode file for SEGGER.I-CUBE-embOS.1.3.1
2025-01-14 23:36:00,944 [WARN] PackLoader:240 - Cannot read IP mode file for STMicroelectronics.X-CUBE-ALGOBUILD.1.4.0
2025-01-14 23:36:00,965 [WARN] PackLoader:240 - Cannot read IP mode file for STMicroelectronics.X-CUBE-AI.9.1.0
2025-01-14 23:36:01,018 [WARN] PackLoader:240 - Cannot read IP mode file for STMicroelectronics.X-CUBE-AZRTOS-F4.1.1.0
2025-01-14 23:36:01,258 [WARN] PackLoader:240 - Cannot read IP mode file for STMicroelectronics.X-CUBE-ISPU.2.1.0
2025-01-14 23:36:01,495 [WARN] PackLoader:240 - Cannot read IP mode file for STMicroelectronics.X-CUBE-AZRTOS-L5.2.0.0
2025-01-14 23:36:01,543 [WARN] PackLoader:240 - Cannot read IP mode file for STMicroelectronics.X-CUBE-NFC6.3.1.0
2025-01-14 23:36:01,571 [WARN] PackLoader:240 - Cannot read IP mode file for STMicroelectronics.X-CUBE-DPower.1.2.0
2025-01-14 23:36:01,665 [WARN] PackLoader:240 - Cannot read IP mode file for STMicroelectronics.X-CUBE-FREERTOS.1.3.0
2025-01-14 23:36:01,809 [WARN] PackLoader:240 - Cannot read IP mode file for STMicroelectronics.X-CUBE-NFC7.1.0.1
2025-01-14 23:36:01,867 [WARN] ConditionMgr:438 - getConditionDescription Invalid condition id : LAN8742 Phy interface Condition cause : null
2025-01-14 23:36:01,869 [WARN] PackLoader:240 - Cannot read IP mode file for STMicroelectronics.X-CUBE-AZRTOS-L4.2.0.0
2025-01-14 23:36:01,870 [WARN] ConditionMgr:1044 - genDependencies : Invalid condition id : LAN8742 Phy interface Condition cause : null
2025-01-14 23:36:01,871 [WARN] ConditionMgr:1044 - genDependencies : Invalid condition id : LAN8742 Phy interface Condition cause : null
2025-01-14 23:36:01,872 [WARN] ConditionMgr:1044 - genDependencies : Invalid condition id : LAN8742 Phy interface Condition cause : null
2025-01-14 23:36:01,929 [WARN] PackLoader:240 - Cannot read IP mode file for STMicroelectronics.X-CUBE-SFXS2LP1.4.0.0
2025-01-14 23:36:02,051 [WARN] PackLoader:240 - Cannot read IP mode file for STMicroelectronics.X-CUBE-AZRTOS-H7.3.3.0
2025-01-14 23:36:02,088 [WARN] PackLoader:240 - Cannot read IP mode file for STMicroelectronics.X-CUBE-IPS.3.0.0
2025-01-14 23:36:02,141 [INFO] WebApp:449 - Apply proxy settings
2025-01-14 23:36:02,141 [INFO] WebApp:534 - Chromium requires no authentication
2025-01-14 23:36:02,157 [INFO] WebApp:477 - Direct internet connection detected
2025-01-14 23:36:02,171 [WARN] ConditionMgr:438 - getConditionDescription Invalid condition id : UX DEVICE CLASS RTOS Condition cause : null
2025-01-14 23:36:02,172 [WARN] ConditionMgr:438 - getConditionDescription Invalid condition id : UX DEVICE CLASS RTOS Condition cause : null
2025-01-14 23:36:02,177 [WARN] PackLoader:240 - Cannot read IP mode file for STMicroelectronics.X-CUBE-AZRTOS-WB.2.0.0
2025-01-14 23:36:02,177 [WARN] ConditionMgr:1044 - genDependencies : Invalid condition id : UX DEVICE CLASS RTOS Condition cause : null
2025-01-14 23:36:02,178 [WARN] ConditionMgr:1044 - genDependencies : Invalid condition id : UX DEVICE CLASS RTOS Condition cause : null
2025-01-14 23:36:02,178 [WARN] ConditionMgr:1044 - genDependencies : Invalid condition id : UX DEVICE CLASS RTOS Condition cause : null
2025-01-14 23:36:02,178 [WARN] ConditionMgr:1044 - genDependencies : Invalid condition id : UX DEVICE CLASS RTOS Condition cause : null
2025-01-14 23:36:02,178 [WARN] ConditionMgr:1044 - genDependencies : Invalid condition id : UX DEVICE CLASS RTOS Condition cause : null
2025-01-14 23:36:02,207 [WARN] PackLoader:240 - Cannot read IP mode file for STMicroelectronics.X-CUBE-GNSS1.7.0.0
2025-01-14 23:36:02,235 [WARN] PackLoader:240 - Cannot read IP mode file for STMicroelectronics.X-CUBE-GNSS1.7.0.1
2025-01-14 23:36:02,264 [INFO] WebApp:880 - Register for checkConnection events
2025-01-14 23:36:02,265 [INFO] WebApp:449 - Apply proxy settings
2025-01-14 23:36:02,265 [INFO] WebApp:534 - Chromium requires no authentication
2025-01-14 23:36:02,270 [INFO] WebApp:477 - Direct internet connection detected
2025-01-14 23:36:02,272 [WARN] PackLoader:240 - Cannot read IP mode file for STMicroelectronics.FP-SNS-STBOX1.2.0.0
2025-01-14 23:36:02,317 [WARN] PackLoader:240 - Cannot read IP mode file for STMicroelectronics.X-CUBE-SUBG2.5.0.0
2025-01-14 23:36:02,351 [WARN] PackLoader:240 - Cannot read IP mode file for Cesanta.I-CUBE-Mongoose.7.13.0
2025-01-14 23:36:02,448 [WARN] PackLoader:240 - Cannot read IP mode file for STMicroelectronics.X-CUBE-AZRTOS-G4.2.0.0
2025-01-14 23:36:02,477 [WARN] PackLoader:240 - Cannot read IP mode file for STMicroelectronics.X-CUBE-IPS.3.1.0
2025-01-14 23:36:02,497 [WARN] PackLoader:240 - Cannot read IP mode file for STMicroelectronics.X-CUBE-ALS.1.0.2
2025-01-14 23:36:02,556 [WARN] PackLoader:240 - Cannot read IP mode file for STMicroelectronics.X-CUBE-TOUCHGFX.4.24.2
2025-01-14 23:36:02,584 [WARN] PackLoader:240 - Cannot read IP mode file for STMicroelectronics.X-CUBE-TOUCHGFX.4.24.1
2025-01-14 23:36:02,609 [WARN] PackLoader:240 - Cannot read IP mode file for wolfSSL.I-CUBE-wolfTPM.3.4.0
2025-01-14 23:36:02,634 [WARN] PackLoader:240 - Cannot read IP mode file for portGmbH.I-Cube-SoM-uGOAL.1.1.0
2025-01-14 23:36:02,717 [WARN] PackLoader:240 - Cannot read IP mode file for STMicroelectronics.X-CUBE-AZRTOS-H7RS.1.0.0
2025-01-14 23:36:02,746 [WARN] PackLoader:240 - Cannot read IP mode file for STMicroelectronics.X-CUBE-TOF1.3.4.2
2025-01-14 23:36:02,800 [WARN] PackLoader:240 - Cannot read IP mode file for wolfSSL.I-CUBE-wolfSSH.1.4.17
2025-01-14 23:36:02,800 [INFO] ThirdParty:978 - Integrity check success = true
2025-01-14 23:36:02,801 [INFO] IntegrityCheckThread:100 - exiting critical section [integrity check]
2025-01-14 23:36:02,801 [INFO] IntegrityCheckThread:103 - End integrity checks thread
2025-01-14 23:36:02,930 [INFO] WebApp:187 - Connection restablished
2025-01-14 23:36:02,950 [INFO] WebApp:221 - Starting web application
2025-01-14 23:36:02,950 [INFO] WebApp:579 - Web application path used C:\ST\STM32CubeIDE_1.17.0\STM32CubeIDE\plugins\com.st.stm32cube.common.mx_6.13.0.202411220809\db\plugins\mcufinder\reactClient1\index.html
