2025-02-20 00:05:15,569 [ERROR] LogOutputStream:75 - [STDERR_REDIRECT] 
2025-02-20 22:41:27,769 [INFO] Activator:176 - 


2025-02-20 22:41:27,772 [INFO] Activator:177 - !SESSION log4j initialized
2025-02-20 22:41:38,391 [INFO] LogOutputStream:77 - [STDOUT_REDIRECT] 
2025-02-20 22:41:49,251 [INFO] ApplicationProperties:184 - Using Application install path: C:\ST\STM32CubeIDE_1.17.0\STM32CubeIDE\plugins\com.st.stm32cube.common.mx_6.13.0.202411220809
2025-02-20 22:41:49,273 [INFO] DbMcusXml:78 - Set database path to: C:\ST\STM32CubeIDE_1.17.0\STM32CubeIDE\plugins\com.st.stm32cube.common.mx_6.13.0.202411220809\\db\/mcu/
2025-02-20 22:41:49,273 [INFO] ApiDb:274 - Set plugin database path to: C:\ST\STM32CubeIDE_1.17.0\STM32CubeIDE\plugins\com.st.stm32cube.common.mx_6.13.0.202411220809\\db\/plugins/boardmanager/
2025-02-20 22:41:49,273 [WARN] ApiDb:259 - Overriding images path with different value:  => C:\ST\STM32CubeIDE_1.17.0\STM32CubeIDE\plugins\com.st.stm32cube.common.mx_6.13.0.202411220809\\db\/plugins/mcufinder/images/
2025-02-20 22:41:49,292 [INFO] ApiDb:250 - Set database path to: C:\Users\anhhu\.stmcufinder\plugins\mcufinder//mcu/
2025-02-20 22:41:49,294 [INFO] DbMcusAds:125 - Set database path to: C:\Users\anhhu\.stmcufinder\plugins\mcufinder//mcu/
2025-02-20 22:41:49,342 [INFO] CrossReferenceDbSqlite:203 - Set database path to: C:\Users\anhhu\.stmcufinder\plugins\mcufinder//mcu/cs/
2025-02-20 22:41:49,507 [INFO] RulesReader:64 - Compatibility file has been processed (297 Rules)
2025-02-20 22:41:49,667 [INFO] DbMcusXml:78 - Set database path to: C:\ST\STM32CubeIDE_1.17.0\STM32CubeIDE\plugins\com.st.stm32cube.common.mx_6.13.0.202411220809\\db\/mcu/
2025-02-20 22:41:49,667 [INFO] ApiDb:274 - Set plugin database path to: C:\ST\STM32CubeIDE_1.17.0\STM32CubeIDE\plugins\com.st.stm32cube.common.mx_6.13.0.202411220809\\db\/plugins/boardmanager/
2025-02-20 22:41:49,668 [INFO] ApiDb:261 - Set plugin images path to: C:\ST\STM32CubeIDE_1.17.0\STM32CubeIDE\plugins\com.st.stm32cube.common.mx_6.13.0.202411220809\\db\/plugins/mcufinder/images/
2025-02-20 22:41:49,668 [WARN] DbFile:41 - Overriding database path with different value: C:\Users\anhhu\.stmcufinder\plugins\mcufinder/ => C:\Users\anhhu\.stmcufinder\plugins\mcufinder
2025-02-20 22:41:49,668 [INFO] ApiDb:250 - Set database path to: C:\Users\anhhu\.stmcufinder\plugins\mcufinder//mcu/
2025-02-20 22:41:49,668 [WARN] DbFile:41 - Overriding database path with different value: C:\Users\anhhu\.stmcufinder\plugins\mcufinder/ => C:\Users\anhhu\.stmcufinder\plugins\mcufinder
2025-02-20 22:41:49,668 [INFO] DbMcusAds:125 - Set database path to: C:\Users\anhhu\.stmcufinder\plugins\mcufinder//mcu/
2025-02-20 22:41:49,668 [WARN] DbFile:41 - Overriding database path with different value: C:\Users\anhhu\.stmcufinder\plugins\mcufinder/ => C:\Users\anhhu\.stmcufinder\plugins\mcufinder
2025-02-20 22:41:49,668 [WARN] DbFile:41 - Overriding database path with different value: C:\Users\anhhu\.stmcufinder\plugins\mcufinder/ => C:\Users\anhhu\.stmcufinder\plugins\mcufinder
2025-02-20 22:41:49,669 [INFO] CrossReferenceDbSqlite:203 - Set database path to: C:\Users\anhhu\.stmcufinder\plugins\mcufinder//mcu/cs/
2025-02-20 22:41:49,777 [INFO] MainPanel:272 - HeapMemory: 268435456
2025-02-20 22:41:49,930 [INFO] DbMcusXml:78 - Set database path to: C:\ST\STM32CubeIDE_1.17.0\STM32CubeIDE\plugins\com.st.stm32cube.common.mx_6.13.0.202411220809\\db\/mcu/
2025-02-20 22:41:49,930 [INFO] ApiDb:274 - Set plugin database path to: C:\ST\STM32CubeIDE_1.17.0\STM32CubeIDE\plugins\com.st.stm32cube.common.mx_6.13.0.202411220809\\db\/plugins/boardmanager/
2025-02-20 22:41:49,930 [INFO] ApiDb:261 - Set plugin images path to: C:\ST\STM32CubeIDE_1.17.0\STM32CubeIDE\plugins\com.st.stm32cube.common.mx_6.13.0.202411220809\\db\/plugins/mcufinder/images/
2025-02-20 22:41:49,930 [WARN] DbFile:41 - Overriding database path with different value: C:\Users\anhhu\.stmcufinder\plugins\mcufinder/ => C:\Users\anhhu\.stmcufinder\plugins\mcufinder
2025-02-20 22:41:49,930 [INFO] ApiDb:250 - Set database path to: C:\Users\anhhu\.stmcufinder\plugins\mcufinder//mcu/
2025-02-20 22:41:49,931 [WARN] DbFile:41 - Overriding database path with different value: C:\Users\anhhu\.stmcufinder\plugins\mcufinder/ => C:\Users\anhhu\.stmcufinder\plugins\mcufinder
2025-02-20 22:41:49,931 [INFO] DbMcusAds:125 - Set database path to: C:\Users\anhhu\.stmcufinder\plugins\mcufinder//mcu/
2025-02-20 22:41:49,931 [WARN] DbFile:41 - Overriding database path with different value: C:\Users\anhhu\.stmcufinder\plugins\mcufinder/ => C:\Users\anhhu\.stmcufinder\plugins\mcufinder
2025-02-20 22:41:49,931 [WARN] DbFile:41 - Overriding database path with different value: C:\Users\anhhu\.stmcufinder\plugins\mcufinder/ => C:\Users\anhhu\.stmcufinder\plugins\mcufinder
2025-02-20 22:41:49,931 [INFO] CrossReferenceDbSqlite:203 - Set database path to: C:\Users\anhhu\.stmcufinder\plugins\mcufinder//mcu/cs/
2025-02-20 22:41:49,955 [INFO] ApplicationProperties:184 - Using Application install path: C:\ST\STM32CubeIDE_1.17.0\STM32CubeIDE\plugins\com.st.stm32cube.common.mx_6.13.0.202411220809
2025-02-20 22:41:49,957 [INFO] PluginManage:196 - Search for loadable plugins [exclusion list=, ]
2025-02-20 22:41:49,960 [INFO] PluginManage:310 - Check plugin analytics
2025-02-20 22:41:59,302 [INFO] AnalyticsPlugin:253 - Accepted Software Licenses: STM32CubeMX.5.3.0,STM32CubeMX.5.6.0,STM32CubeMX.5.6.1
2025-02-20 22:41:59,303 [INFO] AnalyticsPlugin:255 - Accepted CMSIS Pack Licenses: 
2025-02-20 22:41:59,303 [INFO] AnalyticsPlugin:257 - Accepted Firmware Licenses: 
2025-02-20 22:41:59,306 [INFO] PluginManage:359 - Loaded plugin analytics (category:tool,tabindex:-1)
2025-02-20 22:41:59,306 [INFO] PluginManage:310 - Check plugin cadmodel
2025-02-20 22:41:59,332 [INFO] CADModel:105 - Init CAD model plugin
2025-02-20 22:41:59,332 [INFO] PluginManage:359 - Loaded plugin cadmodel (category:power,tabindex:5)
2025-02-20 22:41:59,332 [INFO] PluginManage:310 - Check plugin clock
2025-02-20 22:41:59,621 [INFO] PluginManage:359 - Loaded plugin clock (category:base,tabindex:2)
2025-02-20 22:41:59,621 [INFO] PluginManage:310 - Check plugin ddr
2025-02-20 22:41:59,625 [INFO] PluginManage:359 - Loaded plugin ddr (category:tool,tabindex:6)
2025-02-20 22:41:59,625 [INFO] PluginManage:310 - Check plugin filemanager
2025-02-20 22:41:59,870 [INFO] PluginManage:359 - Loaded plugin filemanager (category:base,tabindex:10)
2025-02-20 22:41:59,870 [INFO] PluginManage:310 - Check plugin ipmanager
2025-02-20 22:41:59,891 [INFO] PluginManage:359 - Loaded plugin ipmanager (category:base,tabindex:5)
2025-02-20 22:41:59,891 [INFO] PluginManage:310 - Check plugin lpbam
2025-02-20 22:41:59,921 [INFO] PluginManage:359 - Loaded plugin lpbam (category:base,tabindex:0)
2025-02-20 22:41:59,921 [INFO] PluginManage:310 - Check plugin memorymap
2025-02-20 22:41:59,970 [INFO] PluginManage:359 - Loaded plugin memorymap (category:base,tabindex:4)
2025-02-20 22:41:59,970 [INFO] PluginManage:310 - Check plugin pinoutandconfiguration
2025-02-20 22:42:00,027 [INFO] PluginManage:359 - Loaded plugin pinoutandconfiguration (category:base,tabindex:1)
2025-02-20 22:42:00,027 [INFO] PluginManage:310 - Check plugin pinoutconfig
2025-02-20 22:42:00,169 [WARN] SupportedApi:132 - Cannot load RTOS API schema: s4s-elt-must-match.1: The content of 'definitions' must match (annotation?, (simpleType | complexType)?, (unique | key | keyref)*)). A problem was found starting at: attribute.
2025-02-20 22:42:00,362 [INFO] PluginManage:359 - Loaded plugin pinoutconfig (category:base,tabindex:0)
2025-02-20 22:42:00,362 [INFO] PluginManage:310 - Check plugin power
2025-02-20 22:42:00,392 [INFO] PluginManage:359 - Loaded plugin power (category:power,tabindex:4)
2025-02-20 22:42:00,392 [INFO] PluginManage:310 - Check plugin projectmanager
2025-02-20 22:42:00,415 [INFO] PluginManage:359 - Loaded plugin projectmanager (category:projectmanager,tabindex:4)
2025-02-20 22:42:00,415 [INFO] PluginManage:310 - Check plugin rif
2025-02-20 22:42:00,441 [INFO] PluginManage:359 - Loaded plugin rif (category:base,tabindex:3)
2025-02-20 22:42:00,442 [INFO] PluginManage:310 - Check plugin thirdparty
2025-02-20 22:42:00,855 [INFO] PluginManage:359 - Loaded plugin thirdparty (category:base,tabindex:-1)
2025-02-20 22:42:00,855 [INFO] PluginManage:310 - Check plugin tools
2025-02-20 22:42:00,854 [WARN] IntegrityCheckThread:84 - waiting for thirdparty lock release [integrity check]
2025-02-20 22:42:00,856 [INFO] IntegrityCheckThread:86 - entering critical section [integrity check]
2025-02-20 22:42:00,856 [INFO] ThirdPartyUpdaterWithRetryManager:70 - Updater plugin not ready yet. [1/15]
2025-02-20 22:42:00,914 [INFO] PluginManage:359 - Loaded plugin tools (category:base,tabindex:7)
2025-02-20 22:42:00,914 [INFO] PluginManage:310 - Check plugin tutovideos
2025-02-20 22:42:01,447 [INFO] PluginManage:359 - Loaded plugin tutovideos (category:base,tabindex:-1)
2025-02-20 22:42:01,447 [INFO] PluginManage:310 - Check plugin updater
2025-02-20 22:42:01,480 [INFO] PluginManage:359 - Loaded plugin updater (category:base,tabindex:12)
2025-02-20 22:42:01,480 [INFO] PluginManage:310 - Check plugin userauth
2025-02-20 22:42:01,487 [INFO] UserAuth:118 - Init User Auth plugin
2025-02-20 22:42:01,488 [INFO] PluginManage:359 - Loaded plugin userauth (category:base,tabindex:14)
2025-02-20 22:42:01,489 [INFO] PluginManage:283 - PluginManage : Loaded plugins [18]
2025-02-20 22:42:01,829 [INFO] PinOutPanel:1589 - setPackage(No Configuration,No Configuration)
2025-02-20 22:42:01,963 [INFO] CADModel:165 - CPN selected for project level
2025-02-20 22:42:01,963 [INFO] CADModel:114 - Register for checkConnection events
2025-02-20 22:42:02,003 [INFO] IPUIPlugin:80 - create IPUIPlugin
2025-02-20 22:42:02,003 [INFO] PluginManager:220 - loadIPPluginJar : add adc
2025-02-20 22:42:02,064 [INFO] IPUIPlugin:80 - create IPUIPlugin
2025-02-20 22:42:02,065 [INFO] PluginManager:220 - loadIPPluginJar : add aes
2025-02-20 22:42:02,213 [INFO] IPUIPlugin:80 - create IPUIPlugin
2025-02-20 22:42:02,213 [INFO] PluginManager:220 - loadIPPluginJar : add can
2025-02-20 22:42:02,282 [INFO] IPUIPlugin:80 - create IPUIPlugin
2025-02-20 22:42:02,283 [INFO] PluginManager:220 - loadIPPluginJar : add comp
2025-02-20 22:42:02,348 [INFO] IPUIPlugin:80 - create IPUIPlugin
2025-02-20 22:42:02,348 [INFO] PluginManager:220 - loadIPPluginJar : add cryp
2025-02-20 22:42:02,369 [INFO] IPUIPlugin:80 - create IPUIPlugin
2025-02-20 22:42:02,369 [INFO] PluginManager:220 - loadIPPluginJar : add ddr_ctrl_phy
2025-02-20 22:42:02,417 [INFO] IPUIPlugin:80 - create IPUIPlugin
2025-02-20 22:42:02,417 [INFO] PluginManager:220 - loadIPPluginJar : add dfsdm
2025-02-20 22:42:02,439 [INFO] IPUIPlugin:80 - create IPUIPlugin
2025-02-20 22:42:02,439 [INFO] PluginManager:220 - loadIPPluginJar : add dma
2025-02-20 22:42:02,501 [INFO] IPUIPlugin:80 - create IPUIPlugin
2025-02-20 22:42:02,501 [INFO] PluginManager:220 - loadIPPluginJar : add dma3
2025-02-20 22:42:02,571 [INFO] IPUIPlugin:80 - create IPUIPlugin
2025-02-20 22:42:02,572 [INFO] PluginManager:220 - loadIPPluginJar : add extmemmanager
2025-02-20 22:42:02,605 [INFO] IPUIPlugin:80 - create IPUIPlugin
2025-02-20 22:42:02,605 [INFO] PluginManager:220 - loadIPPluginJar : add fatfs
2025-02-20 22:42:02,680 [INFO] IPUIPlugin:80 - create IPUIPlugin
2025-02-20 22:42:02,680 [INFO] PluginManager:220 - loadIPPluginJar : add fmc
2025-02-20 22:42:02,742 [INFO] IPUIPlugin:80 - create IPUIPlugin
2025-02-20 22:42:02,742 [INFO] PluginManager:220 - loadIPPluginJar : add freertos
2025-02-20 22:42:02,774 [INFO] IPUIPlugin:80 - create IPUIPlugin
2025-02-20 22:42:02,774 [INFO] PluginManager:220 - loadIPPluginJar : add genericplugin
2025-02-20 22:42:02,964 [INFO] IPUIPlugin:80 - create IPUIPlugin
2025-02-20 22:42:02,964 [INFO] PluginManager:220 - loadIPPluginJar : add gfxmmu
2025-02-20 22:42:03,183 [INFO] IPUIPlugin:80 - create IPUIPlugin
2025-02-20 22:42:03,183 [INFO] PluginManager:220 - loadIPPluginJar : add gic
2025-02-20 22:42:03,202 [INFO] IPUIPlugin:80 - create IPUIPlugin
2025-02-20 22:42:03,202 [INFO] PluginManager:220 - loadIPPluginJar : add gpio
2025-02-20 22:42:03,348 [INFO] IPUIPlugin:80 - create IPUIPlugin
2025-02-20 22:42:03,349 [INFO] PluginManager:220 - loadIPPluginJar : add gtzc
2025-02-20 22:42:03,428 [INFO] IPUIPlugin:80 - create IPUIPlugin
2025-02-20 22:42:03,429 [INFO] PluginManager:220 - loadIPPluginJar : add hash
2025-02-20 22:42:03,514 [INFO] IPUIPlugin:80 - create IPUIPlugin
2025-02-20 22:42:03,515 [INFO] PluginManager:220 - loadIPPluginJar : add i2c
2025-02-20 22:42:03,586 [INFO] IPUIPlugin:80 - create IPUIPlugin
2025-02-20 22:42:03,586 [INFO] PluginManager:220 - loadIPPluginJar : add i2s
2025-02-20 22:42:03,651 [INFO] IPUIPlugin:80 - create IPUIPlugin
2025-02-20 22:42:03,652 [INFO] PluginManager:220 - loadIPPluginJar : add i3c
2025-02-20 22:42:03,813 [INFO] IPUIPlugin:80 - create IPUIPlugin
2025-02-20 22:42:03,813 [INFO] PluginManager:220 - loadIPPluginJar : add ipddr
2025-02-20 22:42:03,857 [INFO] ThirdPartyUpdaterWithRetryManager:70 - Updater plugin not ready yet. [2/15]
2025-02-20 22:42:04,014 [INFO] IPUIPlugin:80 - create IPUIPlugin
2025-02-20 22:42:04,014 [INFO] PluginManager:220 - loadIPPluginJar : add linkedlist
2025-02-20 22:42:04,070 [INFO] IPUIPlugin:80 - create IPUIPlugin
2025-02-20 22:42:04,070 [INFO] PluginManager:220 - loadIPPluginJar : add lorawan
2025-02-20 22:42:04,128 [INFO] IPUIPlugin:80 - create IPUIPlugin
2025-02-20 22:42:04,129 [INFO] PluginManager:220 - loadIPPluginJar : add ltdc
2025-02-20 22:42:04,149 [INFO] IPUIPlugin:80 - create IPUIPlugin
2025-02-20 22:42:04,149 [INFO] PluginManager:220 - loadIPPluginJar : add mdma
2025-02-20 22:42:04,168 [INFO] IPUIPlugin:80 - create IPUIPlugin
2025-02-20 22:42:04,168 [INFO] PluginManager:220 - loadIPPluginJar : add nvic
2025-02-20 22:42:04,226 [INFO] IPUIPlugin:80 - create IPUIPlugin
2025-02-20 22:42:04,226 [INFO] PluginManager:220 - loadIPPluginJar : add opamp
2025-02-20 22:42:04,333 [INFO] IPUIPlugin:80 - create IPUIPlugin
2025-02-20 22:42:04,334 [INFO] PluginManager:220 - loadIPPluginJar : add openamp
2025-02-20 22:42:04,410 [INFO] IPUIPlugin:80 - create IPUIPlugin
2025-02-20 22:42:04,410 [INFO] PluginManager:220 - loadIPPluginJar : add pdm2pcm
2025-02-20 22:42:04,432 [INFO] IPUIPlugin:80 - create IPUIPlugin
2025-02-20 22:42:04,435 [INFO] PluginManager:220 - loadIPPluginJar : add plateformsettings
2025-02-20 22:42:04,470 [INFO] IPUIPlugin:80 - create IPUIPlugin
2025-02-20 22:42:04,470 [INFO] PluginManager:220 - loadIPPluginJar : add quadspi
2025-02-20 22:42:04,511 [INFO] IPUIPlugin:80 - create IPUIPlugin
2025-02-20 22:42:04,512 [INFO] PluginManager:220 - loadIPPluginJar : add radio
2025-02-20 22:42:04,532 [INFO] IPUIPlugin:80 - create IPUIPlugin
2025-02-20 22:42:04,532 [INFO] PluginManager:220 - loadIPPluginJar : add resmgrutility
2025-02-20 22:42:04,608 [INFO] IPUIPlugin:80 - create IPUIPlugin
2025-02-20 22:42:04,608 [INFO] PluginManager:220 - loadIPPluginJar : add sai
2025-02-20 22:42:04,666 [INFO] IPUIPlugin:80 - create IPUIPlugin
2025-02-20 22:42:04,666 [INFO] PluginManager:220 - loadIPPluginJar : add spi
2025-02-20 22:42:04,830 [INFO] IPUIPlugin:80 - create IPUIPlugin
2025-02-20 22:42:04,830 [INFO] PluginManager:220 - loadIPPluginJar : add stm32_wpan
2025-02-20 22:42:04,868 [INFO] IPUIPlugin:80 - create IPUIPlugin
2025-02-20 22:42:04,868 [INFO] PluginManager:220 - loadIPPluginJar : add tim
2025-02-20 22:42:04,964 [INFO] IPUIPlugin:80 - create IPUIPlugin
2025-02-20 22:42:04,964 [INFO] PluginManager:220 - loadIPPluginJar : add touchsensing
2025-02-20 22:42:05,005 [INFO] IPUIPlugin:80 - create IPUIPlugin
2025-02-20 22:42:05,005 [INFO] PluginManager:220 - loadIPPluginJar : add tracer_emb
2025-02-20 22:42:05,044 [INFO] IPUIPlugin:80 - create IPUIPlugin
2025-02-20 22:42:05,044 [INFO] PluginManager:220 - loadIPPluginJar : add ts
2025-02-20 22:42:05,081 [INFO] IPUIPlugin:80 - create IPUIPlugin
2025-02-20 22:42:05,081 [INFO] PluginManager:220 - loadIPPluginJar : add tsc
2025-02-20 22:42:05,115 [INFO] IPUIPlugin:80 - create IPUIPlugin
2025-02-20 22:42:05,115 [INFO] PluginManager:220 - loadIPPluginJar : add ucpd
2025-02-20 22:42:05,187 [INFO] IPUIPlugin:80 - create IPUIPlugin
2025-02-20 22:42:05,187 [INFO] PluginManager:220 - loadIPPluginJar : add usart
2025-02-20 22:42:05,257 [INFO] IPUIPlugin:80 - create IPUIPlugin
2025-02-20 22:42:05,257 [INFO] PluginManager:220 - loadIPPluginJar : add usbx
2025-02-20 22:42:05,410 [FATAL] Updater:351 - Updater called before beeing initialized
2025-02-20 22:42:05,442 [INFO] RulesReader:64 - Compatibility file has been processed (297 Rules)
2025-02-20 22:42:05,457 [INFO] RulesReader:64 - Compatibility file has been processed (297 Rules)
2025-02-20 22:42:05,467 [INFO] CADModel:165 - CPN selected for project level
2025-02-20 22:42:05,467 [INFO] CADModel:114 - Register for checkConnection events
2025-02-20 22:42:05,467 [FATAL] Updater:351 - Updater called before beeing initialized
2025-02-20 22:42:05,468 [ERROR] CADModel:125 - Updater not yet initialized, retry later 
2025-02-20 22:42:05,679 [FATAL] Updater:351 - Updater called before beeing initialized
2025-02-20 22:42:05,681 [INFO] CADModel:165 - CPN selected for project level
2025-02-20 22:42:05,681 [INFO] CADModel:114 - Register for checkConnection events
2025-02-20 22:42:05,681 [FATAL] Updater:351 - Updater called before beeing initialized
2025-02-20 22:42:05,681 [ERROR] CADModel:125 - Updater not yet initialized, retry later 
2025-02-20 22:42:05,685 [FATAL] Updater:351 - Updater called before beeing initialized
2025-02-20 22:42:05,873 [FATAL] Updater:351 - Updater called before beeing initialized
2025-02-20 22:42:05,896 [INFO] DbMcusAds:53 - JSON generation date=Tue Dec 17 23:01:15 ICT 2024 (1734451275222)
2025-02-20 22:42:05,896 [FATAL] Updater:351 - Updater called before beeing initialized
2025-02-20 22:42:05,955 [WARN] DetailPanel:346 - Failed to get advertising image, set to default
2025-02-20 22:42:06,282 [FATAL] Updater:351 - Updater called before beeing initialized
2025-02-20 22:42:06,285 [FATAL] Updater:351 - Updater called before beeing initialized
2025-02-20 22:42:06,286 [FATAL] Updater:351 - Updater called before beeing initialized
2025-02-20 22:42:06,286 [WARN] DetailPanel:346 - Failed to get advertising image, set to default
2025-02-20 22:42:06,287 [FATAL] Updater:351 - Updater called before beeing initialized
2025-02-20 22:42:06,375 [ERROR] Updater:1198 - MainUpdater not yet initialized. External WinMGr cannot be set.
2025-02-20 22:42:06,389 [INFO] Updater:1134 - Updater Version found : 6.13.0
2025-02-20 22:42:06,413 [INFO] ApplicationProperties:184 - Using Application install path: C:\ST\STM32CubeIDE_1.17.0\STM32CubeIDE\plugins\com.st.stm32cube.common.mx_6.13.0.202411220809
2025-02-20 22:42:06,859 [INFO] ThirdPartyUpdaterWithRetryManager:70 - Updater plugin not ready yet. [3/15]
2025-02-20 22:42:06,990 [INFO] MainUpdater:2872 - connection check result : 10
2025-02-20 22:42:06,991 [INFO] MainUpdater:289 - Updater Check For Update Now.
2025-02-20 22:42:06,991 [INFO] MicroXplorer:498 - Change Database Version : DB.6.0.130
2025-02-20 22:42:07,069 [INFO] McuFinderGlobals:63 - Set McuFinder mode to 2 (CubeIDE integrated)
2025-02-20 22:42:07,069 [INFO] UserAuth:171 - activating auth plugin
2025-02-20 22:42:07,083 [INFO] UserAuth:486 - Internet connection configuration mode: 1
2025-02-20 22:42:07,214 [INFO] JxBrowserEngine:152 - Initiate JxBrowser Engine with user profile folder
2025-02-20 22:42:07,280 [INFO] CheckServerUpdateThread:120 - End of CheckServer Thread
2025-02-20 22:42:10,261 [WARN] PackLoader:240 - Cannot read IP mode file for STMicroelectronics.FP-SNS-MOTENVWB1.1.4.0
2025-02-20 22:42:10,287 [WARN] PackLoader:240 - Cannot read IP mode file for STMicroelectronics.FP-ATR-ASTRA1.2.0.1
2025-02-20 22:42:10,313 [WARN] PackLoader:240 - Cannot read IP mode file for STMicroelectronics.X-CUBE-SMBUS.2.1.0
2025-02-20 22:42:10,346 [WARN] PackLoader:240 - Cannot read IP mode file for STMicroelectronics.X-CUBE-WB05N.1.1.0
2025-02-20 22:42:10,428 [WARN] PackLoader:240 - Cannot read IP mode file for STMicroelectronics.X-CUBE-AZRTOS-F7.1.1.0
2025-02-20 22:42:10,640 [WARN] PackLoader:240 - Cannot read IP mode file for STMicroelectronics.X-CUBE-MEMS1.11.0.0
2025-02-20 22:42:11,284 [WARN] PackLoader:240 - Cannot read IP mode file for STMicroelectronics.FP-SNS-FLIGHT1.5.0.2
2025-02-20 22:42:11,367 [WARN] PackLoader:240 - Cannot read IP mode file for Infineon.AIROC-Wi-Fi-Bluetooth-STM32.1.7.0
2025-02-20 22:42:11,431 [WARN] PackLoader:240 - Cannot read IP mode file for STMicroelectronics.X-CUBE-DISPLAY.3.0.0
2025-02-20 22:42:11,466 [WARN] PackLoader:240 - Cannot read IP mode file for STMicroelectronics.X-CUBE-BLE1.7.0.0
2025-02-20 22:42:11,492 [WARN] PackLoader:240 - Cannot read IP mode file for STMicroelectronics.X-CUBE-NFC10.1.0.0
2025-02-20 22:42:11,631 [WARN] PackLoader:240 - Cannot read IP mode file for STMicroelectronics.X-CUBE-BLEMGR.4.0.0
2025-02-20 22:42:11,662 [WARN] PackLoader:240 - Cannot read IP mode file for emotas.I-CUBE-CANOPEN.1.3.0
2025-02-20 22:42:11,687 [WARN] PackLoader:240 - Cannot read IP mode file for STMicroelectronics.X-CUBE-AI.10.0.0
2025-02-20 22:42:11,712 [WARN] PackLoader:240 - Cannot read IP mode file for STMicroelectronics.FP-SNS-SMARTAG2.1.2.0
2025-02-20 22:42:11,938 [WARN] PackLoader:240 - Cannot read IP mode file for STMicroelectronics.X-CUBE-MEMS1.11.1.0
2025-02-20 22:42:12,375 [INFO] LogOutputStream:77 - [STDOUT_REDIRECT] 1 : Invalid condition id : UX_CORESTACK_Condition cause : null
2025-02-20 22:42:12,376 [INFO] LogOutputStream:77 - [STDOUT_REDIRECT] 1 : Invalid condition id : UX_CORESTACK_Condition cause : null
2025-02-20 22:42:12,379 [INFO] LogOutputStream:77 - [STDOUT_REDIRECT] 1 : Invalid condition id : UX_CORESTACK_Condition cause : null
2025-02-20 22:42:12,383 [INFO] LogOutputStream:77 - [STDOUT_REDIRECT] 1 : Invalid condition id : UX_CORESTACK_Condition cause : null
2025-02-20 22:42:12,386 [INFO] LogOutputStream:77 - [STDOUT_REDIRECT] 1 : Invalid condition id : UX_CORESTACK_Condition cause : null
2025-02-20 22:42:12,388 [WARN] PackLoader:240 - Cannot read IP mode file for STMicroelectronics.X-CUBE-AZRTOS-WL.2.0.0
2025-02-20 22:42:12,415 [WARN] PackLoader:240 - Cannot read IP mode file for STMicroelectronics.FP-SNS-MOTENV1.5.0.0
2025-02-20 22:42:12,468 [WARN] PackLoader:240 - Cannot read IP mode file for wolfSSL.I-CUBE-wolfMQTT.1.19.0
2025-02-20 22:42:12,505 [WARN] PackLoader:240 - Cannot read IP mode file for WES.I-CUBE-Cesium.1.3.0
2025-02-20 22:42:12,525 [WARN] PackLoader:240 - Cannot read IP mode file for STMicroelectronics.X-CUBE-BLE2.3.3.0
2025-02-20 22:42:12,551 [WARN] PackLoader:240 - Cannot read IP mode file for STMicroelectronics.X-CUBE-NFC9.1.0.0
2025-02-20 22:42:12,692 [WARN] PackLoader:240 - Cannot read IP mode file for STMicroelectronics.X-CUBE-AZRTOS-G0.1.1.0
2025-02-20 22:42:12,712 [WARN] PackLoader:240 - Cannot read IP mode file for STMicroelectronics.X-CUBE-SAFEA1.1.2.2
2025-02-20 22:42:12,730 [WARN] PackLoader:240 - Cannot read IP mode file for STMicroelectronics.X-CUBE-NFC4.3.0.0
2025-02-20 22:42:12,758 [INFO] WebApp:168 - Instantiating new browser for Auth
2025-02-20 22:42:12,878 [WARN] PackLoader:240 - Cannot read IP mode file for EmbeddedOffice.I-CUBE-FS-RTOS.1.0.1
2025-02-20 22:42:12,907 [WARN] PackLoader:240 - Cannot read IP mode file for STMicroelectronics.X-CUBE-TCPP.4.2.0
2025-02-20 22:42:12,978 [WARN] PackLoader:240 - Cannot read IP mode file for RealThread.X-CUBE-RT-Thread_Nano.4.1.1
2025-02-20 22:42:12,998 [WARN] PackLoader:240 - Cannot read IP mode file for STMicroelectronics.FP-ATR-SIGFOX1.3.2.0
2025-02-20 22:42:13,029 [WARN] ConditionMgr:438 - getConditionDescription Invalid condition id : Cortex-A Device cause : null
2025-02-20 22:42:13,096 [WARN] ConditionMgr:1044 - genDependencies : Invalid condition id : Cortex-A Device cause : null
2025-02-20 22:42:13,096 [WARN] ConditionMgr:1044 - genDependencies : Invalid condition id : Cortex-A Device cause : null
2025-02-20 22:42:13,097 [WARN] ConditionMgr:1044 - genDependencies : Invalid condition id : Cortex-A Device cause : null
2025-02-20 22:42:13,121 [WARN] PackLoader:240 - Cannot read IP mode file for STMicroelectronics.X-CUBE-EEPRMA1.5.1.0
2025-02-20 22:42:13,165 [WARN] PackLoader:240 - Cannot read IP mode file for wolfSSL.I-CUBE-wolfSSL.5.7.4
2025-02-20 22:42:13,198 [WARN] PackLoader:240 - Cannot read IP mode file for ITTIA_DB.I-CUBE-ITTIADB.8.9.0
2025-02-20 22:42:13,251 [WARN] PackLoader:240 - Cannot read IP mode file for SEGGER.I-CUBE-embOS.1.3.1
2025-02-20 22:42:13,315 [WARN] PackLoader:240 - Cannot read IP mode file for STMicroelectronics.X-CUBE-ALGOBUILD.1.4.0
2025-02-20 22:42:13,331 [WARN] PackLoader:240 - Cannot read IP mode file for STMicroelectronics.X-CUBE-AI.9.1.0
2025-02-20 22:42:13,374 [WARN] PackLoader:240 - Cannot read IP mode file for STMicroelectronics.X-CUBE-AZRTOS-F4.1.1.0
2025-02-20 22:42:13,395 [WARN] PackLoader:240 - Cannot read IP mode file for STMicroelectronics.X-CUBE-ISPU.2.1.0
2025-02-20 22:42:13,457 [WARN] PackLoader:240 - Cannot read IP mode file for STMicroelectronics.X-CUBE-AZRTOS-L5.2.0.0
2025-02-20 22:42:13,491 [WARN] PackLoader:240 - Cannot read IP mode file for STMicroelectronics.X-CUBE-NFC6.3.1.0
2025-02-20 22:42:13,515 [WARN] PackLoader:240 - Cannot read IP mode file for STMicroelectronics.X-CUBE-DPower.1.2.0
2025-02-20 22:42:13,554 [WARN] PackLoader:240 - Cannot read IP mode file for STMicroelectronics.X-CUBE-FREERTOS.1.3.0
2025-02-20 22:42:13,571 [WARN] PackLoader:240 - Cannot read IP mode file for STMicroelectronics.X-CUBE-NFC7.1.0.1
2025-02-20 22:42:13,640 [WARN] ConditionMgr:438 - getConditionDescription Invalid condition id : LAN8742 Phy interface Condition cause : null
2025-02-20 22:42:13,641 [WARN] PackLoader:240 - Cannot read IP mode file for STMicroelectronics.X-CUBE-AZRTOS-L4.2.0.0
2025-02-20 22:42:13,643 [WARN] ConditionMgr:1044 - genDependencies : Invalid condition id : LAN8742 Phy interface Condition cause : null
2025-02-20 22:42:13,643 [WARN] ConditionMgr:1044 - genDependencies : Invalid condition id : LAN8742 Phy interface Condition cause : null
2025-02-20 22:42:13,643 [WARN] ConditionMgr:1044 - genDependencies : Invalid condition id : LAN8742 Phy interface Condition cause : null
2025-02-20 22:42:13,672 [WARN] PackLoader:240 - Cannot read IP mode file for STMicroelectronics.X-CUBE-SFXS2LP1.4.0.0
2025-02-20 22:42:13,817 [WARN] PackLoader:240 - Cannot read IP mode file for STMicroelectronics.X-CUBE-AZRTOS-H7.3.3.0
2025-02-20 22:42:14,002 [WARN] PackLoader:240 - Cannot read IP mode file for STMicroelectronics.X-CUBE-IPS.3.0.0
2025-02-20 22:42:14,033 [WARN] ConditionMgr:438 - getConditionDescription Invalid condition id : UX DEVICE CLASS RTOS Condition cause : null
2025-02-20 22:42:14,033 [WARN] ConditionMgr:438 - getConditionDescription Invalid condition id : UX DEVICE CLASS RTOS Condition cause : null
2025-02-20 22:42:14,035 [WARN] PackLoader:240 - Cannot read IP mode file for STMicroelectronics.X-CUBE-AZRTOS-WB.2.0.0
2025-02-20 22:42:14,035 [WARN] ConditionMgr:1044 - genDependencies : Invalid condition id : UX DEVICE CLASS RTOS Condition cause : null
2025-02-20 22:42:14,035 [WARN] ConditionMgr:1044 - genDependencies : Invalid condition id : UX DEVICE CLASS RTOS Condition cause : null
2025-02-20 22:42:14,036 [WARN] ConditionMgr:1044 - genDependencies : Invalid condition id : UX DEVICE CLASS RTOS Condition cause : null
2025-02-20 22:42:14,036 [WARN] ConditionMgr:1044 - genDependencies : Invalid condition id : UX DEVICE CLASS RTOS Condition cause : null
2025-02-20 22:42:14,036 [WARN] ConditionMgr:1044 - genDependencies : Invalid condition id : UX DEVICE CLASS RTOS Condition cause : null
2025-02-20 22:42:14,053 [WARN] PackLoader:240 - Cannot read IP mode file for STMicroelectronics.X-CUBE-GNSS1.7.0.0
2025-02-20 22:42:14,086 [WARN] PackLoader:240 - Cannot read IP mode file for STMicroelectronics.X-CUBE-GNSS1.7.0.1
2025-02-20 22:42:14,123 [WARN] PackLoader:240 - Cannot read IP mode file for STMicroelectronics.FP-SNS-STBOX1.2.0.0
2025-02-20 22:42:14,148 [WARN] PackLoader:240 - Cannot read IP mode file for STMicroelectronics.X-CUBE-SUBG2.5.0.0
2025-02-20 22:42:14,176 [WARN] PackLoader:240 - Cannot read IP mode file for Cesanta.I-CUBE-Mongoose.7.13.0
2025-02-20 22:42:14,219 [WARN] PackLoader:240 - Cannot read IP mode file for STMicroelectronics.X-CUBE-AZRTOS-G4.2.0.0
2025-02-20 22:42:14,258 [WARN] PackLoader:240 - Cannot read IP mode file for STMicroelectronics.X-CUBE-IPS.3.1.0
2025-02-20 22:42:14,292 [WARN] PackLoader:240 - Cannot read IP mode file for STMicroelectronics.X-CUBE-ALS.1.0.2
2025-02-20 22:42:14,311 [WARN] PackLoader:240 - Cannot read IP mode file for STMicroelectronics.X-CUBE-TOUCHGFX.4.24.2
2025-02-20 22:42:14,328 [WARN] PackLoader:240 - Cannot read IP mode file for STMicroelectronics.X-CUBE-TOUCHGFX.4.24.1
2025-02-20 22:42:14,344 [WARN] PackLoader:240 - Cannot read IP mode file for wolfSSL.I-CUBE-wolfTPM.3.4.0
2025-02-20 22:42:14,390 [WARN] PackLoader:240 - Cannot read IP mode file for portGmbH.I-Cube-SoM-uGOAL.1.1.0
2025-02-20 22:42:14,426 [WARN] PackLoader:240 - Cannot read IP mode file for STMicroelectronics.X-CUBE-AZRTOS-H7RS.1.0.0
2025-02-20 22:42:14,466 [WARN] PackLoader:240 - Cannot read IP mode file for STMicroelectronics.X-CUBE-TOF1.3.4.2
2025-02-20 22:42:14,513 [WARN] PackLoader:240 - Cannot read IP mode file for wolfSSL.I-CUBE-wolfSSH.1.4.17
2025-02-20 22:42:14,514 [INFO] ThirdParty:978 - Integrity check success = true
2025-02-20 22:42:14,514 [INFO] IntegrityCheckThread:100 - exiting critical section [integrity check]
2025-02-20 22:42:14,514 [INFO] IntegrityCheckThread:103 - End integrity checks thread
2025-02-20 22:42:15,191 [INFO] WebApp:449 - Apply proxy settings
2025-02-20 22:42:15,192 [INFO] WebApp:534 - Chromium requires no authentication
2025-02-20 22:42:15,228 [INFO] WebApp:477 - Direct internet connection detected
2025-02-20 22:42:15,269 [INFO] WebApp:880 - Register for checkConnection events
2025-02-20 22:42:15,269 [INFO] WebApp:449 - Apply proxy settings
2025-02-20 22:42:15,269 [INFO] WebApp:534 - Chromium requires no authentication
2025-02-20 22:42:15,269 [INFO] WebApp:477 - Direct internet connection detected
2025-02-20 22:42:15,726 [INFO] WebApp:187 - Connection restablished
2025-02-20 22:42:15,810 [INFO] WebApp:221 - Starting web application
2025-02-20 22:42:15,810 [INFO] WebApp:579 - Web application path used C:\ST\STM32CubeIDE_1.17.0\STM32CubeIDE\plugins\com.st.stm32cube.common.mx_6.13.0.202411220809\db\plugins\mcufinder\reactClient1\index.html
