2025-02-17 22:01:13,311 [INFO] Activator:176 - 


2025-02-17 22:01:13,319 [INFO] Activator:177 - !SESSION log4j initialized
2025-02-17 22:01:23,433 [INFO] LogOutputStream:77 - [STDOUT_REDIRECT] 
2025-02-17 22:01:34,246 [INFO] ApplicationProperties:184 - Using Application install path: C:\ST\STM32CubeIDE_1.17.0\STM32CubeIDE\plugins\com.st.stm32cube.common.mx_6.13.0.202411220809
2025-02-17 22:01:34,275 [INFO] DbMcusXml:78 - Set database path to: C:\ST\STM32CubeIDE_1.17.0\STM32CubeIDE\plugins\com.st.stm32cube.common.mx_6.13.0.202411220809\\db\/mcu/
2025-02-17 22:01:34,275 [INFO] ApiDb:274 - Set plugin database path to: C:\ST\STM32CubeIDE_1.17.0\STM32CubeIDE\plugins\com.st.stm32cube.common.mx_6.13.0.202411220809\\db\/plugins/boardmanager/
2025-02-17 22:01:34,275 [WARN] ApiDb:259 - Overriding images path with different value:  => C:\ST\STM32CubeIDE_1.17.0\STM32CubeIDE\plugins\com.st.stm32cube.common.mx_6.13.0.202411220809\\db\/plugins/mcufinder/images/
2025-02-17 22:01:34,319 [INFO] ApiDb:250 - Set database path to: C:\Users\anhhu\.stmcufinder\plugins\mcufinder//mcu/
2025-02-17 22:01:34,320 [INFO] DbMcusAds:125 - Set database path to: C:\Users\anhhu\.stmcufinder\plugins\mcufinder//mcu/
2025-02-17 22:01:34,358 [INFO] CrossReferenceDbSqlite:203 - Set database path to: C:\Users\anhhu\.stmcufinder\plugins\mcufinder//mcu/cs/
2025-02-17 22:01:34,619 [INFO] RulesReader:64 - Compatibility file has been processed (297 Rules)
2025-02-17 22:01:34,760 [INFO] DbMcusXml:78 - Set database path to: C:\ST\STM32CubeIDE_1.17.0\STM32CubeIDE\plugins\com.st.stm32cube.common.mx_6.13.0.202411220809\\db\/mcu/
2025-02-17 22:01:34,761 [INFO] ApiDb:274 - Set plugin database path to: C:\ST\STM32CubeIDE_1.17.0\STM32CubeIDE\plugins\com.st.stm32cube.common.mx_6.13.0.202411220809\\db\/plugins/boardmanager/
2025-02-17 22:01:34,761 [INFO] ApiDb:261 - Set plugin images path to: C:\ST\STM32CubeIDE_1.17.0\STM32CubeIDE\plugins\com.st.stm32cube.common.mx_6.13.0.202411220809\\db\/plugins/mcufinder/images/
2025-02-17 22:01:34,761 [WARN] DbFile:41 - Overriding database path with different value: C:\Users\anhhu\.stmcufinder\plugins\mcufinder/ => C:\Users\anhhu\.stmcufinder\plugins\mcufinder
2025-02-17 22:01:34,761 [INFO] ApiDb:250 - Set database path to: C:\Users\anhhu\.stmcufinder\plugins\mcufinder//mcu/
2025-02-17 22:01:34,761 [WARN] DbFile:41 - Overriding database path with different value: C:\Users\anhhu\.stmcufinder\plugins\mcufinder/ => C:\Users\anhhu\.stmcufinder\plugins\mcufinder
2025-02-17 22:01:34,762 [INFO] DbMcusAds:125 - Set database path to: C:\Users\anhhu\.stmcufinder\plugins\mcufinder//mcu/
2025-02-17 22:01:34,762 [WARN] DbFile:41 - Overriding database path with different value: C:\Users\anhhu\.stmcufinder\plugins\mcufinder/ => C:\Users\anhhu\.stmcufinder\plugins\mcufinder
2025-02-17 22:01:34,762 [WARN] DbFile:41 - Overriding database path with different value: C:\Users\anhhu\.stmcufinder\plugins\mcufinder/ => C:\Users\anhhu\.stmcufinder\plugins\mcufinder
2025-02-17 22:01:34,762 [INFO] CrossReferenceDbSqlite:203 - Set database path to: C:\Users\anhhu\.stmcufinder\plugins\mcufinder//mcu/cs/
2025-02-17 22:01:34,898 [INFO] MainPanel:272 - HeapMemory: 268435456
2025-02-17 22:01:35,035 [INFO] DbMcusXml:78 - Set database path to: C:\ST\STM32CubeIDE_1.17.0\STM32CubeIDE\plugins\com.st.stm32cube.common.mx_6.13.0.202411220809\\db\/mcu/
2025-02-17 22:01:35,035 [INFO] ApiDb:274 - Set plugin database path to: C:\ST\STM32CubeIDE_1.17.0\STM32CubeIDE\plugins\com.st.stm32cube.common.mx_6.13.0.202411220809\\db\/plugins/boardmanager/
2025-02-17 22:01:35,035 [INFO] ApiDb:261 - Set plugin images path to: C:\ST\STM32CubeIDE_1.17.0\STM32CubeIDE\plugins\com.st.stm32cube.common.mx_6.13.0.202411220809\\db\/plugins/mcufinder/images/
2025-02-17 22:01:35,035 [WARN] DbFile:41 - Overriding database path with different value: C:\Users\anhhu\.stmcufinder\plugins\mcufinder/ => C:\Users\anhhu\.stmcufinder\plugins\mcufinder
2025-02-17 22:01:35,035 [INFO] ApiDb:250 - Set database path to: C:\Users\anhhu\.stmcufinder\plugins\mcufinder//mcu/
2025-02-17 22:01:35,036 [WARN] DbFile:41 - Overriding database path with different value: C:\Users\anhhu\.stmcufinder\plugins\mcufinder/ => C:\Users\anhhu\.stmcufinder\plugins\mcufinder
2025-02-17 22:01:35,036 [INFO] DbMcusAds:125 - Set database path to: C:\Users\anhhu\.stmcufinder\plugins\mcufinder//mcu/
2025-02-17 22:01:35,036 [WARN] DbFile:41 - Overriding database path with different value: C:\Users\anhhu\.stmcufinder\plugins\mcufinder/ => C:\Users\anhhu\.stmcufinder\plugins\mcufinder
2025-02-17 22:01:35,036 [WARN] DbFile:41 - Overriding database path with different value: C:\Users\anhhu\.stmcufinder\plugins\mcufinder/ => C:\Users\anhhu\.stmcufinder\plugins\mcufinder
2025-02-17 22:01:35,036 [INFO] CrossReferenceDbSqlite:203 - Set database path to: C:\Users\anhhu\.stmcufinder\plugins\mcufinder//mcu/cs/
2025-02-17 22:01:35,059 [INFO] ApplicationProperties:184 - Using Application install path: C:\ST\STM32CubeIDE_1.17.0\STM32CubeIDE\plugins\com.st.stm32cube.common.mx_6.13.0.202411220809
2025-02-17 22:01:35,061 [INFO] PluginManage:196 - Search for loadable plugins [exclusion list=, ]
2025-02-17 22:01:35,062 [INFO] PluginManage:310 - Check plugin analytics
2025-02-17 22:01:44,373 [INFO] AnalyticsPlugin:253 - Accepted Software Licenses: STM32CubeMX.5.3.0,STM32CubeMX.5.6.0,STM32CubeMX.5.6.1
2025-02-17 22:01:44,373 [INFO] AnalyticsPlugin:255 - Accepted CMSIS Pack Licenses: 
2025-02-17 22:01:44,373 [INFO] AnalyticsPlugin:257 - Accepted Firmware Licenses: 
2025-02-17 22:01:44,376 [INFO] PluginManage:359 - Loaded plugin analytics (category:tool,tabindex:-1)
2025-02-17 22:01:44,377 [INFO] PluginManage:310 - Check plugin cadmodel
2025-02-17 22:01:44,405 [INFO] CADModel:105 - Init CAD model plugin
2025-02-17 22:01:44,406 [INFO] PluginManage:359 - Loaded plugin cadmodel (category:power,tabindex:5)
2025-02-17 22:01:44,406 [INFO] PluginManage:310 - Check plugin clock
2025-02-17 22:01:44,440 [INFO] PluginManage:359 - Loaded plugin clock (category:base,tabindex:2)
2025-02-17 22:01:44,441 [INFO] PluginManage:310 - Check plugin ddr
2025-02-17 22:01:44,444 [INFO] PluginManage:359 - Loaded plugin ddr (category:tool,tabindex:6)
2025-02-17 22:01:44,444 [INFO] PluginManage:310 - Check plugin filemanager
2025-02-17 22:01:44,629 [INFO] PluginManage:359 - Loaded plugin filemanager (category:base,tabindex:10)
2025-02-17 22:01:44,629 [INFO] PluginManage:310 - Check plugin ipmanager
2025-02-17 22:01:44,639 [INFO] PluginManage:359 - Loaded plugin ipmanager (category:base,tabindex:5)
2025-02-17 22:01:44,639 [INFO] PluginManage:310 - Check plugin lpbam
2025-02-17 22:01:44,665 [INFO] PluginManage:359 - Loaded plugin lpbam (category:base,tabindex:0)
2025-02-17 22:01:44,665 [INFO] PluginManage:310 - Check plugin memorymap
2025-02-17 22:01:44,699 [INFO] PluginManage:359 - Loaded plugin memorymap (category:base,tabindex:4)
2025-02-17 22:01:44,699 [INFO] PluginManage:310 - Check plugin pinoutandconfiguration
2025-02-17 22:01:44,725 [INFO] PluginManage:359 - Loaded plugin pinoutandconfiguration (category:base,tabindex:1)
2025-02-17 22:01:44,725 [INFO] PluginManage:310 - Check plugin pinoutconfig
2025-02-17 22:01:44,860 [WARN] SupportedApi:132 - Cannot load RTOS API schema: s4s-elt-must-match.1: The content of 'definitions' must match (annotation?, (simpleType | complexType)?, (unique | key | keyref)*)). A problem was found starting at: attribute.
2025-02-17 22:01:45,038 [INFO] PluginManage:359 - Loaded plugin pinoutconfig (category:base,tabindex:0)
2025-02-17 22:01:45,039 [INFO] PluginManage:310 - Check plugin power
2025-02-17 22:01:45,068 [INFO] PluginManage:359 - Loaded plugin power (category:power,tabindex:4)
2025-02-17 22:01:45,068 [INFO] PluginManage:310 - Check plugin projectmanager
2025-02-17 22:01:45,087 [INFO] PluginManage:359 - Loaded plugin projectmanager (category:projectmanager,tabindex:4)
2025-02-17 22:01:45,087 [INFO] PluginManage:310 - Check plugin rif
2025-02-17 22:01:45,114 [INFO] PluginManage:359 - Loaded plugin rif (category:base,tabindex:3)
2025-02-17 22:01:45,114 [INFO] PluginManage:310 - Check plugin thirdparty
2025-02-17 22:01:45,537 [INFO] PluginManage:359 - Loaded plugin thirdparty (category:base,tabindex:-1)
2025-02-17 22:01:45,537 [WARN] IntegrityCheckThread:84 - waiting for thirdparty lock release [integrity check]
2025-02-17 22:01:45,538 [INFO] IntegrityCheckThread:86 - entering critical section [integrity check]
2025-02-17 22:01:45,538 [INFO] PluginManage:310 - Check plugin tools
2025-02-17 22:01:45,538 [INFO] ThirdPartyUpdaterWithRetryManager:70 - Updater plugin not ready yet. [1/15]
2025-02-17 22:01:45,591 [INFO] PluginManage:359 - Loaded plugin tools (category:base,tabindex:7)
2025-02-17 22:01:45,592 [INFO] PluginManage:310 - Check plugin tutovideos
2025-02-17 22:01:45,837 [INFO] PluginManage:359 - Loaded plugin tutovideos (category:base,tabindex:-1)
2025-02-17 22:01:45,837 [INFO] PluginManage:310 - Check plugin updater
2025-02-17 22:01:45,869 [INFO] PluginManage:359 - Loaded plugin updater (category:base,tabindex:12)
2025-02-17 22:01:45,869 [INFO] PluginManage:310 - Check plugin userauth
2025-02-17 22:01:45,875 [INFO] UserAuth:118 - Init User Auth plugin
2025-02-17 22:01:45,876 [INFO] PluginManage:359 - Loaded plugin userauth (category:base,tabindex:14)
2025-02-17 22:01:45,877 [INFO] PluginManage:283 - PluginManage : Loaded plugins [18]
2025-02-17 22:01:46,148 [INFO] PinOutPanel:1589 - setPackage(No Configuration,No Configuration)
2025-02-17 22:01:46,261 [INFO] CADModel:165 - CPN selected for project level
2025-02-17 22:01:46,261 [INFO] CADModel:114 - Register for checkConnection events
2025-02-17 22:01:46,304 [INFO] IPUIPlugin:80 - create IPUIPlugin
2025-02-17 22:01:46,304 [INFO] PluginManager:220 - loadIPPluginJar : add adc
2025-02-17 22:01:46,371 [INFO] IPUIPlugin:80 - create IPUIPlugin
2025-02-17 22:01:46,371 [INFO] PluginManager:220 - loadIPPluginJar : add aes
2025-02-17 22:01:46,441 [INFO] IPUIPlugin:80 - create IPUIPlugin
2025-02-17 22:01:46,441 [INFO] PluginManager:220 - loadIPPluginJar : add can
2025-02-17 22:01:46,484 [INFO] IPUIPlugin:80 - create IPUIPlugin
2025-02-17 22:01:46,484 [INFO] PluginManager:220 - loadIPPluginJar : add comp
2025-02-17 22:01:46,539 [INFO] IPUIPlugin:80 - create IPUIPlugin
2025-02-17 22:01:46,539 [INFO] PluginManager:220 - loadIPPluginJar : add cryp
2025-02-17 22:01:46,561 [INFO] IPUIPlugin:80 - create IPUIPlugin
2025-02-17 22:01:46,561 [INFO] PluginManager:220 - loadIPPluginJar : add ddr_ctrl_phy
2025-02-17 22:01:46,611 [INFO] IPUIPlugin:80 - create IPUIPlugin
2025-02-17 22:01:46,612 [INFO] PluginManager:220 - loadIPPluginJar : add dfsdm
2025-02-17 22:01:46,633 [INFO] IPUIPlugin:80 - create IPUIPlugin
2025-02-17 22:01:46,633 [INFO] PluginManager:220 - loadIPPluginJar : add dma
2025-02-17 22:01:46,691 [INFO] IPUIPlugin:80 - create IPUIPlugin
2025-02-17 22:01:46,691 [INFO] PluginManager:220 - loadIPPluginJar : add dma3
2025-02-17 22:01:46,758 [INFO] IPUIPlugin:80 - create IPUIPlugin
2025-02-17 22:01:46,758 [INFO] PluginManager:220 - loadIPPluginJar : add extmemmanager
2025-02-17 22:01:46,792 [INFO] IPUIPlugin:80 - create IPUIPlugin
2025-02-17 22:01:46,792 [INFO] PluginManager:220 - loadIPPluginJar : add fatfs
2025-02-17 22:01:46,987 [INFO] IPUIPlugin:80 - create IPUIPlugin
2025-02-17 22:01:46,987 [INFO] PluginManager:220 - loadIPPluginJar : add fmc
2025-02-17 22:01:47,016 [INFO] IPUIPlugin:80 - create IPUIPlugin
2025-02-17 22:01:47,017 [INFO] PluginManager:220 - loadIPPluginJar : add freertos
2025-02-17 22:01:47,049 [INFO] IPUIPlugin:80 - create IPUIPlugin
2025-02-17 22:01:47,049 [INFO] PluginManager:220 - loadIPPluginJar : add genericplugin
2025-02-17 22:01:47,187 [INFO] IPUIPlugin:80 - create IPUIPlugin
2025-02-17 22:01:47,187 [INFO] PluginManager:220 - loadIPPluginJar : add gfxmmu
2025-02-17 22:01:47,383 [INFO] IPUIPlugin:80 - create IPUIPlugin
2025-02-17 22:01:47,384 [INFO] PluginManager:220 - loadIPPluginJar : add gic
2025-02-17 22:01:47,405 [INFO] IPUIPlugin:80 - create IPUIPlugin
2025-02-17 22:01:47,405 [INFO] PluginManager:220 - loadIPPluginJar : add gpio
2025-02-17 22:01:47,536 [INFO] IPUIPlugin:80 - create IPUIPlugin
2025-02-17 22:01:47,536 [INFO] PluginManager:220 - loadIPPluginJar : add gtzc
2025-02-17 22:01:47,587 [INFO] IPUIPlugin:80 - create IPUIPlugin
2025-02-17 22:01:47,587 [INFO] PluginManager:220 - loadIPPluginJar : add hash
2025-02-17 22:01:47,661 [INFO] IPUIPlugin:80 - create IPUIPlugin
2025-02-17 22:01:47,661 [INFO] PluginManager:220 - loadIPPluginJar : add i2c
2025-02-17 22:01:47,719 [INFO] IPUIPlugin:80 - create IPUIPlugin
2025-02-17 22:01:47,719 [INFO] PluginManager:220 - loadIPPluginJar : add i2s
2025-02-17 22:01:47,780 [INFO] IPUIPlugin:80 - create IPUIPlugin
2025-02-17 22:01:47,780 [INFO] PluginManager:220 - loadIPPluginJar : add i3c
2025-02-17 22:01:47,928 [INFO] IPUIPlugin:80 - create IPUIPlugin
2025-02-17 22:01:47,928 [INFO] PluginManager:220 - loadIPPluginJar : add ipddr
2025-02-17 22:01:48,065 [INFO] IPUIPlugin:80 - create IPUIPlugin
2025-02-17 22:01:48,065 [INFO] PluginManager:220 - loadIPPluginJar : add linkedlist
2025-02-17 22:01:48,117 [INFO] IPUIPlugin:80 - create IPUIPlugin
2025-02-17 22:01:48,117 [INFO] PluginManager:220 - loadIPPluginJar : add lorawan
2025-02-17 22:01:48,172 [INFO] IPUIPlugin:80 - create IPUIPlugin
2025-02-17 22:01:48,172 [INFO] PluginManager:220 - loadIPPluginJar : add ltdc
2025-02-17 22:01:48,194 [INFO] IPUIPlugin:80 - create IPUIPlugin
2025-02-17 22:01:48,195 [INFO] PluginManager:220 - loadIPPluginJar : add mdma
2025-02-17 22:01:48,213 [INFO] IPUIPlugin:80 - create IPUIPlugin
2025-02-17 22:01:48,213 [INFO] PluginManager:220 - loadIPPluginJar : add nvic
2025-02-17 22:01:48,271 [INFO] IPUIPlugin:80 - create IPUIPlugin
2025-02-17 22:01:48,271 [INFO] PluginManager:220 - loadIPPluginJar : add opamp
2025-02-17 22:01:48,360 [INFO] IPUIPlugin:80 - create IPUIPlugin
2025-02-17 22:01:48,360 [INFO] PluginManager:220 - loadIPPluginJar : add openamp
2025-02-17 22:01:48,423 [INFO] IPUIPlugin:80 - create IPUIPlugin
2025-02-17 22:01:48,423 [INFO] PluginManager:220 - loadIPPluginJar : add pdm2pcm
2025-02-17 22:01:48,444 [INFO] IPUIPlugin:80 - create IPUIPlugin
2025-02-17 22:01:48,446 [INFO] PluginManager:220 - loadIPPluginJar : add plateformsettings
2025-02-17 22:01:48,480 [INFO] IPUIPlugin:80 - create IPUIPlugin
2025-02-17 22:01:48,480 [INFO] PluginManager:220 - loadIPPluginJar : add quadspi
2025-02-17 22:01:48,518 [INFO] IPUIPlugin:80 - create IPUIPlugin
2025-02-17 22:01:48,519 [INFO] PluginManager:220 - loadIPPluginJar : add radio
2025-02-17 22:01:48,540 [INFO] IPUIPlugin:80 - create IPUIPlugin
2025-02-17 22:01:48,540 [INFO] PluginManager:220 - loadIPPluginJar : add resmgrutility
2025-02-17 22:01:48,541 [INFO] ThirdPartyUpdaterWithRetryManager:70 - Updater plugin not ready yet. [2/15]
2025-02-17 22:01:48,608 [INFO] IPUIPlugin:80 - create IPUIPlugin
2025-02-17 22:01:48,608 [INFO] PluginManager:220 - loadIPPluginJar : add sai
2025-02-17 22:01:48,664 [INFO] IPUIPlugin:80 - create IPUIPlugin
2025-02-17 22:01:48,664 [INFO] PluginManager:220 - loadIPPluginJar : add spi
2025-02-17 22:01:48,765 [INFO] IPUIPlugin:80 - create IPUIPlugin
2025-02-17 22:01:48,765 [INFO] PluginManager:220 - loadIPPluginJar : add stm32_wpan
2025-02-17 22:01:48,801 [INFO] IPUIPlugin:80 - create IPUIPlugin
2025-02-17 22:01:48,801 [INFO] PluginManager:220 - loadIPPluginJar : add tim
2025-02-17 22:01:48,885 [INFO] IPUIPlugin:80 - create IPUIPlugin
2025-02-17 22:01:48,886 [INFO] PluginManager:220 - loadIPPluginJar : add touchsensing
2025-02-17 22:01:48,921 [INFO] IPUIPlugin:80 - create IPUIPlugin
2025-02-17 22:01:48,921 [INFO] PluginManager:220 - loadIPPluginJar : add tracer_emb
2025-02-17 22:01:48,956 [INFO] IPUIPlugin:80 - create IPUIPlugin
2025-02-17 22:01:48,956 [INFO] PluginManager:220 - loadIPPluginJar : add ts
2025-02-17 22:01:48,989 [INFO] IPUIPlugin:80 - create IPUIPlugin
2025-02-17 22:01:48,989 [INFO] PluginManager:220 - loadIPPluginJar : add tsc
2025-02-17 22:01:49,024 [INFO] IPUIPlugin:80 - create IPUIPlugin
2025-02-17 22:01:49,024 [INFO] PluginManager:220 - loadIPPluginJar : add ucpd
2025-02-17 22:01:49,085 [INFO] IPUIPlugin:80 - create IPUIPlugin
2025-02-17 22:01:49,085 [INFO] PluginManager:220 - loadIPPluginJar : add usart
2025-02-17 22:01:49,149 [INFO] IPUIPlugin:80 - create IPUIPlugin
2025-02-17 22:01:49,149 [INFO] PluginManager:220 - loadIPPluginJar : add usbx
2025-02-17 22:01:49,299 [FATAL] Updater:351 - Updater called before beeing initialized
2025-02-17 22:01:49,327 [INFO] RulesReader:64 - Compatibility file has been processed (297 Rules)
2025-02-17 22:01:49,357 [INFO] RulesReader:64 - Compatibility file has been processed (297 Rules)
2025-02-17 22:01:49,367 [INFO] CADModel:165 - CPN selected for project level
2025-02-17 22:01:49,367 [INFO] CADModel:114 - Register for checkConnection events
2025-02-17 22:01:49,367 [FATAL] Updater:351 - Updater called before beeing initialized
2025-02-17 22:01:49,367 [ERROR] CADModel:125 - Updater not yet initialized, retry later 
2025-02-17 22:01:49,536 [FATAL] Updater:351 - Updater called before beeing initialized
2025-02-17 22:01:49,539 [INFO] CADModel:165 - CPN selected for project level
2025-02-17 22:01:49,539 [INFO] CADModel:114 - Register for checkConnection events
2025-02-17 22:01:49,539 [FATAL] Updater:351 - Updater called before beeing initialized
2025-02-17 22:01:49,539 [ERROR] CADModel:125 - Updater not yet initialized, retry later 
2025-02-17 22:01:49,544 [FATAL] Updater:351 - Updater called before beeing initialized
2025-02-17 22:01:49,668 [FATAL] Updater:351 - Updater called before beeing initialized
2025-02-17 22:01:49,680 [INFO] DbMcusAds:53 - JSON generation date=Tue Dec 17 23:01:15 ICT 2024 (1734451275222)
2025-02-17 22:01:49,681 [FATAL] Updater:351 - Updater called before beeing initialized
2025-02-17 22:01:49,729 [WARN] DetailPanel:346 - Failed to get advertising image, set to default
2025-02-17 22:01:50,036 [FATAL] Updater:351 - Updater called before beeing initialized
2025-02-17 22:01:50,038 [FATAL] Updater:351 - Updater called before beeing initialized
2025-02-17 22:01:50,038 [FATAL] Updater:351 - Updater called before beeing initialized
2025-02-17 22:01:50,038 [WARN] DetailPanel:346 - Failed to get advertising image, set to default
2025-02-17 22:01:50,039 [FATAL] Updater:351 - Updater called before beeing initialized
2025-02-17 22:01:50,121 [ERROR] Updater:1198 - MainUpdater not yet initialized. External WinMGr cannot be set.
2025-02-17 22:01:50,134 [INFO] Updater:1134 - Updater Version found : 6.13.0
2025-02-17 22:01:50,157 [INFO] ApplicationProperties:184 - Using Application install path: C:\ST\STM32CubeIDE_1.17.0\STM32CubeIDE\plugins\com.st.stm32cube.common.mx_6.13.0.202411220809
2025-02-17 22:01:50,852 [INFO] MainUpdater:2872 - connection check result : 10
2025-02-17 22:01:50,852 [INFO] MainUpdater:3566 - Updater definition file requires update
2025-02-17 22:01:50,853 [INFO] MainUpdater:289 - Updater Check For Update Now.
2025-02-17 22:01:50,854 [INFO] MicroXplorer:498 - Change Database Version : DB.6.0.130
2025-02-17 22:01:50,874 [INFO] McuFinderGlobals:63 - Set McuFinder mode to 2 (CubeIDE integrated)
2025-02-17 22:01:50,874 [INFO] UserAuth:171 - activating auth plugin
2025-02-17 22:01:50,878 [INFO] UserAuth:486 - Internet connection configuration mode: 1
2025-02-17 22:01:50,927 [INFO] JxBrowserEngine:152 - Initiate JxBrowser Engine with user profile folder
2025-02-17 22:01:50,970 [INFO] ServerAccessManage:473 - Download File updaters.zip
2025-02-17 22:01:51,161 [INFO] FileExtend:240 - Unzip File : updaters.zip
2025-02-17 22:01:51,162 [INFO] FileExtend:255 - Standard Zip Deflate
2025-02-17 22:01:51,549 [WARN] MainUpdater:1193 - Updater busy. Cannot search thirdparties
2025-02-17 22:01:51,550 [INFO] ThirdPartyUpdaterWithRetryManager:96 - Updater plugin is busy. [1/15]
2025-02-17 22:01:52,057 [INFO] ServerAccessManage:473 - Download File PacksControlFlags.xml
2025-02-17 22:01:52,184 [INFO] ServerAccessManage:473 - Download File cubemx.pidx
2025-02-17 22:01:53,602 [INFO] ServerAccessManage:473 - Download File STMicroelectronics.X-CUBE-AI.pdsc
2025-02-17 22:01:54,302 [INFO] WebApp:168 - Instantiating new browser for Auth
2025-02-17 22:01:54,592 [WARN] MainUpdater:1193 - Updater busy. Cannot search thirdparties
2025-02-17 22:01:54,593 [INFO] ThirdPartyUpdaterWithRetryManager:96 - Updater plugin is busy. [2/15]
2025-02-17 22:01:56,134 [INFO] WebApp:449 - Apply proxy settings
2025-02-17 22:01:56,134 [INFO] WebApp:534 - Chromium requires no authentication
2025-02-17 22:01:56,202 [INFO] WebApp:477 - Direct internet connection detected
2025-02-17 22:01:56,304 [INFO] WebApp:880 - Register for checkConnection events
2025-02-17 22:01:56,304 [INFO] WebApp:449 - Apply proxy settings
2025-02-17 22:01:56,305 [INFO] WebApp:534 - Chromium requires no authentication
2025-02-17 22:01:56,305 [INFO] WebApp:477 - Direct internet connection detected
2025-02-17 22:01:56,758 [INFO] WebApp:187 - Connection restablished
2025-02-17 22:01:56,903 [INFO] WebApp:221 - Starting web application
2025-02-17 22:01:56,904 [INFO] WebApp:579 - Web application path used C:\ST\STM32CubeIDE_1.17.0\STM32CubeIDE\plugins\com.st.stm32cube.common.mx_6.13.0.202411220809\db\plugins\mcufinder\reactClient1\index.html
2025-02-17 22:01:57,661 [WARN] MainUpdater:1193 - Updater busy. Cannot search thirdparties
2025-02-17 22:01:57,661 [INFO] ThirdPartyUpdaterWithRetryManager:96 - Updater plugin is busy. [3/15]
2025-02-17 22:01:58,575 [WARN] PackLoader:240 - Cannot read IP mode file for STMicroelectronics.X-CUBE-AI.10.0.0
2025-02-17 22:01:58,577 [INFO] PopulateThirdPartyThread:66 - Ending populate Thread
2025-02-17 22:01:58,652 [INFO] ThirdParty:1030 - CMSIS Pack Vendor :STMicroelectronics X-CUBE-AI 10.0.0
2025-02-17 22:01:58,653 [INFO] LoadServerUpdatesThread:375 - End of LoadServerUpdate Thread
2025-02-17 22:01:58,701 [INFO] CheckServerUpdateThread:120 - End of CheckServer Thread
2025-02-17 22:02:00,948 [WARN] PackLoader:240 - Cannot read IP mode file for STMicroelectronics.FP-SNS-MOTENVWB1.1.4.0
2025-02-17 22:02:00,960 [WARN] PackLoader:240 - Cannot read IP mode file for STMicroelectronics.FP-ATR-ASTRA1.2.0.1
2025-02-17 22:02:00,982 [WARN] PackLoader:240 - Cannot read IP mode file for STMicroelectronics.X-CUBE-SMBUS.2.1.0
2025-02-17 22:02:01,004 [WARN] PackLoader:240 - Cannot read IP mode file for STMicroelectronics.X-CUBE-WB05N.1.1.0
2025-02-17 22:02:01,057 [WARN] PackLoader:240 - Cannot read IP mode file for STMicroelectronics.X-CUBE-AZRTOS-F7.1.1.0
2025-02-17 22:02:01,151 [WARN] PackLoader:240 - Cannot read IP mode file for STMicroelectronics.X-CUBE-MEMS1.11.0.0
2025-02-17 22:02:01,392 [WARN] PackLoader:240 - Cannot read IP mode file for STMicroelectronics.FP-SNS-FLIGHT1.5.0.2
2025-02-17 22:02:01,435 [WARN] PackLoader:240 - Cannot read IP mode file for Infineon.AIROC-Wi-Fi-Bluetooth-STM32.1.7.0
2025-02-17 22:02:01,464 [WARN] PackLoader:240 - Cannot read IP mode file for STMicroelectronics.X-CUBE-DISPLAY.3.0.0
2025-02-17 22:02:01,496 [WARN] PackLoader:240 - Cannot read IP mode file for STMicroelectronics.X-CUBE-BLE1.7.0.0
2025-02-17 22:02:01,536 [WARN] PackLoader:240 - Cannot read IP mode file for STMicroelectronics.X-CUBE-NFC10.1.0.0
2025-02-17 22:02:01,569 [WARN] PackLoader:240 - Cannot read IP mode file for STMicroelectronics.X-CUBE-BLEMGR.4.0.0
2025-02-17 22:02:01,592 [WARN] PackLoader:240 - Cannot read IP mode file for emotas.I-CUBE-CANOPEN.1.3.0
2025-02-17 22:02:01,595 [WARN] PackLoader:240 - Cannot read IP mode file for STMicroelectronics.X-CUBE-AI.10.0.0
2025-02-17 22:02:01,628 [WARN] PackLoader:240 - Cannot read IP mode file for STMicroelectronics.FP-SNS-SMARTAG2.1.2.0
2025-02-17 22:02:01,711 [WARN] PackLoader:240 - Cannot read IP mode file for STMicroelectronics.X-CUBE-MEMS1.11.1.0
2025-02-17 22:02:01,869 [INFO] LogOutputStream:77 - [STDOUT_REDIRECT] 1 : Invalid condition id : UX_CORESTACK_Condition cause : null
2025-02-17 22:02:01,870 [INFO] LogOutputStream:77 - [STDOUT_REDIRECT] 1 : Invalid condition id : UX_CORESTACK_Condition cause : null
2025-02-17 22:02:01,871 [INFO] LogOutputStream:77 - [STDOUT_REDIRECT] 1 : Invalid condition id : UX_CORESTACK_Condition cause : null
2025-02-17 22:02:01,874 [INFO] LogOutputStream:77 - [STDOUT_REDIRECT] 1 : Invalid condition id : UX_CORESTACK_Condition cause : null
2025-02-17 22:02:01,876 [INFO] LogOutputStream:77 - [STDOUT_REDIRECT] 1 : Invalid condition id : UX_CORESTACK_Condition cause : null
2025-02-17 22:02:01,879 [WARN] PackLoader:240 - Cannot read IP mode file for STMicroelectronics.X-CUBE-AZRTOS-WL.2.0.0
2025-02-17 22:02:01,898 [WARN] PackLoader:240 - Cannot read IP mode file for STMicroelectronics.FP-SNS-MOTENV1.5.0.0
2025-02-17 22:02:01,928 [WARN] PackLoader:240 - Cannot read IP mode file for wolfSSL.I-CUBE-wolfMQTT.1.19.0
2025-02-17 22:02:01,956 [WARN] PackLoader:240 - Cannot read IP mode file for WES.I-CUBE-Cesium.1.3.0
2025-02-17 22:02:01,988 [WARN] PackLoader:240 - Cannot read IP mode file for STMicroelectronics.X-CUBE-BLE2.3.3.0
2025-02-17 22:02:02,021 [WARN] PackLoader:240 - Cannot read IP mode file for STMicroelectronics.X-CUBE-NFC9.1.0.0
2025-02-17 22:02:02,070 [WARN] PackLoader:240 - Cannot read IP mode file for STMicroelectronics.X-CUBE-AZRTOS-G0.1.1.0
2025-02-17 22:02:02,095 [WARN] PackLoader:240 - Cannot read IP mode file for STMicroelectronics.X-CUBE-SAFEA1.1.2.2
2025-02-17 22:02:02,113 [WARN] PackLoader:240 - Cannot read IP mode file for STMicroelectronics.X-CUBE-NFC4.3.0.0
2025-02-17 22:02:02,146 [WARN] PackLoader:240 - Cannot read IP mode file for EmbeddedOffice.I-CUBE-FS-RTOS.1.0.1
2025-02-17 22:02:02,179 [WARN] PackLoader:240 - Cannot read IP mode file for STMicroelectronics.X-CUBE-TCPP.4.2.0
2025-02-17 22:02:02,203 [WARN] PackLoader:240 - Cannot read IP mode file for RealThread.X-CUBE-RT-Thread_Nano.4.1.1
2025-02-17 22:02:02,209 [WARN] PackLoader:240 - Cannot read IP mode file for STMicroelectronics.FP-ATR-SIGFOX1.3.2.0
2025-02-17 22:02:02,218 [WARN] ConditionMgr:438 - getConditionDescription Invalid condition id : Cortex-A Device cause : null
2025-02-17 22:02:02,258 [WARN] ConditionMgr:1044 - genDependencies : Invalid condition id : Cortex-A Device cause : null
2025-02-17 22:02:02,258 [WARN] ConditionMgr:1044 - genDependencies : Invalid condition id : Cortex-A Device cause : null
2025-02-17 22:02:02,258 [WARN] ConditionMgr:1044 - genDependencies : Invalid condition id : Cortex-A Device cause : null
2025-02-17 22:02:02,283 [WARN] PackLoader:240 - Cannot read IP mode file for STMicroelectronics.X-CUBE-EEPRMA1.5.1.0
2025-02-17 22:02:02,311 [WARN] PackLoader:240 - Cannot read IP mode file for wolfSSL.I-CUBE-wolfSSL.5.7.4
2025-02-17 22:02:02,332 [WARN] PackLoader:240 - Cannot read IP mode file for ITTIA_DB.I-CUBE-ITTIADB.8.9.0
2025-02-17 22:02:02,377 [WARN] PackLoader:240 - Cannot read IP mode file for SEGGER.I-CUBE-embOS.1.3.1
2025-02-17 22:02:02,434 [WARN] PackLoader:240 - Cannot read IP mode file for STMicroelectronics.X-CUBE-ALGOBUILD.1.4.0
2025-02-17 22:02:02,458 [WARN] PackLoader:240 - Cannot read IP mode file for STMicroelectronics.X-CUBE-AI.9.1.0
2025-02-17 22:02:02,502 [WARN] PackLoader:240 - Cannot read IP mode file for STMicroelectronics.X-CUBE-AZRTOS-F4.1.1.0
2025-02-17 22:02:02,525 [WARN] PackLoader:240 - Cannot read IP mode file for STMicroelectronics.X-CUBE-ISPU.2.1.0
2025-02-17 22:02:02,562 [WARN] PackLoader:240 - Cannot read IP mode file for STMicroelectronics.X-CUBE-AZRTOS-L5.2.0.0
2025-02-17 22:02:02,826 [WARN] PackLoader:240 - Cannot read IP mode file for STMicroelectronics.X-CUBE-NFC6.3.1.0
2025-02-17 22:02:02,849 [WARN] PackLoader:240 - Cannot read IP mode file for STMicroelectronics.X-CUBE-DPower.1.2.0
2025-02-17 22:02:02,866 [WARN] PackLoader:240 - Cannot read IP mode file for STMicroelectronics.X-CUBE-FREERTOS.1.3.0
2025-02-17 22:02:02,886 [WARN] PackLoader:240 - Cannot read IP mode file for STMicroelectronics.X-CUBE-NFC7.1.0.1
2025-02-17 22:02:02,922 [WARN] ConditionMgr:438 - getConditionDescription Invalid condition id : LAN8742 Phy interface Condition cause : null
2025-02-17 22:02:02,923 [WARN] PackLoader:240 - Cannot read IP mode file for STMicroelectronics.X-CUBE-AZRTOS-L4.2.0.0
2025-02-17 22:02:02,924 [WARN] ConditionMgr:1044 - genDependencies : Invalid condition id : LAN8742 Phy interface Condition cause : null
2025-02-17 22:02:02,924 [WARN] ConditionMgr:1044 - genDependencies : Invalid condition id : LAN8742 Phy interface Condition cause : null
2025-02-17 22:02:02,924 [WARN] ConditionMgr:1044 - genDependencies : Invalid condition id : LAN8742 Phy interface Condition cause : null
2025-02-17 22:02:02,943 [WARN] PackLoader:240 - Cannot read IP mode file for STMicroelectronics.X-CUBE-SFXS2LP1.4.0.0
2025-02-17 22:02:02,984 [WARN] PackLoader:240 - Cannot read IP mode file for STMicroelectronics.X-CUBE-AZRTOS-H7.3.3.0
2025-02-17 22:02:03,010 [WARN] PackLoader:240 - Cannot read IP mode file for STMicroelectronics.X-CUBE-IPS.3.0.0
2025-02-17 22:02:03,045 [WARN] ConditionMgr:438 - getConditionDescription Invalid condition id : UX DEVICE CLASS RTOS Condition cause : null
2025-02-17 22:02:03,045 [WARN] ConditionMgr:438 - getConditionDescription Invalid condition id : UX DEVICE CLASS RTOS Condition cause : null
2025-02-17 22:02:03,047 [WARN] PackLoader:240 - Cannot read IP mode file for STMicroelectronics.X-CUBE-AZRTOS-WB.2.0.0
2025-02-17 22:02:03,047 [WARN] ConditionMgr:1044 - genDependencies : Invalid condition id : UX DEVICE CLASS RTOS Condition cause : null
2025-02-17 22:02:03,048 [WARN] ConditionMgr:1044 - genDependencies : Invalid condition id : UX DEVICE CLASS RTOS Condition cause : null
2025-02-17 22:02:03,048 [WARN] ConditionMgr:1044 - genDependencies : Invalid condition id : UX DEVICE CLASS RTOS Condition cause : null
2025-02-17 22:02:03,048 [WARN] ConditionMgr:1044 - genDependencies : Invalid condition id : UX DEVICE CLASS RTOS Condition cause : null
2025-02-17 22:02:03,048 [WARN] ConditionMgr:1044 - genDependencies : Invalid condition id : UX DEVICE CLASS RTOS Condition cause : null
2025-02-17 22:02:03,068 [WARN] PackLoader:240 - Cannot read IP mode file for STMicroelectronics.X-CUBE-GNSS1.7.0.0
2025-02-17 22:02:03,084 [WARN] PackLoader:240 - Cannot read IP mode file for STMicroelectronics.X-CUBE-GNSS1.7.0.1
2025-02-17 22:02:03,103 [WARN] PackLoader:240 - Cannot read IP mode file for STMicroelectronics.FP-SNS-STBOX1.2.0.0
2025-02-17 22:02:03,130 [WARN] PackLoader:240 - Cannot read IP mode file for STMicroelectronics.X-CUBE-SUBG2.5.0.0
2025-02-17 22:02:03,139 [WARN] PackLoader:240 - Cannot read IP mode file for Cesanta.I-CUBE-Mongoose.7.13.0
2025-02-17 22:02:03,174 [WARN] PackLoader:240 - Cannot read IP mode file for STMicroelectronics.X-CUBE-AZRTOS-G4.2.0.0
2025-02-17 22:02:03,200 [WARN] PackLoader:240 - Cannot read IP mode file for STMicroelectronics.X-CUBE-IPS.3.1.0
2025-02-17 22:02:03,219 [WARN] PackLoader:240 - Cannot read IP mode file for STMicroelectronics.X-CUBE-ALS.1.0.2
2025-02-17 22:02:03,239 [WARN] PackLoader:240 - Cannot read IP mode file for STMicroelectronics.X-CUBE-TOUCHGFX.4.24.2
2025-02-17 22:02:03,254 [WARN] PackLoader:240 - Cannot read IP mode file for STMicroelectronics.X-CUBE-TOUCHGFX.4.24.1
2025-02-17 22:02:03,258 [WARN] PackLoader:240 - Cannot read IP mode file for wolfSSL.I-CUBE-wolfTPM.3.4.0
2025-02-17 22:02:03,276 [WARN] PackLoader:240 - Cannot read IP mode file for portGmbH.I-Cube-SoM-uGOAL.1.1.0
2025-02-17 22:02:03,314 [WARN] PackLoader:240 - Cannot read IP mode file for STMicroelectronics.X-CUBE-AZRTOS-H7RS.1.0.0
2025-02-17 22:02:03,339 [WARN] PackLoader:240 - Cannot read IP mode file for STMicroelectronics.X-CUBE-TOF1.3.4.2
2025-02-17 22:02:03,352 [WARN] PackLoader:240 - Cannot read IP mode file for wolfSSL.I-CUBE-wolfSSH.1.4.17
2025-02-17 22:02:03,353 [INFO] ThirdParty:978 - Integrity check success = true
2025-02-17 22:02:03,353 [INFO] IntegrityCheckThread:100 - exiting critical section [integrity check]
2025-02-17 22:02:03,353 [INFO] IntegrityCheckThread:103 - End integrity checks thread
2025-02-17 23:48:15,431 [ERROR] LogOutputStream:75 - [STDERR_REDIRECT] 
