2025-01-20 21:06:35,832 [INFO] Activator:176 - 


2025-01-20 21:06:35,839 [INFO] Activator:177 - !SESSION log4j initialized
2025-01-20 21:06:45,000 [INFO] LogOutputStream:77 - [STDOUT_REDIRECT] 
2025-01-20 21:06:55,529 [INFO] ApplicationProperties:184 - Using Application install path: C:\ST\STM32CubeIDE_1.17.0\STM32CubeIDE\plugins\com.st.stm32cube.common.mx_6.13.0.202411220809
2025-01-20 21:06:55,554 [INFO] DbMcusXml:78 - Set database path to: C:\ST\STM32CubeIDE_1.17.0\STM32CubeIDE\plugins\com.st.stm32cube.common.mx_6.13.0.202411220809\\db\/mcu/
2025-01-20 21:06:55,555 [INFO] ApiDb:274 - Set plugin database path to: C:\ST\STM32CubeIDE_1.17.0\STM32CubeIDE\plugins\com.st.stm32cube.common.mx_6.13.0.202411220809\\db\/plugins/boardmanager/
2025-01-20 21:06:55,555 [WARN] ApiDb:259 - Overriding images path with different value:  => C:\ST\STM32CubeIDE_1.17.0\STM32CubeIDE\plugins\com.st.stm32cube.common.mx_6.13.0.202411220809\\db\/plugins/mcufinder/images/
2025-01-20 21:06:55,573 [INFO] ApiDb:250 - Set database path to: C:\Users\anhhu\.stmcufinder\plugins\mcufinder//mcu/
2025-01-20 21:06:55,574 [INFO] DbMcusAds:125 - Set database path to: C:\Users\anhhu\.stmcufinder\plugins\mcufinder//mcu/
2025-01-20 21:06:55,631 [INFO] CrossReferenceDbSqlite:203 - Set database path to: C:\Users\anhhu\.stmcufinder\plugins\mcufinder//mcu/cs/
2025-01-20 21:06:55,796 [INFO] RulesReader:64 - Compatibility file has been processed (297 Rules)
2025-01-20 21:06:55,906 [INFO] DbMcusXml:78 - Set database path to: C:\ST\STM32CubeIDE_1.17.0\STM32CubeIDE\plugins\com.st.stm32cube.common.mx_6.13.0.202411220809\\db\/mcu/
2025-01-20 21:06:55,907 [INFO] ApiDb:274 - Set plugin database path to: C:\ST\STM32CubeIDE_1.17.0\STM32CubeIDE\plugins\com.st.stm32cube.common.mx_6.13.0.202411220809\\db\/plugins/boardmanager/
2025-01-20 21:06:55,907 [INFO] ApiDb:261 - Set plugin images path to: C:\ST\STM32CubeIDE_1.17.0\STM32CubeIDE\plugins\com.st.stm32cube.common.mx_6.13.0.202411220809\\db\/plugins/mcufinder/images/
2025-01-20 21:06:55,907 [WARN] DbFile:41 - Overriding database path with different value: C:\Users\anhhu\.stmcufinder\plugins\mcufinder/ => C:\Users\anhhu\.stmcufinder\plugins\mcufinder
2025-01-20 21:06:55,907 [INFO] ApiDb:250 - Set database path to: C:\Users\anhhu\.stmcufinder\plugins\mcufinder//mcu/
2025-01-20 21:06:55,907 [WARN] DbFile:41 - Overriding database path with different value: C:\Users\anhhu\.stmcufinder\plugins\mcufinder/ => C:\Users\anhhu\.stmcufinder\plugins\mcufinder
2025-01-20 21:06:55,908 [INFO] DbMcusAds:125 - Set database path to: C:\Users\anhhu\.stmcufinder\plugins\mcufinder//mcu/
2025-01-20 21:06:55,908 [WARN] DbFile:41 - Overriding database path with different value: C:\Users\anhhu\.stmcufinder\plugins\mcufinder/ => C:\Users\anhhu\.stmcufinder\plugins\mcufinder
2025-01-20 21:06:55,908 [WARN] DbFile:41 - Overriding database path with different value: C:\Users\anhhu\.stmcufinder\plugins\mcufinder/ => C:\Users\anhhu\.stmcufinder\plugins\mcufinder
2025-01-20 21:06:55,908 [INFO] CrossReferenceDbSqlite:203 - Set database path to: C:\Users\anhhu\.stmcufinder\plugins\mcufinder//mcu/cs/
2025-01-20 21:06:56,003 [INFO] MainPanel:272 - HeapMemory: 268435456
2025-01-20 21:06:56,128 [INFO] DbMcusXml:78 - Set database path to: C:\ST\STM32CubeIDE_1.17.0\STM32CubeIDE\plugins\com.st.stm32cube.common.mx_6.13.0.202411220809\\db\/mcu/
2025-01-20 21:06:56,128 [INFO] ApiDb:274 - Set plugin database path to: C:\ST\STM32CubeIDE_1.17.0\STM32CubeIDE\plugins\com.st.stm32cube.common.mx_6.13.0.202411220809\\db\/plugins/boardmanager/
2025-01-20 21:06:56,129 [INFO] ApiDb:261 - Set plugin images path to: C:\ST\STM32CubeIDE_1.17.0\STM32CubeIDE\plugins\com.st.stm32cube.common.mx_6.13.0.202411220809\\db\/plugins/mcufinder/images/
2025-01-20 21:06:56,129 [WARN] DbFile:41 - Overriding database path with different value: C:\Users\anhhu\.stmcufinder\plugins\mcufinder/ => C:\Users\anhhu\.stmcufinder\plugins\mcufinder
2025-01-20 21:06:56,129 [INFO] ApiDb:250 - Set database path to: C:\Users\anhhu\.stmcufinder\plugins\mcufinder//mcu/
2025-01-20 21:06:56,129 [WARN] DbFile:41 - Overriding database path with different value: C:\Users\anhhu\.stmcufinder\plugins\mcufinder/ => C:\Users\anhhu\.stmcufinder\plugins\mcufinder
2025-01-20 21:06:56,129 [INFO] DbMcusAds:125 - Set database path to: C:\Users\anhhu\.stmcufinder\plugins\mcufinder//mcu/
2025-01-20 21:06:56,129 [WARN] DbFile:41 - Overriding database path with different value: C:\Users\anhhu\.stmcufinder\plugins\mcufinder/ => C:\Users\anhhu\.stmcufinder\plugins\mcufinder
2025-01-20 21:06:56,130 [WARN] DbFile:41 - Overriding database path with different value: C:\Users\anhhu\.stmcufinder\plugins\mcufinder/ => C:\Users\anhhu\.stmcufinder\plugins\mcufinder
2025-01-20 21:06:56,130 [INFO] CrossReferenceDbSqlite:203 - Set database path to: C:\Users\anhhu\.stmcufinder\plugins\mcufinder//mcu/cs/
2025-01-20 21:06:56,152 [INFO] ApplicationProperties:184 - Using Application install path: C:\ST\STM32CubeIDE_1.17.0\STM32CubeIDE\plugins\com.st.stm32cube.common.mx_6.13.0.202411220809
2025-01-20 21:06:56,155 [INFO] PluginManage:196 - Search for loadable plugins [exclusion list=, ]
2025-01-20 21:06:56,156 [INFO] PluginManage:310 - Check plugin analytics
2025-01-20 21:07:05,494 [INFO] AnalyticsPlugin:253 - Accepted Software Licenses: STM32CubeMX.5.3.0,STM32CubeMX.5.6.0,STM32CubeMX.5.6.1
2025-01-20 21:07:05,494 [INFO] AnalyticsPlugin:255 - Accepted CMSIS Pack Licenses: 
2025-01-20 21:07:05,495 [INFO] AnalyticsPlugin:257 - Accepted Firmware Licenses: 
2025-01-20 21:07:05,498 [INFO] PluginManage:359 - Loaded plugin analytics (category:tool,tabindex:-1)
2025-01-20 21:07:05,499 [INFO] PluginManage:310 - Check plugin cadmodel
2025-01-20 21:07:05,526 [INFO] CADModel:105 - Init CAD model plugin
2025-01-20 21:07:05,527 [INFO] PluginManage:359 - Loaded plugin cadmodel (category:power,tabindex:5)
2025-01-20 21:07:05,527 [INFO] PluginManage:310 - Check plugin clock
2025-01-20 21:07:05,554 [INFO] PluginManage:359 - Loaded plugin clock (category:base,tabindex:2)
2025-01-20 21:07:05,554 [INFO] PluginManage:310 - Check plugin ddr
2025-01-20 21:07:05,558 [INFO] PluginManage:359 - Loaded plugin ddr (category:tool,tabindex:6)
2025-01-20 21:07:05,558 [INFO] PluginManage:310 - Check plugin filemanager
2025-01-20 21:07:05,752 [INFO] PluginManage:359 - Loaded plugin filemanager (category:base,tabindex:10)
2025-01-20 21:07:05,752 [INFO] PluginManage:310 - Check plugin ipmanager
2025-01-20 21:07:05,762 [INFO] PluginManage:359 - Loaded plugin ipmanager (category:base,tabindex:5)
2025-01-20 21:07:05,763 [INFO] PluginManage:310 - Check plugin lpbam
2025-01-20 21:07:05,785 [INFO] PluginManage:359 - Loaded plugin lpbam (category:base,tabindex:0)
2025-01-20 21:07:05,785 [INFO] PluginManage:310 - Check plugin memorymap
2025-01-20 21:07:05,816 [INFO] PluginManage:359 - Loaded plugin memorymap (category:base,tabindex:4)
2025-01-20 21:07:05,817 [INFO] PluginManage:310 - Check plugin pinoutandconfiguration
2025-01-20 21:07:05,842 [INFO] PluginManage:359 - Loaded plugin pinoutandconfiguration (category:base,tabindex:1)
2025-01-20 21:07:05,843 [INFO] PluginManage:310 - Check plugin pinoutconfig
2025-01-20 21:07:05,967 [WARN] SupportedApi:132 - Cannot load RTOS API schema: s4s-elt-must-match.1: The content of 'definitions' must match (annotation?, (simpleType | complexType)?, (unique | key | keyref)*)). A problem was found starting at: attribute.
2025-01-20 21:07:06,146 [INFO] PluginManage:359 - Loaded plugin pinoutconfig (category:base,tabindex:0)
2025-01-20 21:07:06,146 [INFO] PluginManage:310 - Check plugin power
2025-01-20 21:07:06,179 [INFO] PluginManage:359 - Loaded plugin power (category:power,tabindex:4)
2025-01-20 21:07:06,179 [INFO] PluginManage:310 - Check plugin projectmanager
2025-01-20 21:07:06,209 [INFO] PluginManage:359 - Loaded plugin projectmanager (category:projectmanager,tabindex:4)
2025-01-20 21:07:06,209 [INFO] PluginManage:310 - Check plugin rif
2025-01-20 21:07:06,241 [INFO] PluginManage:359 - Loaded plugin rif (category:base,tabindex:3)
2025-01-20 21:07:06,241 [INFO] PluginManage:310 - Check plugin thirdparty
2025-01-20 21:07:06,633 [INFO] PluginManage:359 - Loaded plugin thirdparty (category:base,tabindex:-1)
2025-01-20 21:07:06,633 [INFO] PluginManage:310 - Check plugin tools
2025-01-20 21:07:06,632 [WARN] IntegrityCheckThread:84 - waiting for thirdparty lock release [integrity check]
2025-01-20 21:07:06,633 [INFO] IntegrityCheckThread:86 - entering critical section [integrity check]
2025-01-20 21:07:06,634 [INFO] ThirdPartyUpdaterWithRetryManager:70 - Updater plugin not ready yet. [1/15]
2025-01-20 21:07:06,690 [INFO] PluginManage:359 - Loaded plugin tools (category:base,tabindex:7)
2025-01-20 21:07:06,690 [INFO] PluginManage:310 - Check plugin tutovideos
2025-01-20 21:07:06,993 [INFO] PluginManage:359 - Loaded plugin tutovideos (category:base,tabindex:-1)
2025-01-20 21:07:06,994 [INFO] PluginManage:310 - Check plugin updater
2025-01-20 21:07:07,023 [INFO] PluginManage:359 - Loaded plugin updater (category:base,tabindex:12)
2025-01-20 21:07:07,024 [INFO] PluginManage:310 - Check plugin userauth
2025-01-20 21:07:07,030 [INFO] UserAuth:118 - Init User Auth plugin
2025-01-20 21:07:07,031 [INFO] PluginManage:359 - Loaded plugin userauth (category:base,tabindex:14)
2025-01-20 21:07:07,032 [INFO] PluginManage:283 - PluginManage : Loaded plugins [18]
2025-01-20 21:07:07,355 [INFO] PinOutPanel:1589 - setPackage(No Configuration,No Configuration)
2025-01-20 21:07:07,469 [INFO] CADModel:165 - CPN selected for project level
2025-01-20 21:07:07,469 [INFO] CADModel:114 - Register for checkConnection events
2025-01-20 21:07:07,505 [INFO] IPUIPlugin:80 - create IPUIPlugin
2025-01-20 21:07:07,505 [INFO] PluginManager:220 - loadIPPluginJar : add adc
2025-01-20 21:07:07,559 [INFO] IPUIPlugin:80 - create IPUIPlugin
2025-01-20 21:07:07,560 [INFO] PluginManager:220 - loadIPPluginJar : add aes
2025-01-20 21:07:07,621 [INFO] IPUIPlugin:80 - create IPUIPlugin
2025-01-20 21:07:07,621 [INFO] PluginManager:220 - loadIPPluginJar : add can
2025-01-20 21:07:07,706 [INFO] IPUIPlugin:80 - create IPUIPlugin
2025-01-20 21:07:07,706 [INFO] PluginManager:220 - loadIPPluginJar : add comp
2025-01-20 21:07:07,755 [INFO] IPUIPlugin:80 - create IPUIPlugin
2025-01-20 21:07:07,755 [INFO] PluginManager:220 - loadIPPluginJar : add cryp
2025-01-20 21:07:07,772 [INFO] IPUIPlugin:80 - create IPUIPlugin
2025-01-20 21:07:07,772 [INFO] PluginManager:220 - loadIPPluginJar : add ddr_ctrl_phy
2025-01-20 21:07:07,818 [INFO] IPUIPlugin:80 - create IPUIPlugin
2025-01-20 21:07:07,818 [INFO] PluginManager:220 - loadIPPluginJar : add dfsdm
2025-01-20 21:07:07,835 [INFO] IPUIPlugin:80 - create IPUIPlugin
2025-01-20 21:07:07,835 [INFO] PluginManager:220 - loadIPPluginJar : add dma
2025-01-20 21:07:07,889 [INFO] IPUIPlugin:80 - create IPUIPlugin
2025-01-20 21:07:07,889 [INFO] PluginManager:220 - loadIPPluginJar : add dma3
2025-01-20 21:07:07,965 [INFO] IPUIPlugin:80 - create IPUIPlugin
2025-01-20 21:07:07,965 [INFO] PluginManager:220 - loadIPPluginJar : add extmemmanager
2025-01-20 21:07:07,998 [INFO] IPUIPlugin:80 - create IPUIPlugin
2025-01-20 21:07:07,998 [INFO] PluginManager:220 - loadIPPluginJar : add fatfs
2025-01-20 21:07:08,081 [INFO] IPUIPlugin:80 - create IPUIPlugin
2025-01-20 21:07:08,082 [INFO] PluginManager:220 - loadIPPluginJar : add fmc
2025-01-20 21:07:08,111 [INFO] IPUIPlugin:80 - create IPUIPlugin
2025-01-20 21:07:08,111 [INFO] PluginManager:220 - loadIPPluginJar : add freertos
2025-01-20 21:07:08,153 [INFO] IPUIPlugin:80 - create IPUIPlugin
2025-01-20 21:07:08,153 [INFO] PluginManager:220 - loadIPPluginJar : add genericplugin
2025-01-20 21:07:08,304 [INFO] IPUIPlugin:80 - create IPUIPlugin
2025-01-20 21:07:08,304 [INFO] PluginManager:220 - loadIPPluginJar : add gfxmmu
2025-01-20 21:07:08,554 [INFO] IPUIPlugin:80 - create IPUIPlugin
2025-01-20 21:07:08,554 [INFO] PluginManager:220 - loadIPPluginJar : add gic
2025-01-20 21:07:08,576 [INFO] IPUIPlugin:80 - create IPUIPlugin
2025-01-20 21:07:08,576 [INFO] PluginManager:220 - loadIPPluginJar : add gpio
2025-01-20 21:07:08,707 [INFO] IPUIPlugin:80 - create IPUIPlugin
2025-01-20 21:07:08,707 [INFO] PluginManager:220 - loadIPPluginJar : add gtzc
2025-01-20 21:07:08,755 [INFO] IPUIPlugin:80 - create IPUIPlugin
2025-01-20 21:07:08,756 [INFO] PluginManager:220 - loadIPPluginJar : add hash
2025-01-20 21:07:08,831 [INFO] IPUIPlugin:80 - create IPUIPlugin
2025-01-20 21:07:08,831 [INFO] PluginManager:220 - loadIPPluginJar : add i2c
2025-01-20 21:07:08,901 [INFO] IPUIPlugin:80 - create IPUIPlugin
2025-01-20 21:07:08,901 [INFO] PluginManager:220 - loadIPPluginJar : add i2s
2025-01-20 21:07:08,961 [INFO] IPUIPlugin:80 - create IPUIPlugin
2025-01-20 21:07:08,961 [INFO] PluginManager:220 - loadIPPluginJar : add i3c
2025-01-20 21:07:09,104 [INFO] IPUIPlugin:80 - create IPUIPlugin
2025-01-20 21:07:09,104 [INFO] PluginManager:220 - loadIPPluginJar : add ipddr
2025-01-20 21:07:09,232 [INFO] IPUIPlugin:80 - create IPUIPlugin
2025-01-20 21:07:09,232 [INFO] PluginManager:220 - loadIPPluginJar : add linkedlist
2025-01-20 21:07:09,281 [INFO] IPUIPlugin:80 - create IPUIPlugin
2025-01-20 21:07:09,281 [INFO] PluginManager:220 - loadIPPluginJar : add lorawan
2025-01-20 21:07:09,334 [INFO] IPUIPlugin:80 - create IPUIPlugin
2025-01-20 21:07:09,334 [INFO] PluginManager:220 - loadIPPluginJar : add ltdc
2025-01-20 21:07:09,351 [INFO] IPUIPlugin:80 - create IPUIPlugin
2025-01-20 21:07:09,352 [INFO] PluginManager:220 - loadIPPluginJar : add mdma
2025-01-20 21:07:09,369 [INFO] IPUIPlugin:80 - create IPUIPlugin
2025-01-20 21:07:09,369 [INFO] PluginManager:220 - loadIPPluginJar : add nvic
2025-01-20 21:07:09,418 [INFO] IPUIPlugin:80 - create IPUIPlugin
2025-01-20 21:07:09,419 [INFO] PluginManager:220 - loadIPPluginJar : add opamp
2025-01-20 21:07:09,512 [INFO] IPUIPlugin:80 - create IPUIPlugin
2025-01-20 21:07:09,512 [INFO] PluginManager:220 - loadIPPluginJar : add openamp
2025-01-20 21:07:09,585 [INFO] IPUIPlugin:80 - create IPUIPlugin
2025-01-20 21:07:09,585 [INFO] PluginManager:220 - loadIPPluginJar : add pdm2pcm
2025-01-20 21:07:09,607 [INFO] IPUIPlugin:80 - create IPUIPlugin
2025-01-20 21:07:09,610 [INFO] PluginManager:220 - loadIPPluginJar : add plateformsettings
2025-01-20 21:07:09,635 [INFO] ThirdPartyUpdaterWithRetryManager:70 - Updater plugin not ready yet. [2/15]
2025-01-20 21:07:09,642 [INFO] IPUIPlugin:80 - create IPUIPlugin
2025-01-20 21:07:09,643 [INFO] PluginManager:220 - loadIPPluginJar : add quadspi
2025-01-20 21:07:09,678 [INFO] IPUIPlugin:80 - create IPUIPlugin
2025-01-20 21:07:09,679 [INFO] PluginManager:220 - loadIPPluginJar : add radio
2025-01-20 21:07:09,698 [INFO] IPUIPlugin:80 - create IPUIPlugin
2025-01-20 21:07:09,698 [INFO] PluginManager:220 - loadIPPluginJar : add resmgrutility
2025-01-20 21:07:09,766 [INFO] IPUIPlugin:80 - create IPUIPlugin
2025-01-20 21:07:09,766 [INFO] PluginManager:220 - loadIPPluginJar : add sai
2025-01-20 21:07:09,818 [INFO] IPUIPlugin:80 - create IPUIPlugin
2025-01-20 21:07:09,818 [INFO] PluginManager:220 - loadIPPluginJar : add spi
2025-01-20 21:07:09,971 [INFO] IPUIPlugin:80 - create IPUIPlugin
2025-01-20 21:07:09,971 [INFO] PluginManager:220 - loadIPPluginJar : add stm32_wpan
2025-01-20 21:07:10,008 [INFO] IPUIPlugin:80 - create IPUIPlugin
2025-01-20 21:07:10,008 [INFO] PluginManager:220 - loadIPPluginJar : add tim
2025-01-20 21:07:10,095 [INFO] IPUIPlugin:80 - create IPUIPlugin
2025-01-20 21:07:10,095 [INFO] PluginManager:220 - loadIPPluginJar : add touchsensing
2025-01-20 21:07:10,128 [INFO] IPUIPlugin:80 - create IPUIPlugin
2025-01-20 21:07:10,128 [INFO] PluginManager:220 - loadIPPluginJar : add tracer_emb
2025-01-20 21:07:10,160 [INFO] IPUIPlugin:80 - create IPUIPlugin
2025-01-20 21:07:10,160 [INFO] PluginManager:220 - loadIPPluginJar : add ts
2025-01-20 21:07:10,193 [INFO] IPUIPlugin:80 - create IPUIPlugin
2025-01-20 21:07:10,193 [INFO] PluginManager:220 - loadIPPluginJar : add tsc
2025-01-20 21:07:10,224 [INFO] IPUIPlugin:80 - create IPUIPlugin
2025-01-20 21:07:10,224 [INFO] PluginManager:220 - loadIPPluginJar : add ucpd
2025-01-20 21:07:10,288 [INFO] IPUIPlugin:80 - create IPUIPlugin
2025-01-20 21:07:10,288 [INFO] PluginManager:220 - loadIPPluginJar : add usart
2025-01-20 21:07:10,352 [INFO] IPUIPlugin:80 - create IPUIPlugin
2025-01-20 21:07:10,352 [INFO] PluginManager:220 - loadIPPluginJar : add usbx
2025-01-20 21:07:10,503 [FATAL] Updater:351 - Updater called before beeing initialized
2025-01-20 21:07:10,547 [INFO] RulesReader:64 - Compatibility file has been processed (297 Rules)
2025-01-20 21:07:10,560 [INFO] RulesReader:64 - Compatibility file has been processed (297 Rules)
2025-01-20 21:07:10,569 [INFO] CADModel:165 - CPN selected for project level
2025-01-20 21:07:10,569 [INFO] CADModel:114 - Register for checkConnection events
2025-01-20 21:07:10,569 [FATAL] Updater:351 - Updater called before beeing initialized
2025-01-20 21:07:10,569 [ERROR] CADModel:125 - Updater not yet initialized, retry later 
2025-01-20 21:07:10,739 [FATAL] Updater:351 - Updater called before beeing initialized
2025-01-20 21:07:10,741 [INFO] CADModel:165 - CPN selected for project level
2025-01-20 21:07:10,742 [INFO] CADModel:114 - Register for checkConnection events
2025-01-20 21:07:10,742 [FATAL] Updater:351 - Updater called before beeing initialized
2025-01-20 21:07:10,742 [ERROR] CADModel:125 - Updater not yet initialized, retry later 
2025-01-20 21:07:10,746 [FATAL] Updater:351 - Updater called before beeing initialized
2025-01-20 21:07:10,898 [FATAL] Updater:351 - Updater called before beeing initialized
2025-01-20 21:07:10,912 [INFO] DbMcusAds:53 - JSON generation date=Tue Dec 17 23:01:15 ICT 2024 (1734451275222)
2025-01-20 21:07:10,912 [FATAL] Updater:351 - Updater called before beeing initialized
2025-01-20 21:07:10,965 [WARN] DetailPanel:346 - Failed to get advertising image, set to default
2025-01-20 21:07:11,299 [FATAL] Updater:351 - Updater called before beeing initialized
2025-01-20 21:07:11,302 [FATAL] Updater:351 - Updater called before beeing initialized
2025-01-20 21:07:11,302 [FATAL] Updater:351 - Updater called before beeing initialized
2025-01-20 21:07:11,302 [WARN] DetailPanel:346 - Failed to get advertising image, set to default
2025-01-20 21:07:11,303 [FATAL] Updater:351 - Updater called before beeing initialized
2025-01-20 21:07:11,384 [ERROR] Updater:1198 - MainUpdater not yet initialized. External WinMGr cannot be set.
2025-01-20 21:07:11,400 [INFO] Updater:1134 - Updater Version found : 6.13.0
2025-01-20 21:07:11,430 [INFO] ApplicationProperties:184 - Using Application install path: C:\ST\STM32CubeIDE_1.17.0\STM32CubeIDE\plugins\com.st.stm32cube.common.mx_6.13.0.202411220809
2025-01-20 21:07:11,942 [INFO] MainUpdater:2872 - connection check result : 10
2025-01-20 21:07:11,942 [INFO] MainUpdater:3566 - Updater definition file requires update
2025-01-20 21:07:11,944 [INFO] MainUpdater:289 - Updater Check For Update Now.
2025-01-20 21:07:11,944 [INFO] MicroXplorer:498 - Change Database Version : DB.6.0.130
2025-01-20 21:07:11,965 [INFO] McuFinderGlobals:63 - Set McuFinder mode to 2 (CubeIDE integrated)
2025-01-20 21:07:11,966 [INFO] UserAuth:171 - activating auth plugin
2025-01-20 21:07:11,969 [INFO] UserAuth:486 - Internet connection configuration mode: 1
2025-01-20 21:07:12,002 [INFO] JxBrowserEngine:152 - Initiate JxBrowser Engine with user profile folder
2025-01-20 21:07:12,067 [INFO] ServerAccessManage:473 - Download File updaters.zip
2025-01-20 21:07:12,166 [INFO] FileExtend:240 - Unzip File : updaters.zip
2025-01-20 21:07:12,166 [INFO] FileExtend:255 - Standard Zip Deflate
2025-01-20 21:07:12,637 [WARN] MainUpdater:1193 - Updater busy. Cannot search thirdparties
2025-01-20 21:07:12,645 [INFO] ThirdPartyUpdaterWithRetryManager:96 - Updater plugin is busy. [1/15]
2025-01-20 21:07:12,960 [INFO] ServerAccessManage:473 - Download File PacksControlFlags.xml
2025-01-20 21:07:13,119 [INFO] ServerAccessManage:473 - Download File cubemx.pidx
2025-01-20 21:07:13,267 [INFO] LoadServerUpdatesThread:375 - End of LoadServerUpdate Thread
2025-01-20 21:07:13,533 [INFO] CheckServerUpdateThread:120 - End of CheckServer Thread
2025-01-20 21:07:15,021 [INFO] WebApp:168 - Instantiating new browser for Auth
2025-01-20 21:07:16,200 [WARN] PackLoader:240 - Cannot read IP mode file for STMicroelectronics.FP-SNS-MOTENVWB1.1.4.0
2025-01-20 21:07:16,235 [WARN] PackLoader:240 - Cannot read IP mode file for STMicroelectronics.FP-ATR-ASTRA1.2.0.1
2025-01-20 21:07:16,284 [WARN] PackLoader:240 - Cannot read IP mode file for STMicroelectronics.X-CUBE-SMBUS.2.1.0
2025-01-20 21:07:16,307 [WARN] PackLoader:240 - Cannot read IP mode file for STMicroelectronics.X-CUBE-WB05N.1.1.0
2025-01-20 21:07:16,374 [WARN] PackLoader:240 - Cannot read IP mode file for STMicroelectronics.X-CUBE-AZRTOS-F7.1.1.0
2025-01-20 21:07:16,495 [WARN] PackLoader:240 - Cannot read IP mode file for STMicroelectronics.X-CUBE-MEMS1.11.0.0
2025-01-20 21:07:16,740 [WARN] PackLoader:240 - Cannot read IP mode file for STMicroelectronics.FP-SNS-FLIGHT1.5.0.2
2025-01-20 21:07:16,838 [WARN] PackLoader:240 - Cannot read IP mode file for Infineon.AIROC-Wi-Fi-Bluetooth-STM32.1.7.0
2025-01-20 21:07:16,877 [WARN] PackLoader:240 - Cannot read IP mode file for STMicroelectronics.X-CUBE-DISPLAY.3.0.0
2025-01-20 21:07:17,055 [WARN] PackLoader:240 - Cannot read IP mode file for STMicroelectronics.X-CUBE-BLE1.7.0.0
2025-01-20 21:07:17,082 [WARN] PackLoader:240 - Cannot read IP mode file for STMicroelectronics.X-CUBE-NFC10.1.0.0
2025-01-20 21:07:17,111 [WARN] PackLoader:240 - Cannot read IP mode file for STMicroelectronics.X-CUBE-BLEMGR.4.0.0
2025-01-20 21:07:17,134 [WARN] PackLoader:240 - Cannot read IP mode file for emotas.I-CUBE-CANOPEN.1.3.0
2025-01-20 21:07:17,152 [WARN] PackLoader:240 - Cannot read IP mode file for STMicroelectronics.FP-SNS-SMARTAG2.1.2.0
2025-01-20 21:07:17,213 [INFO] WebApp:449 - Apply proxy settings
2025-01-20 21:07:17,213 [INFO] WebApp:534 - Chromium requires no authentication
2025-01-20 21:07:17,225 [INFO] WebApp:477 - Direct internet connection detected
2025-01-20 21:07:17,304 [INFO] WebApp:880 - Register for checkConnection events
2025-01-20 21:07:17,304 [INFO] WebApp:449 - Apply proxy settings
2025-01-20 21:07:17,304 [INFO] WebApp:534 - Chromium requires no authentication
2025-01-20 21:07:17,304 [INFO] WebApp:477 - Direct internet connection detected
2025-01-20 21:07:17,323 [WARN] PackLoader:240 - Cannot read IP mode file for STMicroelectronics.X-CUBE-MEMS1.11.1.0
2025-01-20 21:07:17,474 [INFO] LogOutputStream:77 - [STDOUT_REDIRECT] 1 : Invalid condition id : UX_CORESTACK_Condition cause : null
2025-01-20 21:07:17,475 [INFO] LogOutputStream:77 - [STDOUT_REDIRECT] 1 : Invalid condition id : UX_CORESTACK_Condition cause : null
2025-01-20 21:07:17,476 [INFO] LogOutputStream:77 - [STDOUT_REDIRECT] 1 : Invalid condition id : UX_CORESTACK_Condition cause : null
2025-01-20 21:07:17,479 [INFO] LogOutputStream:77 - [STDOUT_REDIRECT] 1 : Invalid condition id : UX_CORESTACK_Condition cause : null
2025-01-20 21:07:17,492 [INFO] LogOutputStream:77 - [STDOUT_REDIRECT] 1 : Invalid condition id : UX_CORESTACK_Condition cause : null
2025-01-20 21:07:17,496 [WARN] PackLoader:240 - Cannot read IP mode file for STMicroelectronics.X-CUBE-AZRTOS-WL.2.0.0
2025-01-20 21:07:17,523 [WARN] PackLoader:240 - Cannot read IP mode file for STMicroelectronics.FP-SNS-MOTENV1.5.0.0
2025-01-20 21:07:17,545 [WARN] PackLoader:240 - Cannot read IP mode file for wolfSSL.I-CUBE-wolfMQTT.1.19.0
2025-01-20 21:07:17,564 [WARN] PackLoader:240 - Cannot read IP mode file for WES.I-CUBE-Cesium.1.3.0
2025-01-20 21:07:17,583 [WARN] PackLoader:240 - Cannot read IP mode file for STMicroelectronics.X-CUBE-BLE2.3.3.0
2025-01-20 21:07:17,623 [WARN] PackLoader:240 - Cannot read IP mode file for STMicroelectronics.X-CUBE-NFC9.1.0.0
2025-01-20 21:07:17,660 [WARN] PackLoader:240 - Cannot read IP mode file for STMicroelectronics.X-CUBE-AZRTOS-G0.1.1.0
2025-01-20 21:07:17,681 [WARN] PackLoader:240 - Cannot read IP mode file for STMicroelectronics.X-CUBE-SAFEA1.1.2.2
2025-01-20 21:07:17,699 [WARN] PackLoader:240 - Cannot read IP mode file for STMicroelectronics.X-CUBE-NFC4.3.0.0
2025-01-20 21:07:17,735 [INFO] WebApp:221 - Starting web application
2025-01-20 21:07:17,735 [INFO] WebApp:579 - Web application path used C:\ST\STM32CubeIDE_1.17.0\STM32CubeIDE\plugins\com.st.stm32cube.common.mx_6.13.0.202411220809\db\plugins\mcufinder\reactClient1\index.html
2025-01-20 21:07:17,755 [WARN] PackLoader:240 - Cannot read IP mode file for EmbeddedOffice.I-CUBE-FS-RTOS.1.0.1
2025-01-20 21:07:17,790 [WARN] PackLoader:240 - Cannot read IP mode file for STMicroelectronics.X-CUBE-TCPP.4.2.0
2025-01-20 21:07:17,811 [WARN] PackLoader:240 - Cannot read IP mode file for RealThread.X-CUBE-RT-Thread_Nano.4.1.1
2025-01-20 21:07:17,829 [WARN] PackLoader:240 - Cannot read IP mode file for STMicroelectronics.FP-ATR-SIGFOX1.3.2.0
2025-01-20 21:07:17,847 [WARN] ConditionMgr:438 - getConditionDescription Invalid condition id : Cortex-A Device cause : null
2025-01-20 21:07:17,879 [WARN] ConditionMgr:1044 - genDependencies : Invalid condition id : Cortex-A Device cause : null
2025-01-20 21:07:17,879 [WARN] ConditionMgr:1044 - genDependencies : Invalid condition id : Cortex-A Device cause : null
2025-01-20 21:07:17,879 [WARN] ConditionMgr:1044 - genDependencies : Invalid condition id : Cortex-A Device cause : null
2025-01-20 21:07:17,902 [WARN] PackLoader:240 - Cannot read IP mode file for STMicroelectronics.X-CUBE-EEPRMA1.5.1.0
2025-01-20 21:07:17,918 [WARN] PackLoader:240 - Cannot read IP mode file for wolfSSL.I-CUBE-wolfSSL.5.7.4
2025-01-20 21:07:17,940 [WARN] PackLoader:240 - Cannot read IP mode file for ITTIA_DB.I-CUBE-ITTIADB.8.9.0
2025-01-20 21:07:17,984 [WARN] PackLoader:240 - Cannot read IP mode file for SEGGER.I-CUBE-embOS.1.3.1
2025-01-20 21:07:18,030 [WARN] PackLoader:240 - Cannot read IP mode file for STMicroelectronics.X-CUBE-ALGOBUILD.1.4.0
2025-01-20 21:07:18,049 [WARN] PackLoader:240 - Cannot read IP mode file for STMicroelectronics.X-CUBE-AI.9.1.0
2025-01-20 21:07:18,094 [WARN] PackLoader:240 - Cannot read IP mode file for STMicroelectronics.X-CUBE-AZRTOS-F4.1.1.0
2025-01-20 21:07:18,128 [WARN] PackLoader:240 - Cannot read IP mode file for STMicroelectronics.X-CUBE-ISPU.2.1.0
2025-01-20 21:07:18,163 [WARN] PackLoader:240 - Cannot read IP mode file for STMicroelectronics.X-CUBE-AZRTOS-L5.2.0.0
2025-01-20 21:07:18,186 [WARN] PackLoader:240 - Cannot read IP mode file for STMicroelectronics.X-CUBE-NFC6.3.1.0
2025-01-20 21:07:18,203 [WARN] PackLoader:240 - Cannot read IP mode file for STMicroelectronics.X-CUBE-DPower.1.2.0
2025-01-20 21:07:18,217 [WARN] PackLoader:240 - Cannot read IP mode file for STMicroelectronics.X-CUBE-FREERTOS.1.3.0
2025-01-20 21:07:18,235 [WARN] PackLoader:240 - Cannot read IP mode file for STMicroelectronics.X-CUBE-NFC7.1.0.1
2025-01-20 21:07:18,267 [WARN] ConditionMgr:438 - getConditionDescription Invalid condition id : LAN8742 Phy interface Condition cause : null
2025-01-20 21:07:18,268 [WARN] PackLoader:240 - Cannot read IP mode file for STMicroelectronics.X-CUBE-AZRTOS-L4.2.0.0
2025-01-20 21:07:18,269 [WARN] ConditionMgr:1044 - genDependencies : Invalid condition id : LAN8742 Phy interface Condition cause : null
2025-01-20 21:07:18,269 [WARN] ConditionMgr:1044 - genDependencies : Invalid condition id : LAN8742 Phy interface Condition cause : null
2025-01-20 21:07:18,269 [WARN] ConditionMgr:1044 - genDependencies : Invalid condition id : LAN8742 Phy interface Condition cause : null
2025-01-20 21:07:18,288 [WARN] PackLoader:240 - Cannot read IP mode file for STMicroelectronics.X-CUBE-SFXS2LP1.4.0.0
2025-01-20 21:07:18,322 [WARN] PackLoader:240 - Cannot read IP mode file for STMicroelectronics.X-CUBE-AZRTOS-H7.3.3.0
2025-01-20 21:07:18,345 [WARN] PackLoader:240 - Cannot read IP mode file for STMicroelectronics.X-CUBE-IPS.3.0.0
2025-01-20 21:07:18,403 [WARN] ConditionMgr:438 - getConditionDescription Invalid condition id : UX DEVICE CLASS RTOS Condition cause : null
2025-01-20 21:07:18,403 [WARN] ConditionMgr:438 - getConditionDescription Invalid condition id : UX DEVICE CLASS RTOS Condition cause : null
2025-01-20 21:07:18,405 [WARN] PackLoader:240 - Cannot read IP mode file for STMicroelectronics.X-CUBE-AZRTOS-WB.2.0.0
2025-01-20 21:07:18,406 [WARN] ConditionMgr:1044 - genDependencies : Invalid condition id : UX DEVICE CLASS RTOS Condition cause : null
2025-01-20 21:07:18,406 [WARN] ConditionMgr:1044 - genDependencies : Invalid condition id : UX DEVICE CLASS RTOS Condition cause : null
2025-01-20 21:07:18,407 [WARN] ConditionMgr:1044 - genDependencies : Invalid condition id : UX DEVICE CLASS RTOS Condition cause : null
2025-01-20 21:07:18,407 [WARN] ConditionMgr:1044 - genDependencies : Invalid condition id : UX DEVICE CLASS RTOS Condition cause : null
2025-01-20 21:07:18,408 [WARN] ConditionMgr:1044 - genDependencies : Invalid condition id : UX DEVICE CLASS RTOS Condition cause : null
2025-01-20 21:07:18,430 [WARN] PackLoader:240 - Cannot read IP mode file for STMicroelectronics.X-CUBE-GNSS1.7.0.0
2025-01-20 21:07:18,449 [WARN] PackLoader:240 - Cannot read IP mode file for STMicroelectronics.X-CUBE-GNSS1.7.0.1
2025-01-20 21:07:18,476 [WARN] PackLoader:240 - Cannot read IP mode file for STMicroelectronics.FP-SNS-STBOX1.2.0.0
2025-01-20 21:07:18,501 [WARN] PackLoader:240 - Cannot read IP mode file for STMicroelectronics.X-CUBE-SUBG2.5.0.0
2025-01-20 21:07:18,521 [WARN] PackLoader:240 - Cannot read IP mode file for Cesanta.I-CUBE-Mongoose.7.13.0
2025-01-20 21:07:18,553 [WARN] PackLoader:240 - Cannot read IP mode file for STMicroelectronics.X-CUBE-AZRTOS-G4.2.0.0
2025-01-20 21:07:18,584 [WARN] PackLoader:240 - Cannot read IP mode file for STMicroelectronics.X-CUBE-IPS.3.1.0
2025-01-20 21:07:18,608 [WARN] PackLoader:240 - Cannot read IP mode file for STMicroelectronics.X-CUBE-ALS.1.0.2
2025-01-20 21:07:18,660 [WARN] PackLoader:240 - Cannot read IP mode file for STMicroelectronics.X-CUBE-TOUCHGFX.4.24.2
2025-01-20 21:07:18,677 [WARN] PackLoader:240 - Cannot read IP mode file for STMicroelectronics.X-CUBE-TOUCHGFX.4.24.1
2025-01-20 21:07:18,694 [WARN] PackLoader:240 - Cannot read IP mode file for wolfSSL.I-CUBE-wolfTPM.3.4.0
2025-01-20 21:07:18,712 [WARN] PackLoader:240 - Cannot read IP mode file for portGmbH.I-Cube-SoM-uGOAL.1.1.0
2025-01-20 21:07:18,781 [WARN] PackLoader:240 - Cannot read IP mode file for STMicroelectronics.X-CUBE-AZRTOS-H7RS.1.0.0
2025-01-20 21:07:18,821 [WARN] PackLoader:240 - Cannot read IP mode file for STMicroelectronics.X-CUBE-TOF1.3.4.2
2025-01-20 21:07:18,843 [WARN] PackLoader:240 - Cannot read IP mode file for wolfSSL.I-CUBE-wolfSSH.1.4.17
2025-01-20 21:07:18,843 [INFO] ThirdParty:978 - Integrity check success = true
2025-01-20 21:07:18,843 [INFO] IntegrityCheckThread:100 - exiting critical section [integrity check]
2025-01-20 21:07:18,843 [INFO] IntegrityCheckThread:103 - End integrity checks thread
2025-01-20 21:07:19,377 [INFO] WebApp:187 - Connection restablished
2025-01-20 22:51:23,605 [ERROR] LogOutputStream:75 - [STDERR_REDIRECT] 
