2024-12-12 01:27:52,673 [INFO] Activator:176 - 


2024-12-12 01:27:52,675 [INFO] Activator:177 - !SESSION log4j initialized
2024-12-12 01:28:02,609 [INFO] LogOutputStream:77 - [STDOUT_REDIRECT] 
2024-12-12 01:28:15,590 [INFO] ApplicationProperties:184 - Using Application install path: C:\ST\STM32CubeIDE_1.17.0\STM32CubeIDE\plugins\com.st.stm32cube.common.mx_6.13.0.202411220809
2024-12-12 01:28:15,614 [INFO] DbMcusXml:78 - Set database path to: C:\ST\STM32CubeIDE_1.17.0\STM32CubeIDE\plugins\com.st.stm32cube.common.mx_6.13.0.202411220809\\db\/mcu/
2024-12-12 01:28:15,614 [INFO] ApiDb:274 - Set plugin database path to: C:\ST\STM32CubeIDE_1.17.0\STM32CubeIDE\plugins\com.st.stm32cube.common.mx_6.13.0.202411220809\\db\/plugins/boardmanager/
2024-12-12 01:28:15,615 [WARN] ApiDb:259 - Overriding images path with different value:  => C:\ST\STM32CubeIDE_1.17.0\STM32CubeIDE\plugins\com.st.stm32cube.common.mx_6.13.0.202411220809\\db\/plugins/mcufinder/images/
2024-12-12 01:28:19,532 [INFO] ApiDb:250 - Set database path to: C:\Users\anhhu\.stmcufinder\plugins\mcufinder//mcu/
2024-12-12 01:28:19,534 [INFO] DbMcusAds:125 - Set database path to: C:\Users\anhhu\.stmcufinder\plugins\mcufinder//mcu/
2024-12-12 01:28:19,573 [INFO] CrossReferenceDbSqlite:203 - Set database path to: C:\Users\anhhu\.stmcufinder\plugins\mcufinder//mcu/cs/
2024-12-12 01:28:19,763 [INFO] RulesReader:64 - Compatibility file has been processed (297 Rules)
2024-12-12 01:28:19,927 [INFO] DbMcusXml:78 - Set database path to: C:\ST\STM32CubeIDE_1.17.0\STM32CubeIDE\plugins\com.st.stm32cube.common.mx_6.13.0.202411220809\\db\/mcu/
2024-12-12 01:28:19,927 [INFO] ApiDb:274 - Set plugin database path to: C:\ST\STM32CubeIDE_1.17.0\STM32CubeIDE\plugins\com.st.stm32cube.common.mx_6.13.0.202411220809\\db\/plugins/boardmanager/
2024-12-12 01:28:19,928 [INFO] ApiDb:261 - Set plugin images path to: C:\ST\STM32CubeIDE_1.17.0\STM32CubeIDE\plugins\com.st.stm32cube.common.mx_6.13.0.202411220809\\db\/plugins/mcufinder/images/
2024-12-12 01:28:19,928 [WARN] DbFile:41 - Overriding database path with different value: C:\Users\anhhu\.stmcufinder\plugins\mcufinder/ => C:\Users\anhhu\.stmcufinder\plugins\mcufinder
2024-12-12 01:28:19,928 [INFO] ApiDb:250 - Set database path to: C:\Users\anhhu\.stmcufinder\plugins\mcufinder//mcu/
2024-12-12 01:28:19,928 [WARN] DbFile:41 - Overriding database path with different value: C:\Users\anhhu\.stmcufinder\plugins\mcufinder/ => C:\Users\anhhu\.stmcufinder\plugins\mcufinder
2024-12-12 01:28:19,929 [INFO] DbMcusAds:125 - Set database path to: C:\Users\anhhu\.stmcufinder\plugins\mcufinder//mcu/
2024-12-12 01:28:19,929 [WARN] DbFile:41 - Overriding database path with different value: C:\Users\anhhu\.stmcufinder\plugins\mcufinder/ => C:\Users\anhhu\.stmcufinder\plugins\mcufinder
2024-12-12 01:28:19,929 [WARN] DbFile:41 - Overriding database path with different value: C:\Users\anhhu\.stmcufinder\plugins\mcufinder/ => C:\Users\anhhu\.stmcufinder\plugins\mcufinder
2024-12-12 01:28:19,929 [INFO] CrossReferenceDbSqlite:203 - Set database path to: C:\Users\anhhu\.stmcufinder\plugins\mcufinder//mcu/cs/
2024-12-12 01:28:20,065 [INFO] MainPanel:272 - HeapMemory: 268435456
2024-12-12 01:28:20,235 [INFO] DbMcusXml:78 - Set database path to: C:\ST\STM32CubeIDE_1.17.0\STM32CubeIDE\plugins\com.st.stm32cube.common.mx_6.13.0.202411220809\\db\/mcu/
2024-12-12 01:28:20,235 [INFO] ApiDb:274 - Set plugin database path to: C:\ST\STM32CubeIDE_1.17.0\STM32CubeIDE\plugins\com.st.stm32cube.common.mx_6.13.0.202411220809\\db\/plugins/boardmanager/
2024-12-12 01:28:20,235 [INFO] ApiDb:261 - Set plugin images path to: C:\ST\STM32CubeIDE_1.17.0\STM32CubeIDE\plugins\com.st.stm32cube.common.mx_6.13.0.202411220809\\db\/plugins/mcufinder/images/
2024-12-12 01:28:20,236 [WARN] DbFile:41 - Overriding database path with different value: C:\Users\anhhu\.stmcufinder\plugins\mcufinder/ => C:\Users\anhhu\.stmcufinder\plugins\mcufinder
2024-12-12 01:28:20,236 [INFO] ApiDb:250 - Set database path to: C:\Users\anhhu\.stmcufinder\plugins\mcufinder//mcu/
2024-12-12 01:28:20,236 [WARN] DbFile:41 - Overriding database path with different value: C:\Users\anhhu\.stmcufinder\plugins\mcufinder/ => C:\Users\anhhu\.stmcufinder\plugins\mcufinder
2024-12-12 01:28:20,236 [INFO] DbMcusAds:125 - Set database path to: C:\Users\anhhu\.stmcufinder\plugins\mcufinder//mcu/
2024-12-12 01:28:20,237 [WARN] DbFile:41 - Overriding database path with different value: C:\Users\anhhu\.stmcufinder\plugins\mcufinder/ => C:\Users\anhhu\.stmcufinder\plugins\mcufinder
2024-12-12 01:28:20,237 [WARN] DbFile:41 - Overriding database path with different value: C:\Users\anhhu\.stmcufinder\plugins\mcufinder/ => C:\Users\anhhu\.stmcufinder\plugins\mcufinder
2024-12-12 01:28:20,237 [INFO] CrossReferenceDbSqlite:203 - Set database path to: C:\Users\anhhu\.stmcufinder\plugins\mcufinder//mcu/cs/
2024-12-12 01:28:20,263 [INFO] ApplicationProperties:184 - Using Application install path: C:\ST\STM32CubeIDE_1.17.0\STM32CubeIDE\plugins\com.st.stm32cube.common.mx_6.13.0.202411220809
2024-12-12 01:28:20,264 [INFO] PluginManage:196 - Search for loadable plugins [exclusion list=, ]
2024-12-12 01:28:20,266 [INFO] PluginManage:310 - Check plugin analytics
2024-12-12 01:28:29,644 [INFO] AnalyticsPlugin:253 - Accepted Software Licenses: STM32CubeMX.5.3.0,STM32CubeMX.5.6.0,STM32CubeMX.5.6.1
2024-12-12 01:28:29,645 [INFO] AnalyticsPlugin:255 - Accepted CMSIS Pack Licenses: 
2024-12-12 01:28:29,645 [INFO] AnalyticsPlugin:257 - Accepted Firmware Licenses: 
2024-12-12 01:28:29,652 [INFO] PluginManage:359 - Loaded plugin analytics (category:tool,tabindex:-1)
2024-12-12 01:28:29,652 [INFO] PluginManage:310 - Check plugin cadmodel
2024-12-12 01:28:29,659 [INFO] CADModel:105 - Init CAD model plugin
2024-12-12 01:28:29,659 [INFO] PluginManage:359 - Loaded plugin cadmodel (category:power,tabindex:5)
2024-12-12 01:28:29,660 [INFO] PluginManage:310 - Check plugin clock
2024-12-12 01:28:29,684 [INFO] PluginManage:359 - Loaded plugin clock (category:base,tabindex:2)
2024-12-12 01:28:29,684 [INFO] PluginManage:310 - Check plugin ddr
2024-12-12 01:28:29,689 [INFO] PluginManage:359 - Loaded plugin ddr (category:tool,tabindex:6)
2024-12-12 01:28:29,689 [INFO] PluginManage:310 - Check plugin filemanager
2024-12-12 01:28:29,887 [INFO] PluginManage:359 - Loaded plugin filemanager (category:base,tabindex:10)
2024-12-12 01:28:29,887 [INFO] PluginManage:310 - Check plugin ipmanager
2024-12-12 01:28:29,897 [INFO] PluginManage:359 - Loaded plugin ipmanager (category:base,tabindex:5)
2024-12-12 01:28:29,898 [INFO] PluginManage:310 - Check plugin lpbam
2024-12-12 01:28:29,910 [INFO] PluginManage:359 - Loaded plugin lpbam (category:base,tabindex:0)
2024-12-12 01:28:29,910 [INFO] PluginManage:310 - Check plugin memorymap
2024-12-12 01:28:29,934 [INFO] PluginManage:359 - Loaded plugin memorymap (category:base,tabindex:4)
2024-12-12 01:28:29,934 [INFO] PluginManage:310 - Check plugin pinoutandconfiguration
2024-12-12 01:28:29,948 [INFO] PluginManage:359 - Loaded plugin pinoutandconfiguration (category:base,tabindex:1)
2024-12-12 01:28:29,948 [INFO] PluginManage:310 - Check plugin pinoutconfig
2024-12-12 01:28:30,078 [WARN] SupportedApi:132 - Cannot load RTOS API schema: s4s-elt-must-match.1: The content of 'definitions' must match (annotation?, (simpleType | complexType)?, (unique | key | keyref)*)). A problem was found starting at: attribute.
2024-12-12 01:28:30,254 [INFO] PluginManage:359 - Loaded plugin pinoutconfig (category:base,tabindex:0)
2024-12-12 01:28:30,255 [INFO] PluginManage:310 - Check plugin power
2024-12-12 01:28:30,268 [INFO] PluginManage:359 - Loaded plugin power (category:power,tabindex:4)
2024-12-12 01:28:30,269 [INFO] PluginManage:310 - Check plugin projectmanager
2024-12-12 01:28:30,292 [INFO] PluginManage:359 - Loaded plugin projectmanager (category:projectmanager,tabindex:4)
2024-12-12 01:28:30,292 [INFO] PluginManage:310 - Check plugin rif
2024-12-12 01:28:30,302 [INFO] PluginManage:359 - Loaded plugin rif (category:base,tabindex:3)
2024-12-12 01:28:30,302 [INFO] PluginManage:310 - Check plugin thirdparty
2024-12-12 01:28:30,645 [INFO] PluginManage:359 - Loaded plugin thirdparty (category:base,tabindex:-1)
2024-12-12 01:28:30,645 [INFO] PluginManage:310 - Check plugin tools
2024-12-12 01:28:30,645 [WARN] IntegrityCheckThread:84 - waiting for thirdparty lock release [integrity check]
2024-12-12 01:28:30,646 [INFO] IntegrityCheckThread:86 - entering critical section [integrity check]
2024-12-12 01:28:30,646 [INFO] ThirdPartyUpdaterWithRetryManager:70 - Updater plugin not ready yet. [1/15]
2024-12-12 01:28:30,649 [INFO] PluginManage:359 - Loaded plugin tools (category:base,tabindex:7)
2024-12-12 01:28:30,649 [INFO] PluginManage:310 - Check plugin tutovideos
2024-12-12 01:28:30,874 [INFO] PluginManage:359 - Loaded plugin tutovideos (category:base,tabindex:-1)
2024-12-12 01:28:30,874 [INFO] PluginManage:310 - Check plugin updater
2024-12-12 01:28:30,899 [INFO] PluginManage:359 - Loaded plugin updater (category:base,tabindex:12)
2024-12-12 01:28:30,899 [INFO] PluginManage:310 - Check plugin userauth
2024-12-12 01:28:30,904 [INFO] UserAuth:118 - Init User Auth plugin
2024-12-12 01:28:30,905 [INFO] PluginManage:359 - Loaded plugin userauth (category:base,tabindex:14)
2024-12-12 01:28:30,906 [INFO] PluginManage:283 - PluginManage : Loaded plugins [18]
2024-12-12 01:28:31,276 [INFO] PinOutPanel:1589 - setPackage(No Configuration,No Configuration)
2024-12-12 01:28:31,411 [INFO] CADModel:165 - CPN selected for project level
2024-12-12 01:28:31,411 [INFO] CADModel:114 - Register for checkConnection events
2024-12-12 01:28:31,434 [INFO] IPUIPlugin:80 - create IPUIPlugin
2024-12-12 01:28:31,434 [INFO] PluginManager:220 - loadIPPluginJar : add adc
2024-12-12 01:28:31,438 [INFO] IPUIPlugin:80 - create IPUIPlugin
2024-12-12 01:28:31,438 [INFO] PluginManager:220 - loadIPPluginJar : add aes
2024-12-12 01:28:31,441 [INFO] IPUIPlugin:80 - create IPUIPlugin
2024-12-12 01:28:31,442 [INFO] PluginManager:220 - loadIPPluginJar : add can
2024-12-12 01:28:31,444 [INFO] IPUIPlugin:80 - create IPUIPlugin
2024-12-12 01:28:31,444 [INFO] PluginManager:220 - loadIPPluginJar : add comp
2024-12-12 01:28:31,448 [INFO] IPUIPlugin:80 - create IPUIPlugin
2024-12-12 01:28:31,448 [INFO] PluginManager:220 - loadIPPluginJar : add cryp
2024-12-12 01:28:31,452 [INFO] IPUIPlugin:80 - create IPUIPlugin
2024-12-12 01:28:31,452 [INFO] PluginManager:220 - loadIPPluginJar : add ddr_ctrl_phy
2024-12-12 01:28:31,456 [INFO] IPUIPlugin:80 - create IPUIPlugin
2024-12-12 01:28:31,456 [INFO] PluginManager:220 - loadIPPluginJar : add dfsdm
2024-12-12 01:28:31,462 [INFO] IPUIPlugin:80 - create IPUIPlugin
2024-12-12 01:28:31,464 [INFO] PluginManager:220 - loadIPPluginJar : add dma
2024-12-12 01:28:31,468 [INFO] IPUIPlugin:80 - create IPUIPlugin
2024-12-12 01:28:31,468 [INFO] PluginManager:220 - loadIPPluginJar : add dma3
2024-12-12 01:28:31,472 [INFO] IPUIPlugin:80 - create IPUIPlugin
2024-12-12 01:28:31,472 [INFO] PluginManager:220 - loadIPPluginJar : add extmemmanager
2024-12-12 01:28:31,474 [INFO] IPUIPlugin:80 - create IPUIPlugin
2024-12-12 01:28:31,474 [INFO] PluginManager:220 - loadIPPluginJar : add fatfs
2024-12-12 01:28:31,482 [INFO] IPUIPlugin:80 - create IPUIPlugin
2024-12-12 01:28:31,482 [INFO] PluginManager:220 - loadIPPluginJar : add fmc
2024-12-12 01:28:31,489 [INFO] IPUIPlugin:80 - create IPUIPlugin
2024-12-12 01:28:31,489 [INFO] PluginManager:220 - loadIPPluginJar : add freertos
2024-12-12 01:28:31,492 [INFO] IPUIPlugin:80 - create IPUIPlugin
2024-12-12 01:28:31,492 [INFO] PluginManager:220 - loadIPPluginJar : add genericplugin
2024-12-12 01:28:31,495 [INFO] IPUIPlugin:80 - create IPUIPlugin
2024-12-12 01:28:31,495 [INFO] PluginManager:220 - loadIPPluginJar : add gfxmmu
2024-12-12 01:28:31,501 [INFO] IPUIPlugin:80 - create IPUIPlugin
2024-12-12 01:28:31,501 [INFO] PluginManager:220 - loadIPPluginJar : add gic
2024-12-12 01:28:31,507 [INFO] IPUIPlugin:80 - create IPUIPlugin
2024-12-12 01:28:31,507 [INFO] PluginManager:220 - loadIPPluginJar : add gpio
2024-12-12 01:28:31,511 [INFO] IPUIPlugin:80 - create IPUIPlugin
2024-12-12 01:28:31,511 [INFO] PluginManager:220 - loadIPPluginJar : add gtzc
2024-12-12 01:28:31,514 [INFO] IPUIPlugin:80 - create IPUIPlugin
2024-12-12 01:28:31,515 [INFO] PluginManager:220 - loadIPPluginJar : add hash
2024-12-12 01:28:31,519 [INFO] IPUIPlugin:80 - create IPUIPlugin
2024-12-12 01:28:31,519 [INFO] PluginManager:220 - loadIPPluginJar : add i2c
2024-12-12 01:28:31,522 [INFO] IPUIPlugin:80 - create IPUIPlugin
2024-12-12 01:28:31,522 [INFO] PluginManager:220 - loadIPPluginJar : add i2s
2024-12-12 01:28:31,530 [INFO] IPUIPlugin:80 - create IPUIPlugin
2024-12-12 01:28:31,530 [INFO] PluginManager:220 - loadIPPluginJar : add i3c
2024-12-12 01:28:31,536 [INFO] IPUIPlugin:80 - create IPUIPlugin
2024-12-12 01:28:31,537 [INFO] PluginManager:220 - loadIPPluginJar : add ipddr
2024-12-12 01:28:31,547 [INFO] IPUIPlugin:80 - create IPUIPlugin
2024-12-12 01:28:31,547 [INFO] PluginManager:220 - loadIPPluginJar : add linkedlist
2024-12-12 01:28:31,551 [INFO] IPUIPlugin:80 - create IPUIPlugin
2024-12-12 01:28:31,551 [INFO] PluginManager:220 - loadIPPluginJar : add lorawan
2024-12-12 01:28:31,553 [INFO] IPUIPlugin:80 - create IPUIPlugin
2024-12-12 01:28:31,553 [INFO] PluginManager:220 - loadIPPluginJar : add ltdc
2024-12-12 01:28:31,561 [INFO] IPUIPlugin:80 - create IPUIPlugin
2024-12-12 01:28:31,562 [INFO] PluginManager:220 - loadIPPluginJar : add mdma
2024-12-12 01:28:31,568 [INFO] IPUIPlugin:80 - create IPUIPlugin
2024-12-12 01:28:31,568 [INFO] PluginManager:220 - loadIPPluginJar : add nvic
2024-12-12 01:28:31,575 [INFO] IPUIPlugin:80 - create IPUIPlugin
2024-12-12 01:28:31,575 [INFO] PluginManager:220 - loadIPPluginJar : add opamp
2024-12-12 01:28:31,580 [INFO] IPUIPlugin:80 - create IPUIPlugin
2024-12-12 01:28:31,580 [INFO] PluginManager:220 - loadIPPluginJar : add openamp
2024-12-12 01:28:31,585 [INFO] IPUIPlugin:80 - create IPUIPlugin
2024-12-12 01:28:31,585 [INFO] PluginManager:220 - loadIPPluginJar : add pdm2pcm
2024-12-12 01:28:31,594 [INFO] IPUIPlugin:80 - create IPUIPlugin
2024-12-12 01:28:31,597 [INFO] PluginManager:220 - loadIPPluginJar : add plateformsettings
2024-12-12 01:28:31,599 [INFO] IPUIPlugin:80 - create IPUIPlugin
2024-12-12 01:28:31,599 [INFO] PluginManager:220 - loadIPPluginJar : add quadspi
2024-12-12 01:28:31,602 [INFO] IPUIPlugin:80 - create IPUIPlugin
2024-12-12 01:28:31,603 [INFO] PluginManager:220 - loadIPPluginJar : add radio
2024-12-12 01:28:31,608 [INFO] IPUIPlugin:80 - create IPUIPlugin
2024-12-12 01:28:31,608 [INFO] PluginManager:220 - loadIPPluginJar : add resmgrutility
2024-12-12 01:28:31,612 [INFO] IPUIPlugin:80 - create IPUIPlugin
2024-12-12 01:28:31,613 [INFO] PluginManager:220 - loadIPPluginJar : add sai
2024-12-12 01:28:31,615 [INFO] IPUIPlugin:80 - create IPUIPlugin
2024-12-12 01:28:31,616 [INFO] PluginManager:220 - loadIPPluginJar : add spi
2024-12-12 01:28:31,623 [INFO] IPUIPlugin:80 - create IPUIPlugin
2024-12-12 01:28:31,623 [INFO] PluginManager:220 - loadIPPluginJar : add stm32_wpan
2024-12-12 01:28:31,626 [INFO] IPUIPlugin:80 - create IPUIPlugin
2024-12-12 01:28:31,626 [INFO] PluginManager:220 - loadIPPluginJar : add tim
2024-12-12 01:28:31,631 [INFO] IPUIPlugin:80 - create IPUIPlugin
2024-12-12 01:28:31,631 [INFO] PluginManager:220 - loadIPPluginJar : add touchsensing
2024-12-12 01:28:31,634 [INFO] IPUIPlugin:80 - create IPUIPlugin
2024-12-12 01:28:31,634 [INFO] PluginManager:220 - loadIPPluginJar : add tracer_emb
2024-12-12 01:28:31,637 [INFO] IPUIPlugin:80 - create IPUIPlugin
2024-12-12 01:28:31,638 [INFO] PluginManager:220 - loadIPPluginJar : add ts
2024-12-12 01:28:31,640 [INFO] IPUIPlugin:80 - create IPUIPlugin
2024-12-12 01:28:31,640 [INFO] PluginManager:220 - loadIPPluginJar : add tsc
2024-12-12 01:28:31,643 [INFO] IPUIPlugin:80 - create IPUIPlugin
2024-12-12 01:28:31,643 [INFO] PluginManager:220 - loadIPPluginJar : add ucpd
2024-12-12 01:28:31,647 [INFO] IPUIPlugin:80 - create IPUIPlugin
2024-12-12 01:28:31,648 [INFO] PluginManager:220 - loadIPPluginJar : add usart
2024-12-12 01:28:31,653 [INFO] IPUIPlugin:80 - create IPUIPlugin
2024-12-12 01:28:31,653 [INFO] PluginManager:220 - loadIPPluginJar : add usbx
2024-12-12 01:28:31,815 [FATAL] Updater:351 - Updater called before beeing initialized
2024-12-12 01:28:31,851 [INFO] RulesReader:64 - Compatibility file has been processed (297 Rules)
2024-12-12 01:28:31,866 [INFO] RulesReader:64 - Compatibility file has been processed (297 Rules)
2024-12-12 01:28:31,875 [INFO] CADModel:165 - CPN selected for project level
2024-12-12 01:28:31,875 [INFO] CADModel:114 - Register for checkConnection events
2024-12-12 01:28:31,875 [FATAL] Updater:351 - Updater called before beeing initialized
2024-12-12 01:28:31,875 [ERROR] CADModel:125 - Updater not yet initialized, retry later 
2024-12-12 01:28:32,064 [FATAL] Updater:351 - Updater called before beeing initialized
2024-12-12 01:28:32,067 [INFO] CADModel:165 - CPN selected for project level
2024-12-12 01:28:32,067 [INFO] CADModel:114 - Register for checkConnection events
2024-12-12 01:28:32,067 [FATAL] Updater:351 - Updater called before beeing initialized
2024-12-12 01:28:32,067 [ERROR] CADModel:125 - Updater not yet initialized, retry later 
2024-12-12 01:28:32,070 [FATAL] Updater:351 - Updater called before beeing initialized
2024-12-12 01:28:32,391 [FATAL] Updater:351 - Updater called before beeing initialized
2024-12-12 01:28:32,397 [INFO] DbMcusAds:53 - JSON generation date=Thu Sep 30 13:55:09 ICT 2021 (1632984909247)
2024-12-12 01:28:32,397 [FATAL] Updater:351 - Updater called before beeing initialized
2024-12-12 01:28:32,474 [WARN] DetailPanel:346 - Failed to get advertising image, set to default
2024-12-12 01:28:32,865 [FATAL] Updater:351 - Updater called before beeing initialized
2024-12-12 01:28:32,867 [FATAL] Updater:351 - Updater called before beeing initialized
2024-12-12 01:28:32,868 [FATAL] Updater:351 - Updater called before beeing initialized
2024-12-12 01:28:32,868 [WARN] DetailPanel:346 - Failed to get advertising image, set to default
2024-12-12 01:28:32,869 [FATAL] Updater:351 - Updater called before beeing initialized
2024-12-12 01:28:32,946 [ERROR] Updater:1198 - MainUpdater not yet initialized. External WinMGr cannot be set.
2024-12-12 01:28:32,966 [INFO] Updater:1134 - Updater Version found : 6.13.0
2024-12-12 01:28:32,988 [INFO] ApplicationProperties:184 - Using Application install path: C:\ST\STM32CubeIDE_1.17.0\STM32CubeIDE\plugins\com.st.stm32cube.common.mx_6.13.0.202411220809
2024-12-12 01:28:33,051 [INFO] MainUpdater:525 - Copy updater definitions from MX database
2024-12-12 01:28:33,487 [INFO] MainUpdater:2872 - connection check result : 10
2024-12-12 01:28:33,488 [INFO] MainUpdater:3566 - Updater definition file requires update
2024-12-12 01:28:33,489 [INFO] MainUpdater:289 - Updater Check For Update Now.
2024-12-12 01:28:33,490 [INFO] MicroXplorer:498 - Change Database Version : DB.6.0.130
2024-12-12 01:28:33,513 [INFO] McuFinderGlobals:63 - Set McuFinder mode to 2 (CubeIDE integrated)
2024-12-12 01:28:33,513 [INFO] UserAuth:171 - activating auth plugin
2024-12-12 01:28:33,517 [INFO] ServerAccessManage:473 - Download File updaters.zip
2024-12-12 01:28:33,552 [INFO] UserAuth:486 - Internet connection configuration mode: 1
2024-12-12 01:28:33,624 [INFO] JxBrowserEngine:152 - Initiate JxBrowser Engine with user profile folder
2024-12-12 01:28:33,672 [WARN] MainUpdater:1193 - Updater busy. Cannot search thirdparties
2024-12-12 01:28:33,673 [INFO] ThirdPartyUpdaterWithRetryManager:96 - Updater plugin is busy. [1/15]
2024-12-12 01:28:33,733 [INFO] FileExtend:240 - Unzip File : updaters.zip
2024-12-12 01:28:33,733 [INFO] FileExtend:255 - Standard Zip Deflate
2024-12-12 01:28:34,858 [INFO] ServerAccessManage:473 - Download File PacksControlFlags.xml
2024-12-12 01:28:35,035 [INFO] ServerAccessManage:473 - Download File cubemx.pidx
2024-12-12 01:28:35,282 [INFO] ServerAccessManage:473 - Download File STMicroelectronics.FP-ATR-ASTRA1.pdsc
2024-12-12 01:28:35,488 [INFO] ServerAccessManage:473 - Download File STMicroelectronics.FP-ATR-SIGFOX1.pdsc
2024-12-12 01:28:36,613 [INFO] ServerAccessManage:473 - Download File STMicroelectronics.FP-SNS-STBOX1.pdsc
2024-12-12 01:28:36,696 [WARN] MainUpdater:1193 - Updater busy. Cannot search thirdparties
2024-12-12 01:28:36,696 [INFO] ThirdPartyUpdaterWithRetryManager:96 - Updater plugin is busy. [2/15]
2024-12-12 01:28:36,860 [INFO] ServerAccessManage:473 - Download File STMicroelectronics.FP-SNS-FLIGHT1.pdsc
2024-12-12 01:28:36,970 [INFO] ServerAccessManage:473 - Download File STMicroelectronics.FP-SNS-MOTENV1.pdsc
2024-12-12 01:28:37,136 [INFO] ServerAccessManage:473 - Download File STMicroelectronics.FP-SNS-MOTENVWB1.pdsc
2024-12-12 01:28:37,242 [INFO] ServerAccessManage:473 - Download File STMicroelectronics.FP-SNS-SMARTAG2.pdsc
2024-12-12 01:28:37,701 [INFO] ServerAccessManage:473 - Download File STMicroelectronics.X-CUBE-AI.pdsc
2024-12-12 01:28:38,085 [INFO] ServerAccessManage:473 - Download File STMicroelectronics.X-CUBE-ALS.pdsc
2024-12-12 01:28:38,341 [INFO] ServerAccessManage:473 - Download File STMicroelectronics.X-CUBE-BLE1.pdsc
2024-12-12 01:28:39,240 [ERROR] ServerAccessManage:1089 - Problem, file not found on Server
2024-12-12 01:28:39,377 [INFO] ServerAccessManage:473 - Download File STMicroelectronics.X-CUBE-BLE2.pdsc
2024-12-12 01:28:39,522 [INFO] ServerAccessManage:473 - Download File STMicroelectronics.X-CUBE-BLEMGR.pdsc
2024-12-12 01:28:39,699 [WARN] MainUpdater:1193 - Updater busy. Cannot search thirdparties
2024-12-12 01:28:39,699 [INFO] ThirdPartyUpdaterWithRetryManager:96 - Updater plugin is busy. [3/15]
2024-12-12 01:28:40,190 [ERROR] ServerAccessManage:1089 - Problem, file not found on Server
2024-12-12 01:28:40,260 [INFO] ServerAccessManage:473 - Download File STMicroelectronics.X-CUBE-DISPLAY.pdsc
2024-12-12 01:28:40,404 [INFO] ServerAccessManage:473 - Download File STMicroelectronics.X-CUBE-DPOWER.pdsc
2024-12-12 01:28:41,063 [ERROR] ServerAccessManage:1089 - Problem, file not found on Server
2024-12-12 01:28:41,693 [ERROR] ServerAccessManage:1089 - Problem, file not found on Server
2024-12-12 01:28:42,298 [ERROR] ServerAccessManage:1089 - Problem, file not found on Server
2024-12-12 01:28:42,730 [WARN] MainUpdater:1193 - Updater busy. Cannot search thirdparties
2024-12-12 01:28:42,731 [INFO] ThirdPartyUpdaterWithRetryManager:96 - Updater plugin is busy. [4/15]
2024-12-12 01:28:42,920 [ERROR] ServerAccessManage:1089 - Problem, file not found on Server
2024-12-12 01:28:43,522 [ERROR] ServerAccessManage:1089 - Problem, file not found on Server
2024-12-12 01:28:44,103 [ERROR] ServerAccessManage:1089 - Problem, file not found on Server
2024-12-12 01:28:44,756 [ERROR] ServerAccessManage:1089 - Problem, file not found on Server
2024-12-12 01:28:45,408 [ERROR] ServerAccessManage:1089 - Problem, file not found on Server
2024-12-12 01:28:45,674 [ERROR] ServerAccessManage:1089 - Problem, file not found on Server
2024-12-12 01:28:45,740 [WARN] MainUpdater:1193 - Updater busy. Cannot search thirdparties
2024-12-12 01:28:45,740 [INFO] ThirdPartyUpdaterWithRetryManager:96 - Updater plugin is busy. [5/15]
2024-12-12 01:28:46,271 [ERROR] ServerAccessManage:1089 - Problem, file not found on Server
2024-12-12 01:28:46,587 [ERROR] ServerAccessManage:1089 - Problem, file not found on Server
2024-12-12 01:28:46,647 [INFO] ServerAccessManage:473 - Download File STMicroelectronics.X-CUBE-EEPRMA1.pdsc
2024-12-12 01:28:47,389 [ERROR] ServerAccessManage:1089 - Problem, file not found on Server
2024-12-12 01:28:48,123 [ERROR] ServerAccessManage:1089 - Problem, file not found on Server
2024-12-12 01:28:48,232 [INFO] ServerAccessManage:473 - Download File STMicroelectronics.X-CUBE-FREERTOS.pdsc
2024-12-12 01:28:48,460 [INFO] ServerAccessManage:473 - Download File STMicroelectronics.X-CUBE-GNSS1.pdsc
2024-12-12 01:28:48,783 [WARN] MainUpdater:1193 - Updater busy. Cannot search thirdparties
2024-12-12 01:28:48,785 [INFO] ThirdPartyUpdaterWithRetryManager:96 - Updater plugin is busy. [6/15]
2024-12-12 01:28:49,010 [ERROR] ServerAccessManage:1089 - Problem, file not found on Server
2024-12-12 01:28:49,651 [ERROR] ServerAccessManage:1089 - Problem, file not found on Server
2024-12-12 01:28:50,240 [ERROR] ServerAccessManage:1089 - Problem, file not found on Server
2024-12-12 01:28:50,851 [ERROR] ServerAccessManage:1089 - Problem, file not found on Server
2024-12-12 01:28:51,476 [ERROR] ServerAccessManage:1089 - Problem, file not found on Server
2024-12-12 01:28:51,791 [WARN] MainUpdater:1193 - Updater busy. Cannot search thirdparties
2024-12-12 01:28:51,792 [INFO] ThirdPartyUpdaterWithRetryManager:96 - Updater plugin is busy. [7/15]
2024-12-12 01:28:52,101 [ERROR] ServerAccessManage:1089 - Problem, file not found on Server
2024-12-12 01:28:52,123 [INFO] ServerAccessManage:473 - Download File STMicroelectronics.X-CUBE-ISPU.pdsc
2024-12-12 01:28:52,264 [INFO] ServerAccessManage:473 - Download File STMicroelectronics.X-CUBE-IPS.pdsc
2024-12-12 01:28:52,719 [INFO] ServerAccessManage:473 - Download File STMicroelectronics.X-CUBE-MEMS1.pdsc
2024-12-12 01:28:53,482 [INFO] ServerAccessManage:473 - Download File STMicroelectronics.X-CUBE-NFC4.pdsc
2024-12-12 01:28:53,688 [INFO] ServerAccessManage:473 - Download File STMicroelectronics.X-CUBE-NFC6.pdsc
2024-12-12 01:28:54,006 [INFO] ServerAccessManage:473 - Download File STMicroelectronics.X-CUBE-NFC7.pdsc
2024-12-12 01:28:54,089 [INFO] ServerAccessManage:473 - Download File STMicroelectronics.X-CUBE-NFC9.pdsc
2024-12-12 01:28:54,141 [INFO] ServerAccessManage:473 - Download File STMicroelectronics.X-CUBE-NFC10.pdsc
2024-12-12 01:28:54,254 [INFO] ServerAccessManage:473 - Download File STMicroelectronics.X-CUBE-SFXS2LP1.pdsc
2024-12-12 01:28:54,345 [INFO] ServerAccessManage:473 - Download File STMicroelectronics.X-CUBE-SAFEA1.pdsc
2024-12-12 01:28:54,544 [INFO] ServerAccessManage:473 - Download File STMicroelectronics.X-CUBE-SUBG2.pdsc
2024-12-12 01:28:54,793 [WARN] MainUpdater:1193 - Updater busy. Cannot search thirdparties
2024-12-12 01:28:54,793 [INFO] ThirdPartyUpdaterWithRetryManager:96 - Updater plugin is busy. [8/15]
2024-12-12 01:28:54,805 [INFO] ServerAccessManage:473 - Download File STMicroelectronics.X-CUBE-SMBUS.pdsc
2024-12-12 01:28:55,488 [ERROR] ServerAccessManage:1089 - Problem, file not found on Server
2024-12-12 01:28:55,498 [INFO] ServerAccessManage:473 - Download File STMicroelectronics.X-CUBE-TCPP.pdsc
2024-12-12 01:28:55,603 [INFO] ServerAccessManage:473 - Download File STMicroelectronics.X-CUBE-TOF1.pdsc
2024-12-12 01:28:56,054 [ERROR] ServerAccessManage:1089 - Problem, file not found on Server
2024-12-12 01:28:56,103 [INFO] ServerAccessManage:473 - Download File STMicroelectronics.X-CUBE-TOUCHGFX.pdsc
2024-12-12 01:28:56,367 [INFO] ServerAccessManage:473 - Download File STMicroelectronics.X-CUBE-ALGOBUILD.pdsc
2024-12-12 01:28:56,537 [INFO] ServerAccessManage:473 - Download File STMicroelectronics.X-CUBE-AZRTOS-H7.pdsc
2024-12-12 01:28:56,834 [INFO] ServerAccessManage:473 - Download File STMicroelectronics.X-CUBE-AZRTOS-H7RS.pdsc
2024-12-12 01:28:56,988 [INFO] ServerAccessManage:473 - Download File STMicroelectronics.X-CUBE-AZRTOS-F4.pdsc
2024-12-12 01:28:57,167 [INFO] ServerAccessManage:473 - Download File STMicroelectronics.X-CUBE-AZRTOS-F7.pdsc
2024-12-12 01:28:57,278 [INFO] WebApp:168 - Instantiating new browser for Auth
2024-12-12 01:28:57,333 [INFO] ServerAccessManage:473 - Download File STMicroelectronics.X-CUBE-AZRTOS-L4.pdsc
2024-12-12 01:28:57,452 [INFO] ServerAccessManage:473 - Download File STMicroelectronics.X-CUBE-AZRTOS-L5.pdsc
2024-12-12 01:28:57,616 [INFO] ServerAccessManage:473 - Download File STMicroelectronics.X-CUBE-AZRTOS-G0.pdsc
2024-12-12 01:28:57,738 [INFO] ServerAccessManage:473 - Download File STMicroelectronics.X-CUBE-AZRTOS-G4.pdsc
2024-12-12 01:28:57,795 [WARN] MainUpdater:1193 - Updater busy. Cannot search thirdparties
2024-12-12 01:28:57,795 [INFO] ThirdPartyUpdaterWithRetryManager:96 - Updater plugin is busy. [9/15]
2024-12-12 01:28:57,833 [INFO] ServerAccessManage:473 - Download File STMicroelectronics.X-CUBE-AZRTOS-WB.pdsc
2024-12-12 01:28:57,925 [INFO] ServerAccessManage:473 - Download File STMicroelectronics.X-CUBE-AZRTOS-WL.pdsc
2024-12-12 01:28:58,031 [INFO] ServerAccessManage:473 - Download File STMicroelectronics.X-CUBE-WB05N.pdsc
2024-12-12 01:28:59,001 [INFO] McuFinderGlobals:63 - Set McuFinder mode to 2 (CubeIDE integrated)
2024-12-12 01:28:59,016 [INFO] WebApp:449 - Apply proxy settings
2024-12-12 01:28:59,016 [INFO] WebApp:534 - Chromium requires no authentication
2024-12-12 01:28:59,066 [INFO] WebApp:477 - Direct internet connection detected
2024-12-12 01:28:59,160 [INFO] WebApp:880 - Register for checkConnection events
2024-12-12 01:28:59,160 [INFO] WebApp:449 - Apply proxy settings
2024-12-12 01:28:59,160 [INFO] WebApp:534 - Chromium requires no authentication
2024-12-12 01:28:59,161 [INFO] WebApp:477 - Direct internet connection detected
2024-12-12 01:28:59,389 [INFO] ServerAccessManage:473 - Download File wolfSSL.I-CUBE-wolfSSL.pdsc
2024-12-12 01:28:59,576 [INFO] WebApp:221 - Starting web application
2024-12-12 01:28:59,576 [INFO] WebApp:579 - Web application path used C:\ST\STM32CubeIDE_1.17.0\STM32CubeIDE\plugins\com.st.stm32cube.common.mx_6.13.0.202411220809\db\plugins\mcufinder\reactClient1\index.html
2024-12-12 01:28:59,770 [INFO] WebApp:187 - Connection restablished
2024-12-12 01:29:00,797 [WARN] MainUpdater:1193 - Updater busy. Cannot search thirdparties
2024-12-12 01:29:00,797 [INFO] ThirdPartyUpdaterWithRetryManager:96 - Updater plugin is busy. [10/15]
2024-12-12 01:29:03,798 [WARN] MainUpdater:1193 - Updater busy. Cannot search thirdparties
2024-12-12 01:29:03,798 [INFO] ThirdPartyUpdaterWithRetryManager:96 - Updater plugin is busy. [11/15]
2024-12-12 01:29:06,799 [WARN] MainUpdater:1193 - Updater busy. Cannot search thirdparties
2024-12-12 01:29:06,799 [INFO] ThirdPartyUpdaterWithRetryManager:96 - Updater plugin is busy. [12/15]
2024-12-12 01:29:07,895 [ERROR] ServerAccessManage:1089 - Problem, file not found on Server
2024-12-12 01:29:08,486 [ERROR] ServerAccessManage:1089 - Problem, file not found on Server
2024-12-12 01:29:09,073 [ERROR] ServerAccessManage:1089 - Problem, file not found on Server
2024-12-12 01:29:09,399 [INFO] ServerAccessManage:473 - Download File wolfSSL.I-CUBE-wolfMQTT.pdsc
2024-12-12 01:29:09,801 [WARN] MainUpdater:1193 - Updater busy. Cannot search thirdparties
2024-12-12 01:29:09,801 [INFO] ThirdPartyUpdaterWithRetryManager:96 - Updater plugin is busy. [13/15]
2024-12-12 01:29:11,240 [ERROR] ServerAccessManage:1089 - Problem, file not found on Server
2024-12-12 01:29:11,559 [INFO] ServerAccessManage:473 - Download File wolfSSL.I-CUBE-wolfTPM.pdsc
2024-12-12 01:29:12,806 [WARN] MainUpdater:1193 - Updater busy. Cannot search thirdparties
2024-12-12 01:29:12,807 [INFO] ThirdPartyUpdaterWithRetryManager:96 - Updater plugin is busy. [14/15]
2024-12-12 01:29:13,882 [INFO] ServerAccessManage:473 - Download File wolfSSL.I-CUBE-wolfSSH.pdsc
2024-12-12 01:29:15,807 [WARN] MainUpdater:1193 - Updater busy. Cannot search thirdparties
2024-12-12 01:29:15,807 [INFO] ThirdPartyUpdaterWithRetryManager:96 - Updater plugin is busy. [15/15]
2024-12-12 01:29:15,808 [ERROR] IntegrityCheckThread:130 - Cannot retrieve database content from updater: error -1
2024-12-12 01:29:15,808 [INFO] ThirdParty:978 - Integrity check success = false
2024-12-12 01:29:15,808 [INFO] IntegrityCheckThread:100 - exiting critical section [integrity check]
2024-12-12 01:29:15,808 [INFO] IntegrityCheckThread:103 - End integrity checks thread
2024-12-12 01:29:15,844 [INFO] ServerAccessManage:473 - Download File RealThread.X-CUBE-RT-Thread_Nano.pdsc
2024-12-12 01:29:17,654 [INFO] ServerAccessManage:473 - Download File SEGGER.I-CUBE-embOS.pdsc
2024-12-12 01:29:19,199 [INFO] MainUpdater:2872 - connection check result : 10
2024-12-12 01:29:20,569 [INFO] ServerAccessManage:473 - Download File portGmbH.I-Cube-SoM-uGOAL.pdsc
2024-12-12 01:29:22,289 [ERROR] ServerAccessManage:1089 - Problem, file not found on Server
2024-12-12 01:29:22,457 [ERROR] ServerAccessManage:1089 - Problem, file not found on Server
2024-12-12 01:29:22,630 [ERROR] ServerAccessManage:1089 - Problem, file not found on Server
2024-12-12 01:29:23,859 [INFO] ServerAccessManage:473 - Download File emotas.I-CUBE-CANOPEN.pdsc
2024-12-12 01:29:25,864 [INFO] ServerAccessManage:473 - Download File WES.I-CUBE-Cesium.pdsc
2024-12-12 01:29:26,717 [ERROR] ServerAccessManage:1089 - Problem, file not found on Server
2024-12-12 01:29:27,105 [ERROR] ServerAccessManage:1089 - Problem, file not found on Server
2024-12-12 01:29:28,034 [INFO] ServerAccessManage:473 - Download File ITTIA_DB.I-CUBE-ITTIADB.pdsc
2024-12-12 01:29:33,457 [INFO] ServerAccessManage:473 - Download File Infineon.AIROC-Wi-Fi-Bluetooth-STM32.pdsc
2024-12-12 01:29:40,330 [INFO] ApiDb:581 - Connected to CubeFinder SQLite database (C:\Users\anhhu\.stmcufinder\plugins\mcufinder\mcu\cube-finder-db.db)
2024-12-12 01:29:40,538 [INFO] ApiDb:668 - CubeFinder database Data Model version=2.1
2024-12-12 01:29:40,539 [INFO] ApiDb:669 - CubeFinder database Configuration version=3.0.39
2024-12-12 01:29:40,539 [INFO] ApiDb:670 - CubeFinder database generation date=2024-11-21 (1732182206)
2024-12-12 01:29:40,539 [INFO] ApiDb:671 - CubeFinder database FW Pack versions=[FP-ATR-ASTRA1_V2.0.0, FP-SNS-FLIGHT1_V5.0.2, FP-SNS-MOTENV1_V5.0.0, FP-SNS-MOTENVWB1_V1.4.0, FP-SNS-SMARTAG2_V1.2.0, FP-SNS-STBOX1_V2.0.0, STM32Cube_FW_C0_V1.3.0, STM32Cube_FW_F4_V1.28.1, STM32Cube_FW_F7_V1.17.2, STM32Cube_FW_G0_V1.6.2, STM32Cube_FW_G4_V1.6.1, STM32Cube_FW_H5_V1.4.0, STM32Cube_FW_H7RS_V1.1.0, STM32Cube_FW_H7_V1.12.0, STM32Cube_FW_L0_V1.12.2, STM32Cube_FW_L4_V1.18.1, STM32Cube_FW_L5_V1.5.1, STM32Cube_FW_N6_V1.0.0, STM32Cube_FW_U0_V1.2.0, STM32Cube_FW_U3_V1.0.0, STM32Cube_FW_U5_V1.7.0, STM32Cube_FW_WB0_V1.1.0, STM32Cube_FW_WBA_V1.5.0, STM32Cube_FW_WB_V1.21.0, STM32Cube_FW_WL3_V1.0.0, STM32Cube_FW_WL_V1.3.0, X-CUBE-ALGOBUILD_V1.4.0, X-CUBE-ALS_V1.0.2, X-CUBE-AZRTOS-F4_V1.1.0, X-CUBE-AZRTOS-F7_V1.1.0, X-CUBE-AZRTOS-G0_V1.1.0, X-CUBE-AZRTOS-G4_V2.0.0, X-CUBE-AZRTOS-H7RS_V1.0.0, X-CUBE-AZRTOS-H7_V3.3.0, X-CUBE-AZRTOS-L4_V2.0.0, X-CUBE-AZRTOS-L5_V2.0.0, X-CUBE-AZRTOS-WB_V2.0.0, X-CUBE-AZRTOS-WL_V2.0.0, X-CUBE-BLE1_V7.0.0, X-CUBE-BLE2_V3.3.0, X-CUBE-BLEMGR_V3.1.0, X-CUBE-EEPRMA1_V5.1.0, X-CUBE-FREERTOS_V1.2.0, X-CUBE-GNSS1_V6.0.0, X-CUBE-MEMS1_V11.0.0, X-CUBE-NFC4_V3.0.0, X-CUBE-NFC7_V1.0.1, X-CUBE-SFXS2LP1_V4.0.0, X-CUBE-SUBG2_V5.0.0, X-CUBE-TOF1_V3.4.2]
2024-12-12 01:29:40,772 [INFO] DbBoardsSqlite:226 - include board P-NUCLEO-WB55-NUCLEO as a kit item of type 'Nucleo-64'
2024-12-12 01:29:40,773 [INFO] DbBoardsSqlite:226 - include board P-NUCLEO-WB55-USBDONGLE as a kit item of type 'Nucleo USB Dongle'
2024-12-12 01:29:40,774 [INFO] DbBoardsSqlite:226 - include board STEVAL-IDP005V1 as a kit item of type 'Evaluation Board'
2024-12-12 01:29:40,775 [INFO] DbBoardsSqlite:226 - include board STEVAL-IDP005V2 as a kit item of type 'Evaluation Board'
2024-12-12 01:29:41,133 [INFO] ServerAccessManage:473 - Download File Cesanta.I-CUBE-Mongoose.pdsc
2024-12-12 01:29:41,526 [INFO] ApiDb:240 - Found 858 in-development CPN: [B-G473E-ZEST1S, B-WB1M-WPAN1, B-WBA5M-WPAN, B-WL5M-SUBG1, NUCLEO-C031C6, NUCLEO-C051C8, NUCLEO-C071RB, NUCLEO-C092RC, NUCLEO-H503RB, NUCLEO-H533RE, NUCLEO-H563ZI, NUCLEO-H7S3L8, NUCLEO-N657X0-Q, NUCLEO-U031R8, NUCLEO-U083RC, NUCLEO-U385RG-Q, NUCLEO-U545RE-Q, NUCLEO-U5A5ZJ-Q, NUCLEO-WB05KZ, NUCLEO-WB07CC, NUCLEO-WB09KE, NUCLEO-WBA52CG, NUCLEO-WBA55CG, NUCLEO-WL33CC1, NUCLEO-WL33CC2, STEVAL-PROTEUS1, STEVAL-SMARTAG2, STEVAL-STWINBX1, STM320518-EVAL, STM32C0116-DK, STM32C011D6Y3TR, STM32C011D6Y6TR, STM32C011F4P3, STM32C011F4P6, STM32C011F4U3, STM32C011F4U6TR, STM32C011F6P3, STM32C011F6P6, STM32C011F6U3, STM32C011F6U6TR, STM32C011J4M3, STM32C011J4M6, STM32C011J6M3, STM32C011J6M6, STM32C0316-DK, STM32C031C4T3, STM32C031C4T6, STM32C031C4U3, STM32C031C4U6, STM32C031C6T3, STM32C031C6T6, STM32C031C6U3, STM32C031C6U6, STM32C031F4P3, STM32C031F4P6, STM32C031F6P3, STM32C031F6P6, STM32C031G4U3, STM32C031G4U6, STM32C031G6U3, STM32C031G6U6, STM32C031K4T3, STM32C031K4T6, STM32C031K4U3, STM32C031K4U6, STM32C031K6T3, STM32C031K6T6, STM32C031K6U3, STM32C031K6U6, STM32C051C6T6, STM32C051C6U6, STM32C051C8T6, STM32C051C8U6, STM32C051D8Y6TR, STM32C051F6P6, STM32C051F8P6, STM32C051G6U6, STM32C051G8U6, STM32C051K6T6, STM32C051K6U6, STM32C051K8T6, STM32C071C8T6, STM32C071C8T6N, STM32C071C8U6, STM32C071C8U6N, STM32C071CBT6, STM32C071CBT6N, STM32C071CBU6, STM32C071CBU6N, STM32C071F8P6, STM32C071F8P6N, STM32C071FBP6, STM32C071FBP6N, STM32C071FBY6TR, STM32C071G8U6, STM32C071G8U6N, STM32C071GBU6, STM32C071GBU6N, STM32C071K8T6, STM32C071K8T6N, STM32C071K8U6, STM32C071K8U6N, STM32C071KBT6, STM32C071KBT6N, STM32C071KBU6, STM32C071KBU6N, STM32C071R8T6, STM32C071R8T6N, STM32C071RBI6N, STM32C071RBT6, STM32C071RBT6N, STM32C091CBT6, STM32C091CBU6, STM32C091CCT6, STM32C091CCU6, STM32C091ECY6TR, STM32C091FBP6, STM32C091FCP6, STM32C091GBU6, STM32C091GCU6, STM32C091KBT6, STM32C091KBU6, STM32C091KCT6, STM32C091KCU6, STM32C091RBT6, STM32C091RCI6, STM32C091RCT6, STM32C092CBT6, STM32C092CBU6, STM32C092CCT6, STM32C092CCU6, STM32C092ECY6TR, STM32C092FBP6, STM32C092FCP6, STM32C092GBU6, STM32C092GCU6, STM32C092KBT6, STM32C092KBU6, STM32C092KCT6, STM32C092KCU6, STM32C092RBT6, STM32C092RCI6, STM32C092RCT6, STM32G071K8TXN, STM32G071K8UXN, STM32G081GBU6N, STM32G081KBT6N, STM32G081KBUXN, STM32G0B1CCT6N, STM32G0B1KCT6, STM32G0B1NEY6TR, STM32G0B1RCT6N, STM32G0C1CCT6, STM32G0C1CCT6N, STM32G0C1CCU6N, STM32G0C1CET6N, STM32G0C1CEU6N, STM32G0C1KCT6, STM32G0C1NEY6TR, STM32G0C1RCI6N, STM32G0C1RCT6N, STM32G0C1REI6N, STM32G0C1RET6N, STM32G0C1VCI6, STM32G0C1VEI6, STM32G411C6T3, STM32G411C6T6, STM32G411C6U3, STM32G411C6U6, STM32G411C8T3, STM32G411C8T6, STM32G411C8U3, STM32G411C8U6, STM32G411CBT3, STM32G411CBT6, STM32G411CBU3, STM32G411CBU6, STM32G411CCT3, STM32G411CCT6, STM32G411CCU3, STM32G411CCU6, STM32G411K6T3, STM32G411K6T6, STM32G411K6U3, STM32G411K6U6, STM32G411K8T3, STM32G411K8T6, STM32G411K8U3, STM32G411K8U6, STM32G411KBT3, STM32G411KBT6, STM32G411KBU3, STM32G411KBU6, STM32G411M6T3, STM32G411M6T6, STM32G411M8T3, STM32G411M8T6, STM32G411MBT3, STM32G411MBT6, STM32G411MCT3, STM32G411MCT6, STM32G411R6T3, STM32G411R6T6, STM32G411R8T3, STM32G411R8T6, STM32G411RBT3, STM32G411RBT6, STM32G411RCT3, STM32G411RCT6, STM32G414CBT3, STM32G414CBT6, STM32G414CBU3, STM32G414CBU6, STM32G414CCT3, STM32G414CCT6, STM32G414CCU3, STM32G414CCU6, STM32G414MBT3, STM32G414MBT6, STM32G414MCT3, STM32G414MCT6, STM32G414RBT3, STM32G414RBT6, STM32G414RCT3, STM32G414RCT6, STM32G414VBT3, STM32G414VBT6, STM32G414VCT3, STM32G414VCT6, STM32G431CBT3Z, STM32G431RBT3Z, STM32G471CCT6, STM32G471CCU6, STM32G471CET3, STM32G471CET6, STM32G471CEU3, STM32G471CEU6, STM32G471MCT6, STM32G471MET3, STM32G471MET6, STM32G471MEY6TR, STM32G471QCT6, STM32G471QET3, STM32G471RCT6, STM32G471RET3, STM32G471RET6, STM32G471VCH6, STM32G471VCI6, STM32G471VCT6, STM32G471VEH3, STM32G471VEH6, STM32G471VEI3, STM32G471VEI6, STM32G471VET3, STM32G471VET6, STM32G473QET3Z, STM32G473RET3Z, STM32G474CCT6, STM32G491RET3Z, STM32H503CBT6, STM32H503CBU6, STM32H503EBY6TR, STM32H503KBU6, STM32H503RBT6, STM32H523CCT6, STM32H523CCU6, STM32H523CET6, STM32H523CEU6, STM32H523HEY6TR, STM32H523RCT6, STM32H523RET6, STM32H523VCI6, STM32H523VCT6, STM32H523VEI6, STM32H523VET6, STM32H523ZCJ6, STM32H523ZCT6, STM32H523ZEJ6, STM32H523ZET6, STM32H533CET6, STM32H533CEU6, STM32H533HEY6TR, STM32H533RET6, STM32H533VEI6, STM32H533VET6, STM32H533ZEJ6, STM32H533ZET6, STM32H562AGI6, STM32H562AII6, STM32H562IGK6, STM32H562IGT6, STM32H562IIK6, STM32H562IIT6, STM32H562RGT6, STM32H562RGV6, STM32H562RIT6, STM32H562RIV6, STM32H562VGT6, STM32H562VIT6, STM32H562ZGT6, STM32H562ZIT6, STM32H563AGI6, STM32H563AII3Q, STM32H563AII6, STM32H563IGK6, STM32H563IGT6, STM32H563IIK3Q, STM32H563IIK6, STM32H563IIT3Q, STM32H563IIT6, STM32H563MIY3QTR, STM32H563RGT6, STM32H563RGV6, STM32H563RIT6, STM32H563RIV6, STM32H563VGT6, STM32H563VIT3Q, STM32H563VIT6, STM32H563ZGT6, STM32H563ZIT3Q, STM32H563ZIT6, STM32H573AII3Q, STM32H573AII6, STM32H573I-DK, STM32H573IIK3Q, STM32H573IIK6, STM32H573IIT3Q, STM32H573IIT6, STM32H573MIY3QTR, STM32H573RIT6, STM32H573RIV6, STM32H573VIT3Q, STM32H573VIT6, STM32H573ZIT3Q, STM32H573ZIT6, STM32H7R3A8I6, STM32H7R3I8K6, STM32H7R3I8T6, STM32H7R3L8H6, STM32H7R3L8H6H, STM32H7R3R8V6, STM32H7R3V8H6, STM32H7R3V8T6, STM32H7R3V8Y6TR, STM32H7R3Z8J6, STM32H7R3Z8T6, STM32H7R7A8I6, STM32H7R7I8K6, STM32H7R7I8T6, STM32H7R7L8H6, STM32H7R7L8H6H, STM32H7R7Z8J6, STM32H7S3A8I6, STM32H7S3I8K6, STM32H7S3I8T6, STM32H7S3L8H6, STM32H7S3L8H6H, STM32H7S3R8V6, STM32H7S3V8H6, STM32H7S3V8T6, STM32H7S3V8Y6TR, STM32H7S3Z8J6, STM32H7S3Z8T6, STM32H7S78-DK, STM32H7S7A8I6, STM32H7S7I8K6, STM32H7S7I8T6, STM32H7S7L8H6, STM32H7S7L8H6H, STM32H7S7Z8J6, STM32L4R5QGI6STR, STM32MP131AAE3, STM32MP131AAF3, STM32MP131AAG3, STM32MP131CAE3, STM32MP131CAF3, STM32MP131CAG3, STM32MP131DAE7, STM32MP131DAF7, STM32MP131DAG7, STM32MP131FAE7, STM32MP131FAF7, STM32MP131FAG7, STM32MP133AAE3, STM32MP133AAF3, STM32MP133AAG3, STM32MP133CAE3, STM32MP133CAF3, STM32MP133CAG3, STM32MP133DAE7, STM32MP133DAF7, STM32MP133DAG7, STM32MP133FAE7, STM32MP133FAF7, STM32MP133FAG7, STM32MP135AAE3, STM32MP135AAF3, STM32MP135AAG3, STM32MP135CAE3, STM32MP135CAF3, STM32MP135CAG3, STM32MP135DAE7, STM32MP135DAF7, STM32MP135DAG7, STM32MP135F-DK, STM32MP135FAE7, STM32MP135FAF7, STM32MP135FAF7T, STM32MP135FAF7U, STM32MP135FAG7, STM32MP231AAJ3, STM32MP231AAK3, STM32MP231AAL3, STM32MP231CAJ3, STM32MP231CAK3, STM32MP231CAL3, STM32MP231DAJ3, STM32MP231DAK3, STM32MP231DAL3, STM32MP231FAJ3, STM32MP231FAK3, STM32MP231FAL3, STM32MP233AAJ3, STM32MP233AAK3, STM32MP233AAL3, STM32MP233CAJ3, STM32MP233CAK3, STM32MP233CAL3, STM32MP233DAJ3, STM32MP233DAK3, STM32MP233DAL3, STM32MP233FAJ3, STM32MP233FAK3, STM32MP233FAL3, STM32MP235AAJ3, STM32MP235AAK3, STM32MP235AAL3, STM32MP235CAJ3, STM32MP235CAK3, STM32MP235CAL3, STM32MP235DAJ3, STM32MP235DAK3, STM32MP235DAL3, STM32MP235FAJ3, STM32MP235FAK3, STM32MP235FAL3, STM32MP251AAI3, STM32MP251AAJ3, STM32MP251AAK3, STM32MP251AAL3, STM32MP251CAI3, STM32MP251CAJ3, STM32MP251CAK3, STM32MP251CAL3, STM32MP251DAI3, STM32MP251DAJ3, STM32MP251DAK3, STM32MP251DAL3, STM32MP251FAI3, STM32MP251FAJ3, STM32MP251FAK3, STM32MP251FAL3, STM32MP253AAI3, STM32MP253AAJ3, STM32MP253AAK3, STM32MP253AAL3, STM32MP253CAI3, STM32MP253CAJ3, STM32MP253CAK3, STM32MP253CAL3, STM32MP253DAI3, STM32MP253DAJ3, STM32MP253DAK3, STM32MP253DAL3, STM32MP253FAI3, STM32MP253FAJ3, STM32MP253FAK3, STM32MP253FAL3, STM32MP255AAI3, STM32MP255AAJ3, STM32MP255AAK3, STM32MP255AAL3, STM32MP255CAI3, STM32MP255CAJ3, STM32MP255CAK3, STM32MP255CAL3, STM32MP255DAI3, STM32MP255DAJ3, STM32MP255DAK3, STM32MP255DAL3, STM32MP255FAI3, STM32MP255FAJ3, STM32MP255FAK3, STM32MP255FAL3, STM32MP257AAI3, STM32MP257AAJ3, STM32MP257AAK3, STM32MP257AAL3, STM32MP257CAI3, STM32MP257CAJ3, STM32MP257CAK3, STM32MP257CAL3, STM32MP257DAI3, STM32MP257DAJ3, STM32MP257DAK3, STM32MP257DAL3, STM32MP257F-DK, STM32MP257F-EV1, STM32MP257FAI3, STM32MP257FAJ3, STM32MP257FAK3, STM32MP257FAL3, STM32N645A0H3Q, STM32N645B0H3Q, STM32N645I0H3Q, STM32N645L0H3Q, STM32N645X0H3Q, STM32N645Z0H3Q, STM32N647A0H3Q, STM32N647B0H3Q, STM32N647I0H3Q, STM32N647L0H3Q, STM32N647X0H3Q, STM32N647Z0H3Q, STM32N655A0H3Q, STM32N655B0H3Q, STM32N655I0H3Q, STM32N655L0H3Q, STM32N655X0H3Q, STM32N655Z0H3Q, STM32N6570-DK, STM32N657A0H3Q, STM32N657B0H3Q, STM32N657I0H3Q, STM32N657L0H3Q, STM32N657X0H3Q, STM32N657Z0H3Q, STM32U031C6T6, STM32U031C6U6, STM32U031C8T6, STM32U031C8U6, STM32U031F4P6, STM32U031F6P6, STM32U031F8P6, STM32U031G6Y6TR, STM32U031G8Y6TR, STM32U031K4U6, STM32U031K6U6, STM32U031K8U6, STM32U031R6I6, STM32U031R6T6, STM32U031R8I6, STM32U031R8T6, STM32U073C8T6, STM32U073C8U6, STM32U073CBT6, STM32U073CBU6, STM32U073CCT6, STM32U073CCU6, STM32U073H8Y6TR, STM32U073HBY6TR, STM32U073HCY6TR, STM32U073K8U6, STM32U073KBU6, STM32U073KCU6, STM32U073M8I6, STM32U073M8T6, STM32U073MBI6, STM32U073MBT6, STM32U073MCI6, STM32U073MCT6, STM32U073R8I6, STM32U073R8T6, STM32U073RBI6, STM32U073RBT6, STM32U073RCI6, STM32U073RCT6, STM32U083C-DK, STM32U083CCT6, STM32U083CCU6, STM32U083HCY6TR, STM32U083KCU6, STM32U083MCI6, STM32U083MCT6, STM32U083RCI6, STM32U083RCT6, STM32U375CET6, STM32U375CET6Q, STM32U375CEU6, STM32U375CEU6Q, STM32U375CEY6QTR, STM32U375CGT6, STM32U375CGT6Q, STM32U375CGU6, STM32U375CGU6Q, STM32U375CGY6QTR, STM32U375KEU6, STM32U375KGU6, STM32U375REI6, STM32U375REI6Q, STM32U375RET6, STM32U375RET6Q, STM32U375REY6GTR, STM32U375REY6QTR, STM32U375RGI6, STM32U375RGI6Q, STM32U375RGT6, STM32U375RGT6Q, STM32U375RGY6GTR, STM32U375RGY6QTR, STM32U375VEI6, STM32U375VEI6Q, STM32U375VET6, STM32U375VET6Q, STM32U375VGI6, STM32U375VGI6Q, STM32U375VGT6, STM32U375VGT6Q, STM32U385CGT6, STM32U385CGT6Q, STM32U385CGU6, STM32U385CGU6Q, STM32U385CGY6QTR, STM32U385KGU6, STM32U385RGI6, STM32U385RGI6Q, STM32U385RGT6, STM32U385RGT6Q, STM32U385RGY6GTR, STM32U385RGY6QTR, STM32U385VGI6, STM32U385VGI6Q, STM32U385VGT6, STM32U385VGT6Q, STM32U535CBT6, STM32U535CBT6Q, STM32U535CBU6, STM32U535CBU6Q, STM32U535CCT6, STM32U535CCT6Q, STM32U535CCU6, STM32U535CCU6Q, STM32U535CET6, STM32U535CET6Q, STM32U535CEU6, STM32U535CEU6Q, STM32U535JEY6QTR, STM32U535NCY6QTR, STM32U535NEY6QTR, STM32U535RBI6, STM32U535RBI6Q, STM32U535RBT6, STM32U535RBT6Q, STM32U535RCI6, STM32U535RCI6Q, STM32U535RCT6, STM32U535RCT6Q, STM32U535REI6, STM32U535REI6Q, STM32U535RET6, STM32U535RET6Q, STM32U535VCI6, STM32U535VCI6Q, STM32U535VCT6, STM32U535VCT6Q, STM32U535VEI6, STM32U535VEI6Q, STM32U535VET6, STM32U535VET6Q, STM32U545CET6, STM32U545CET6Q, STM32U545CEU6, STM32U545CEU6Q, STM32U545JEY6QTR, STM32U545NEY6QTR, STM32U545REI6, STM32U545REI6Q, STM32U545RET6, STM32U545RET6Q, STM32U545VEI6, STM32U545VEI6Q, STM32U545VET6, STM32U545VET6Q, STM32U595AIH6, STM32U595AIH6Q, STM32U595AJH6, STM32U595AJH6Q, STM32U595QII6, STM32U595QII6Q, STM32U595QJI6, STM32U595QJI6Q, STM32U595RIT6, STM32U595RIT6Q, STM32U595RJT6, STM32U595RJT6Q, STM32U595VIT6, STM32U595VIT6Q, STM32U595VJT6, STM32U595VJT6Q, STM32U595ZIT6, STM32U595ZIT6Q, STM32U595ZIY6QTR, STM32U595ZJT6, STM32U595ZJT6Q, STM32U595ZJY6QTR, STM32U599BJY6QTR, STM32U599NIH6Q, STM32U599NJH6Q, STM32U599VIT6Q, STM32U599VJT6, STM32U599VJT6Q, STM32U599ZIT6Q, STM32U599ZIY6QTR, STM32U599ZJT6Q, STM32U599ZJY6QTR, STM32U5A5AJH6, STM32U5A5AJH6Q, STM32U5A5QII3Q , STM32U5A5QJI6, STM32U5A5QJI6Q, STM32U5A5RJT6, STM32U5A5RJT6Q, STM32U5A5VJT6, STM32U5A5VJT6Q, STM32U5A5ZJT6, STM32U5A5ZJT6Q, STM32U5A5ZJY6QTR, STM32U5A9BJY6QTR, STM32U5A9J-DK, STM32U5A9NJH6Q, STM32U5A9VJT6Q, STM32U5A9ZJT6Q, STM32U5A9ZJY6QTR, STM32U5F7VIT6, STM32U5F7VIT6Q, STM32U5F7VJT6, STM32U5F7VJT6Q, STM32U5F9BJY6QTR, STM32U5F9NJH6Q, STM32U5F9VIT6Q, STM32U5F9VJT6Q, STM32U5F9ZIJ6QTR, STM32U5F9ZIT6Q, STM32U5F9ZJJ6QTR, STM32U5F9ZJT6Q, STM32U5G7VJT6, STM32U5G7VJT6Q, STM32U5G9BJY6QTR, STM32U5G9J-DK1, STM32U5G9J-DK2, STM32U5G9NJH6Q, STM32U5G9VJT6Q, STM32U5G9ZJJ6QTR, STM32U5G9ZJT6Q, STM32WB05KZV6TR, STM32WB05KZV7TR, STM32WB05TZF6TR, STM32WB05TZF7TR, STM32WB06CCF6TR, STM32WB06CCF7TR, STM32WB06CCV6TR, STM32WB06CCV7TR, STM32WB06KCV6TR, STM32WB06KCV7TR, STM32WB07CCF6TR, STM32WB07CCF7TR, STM32WB07CCV6TR, STM32WB07CCV7TR, STM32WB07KCV6TR, STM32WB07KCV7TR, STM32WB09KEV6TR, STM32WB09KEV7TR, STM32WB09TEF6TR, STM32WB09TEF7TR, STM32WB1MMCH6, STM32WBA50KGU6, STM32WBA50KGU6TR, STM32WBA52CEU6, STM32WBA52CEU6TR, STM32WBA52CEU7, STM32WBA52CEU7TR, STM32WBA52CGU6, STM32WBA52CGU6TR, STM32WBA52CGU6U, STM32WBA52CGU7, STM32WBA52CGU7TR, STM32WBA52KEU6, STM32WBA52KEU6TR, STM32WBA52KGU6, STM32WBA52KGU6TR, STM32WBA54CEU6, STM32WBA54CEU6TR, STM32WBA54CEU7, STM32WBA54CEU7TR, STM32WBA54CGU6, STM32WBA54CGU6TR, STM32WBA54CGU7, STM32WBA54CGU7TR, STM32WBA54KEU6, STM32WBA54KEU6TR, STM32WBA54KEU7, STM32WBA54KEU7TR, STM32WBA54KGU6, STM32WBA54KGU6TR, STM32WBA54KGU7, STM32WBA54KGU7TR, STM32WBA55CEU6, STM32WBA55CEU6TR, STM32WBA55CEU7, STM32WBA55CEU7TR, STM32WBA55CGU6, STM32WBA55CGU6TR, STM32WBA55CGU6U, STM32WBA55CGU7, STM32WBA55CGU7TR, STM32WBA55G-DK1, STM32WBA55HEF6, STM32WBA55HEF7, STM32WBA55HGF6, STM32WBA55HGF7, STM32WBA55UEI6, STM32WBA55UEI6TR, STM32WBA55UEI7, STM32WBA55UEI7TR, STM32WBA55UGI6, STM32WBA55UGI6TR, STM32WBA55UGI7, STM32WBA55UGI7TR, STM32WBA5MJGH6TR, STM32WBA5MJGH6U, STM32WL33C8V6, STM32WL33C8V6TR, STM32WL33C8V7, STM32WL33C8V7TR, STM32WL33CBV6, STM32WL33CBV6TR, STM32WL33CBV7, STM32WL33CBV7TR, STM32WL33CCV6, STM32WL33CCV6TR, STM32WL33CCV7, STM32WL33CCV7A, STM32WL33CCV7ATR, STM32WL33CCV7TR, STM32WL33K8V6, STM32WL33K8V6TR, STM32WL33K8V7, STM32WL33K8V7TR, STM32WL33KBV6, STM32WL33KBV6TR, STM32WL33KBV7, STM32WL33KBV7TR, STM32WL33KCV6, STM32WL33KCV6TR, STM32WL33KCV7, STM32WL33KCV7TR, STM32WL5MOCH6, STM32WL5MOCH6TR]
2024-12-12 01:29:41,949 [INFO] BoardInfo:889 - No configuration file found for board P-NUCLEO-WB55
2024-12-12 01:29:41,951 [INFO] DbBoards:161 - Kit is not supported: P-NUCLEO-WB55
2024-12-12 01:29:41,964 [INFO] BoardInfo:889 - No configuration file found for board STEVAL-BFA001V1B
2024-12-12 01:29:41,966 [INFO] DbBoards:161 - Kit is not supported: STEVAL-BFA001V1B
2024-12-12 01:29:41,968 [INFO] BoardInfo:889 - No configuration file found for board STEVAL-BFA001V2B
2024-12-12 01:29:41,971 [INFO] DbBoards:161 - Kit is not supported: STEVAL-BFA001V2B
2024-12-12 01:29:42,371 [INFO] DbBoards:168 - Found 209 boards, 206 are supported
2024-12-12 01:29:42,371 [INFO] DbBoards:169 - Found 209 boards, 42 of them is supported for  Bsp
2024-12-12 01:29:42,379 [INFO] ApiDb:668 - CubeFinder database Data Model version=2.1
2024-12-12 01:29:42,379 [INFO] ApiDb:669 - CubeFinder database Configuration version=3.0.39
2024-12-12 01:29:42,379 [INFO] ApiDb:670 - CubeFinder database generation date=2024-11-21 (1732182206)
2024-12-12 01:29:42,379 [INFO] ApiDb:671 - CubeFinder database FW Pack versions=[FP-ATR-ASTRA1_V2.0.0, FP-SNS-FLIGHT1_V5.0.2, FP-SNS-MOTENV1_V5.0.0, FP-SNS-MOTENVWB1_V1.4.0, FP-SNS-SMARTAG2_V1.2.0, FP-SNS-STBOX1_V2.0.0, STM32Cube_FW_C0_V1.3.0, STM32Cube_FW_F4_V1.28.1, STM32Cube_FW_F7_V1.17.2, STM32Cube_FW_G0_V1.6.2, STM32Cube_FW_G4_V1.6.1, STM32Cube_FW_H5_V1.4.0, STM32Cube_FW_H7RS_V1.1.0, STM32Cube_FW_H7_V1.12.0, STM32Cube_FW_L0_V1.12.2, STM32Cube_FW_L4_V1.18.1, STM32Cube_FW_L5_V1.5.1, STM32Cube_FW_N6_V1.0.0, STM32Cube_FW_U0_V1.2.0, STM32Cube_FW_U3_V1.0.0, STM32Cube_FW_U5_V1.7.0, STM32Cube_FW_WB0_V1.1.0, STM32Cube_FW_WBA_V1.5.0, STM32Cube_FW_WB_V1.21.0, STM32Cube_FW_WL3_V1.0.0, STM32Cube_FW_WL_V1.3.0, X-CUBE-ALGOBUILD_V1.4.0, X-CUBE-ALS_V1.0.2, X-CUBE-AZRTOS-F4_V1.1.0, X-CUBE-AZRTOS-F7_V1.1.0, X-CUBE-AZRTOS-G0_V1.1.0, X-CUBE-AZRTOS-G4_V2.0.0, X-CUBE-AZRTOS-H7RS_V1.0.0, X-CUBE-AZRTOS-H7_V3.3.0, X-CUBE-AZRTOS-L4_V2.0.0, X-CUBE-AZRTOS-L5_V2.0.0, X-CUBE-AZRTOS-WB_V2.0.0, X-CUBE-AZRTOS-WL_V2.0.0, X-CUBE-BLE1_V7.0.0, X-CUBE-BLE2_V3.3.0, X-CUBE-BLEMGR_V3.1.0, X-CUBE-EEPRMA1_V5.1.0, X-CUBE-FREERTOS_V1.2.0, X-CUBE-GNSS1_V6.0.0, X-CUBE-MEMS1_V11.0.0, X-CUBE-NFC4_V3.0.0, X-CUBE-NFC7_V1.0.1, X-CUBE-SFXS2LP1_V4.0.0, X-CUBE-SUBG2_V5.0.0, X-CUBE-TOF1_V3.4.2]
2024-12-12 01:29:44,744 [INFO] ServerAccessManage:473 - Download File EmbeddedOffice.I-CUBE-FS-RTOS.pdsc
2024-12-12 01:29:45,809 [INFO] ApiDb:240 - Found 858 in-development CPN: [B-G473E-ZEST1S, B-WB1M-WPAN1, B-WBA5M-WPAN, B-WL5M-SUBG1, NUCLEO-C031C6, NUCLEO-C051C8, NUCLEO-C071RB, NUCLEO-C092RC, NUCLEO-H503RB, NUCLEO-H533RE, NUCLEO-H563ZI, NUCLEO-H7S3L8, NUCLEO-N657X0-Q, NUCLEO-U031R8, NUCLEO-U083RC, NUCLEO-U385RG-Q, NUCLEO-U545RE-Q, NUCLEO-U5A5ZJ-Q, NUCLEO-WB05KZ, NUCLEO-WB07CC, NUCLEO-WB09KE, NUCLEO-WBA52CG, NUCLEO-WBA55CG, NUCLEO-WL33CC1, NUCLEO-WL33CC2, STEVAL-PROTEUS1, STEVAL-SMARTAG2, STEVAL-STWINBX1, STM320518-EVAL, STM32C0116-DK, STM32C011D6Y3TR, STM32C011D6Y6TR, STM32C011F4P3, STM32C011F4P6, STM32C011F4U3, STM32C011F4U6TR, STM32C011F6P3, STM32C011F6P6, STM32C011F6U3, STM32C011F6U6TR, STM32C011J4M3, STM32C011J4M6, STM32C011J6M3, STM32C011J6M6, STM32C0316-DK, STM32C031C4T3, STM32C031C4T6, STM32C031C4U3, STM32C031C4U6, STM32C031C6T3, STM32C031C6T6, STM32C031C6U3, STM32C031C6U6, STM32C031F4P3, STM32C031F4P6, STM32C031F6P3, STM32C031F6P6, STM32C031G4U3, STM32C031G4U6, STM32C031G6U3, STM32C031G6U6, STM32C031K4T3, STM32C031K4T6, STM32C031K4U3, STM32C031K4U6, STM32C031K6T3, STM32C031K6T6, STM32C031K6U3, STM32C031K6U6, STM32C051C6T6, STM32C051C6U6, STM32C051C8T6, STM32C051C8U6, STM32C051D8Y6TR, STM32C051F6P6, STM32C051F8P6, STM32C051G6U6, STM32C051G8U6, STM32C051K6T6, STM32C051K6U6, STM32C051K8T6, STM32C071C8T6, STM32C071C8T6N, STM32C071C8U6, STM32C071C8U6N, STM32C071CBT6, STM32C071CBT6N, STM32C071CBU6, STM32C071CBU6N, STM32C071F8P6, STM32C071F8P6N, STM32C071FBP6, STM32C071FBP6N, STM32C071FBY6TR, STM32C071G8U6, STM32C071G8U6N, STM32C071GBU6, STM32C071GBU6N, STM32C071K8T6, STM32C071K8T6N, STM32C071K8U6, STM32C071K8U6N, STM32C071KBT6, STM32C071KBT6N, STM32C071KBU6, STM32C071KBU6N, STM32C071R8T6, STM32C071R8T6N, STM32C071RBI6N, STM32C071RBT6, STM32C071RBT6N, STM32C091CBT6, STM32C091CBU6, STM32C091CCT6, STM32C091CCU6, STM32C091ECY6TR, STM32C091FBP6, STM32C091FCP6, STM32C091GBU6, STM32C091GCU6, STM32C091KBT6, STM32C091KBU6, STM32C091KCT6, STM32C091KCU6, STM32C091RBT6, STM32C091RCI6, STM32C091RCT6, STM32C092CBT6, STM32C092CBU6, STM32C092CCT6, STM32C092CCU6, STM32C092ECY6TR, STM32C092FBP6, STM32C092FCP6, STM32C092GBU6, STM32C092GCU6, STM32C092KBT6, STM32C092KBU6, STM32C092KCT6, STM32C092KCU6, STM32C092RBT6, STM32C092RCI6, STM32C092RCT6, STM32G071K8TXN, STM32G071K8UXN, STM32G081GBU6N, STM32G081KBT6N, STM32G081KBUXN, STM32G0B1CCT6N, STM32G0B1KCT6, STM32G0B1NEY6TR, STM32G0B1RCT6N, STM32G0C1CCT6, STM32G0C1CCT6N, STM32G0C1CCU6N, STM32G0C1CET6N, STM32G0C1CEU6N, STM32G0C1KCT6, STM32G0C1NEY6TR, STM32G0C1RCI6N, STM32G0C1RCT6N, STM32G0C1REI6N, STM32G0C1RET6N, STM32G0C1VCI6, STM32G0C1VEI6, STM32G411C6T3, STM32G411C6T6, STM32G411C6U3, STM32G411C6U6, STM32G411C8T3, STM32G411C8T6, STM32G411C8U3, STM32G411C8U6, STM32G411CBT3, STM32G411CBT6, STM32G411CBU3, STM32G411CBU6, STM32G411CCT3, STM32G411CCT6, STM32G411CCU3, STM32G411CCU6, STM32G411K6T3, STM32G411K6T6, STM32G411K6U3, STM32G411K6U6, STM32G411K8T3, STM32G411K8T6, STM32G411K8U3, STM32G411K8U6, STM32G411KBT3, STM32G411KBT6, STM32G411KBU3, STM32G411KBU6, STM32G411M6T3, STM32G411M6T6, STM32G411M8T3, STM32G411M8T6, STM32G411MBT3, STM32G411MBT6, STM32G411MCT3, STM32G411MCT6, STM32G411R6T3, STM32G411R6T6, STM32G411R8T3, STM32G411R8T6, STM32G411RBT3, STM32G411RBT6, STM32G411RCT3, STM32G411RCT6, STM32G414CBT3, STM32G414CBT6, STM32G414CBU3, STM32G414CBU6, STM32G414CCT3, STM32G414CCT6, STM32G414CCU3, STM32G414CCU6, STM32G414MBT3, STM32G414MBT6, STM32G414MCT3, STM32G414MCT6, STM32G414RBT3, STM32G414RBT6, STM32G414RCT3, STM32G414RCT6, STM32G414VBT3, STM32G414VBT6, STM32G414VCT3, STM32G414VCT6, STM32G431CBT3Z, STM32G431RBT3Z, STM32G471CCT6, STM32G471CCU6, STM32G471CET3, STM32G471CET6, STM32G471CEU3, STM32G471CEU6, STM32G471MCT6, STM32G471MET3, STM32G471MET6, STM32G471MEY6TR, STM32G471QCT6, STM32G471QET3, STM32G471RCT6, STM32G471RET3, STM32G471RET6, STM32G471VCH6, STM32G471VCI6, STM32G471VCT6, STM32G471VEH3, STM32G471VEH6, STM32G471VEI3, STM32G471VEI6, STM32G471VET3, STM32G471VET6, STM32G473QET3Z, STM32G473RET3Z, STM32G474CCT6, STM32G491RET3Z, STM32H503CBT6, STM32H503CBU6, STM32H503EBY6TR, STM32H503KBU6, STM32H503RBT6, STM32H523CCT6, STM32H523CCU6, STM32H523CET6, STM32H523CEU6, STM32H523HEY6TR, STM32H523RCT6, STM32H523RET6, STM32H523VCI6, STM32H523VCT6, STM32H523VEI6, STM32H523VET6, STM32H523ZCJ6, STM32H523ZCT6, STM32H523ZEJ6, STM32H523ZET6, STM32H533CET6, STM32H533CEU6, STM32H533HEY6TR, STM32H533RET6, STM32H533VEI6, STM32H533VET6, STM32H533ZEJ6, STM32H533ZET6, STM32H562AGI6, STM32H562AII6, STM32H562IGK6, STM32H562IGT6, STM32H562IIK6, STM32H562IIT6, STM32H562RGT6, STM32H562RGV6, STM32H562RIT6, STM32H562RIV6, STM32H562VGT6, STM32H562VIT6, STM32H562ZGT6, STM32H562ZIT6, STM32H563AGI6, STM32H563AII3Q, STM32H563AII6, STM32H563IGK6, STM32H563IGT6, STM32H563IIK3Q, STM32H563IIK6, STM32H563IIT3Q, STM32H563IIT6, STM32H563MIY3QTR, STM32H563RGT6, STM32H563RGV6, STM32H563RIT6, STM32H563RIV6, STM32H563VGT6, STM32H563VIT3Q, STM32H563VIT6, STM32H563ZGT6, STM32H563ZIT3Q, STM32H563ZIT6, STM32H573AII3Q, STM32H573AII6, STM32H573I-DK, STM32H573IIK3Q, STM32H573IIK6, STM32H573IIT3Q, STM32H573IIT6, STM32H573MIY3QTR, STM32H573RIT6, STM32H573RIV6, STM32H573VIT3Q, STM32H573VIT6, STM32H573ZIT3Q, STM32H573ZIT6, STM32H7R3A8I6, STM32H7R3I8K6, STM32H7R3I8T6, STM32H7R3L8H6, STM32H7R3L8H6H, STM32H7R3R8V6, STM32H7R3V8H6, STM32H7R3V8T6, STM32H7R3V8Y6TR, STM32H7R3Z8J6, STM32H7R3Z8T6, STM32H7R7A8I6, STM32H7R7I8K6, STM32H7R7I8T6, STM32H7R7L8H6, STM32H7R7L8H6H, STM32H7R7Z8J6, STM32H7S3A8I6, STM32H7S3I8K6, STM32H7S3I8T6, STM32H7S3L8H6, STM32H7S3L8H6H, STM32H7S3R8V6, STM32H7S3V8H6, STM32H7S3V8T6, STM32H7S3V8Y6TR, STM32H7S3Z8J6, STM32H7S3Z8T6, STM32H7S78-DK, STM32H7S7A8I6, STM32H7S7I8K6, STM32H7S7I8T6, STM32H7S7L8H6, STM32H7S7L8H6H, STM32H7S7Z8J6, STM32L4R5QGI6STR, STM32MP131AAE3, STM32MP131AAF3, STM32MP131AAG3, STM32MP131CAE3, STM32MP131CAF3, STM32MP131CAG3, STM32MP131DAE7, STM32MP131DAF7, STM32MP131DAG7, STM32MP131FAE7, STM32MP131FAF7, STM32MP131FAG7, STM32MP133AAE3, STM32MP133AAF3, STM32MP133AAG3, STM32MP133CAE3, STM32MP133CAF3, STM32MP133CAG3, STM32MP133DAE7, STM32MP133DAF7, STM32MP133DAG7, STM32MP133FAE7, STM32MP133FAF7, STM32MP133FAG7, STM32MP135AAE3, STM32MP135AAF3, STM32MP135AAG3, STM32MP135CAE3, STM32MP135CAF3, STM32MP135CAG3, STM32MP135DAE7, STM32MP135DAF7, STM32MP135DAG7, STM32MP135F-DK, STM32MP135FAE7, STM32MP135FAF7, STM32MP135FAF7T, STM32MP135FAF7U, STM32MP135FAG7, STM32MP231AAJ3, STM32MP231AAK3, STM32MP231AAL3, STM32MP231CAJ3, STM32MP231CAK3, STM32MP231CAL3, STM32MP231DAJ3, STM32MP231DAK3, STM32MP231DAL3, STM32MP231FAJ3, STM32MP231FAK3, STM32MP231FAL3, STM32MP233AAJ3, STM32MP233AAK3, STM32MP233AAL3, STM32MP233CAJ3, STM32MP233CAK3, STM32MP233CAL3, STM32MP233DAJ3, STM32MP233DAK3, STM32MP233DAL3, STM32MP233FAJ3, STM32MP233FAK3, STM32MP233FAL3, STM32MP235AAJ3, STM32MP235AAK3, STM32MP235AAL3, STM32MP235CAJ3, STM32MP235CAK3, STM32MP235CAL3, STM32MP235DAJ3, STM32MP235DAK3, STM32MP235DAL3, STM32MP235FAJ3, STM32MP235FAK3, STM32MP235FAL3, STM32MP251AAI3, STM32MP251AAJ3, STM32MP251AAK3, STM32MP251AAL3, STM32MP251CAI3, STM32MP251CAJ3, STM32MP251CAK3, STM32MP251CAL3, STM32MP251DAI3, STM32MP251DAJ3, STM32MP251DAK3, STM32MP251DAL3, STM32MP251FAI3, STM32MP251FAJ3, STM32MP251FAK3, STM32MP251FAL3, STM32MP253AAI3, STM32MP253AAJ3, STM32MP253AAK3, STM32MP253AAL3, STM32MP253CAI3, STM32MP253CAJ3, STM32MP253CAK3, STM32MP253CAL3, STM32MP253DAI3, STM32MP253DAJ3, STM32MP253DAK3, STM32MP253DAL3, STM32MP253FAI3, STM32MP253FAJ3, STM32MP253FAK3, STM32MP253FAL3, STM32MP255AAI3, STM32MP255AAJ3, STM32MP255AAK3, STM32MP255AAL3, STM32MP255CAI3, STM32MP255CAJ3, STM32MP255CAK3, STM32MP255CAL3, STM32MP255DAI3, STM32MP255DAJ3, STM32MP255DAK3, STM32MP255DAL3, STM32MP255FAI3, STM32MP255FAJ3, STM32MP255FAK3, STM32MP255FAL3, STM32MP257AAI3, STM32MP257AAJ3, STM32MP257AAK3, STM32MP257AAL3, STM32MP257CAI3, STM32MP257CAJ3, STM32MP257CAK3, STM32MP257CAL3, STM32MP257DAI3, STM32MP257DAJ3, STM32MP257DAK3, STM32MP257DAL3, STM32MP257F-DK, STM32MP257F-EV1, STM32MP257FAI3, STM32MP257FAJ3, STM32MP257FAK3, STM32MP257FAL3, STM32N645A0H3Q, STM32N645B0H3Q, STM32N645I0H3Q, STM32N645L0H3Q, STM32N645X0H3Q, STM32N645Z0H3Q, STM32N647A0H3Q, STM32N647B0H3Q, STM32N647I0H3Q, STM32N647L0H3Q, STM32N647X0H3Q, STM32N647Z0H3Q, STM32N655A0H3Q, STM32N655B0H3Q, STM32N655I0H3Q, STM32N655L0H3Q, STM32N655X0H3Q, STM32N655Z0H3Q, STM32N6570-DK, STM32N657A0H3Q, STM32N657B0H3Q, STM32N657I0H3Q, STM32N657L0H3Q, STM32N657X0H3Q, STM32N657Z0H3Q, STM32U031C6T6, STM32U031C6U6, STM32U031C8T6, STM32U031C8U6, STM32U031F4P6, STM32U031F6P6, STM32U031F8P6, STM32U031G6Y6TR, STM32U031G8Y6TR, STM32U031K4U6, STM32U031K6U6, STM32U031K8U6, STM32U031R6I6, STM32U031R6T6, STM32U031R8I6, STM32U031R8T6, STM32U073C8T6, STM32U073C8U6, STM32U073CBT6, STM32U073CBU6, STM32U073CCT6, STM32U073CCU6, STM32U073H8Y6TR, STM32U073HBY6TR, STM32U073HCY6TR, STM32U073K8U6, STM32U073KBU6, STM32U073KCU6, STM32U073M8I6, STM32U073M8T6, STM32U073MBI6, STM32U073MBT6, STM32U073MCI6, STM32U073MCT6, STM32U073R8I6, STM32U073R8T6, STM32U073RBI6, STM32U073RBT6, STM32U073RCI6, STM32U073RCT6, STM32U083C-DK, STM32U083CCT6, STM32U083CCU6, STM32U083HCY6TR, STM32U083KCU6, STM32U083MCI6, STM32U083MCT6, STM32U083RCI6, STM32U083RCT6, STM32U375CET6, STM32U375CET6Q, STM32U375CEU6, STM32U375CEU6Q, STM32U375CEY6QTR, STM32U375CGT6, STM32U375CGT6Q, STM32U375CGU6, STM32U375CGU6Q, STM32U375CGY6QTR, STM32U375KEU6, STM32U375KGU6, STM32U375REI6, STM32U375REI6Q, STM32U375RET6, STM32U375RET6Q, STM32U375REY6GTR, STM32U375REY6QTR, STM32U375RGI6, STM32U375RGI6Q, STM32U375RGT6, STM32U375RGT6Q, STM32U375RGY6GTR, STM32U375RGY6QTR, STM32U375VEI6, STM32U375VEI6Q, STM32U375VET6, STM32U375VET6Q, STM32U375VGI6, STM32U375VGI6Q, STM32U375VGT6, STM32U375VGT6Q, STM32U385CGT6, STM32U385CGT6Q, STM32U385CGU6, STM32U385CGU6Q, STM32U385CGY6QTR, STM32U385KGU6, STM32U385RGI6, STM32U385RGI6Q, STM32U385RGT6, STM32U385RGT6Q, STM32U385RGY6GTR, STM32U385RGY6QTR, STM32U385VGI6, STM32U385VGI6Q, STM32U385VGT6, STM32U385VGT6Q, STM32U535CBT6, STM32U535CBT6Q, STM32U535CBU6, STM32U535CBU6Q, STM32U535CCT6, STM32U535CCT6Q, STM32U535CCU6, STM32U535CCU6Q, STM32U535CET6, STM32U535CET6Q, STM32U535CEU6, STM32U535CEU6Q, STM32U535JEY6QTR, STM32U535NCY6QTR, STM32U535NEY6QTR, STM32U535RBI6, STM32U535RBI6Q, STM32U535RBT6, STM32U535RBT6Q, STM32U535RCI6, STM32U535RCI6Q, STM32U535RCT6, STM32U535RCT6Q, STM32U535REI6, STM32U535REI6Q, STM32U535RET6, STM32U535RET6Q, STM32U535VCI6, STM32U535VCI6Q, STM32U535VCT6, STM32U535VCT6Q, STM32U535VEI6, STM32U535VEI6Q, STM32U535VET6, STM32U535VET6Q, STM32U545CET6, STM32U545CET6Q, STM32U545CEU6, STM32U545CEU6Q, STM32U545JEY6QTR, STM32U545NEY6QTR, STM32U545REI6, STM32U545REI6Q, STM32U545RET6, STM32U545RET6Q, STM32U545VEI6, STM32U545VEI6Q, STM32U545VET6, STM32U545VET6Q, STM32U595AIH6, STM32U595AIH6Q, STM32U595AJH6, STM32U595AJH6Q, STM32U595QII6, STM32U595QII6Q, STM32U595QJI6, STM32U595QJI6Q, STM32U595RIT6, STM32U595RIT6Q, STM32U595RJT6, STM32U595RJT6Q, STM32U595VIT6, STM32U595VIT6Q, STM32U595VJT6, STM32U595VJT6Q, STM32U595ZIT6, STM32U595ZIT6Q, STM32U595ZIY6QTR, STM32U595ZJT6, STM32U595ZJT6Q, STM32U595ZJY6QTR, STM32U599BJY6QTR, STM32U599NIH6Q, STM32U599NJH6Q, STM32U599VIT6Q, STM32U599VJT6, STM32U599VJT6Q, STM32U599ZIT6Q, STM32U599ZIY6QTR, STM32U599ZJT6Q, STM32U599ZJY6QTR, STM32U5A5AJH6, STM32U5A5AJH6Q, STM32U5A5QII3Q , STM32U5A5QJI6, STM32U5A5QJI6Q, STM32U5A5RJT6, STM32U5A5RJT6Q, STM32U5A5VJT6, STM32U5A5VJT6Q, STM32U5A5ZJT6, STM32U5A5ZJT6Q, STM32U5A5ZJY6QTR, STM32U5A9BJY6QTR, STM32U5A9J-DK, STM32U5A9NJH6Q, STM32U5A9VJT6Q, STM32U5A9ZJT6Q, STM32U5A9ZJY6QTR, STM32U5F7VIT6, STM32U5F7VIT6Q, STM32U5F7VJT6, STM32U5F7VJT6Q, STM32U5F9BJY6QTR, STM32U5F9NJH6Q, STM32U5F9VIT6Q, STM32U5F9VJT6Q, STM32U5F9ZIJ6QTR, STM32U5F9ZIT6Q, STM32U5F9ZJJ6QTR, STM32U5F9ZJT6Q, STM32U5G7VJT6, STM32U5G7VJT6Q, STM32U5G9BJY6QTR, STM32U5G9J-DK1, STM32U5G9J-DK2, STM32U5G9NJH6Q, STM32U5G9VJT6Q, STM32U5G9ZJJ6QTR, STM32U5G9ZJT6Q, STM32WB05KZV6TR, STM32WB05KZV7TR, STM32WB05TZF6TR, STM32WB05TZF7TR, STM32WB06CCF6TR, STM32WB06CCF7TR, STM32WB06CCV6TR, STM32WB06CCV7TR, STM32WB06KCV6TR, STM32WB06KCV7TR, STM32WB07CCF6TR, STM32WB07CCF7TR, STM32WB07CCV6TR, STM32WB07CCV7TR, STM32WB07KCV6TR, STM32WB07KCV7TR, STM32WB09KEV6TR, STM32WB09KEV7TR, STM32WB09TEF6TR, STM32WB09TEF7TR, STM32WB1MMCH6, STM32WBA50KGU6, STM32WBA50KGU6TR, STM32WBA52CEU6, STM32WBA52CEU6TR, STM32WBA52CEU7, STM32WBA52CEU7TR, STM32WBA52CGU6, STM32WBA52CGU6TR, STM32WBA52CGU6U, STM32WBA52CGU7, STM32WBA52CGU7TR, STM32WBA52KEU6, STM32WBA52KEU6TR, STM32WBA52KGU6, STM32WBA52KGU6TR, STM32WBA54CEU6, STM32WBA54CEU6TR, STM32WBA54CEU7, STM32WBA54CEU7TR, STM32WBA54CGU6, STM32WBA54CGU6TR, STM32WBA54CGU7, STM32WBA54CGU7TR, STM32WBA54KEU6, STM32WBA54KEU6TR, STM32WBA54KEU7, STM32WBA54KEU7TR, STM32WBA54KGU6, STM32WBA54KGU6TR, STM32WBA54KGU7, STM32WBA54KGU7TR, STM32WBA55CEU6, STM32WBA55CEU6TR, STM32WBA55CEU7, STM32WBA55CEU7TR, STM32WBA55CGU6, STM32WBA55CGU6TR, STM32WBA55CGU6U, STM32WBA55CGU7, STM32WBA55CGU7TR, STM32WBA55G-DK1, STM32WBA55HEF6, STM32WBA55HEF7, STM32WBA55HGF6, STM32WBA55HGF7, STM32WBA55UEI6, STM32WBA55UEI6TR, STM32WBA55UEI7, STM32WBA55UEI7TR, STM32WBA55UGI6, STM32WBA55UGI6TR, STM32WBA55UGI7, STM32WBA55UGI7TR, STM32WBA5MJGH6TR, STM32WBA5MJGH6U, STM32WL33C8V6, STM32WL33C8V6TR, STM32WL33C8V7, STM32WL33C8V7TR, STM32WL33CBV6, STM32WL33CBV6TR, STM32WL33CBV7, STM32WL33CBV7TR, STM32WL33CCV6, STM32WL33CCV6TR, STM32WL33CCV7, STM32WL33CCV7A, STM32WL33CCV7ATR, STM32WL33CCV7TR, STM32WL33K8V6, STM32WL33K8V6TR, STM32WL33K8V7, STM32WL33K8V7TR, STM32WL33KBV6, STM32WL33KBV6TR, STM32WL33KBV7, STM32WL33KBV7TR, STM32WL33KCV6, STM32WL33KCV6TR, STM32WL33KCV7, STM32WL33KCV7TR, STM32WL5MOCH6, STM32WL5MOCH6TR]
2024-12-12 01:29:45,822 [INFO] DbMcus:218 - Found 4542 MCUs, 4542 are supported
2024-12-12 01:29:45,834 [INFO] ApiDb:414 - User favorites file not found: C:\Users\anhhu/.stm32cubeide/favorites.mcus.txt
2024-12-12 01:29:45,834 [INFO] DbMcus:224 - Set 0 / 0 favorites MCUs
2024-12-12 01:29:46,393 [INFO] ServerAccessManage:473 - Download File quantropi.X-CUBE-qispace-sdk-base.pdsc
2024-12-12 01:29:46,872 [WARN] PackLoader:240 - Cannot read IP mode file for STMicroelectronics.FP-ATR-ASTRA1.2.0.1
2024-12-12 01:29:46,879 [WARN] PackLoader:240 - Cannot read IP mode file for STMicroelectronics.FP-ATR-SIGFOX1.3.2.0
2024-12-12 01:29:46,891 [WARN] PackLoader:240 - Cannot read IP mode file for STMicroelectronics.FP-SNS-STBOX1.2.0.0
2024-12-12 01:29:46,923 [WARN] PackLoader:240 - Cannot read IP mode file for STMicroelectronics.FP-SNS-FLIGHT1.5.0.2
2024-12-12 01:29:46,931 [WARN] PackLoader:240 - Cannot read IP mode file for STMicroelectronics.FP-SNS-MOTENV1.5.0.0
2024-12-12 01:29:46,937 [WARN] CheckServerUpdateThread:151 - Open CheckUpdateFile Fail
2024-12-12 01:29:46,939 [WARN] PackLoader:240 - Cannot read IP mode file for STMicroelectronics.FP-SNS-MOTENVWB1.1.4.0
2024-12-12 01:29:46,958 [WARN] PackLoader:240 - Cannot read IP mode file for STMicroelectronics.FP-SNS-SMARTAG2.1.2.0
2024-12-12 01:29:46,962 [WARN] PackLoader:240 - Cannot read IP mode file for STMicroelectronics.X-CUBE-AI.9.1.0
2024-12-12 01:29:46,972 [WARN] PackLoader:240 - Cannot read IP mode file for STMicroelectronics.X-CUBE-ALS.1.0.2
2024-12-12 01:29:46,979 [WARN] PackLoader:240 - Cannot read IP mode file for STMicroelectronics.X-CUBE-BLE1.7.0.0
2024-12-12 01:29:47,027 [WARN] PackLoader:240 - Cannot read IP mode file for STMicroelectronics.X-CUBE-BLE2.3.3.0
2024-12-12 01:29:47,044 [WARN] PackLoader:240 - Cannot read IP mode file for STMicroelectronics.X-CUBE-BLEMGR.4.0.0
2024-12-12 01:29:47,067 [WARN] PackLoader:240 - Cannot read IP mode file for STMicroelectronics.X-CUBE-DISPLAY.3.0.0
2024-12-12 01:29:47,136 [WARN] PackLoader:240 - Cannot read IP mode file for STMicroelectronics.X-CUBE-DPower.1.2.0
2024-12-12 01:29:47,148 [WARN] PackLoader:240 - Cannot read IP mode file for STMicroelectronics.X-CUBE-EEPRMA1.5.1.0
2024-12-12 01:29:47,154 [INFO] CheckServerUpdateThread:120 - End of CheckServer Thread
2024-12-12 01:29:47,158 [WARN] PackLoader:240 - Cannot read IP mode file for STMicroelectronics.X-CUBE-FREERTOS.1.3.0
2024-12-12 01:29:47,164 [WARN] PackLoader:240 - Cannot read IP mode file for STMicroelectronics.X-CUBE-GNSS1.7.0.0
2024-12-12 01:29:47,171 [WARN] PackLoader:240 - Cannot read IP mode file for STMicroelectronics.X-CUBE-ISPU.2.1.0
2024-12-12 01:29:47,208 [WARN] PackLoader:240 - Cannot read IP mode file for STMicroelectronics.X-CUBE-IPS.3.0.0
2024-12-12 01:29:47,295 [WARN] PackLoader:240 - Cannot read IP mode file for STMicroelectronics.X-CUBE-MEMS1.11.0.0
2024-12-12 01:29:47,427 [INFO] ApiDb:414 - User favorites file not found: C:\Users\anhhu/.stm32cubeide/favorites.boards.txt
2024-12-12 01:29:47,427 [INFO] DbBoards:198 - Set 0 / 0 favorites Boards
2024-12-12 01:29:47,427 [INFO] McuFinderGlobals:76 - Set McuFinderConnectedMode to true
2024-12-12 01:29:47,446 [INFO] MultiScanPanel:200 - Auto-refresh data requested => check proxy status ongoing
2024-12-12 01:29:47,449 [INFO] FinderPluginLoader:95 - Searching for filters in installed packs
2024-12-12 01:29:47,563 [WARN] PackLoader:240 - Cannot read IP mode file for STMicroelectronics.X-CUBE-NFC4.3.0.0
2024-12-12 01:29:47,571 [WARN] PackLoader:240 - Cannot read IP mode file for STMicroelectronics.X-CUBE-NFC6.3.1.0
2024-12-12 01:29:47,577 [WARN] PackLoader:240 - Cannot read IP mode file for STMicroelectronics.X-CUBE-NFC7.1.0.1
2024-12-12 01:29:47,641 [WARN] PackLoader:240 - Cannot read IP mode file for STMicroelectronics.X-CUBE-NFC9.1.0.0
2024-12-12 01:29:47,648 [WARN] PackLoader:240 - Cannot read IP mode file for STMicroelectronics.X-CUBE-NFC10.1.0.0
2024-12-12 01:29:47,664 [WARN] PackLoader:240 - Cannot read IP mode file for STMicroelectronics.X-CUBE-SFXS2LP1.4.0.0
2024-12-12 01:29:47,670 [WARN] PackLoader:240 - Cannot read IP mode file for STMicroelectronics.X-CUBE-SAFEA1.1.2.2
2024-12-12 01:29:47,679 [WARN] PackLoader:240 - Cannot read IP mode file for STMicroelectronics.X-CUBE-SUBG2.5.0.0
2024-12-12 01:29:47,686 [WARN] PackLoader:240 - Cannot read IP mode file for STMicroelectronics.X-CUBE-SMBUS.2.1.0
2024-12-12 01:29:47,740 [WARN] PackLoader:240 - Cannot read IP mode file for STMicroelectronics.X-CUBE-TCPP.4.2.0
2024-12-12 01:29:47,764 [WARN] PackLoader:240 - Cannot read IP mode file for STMicroelectronics.X-CUBE-TOF1.3.4.2
2024-12-12 01:29:47,834 [WARN] PackLoader:240 - Cannot read IP mode file for STMicroelectronics.X-CUBE-TOUCHGFX.4.24.1
2024-12-12 01:29:47,901 [WARN] PackLoader:240 - Cannot read IP mode file for STMicroelectronics.X-CUBE-ALGOBUILD.1.4.0
2024-12-12 01:29:47,927 [WARN] PackLoader:240 - Cannot read IP mode file for STMicroelectronics.X-CUBE-AZRTOS-H7.3.3.0
2024-12-12 01:29:47,977 [WARN] PackLoader:240 - Cannot read IP mode file for STMicroelectronics.X-CUBE-AZRTOS-H7RS.1.0.0
2024-12-12 01:29:47,998 [WARN] PackLoader:240 - Cannot read IP mode file for STMicroelectronics.X-CUBE-AZRTOS-F4.1.1.0
2024-12-12 01:29:48,062 [WARN] PackLoader:240 - Cannot read IP mode file for STMicroelectronics.X-CUBE-AZRTOS-F7.1.1.0
2024-12-12 01:29:48,149 [WARN] ConditionMgr:438 - getConditionDescription Invalid condition id : LAN8742 Phy interface Condition cause : null
2024-12-12 01:29:48,150 [WARN] PackLoader:240 - Cannot read IP mode file for STMicroelectronics.X-CUBE-AZRTOS-L4.2.0.0
2024-12-12 01:29:48,151 [WARN] ConditionMgr:1044 - genDependencies : Invalid condition id : LAN8742 Phy interface Condition cause : null
2024-12-12 01:29:48,152 [WARN] ConditionMgr:1044 - genDependencies : Invalid condition id : LAN8742 Phy interface Condition cause : null
2024-12-12 01:29:48,153 [WARN] ConditionMgr:1044 - genDependencies : Invalid condition id : LAN8742 Phy interface Condition cause : null
2024-12-12 01:29:48,306 [WARN] PackLoader:240 - Cannot read IP mode file for STMicroelectronics.X-CUBE-AZRTOS-L5.2.0.0
2024-12-12 01:29:48,325 [WARN] PackLoader:240 - Cannot read IP mode file for STMicroelectronics.X-CUBE-AZRTOS-G0.1.1.0
2024-12-12 01:29:48,561 [WARN] PackLoader:240 - Cannot read IP mode file for STMicroelectronics.X-CUBE-AZRTOS-G4.2.0.0
2024-12-12 01:29:48,632 [WARN] ConditionMgr:438 - getConditionDescription Invalid condition id : UX DEVICE CLASS RTOS Condition cause : null
2024-12-12 01:29:48,632 [WARN] ConditionMgr:438 - getConditionDescription Invalid condition id : UX DEVICE CLASS RTOS Condition cause : null
2024-12-12 01:29:48,640 [WARN] PackLoader:240 - Cannot read IP mode file for STMicroelectronics.X-CUBE-AZRTOS-WB.2.0.0
2024-12-12 01:29:48,640 [WARN] ConditionMgr:1044 - genDependencies : Invalid condition id : UX DEVICE CLASS RTOS Condition cause : null
2024-12-12 01:29:48,640 [WARN] ConditionMgr:1044 - genDependencies : Invalid condition id : UX DEVICE CLASS RTOS Condition cause : null
2024-12-12 01:29:48,641 [WARN] ConditionMgr:1044 - genDependencies : Invalid condition id : UX DEVICE CLASS RTOS Condition cause : null
2024-12-12 01:29:48,641 [WARN] ConditionMgr:1044 - genDependencies : Invalid condition id : UX DEVICE CLASS RTOS Condition cause : null
2024-12-12 01:29:48,641 [WARN] ConditionMgr:1044 - genDependencies : Invalid condition id : UX DEVICE CLASS RTOS Condition cause : null
2024-12-12 01:29:48,841 [INFO] LogOutputStream:77 - [STDOUT_REDIRECT] 1 : Invalid condition id : UX_CORESTACK_Condition cause : null
2024-12-12 01:29:48,842 [INFO] LogOutputStream:77 - [STDOUT_REDIRECT] 1 : Invalid condition id : UX_CORESTACK_Condition cause : null
2024-12-12 01:29:48,844 [INFO] LogOutputStream:77 - [STDOUT_REDIRECT] 1 : Invalid condition id : UX_CORESTACK_Condition cause : null
2024-12-12 01:29:48,846 [INFO] LogOutputStream:77 - [STDOUT_REDIRECT] 1 : Invalid condition id : UX_CORESTACK_Condition cause : null
2024-12-12 01:29:48,848 [INFO] LogOutputStream:77 - [STDOUT_REDIRECT] 1 : Invalid condition id : UX_CORESTACK_Condition cause : null
2024-12-12 01:29:48,850 [WARN] PackLoader:240 - Cannot read IP mode file for STMicroelectronics.X-CUBE-AZRTOS-WL.2.0.0
2024-12-12 01:29:48,856 [WARN] PackLoader:240 - Cannot read IP mode file for STMicroelectronics.X-CUBE-WB05N.1.1.0
2024-12-12 01:29:48,879 [WARN] PackLoader:240 - Cannot read IP mode file for wolfSSL.I-CUBE-wolfSSL.5.7.4
2024-12-12 01:29:48,897 [WARN] PackLoader:240 - Cannot read IP mode file for wolfSSL.I-CUBE-wolfMQTT.1.19.0
2024-12-12 01:29:48,900 [WARN] PackLoader:240 - Cannot read IP mode file for wolfSSL.I-CUBE-wolfTPM.3.4.0
2024-12-12 01:29:49,036 [WARN] PackLoader:240 - Cannot read IP mode file for wolfSSL.I-CUBE-wolfSSH.1.4.17
2024-12-12 01:29:49,109 [WARN] PackLoader:240 - Cannot read IP mode file for RealThread.X-CUBE-RT-Thread_Nano.4.1.1
2024-12-12 01:29:49,154 [WARN] PackLoader:240 - Cannot read IP mode file for SEGGER.I-CUBE-embOS.1.3.1
2024-12-12 01:29:49,253 [WARN] PackLoader:240 - Cannot read IP mode file for portGmbH.I-Cube-SoM-uGOAL.1.1.0
2024-12-12 01:29:49,320 [WARN] PackLoader:240 - Cannot read IP mode file for emotas.I-CUBE-CANOPEN.1.3.0
2024-12-12 01:29:49,329 [WARN] PackLoader:240 - Cannot read IP mode file for WES.I-CUBE-Cesium.1.3.0
2024-12-12 01:29:49,350 [WARN] PackLoader:240 - Cannot read IP mode file for ITTIA_DB.I-CUBE-ITTIADB.8.9.0
2024-12-12 01:29:49,391 [WARN] PackLoader:240 - Cannot read IP mode file for Infineon.AIROC-Wi-Fi-Bluetooth-STM32.1.7.0
2024-12-12 01:29:49,461 [WARN] PackLoader:240 - Cannot read IP mode file for Cesanta.I-CUBE-Mongoose.7.13.0
2024-12-12 01:29:49,468 [WARN] PackLoader:240 - Cannot read IP mode file for EmbeddedOffice.I-CUBE-FS-RTOS.1.0.1
2024-12-12 01:29:49,498 [WARN] ConditionMgr:438 - getConditionDescription Invalid condition id : Cortex-A Device cause : null
2024-12-12 01:29:49,639 [WARN] ConditionMgr:1044 - genDependencies : Invalid condition id : Cortex-A Device cause : null
2024-12-12 01:29:49,640 [WARN] ConditionMgr:1044 - genDependencies : Invalid condition id : Cortex-A Device cause : null
2024-12-12 01:29:49,640 [WARN] ConditionMgr:1044 - genDependencies : Invalid condition id : Cortex-A Device cause : null
2024-12-12 01:29:49,640 [INFO] PopulateThirdPartyThread:66 - Ending populate Thread
2024-12-12 01:29:49,646 [INFO] ThirdParty:1030 - CMSIS Pack Vendor :STMicroelectronics X-CUBE-AZRTOS-H7 3.3.0
2024-12-12 01:29:49,646 [INFO] ThirdParty:1030 - CMSIS Pack Vendor :STMicroelectronics X-CUBE-NFC9 1.0.0
2024-12-12 01:29:49,646 [INFO] ThirdParty:1030 - CMSIS Pack Vendor :STMicroelectronics FP-SNS-MOTENVWB1 1.4.0
2024-12-12 01:29:49,646 [INFO] ThirdParty:1030 - CMSIS Pack Vendor :STMicroelectronics X-CUBE-AZRTOS-F4 1.1.0
2024-12-12 01:29:49,646 [INFO] ThirdParty:1030 - CMSIS Pack Vendor :STMicroelectronics FP-ATR-ASTRA1 2.0.1
2024-12-12 01:29:49,646 [INFO] ThirdParty:1030 - CMSIS Pack Vendor :STMicroelectronics X-CUBE-SMBUS 2.1.0
2024-12-12 01:29:49,646 [INFO] ThirdParty:1030 - CMSIS Pack Vendor :STMicroelectronics X-CUBE-WB05N 1.1.0
2024-12-12 01:29:49,646 [INFO] ThirdParty:1030 - CMSIS Pack Vendor :STMicroelectronics X-CUBE-ISPU 2.1.0
2024-12-12 01:29:49,647 [INFO] ThirdParty:1030 - CMSIS Pack Vendor :STMicroelectronics X-CUBE-IPS 3.0.0
2024-12-12 01:29:49,647 [INFO] ThirdParty:1030 - CMSIS Pack Vendor :STMicroelectronics X-CUBE-AZRTOS-WB 2.0.0
2024-12-12 01:29:49,647 [INFO] ThirdParty:1030 - CMSIS Pack Vendor :STMicroelectronics X-CUBE-GNSS1 7.0.0
2024-12-12 01:29:49,647 [INFO] ThirdParty:1030 - CMSIS Pack Vendor :STMicroelectronics X-CUBE-AZRTOS-F7 1.1.0
2024-12-12 01:29:49,647 [INFO] ThirdParty:1030 - CMSIS Pack Vendor :STMicroelectronics X-CUBE-AZRTOS-L5 2.0.0
2024-12-12 01:29:49,647 [INFO] ThirdParty:1030 - CMSIS Pack Vendor :STMicroelectronics X-CUBE-NFC6 3.1.0
2024-12-12 01:29:49,647 [INFO] ThirdParty:1030 - CMSIS Pack Vendor :STMicroelectronics FP-SNS-STBOX1 2.0.0
2024-12-12 01:29:49,647 [INFO] ThirdParty:1030 - CMSIS Pack Vendor :STMicroelectronics X-CUBE-MEMS1 11.0.0
2024-12-12 01:29:49,647 [INFO] ThirdParty:1030 - CMSIS Pack Vendor :STMicroelectronics X-CUBE-AZRTOS-G0 1.1.0
2024-12-12 01:29:49,647 [INFO] ThirdParty:1030 - CMSIS Pack Vendor :STMicroelectronics X-CUBE-DPower 1.2.0
2024-12-12 01:29:49,647 [INFO] ThirdParty:1030 - CMSIS Pack Vendor :STMicroelectronics X-CUBE-NFC4 3.0.0
2024-12-12 01:29:49,647 [INFO] ThirdParty:1030 - CMSIS Pack Vendor :STMicroelectronics X-CUBE-SAFEA1 1.2.2
2024-12-12 01:29:49,647 [INFO] ThirdParty:1030 - CMSIS Pack Vendor :STMicroelectronics X-CUBE-SUBG2 5.0.0
2024-12-12 01:29:49,647 [INFO] ThirdParty:1030 - CMSIS Pack Vendor :EmbeddedOffice I-CUBE-FS-RTOS 1.0.1
2024-12-12 01:29:49,647 [INFO] ThirdParty:1030 - CMSIS Pack Vendor :STMicroelectronics FP-SNS-FLIGHT1 5.0.2
2024-12-12 01:29:49,647 [INFO] ThirdParty:1030 - CMSIS Pack Vendor :Cesanta I-CUBE-Mongoose 7.13.0
2024-12-12 01:29:49,647 [INFO] ThirdParty:1030 - CMSIS Pack Vendor :Infineon AIROC-Wi-Fi-Bluetooth-STM32 1.7.0
2024-12-12 01:29:49,647 [INFO] ThirdParty:1030 - CMSIS Pack Vendor :STMicroelectronics X-CUBE-AZRTOS-G4 2.0.0
2024-12-12 01:29:49,647 [INFO] ThirdParty:1030 - CMSIS Pack Vendor :STMicroelectronics X-CUBE-DISPLAY 3.0.0
2024-12-12 01:29:49,647 [INFO] ThirdParty:1030 - CMSIS Pack Vendor :STMicroelectronics X-CUBE-TCPP 4.2.0
2024-12-12 01:29:49,647 [INFO] ThirdParty:1030 - CMSIS Pack Vendor :RealThread X-CUBE-RT-Thread_Nano 4.1.1
2024-12-12 01:29:49,648 [INFO] ThirdParty:1030 - CMSIS Pack Vendor :STMicroelectronics FP-ATR-SIGFOX1 3.2.0
2024-12-12 01:29:49,648 [INFO] ThirdParty:1030 - CMSIS Pack Vendor :STMicroelectronics X-CUBE-BLE1 7.0.0
2024-12-12 01:29:49,648 [INFO] ThirdParty:1030 - CMSIS Pack Vendor :STMicroelectronics X-CUBE-NFC10 1.0.0
2024-12-12 01:29:49,648 [INFO] ThirdParty:1030 - CMSIS Pack Vendor :quantropi X-CUBE-qispace-sdk-base 1.9.3
2024-12-12 01:29:49,648 [INFO] ThirdParty:1030 - CMSIS Pack Vendor :STMicroelectronics X-CUBE-BLEMGR 4.0.0
2024-12-12 01:29:49,648 [INFO] ThirdParty:1030 - CMSIS Pack Vendor :STMicroelectronics X-CUBE-EEPRMA1 5.1.0
2024-12-12 01:29:49,648 [INFO] ThirdParty:1030 - CMSIS Pack Vendor :STMicroelectronics X-CUBE-ALS 1.0.2
2024-12-12 01:29:49,648 [INFO] ThirdParty:1030 - CMSIS Pack Vendor :STMicroelectronics X-CUBE-FREERTOS 1.3.0
2024-12-12 01:29:49,648 [INFO] ThirdParty:1030 - CMSIS Pack Vendor :emotas I-CUBE-CANOPEN 1.3.0
2024-12-12 01:29:49,648 [INFO] ThirdParty:1030 - CMSIS Pack Vendor :wolfSSL I-CUBE-wolfSSL 5.7.4
2024-12-12 01:29:49,648 [INFO] ThirdParty:1030 - CMSIS Pack Vendor :STMicroelectronics X-CUBE-NFC7 1.0.1
2024-12-12 01:29:49,648 [INFO] ThirdParty:1030 - CMSIS Pack Vendor :ITTIA_DB I-CUBE-ITTIADB 8.9.0
2024-12-12 01:29:49,648 [INFO] ThirdParty:1030 - CMSIS Pack Vendor :STMicroelectronics X-CUBE-TOUCHGFX 4.24.1
2024-12-12 01:29:49,648 [INFO] ThirdParty:1030 - CMSIS Pack Vendor :wolfSSL I-CUBE-wolfTPM 3.4.0
2024-12-12 01:29:49,648 [INFO] ThirdParty:1030 - CMSIS Pack Vendor :portGmbH I-Cube-SoM-uGOAL 1.1.0
2024-12-12 01:29:49,648 [INFO] ThirdParty:1030 - CMSIS Pack Vendor :STMicroelectronics FP-SNS-SMARTAG2 1.2.0
2024-12-12 01:29:49,648 [INFO] ThirdParty:1030 - CMSIS Pack Vendor :STMicroelectronics X-CUBE-AZRTOS-WL 2.0.0
2024-12-12 01:29:49,648 [INFO] ThirdParty:1030 - CMSIS Pack Vendor :SEGGER I-CUBE-embOS 1.3.1
2024-12-12 01:29:49,648 [INFO] ThirdParty:1030 - CMSIS Pack Vendor :STMicroelectronics X-CUBE-ALGOBUILD 1.4.0
2024-12-12 01:29:49,648 [INFO] ThirdParty:1030 - CMSIS Pack Vendor :STMicroelectronics FP-SNS-MOTENV1 5.0.0
2024-12-12 01:29:49,649 [INFO] ThirdParty:1030 - CMSIS Pack Vendor :STMicroelectronics X-CUBE-AZRTOS-H7RS 1.0.0
2024-12-12 01:29:49,649 [INFO] ThirdParty:1030 - CMSIS Pack Vendor :wolfSSL I-CUBE-wolfMQTT 1.19.0
2024-12-12 01:29:49,649 [INFO] ThirdParty:1030 - CMSIS Pack Vendor :STMicroelectronics X-CUBE-AZRTOS-L4 2.0.0
2024-12-12 01:29:49,649 [INFO] ThirdParty:1030 - CMSIS Pack Vendor :WES I-CUBE-Cesium 1.3.0
2024-12-12 01:29:49,649 [INFO] ThirdParty:1030 - CMSIS Pack Vendor :STMicroelectronics X-CUBE-SFXS2LP1 4.0.0
2024-12-12 01:29:49,649 [INFO] ThirdParty:1030 - CMSIS Pack Vendor :STMicroelectronics X-CUBE-BLE2 3.3.0
2024-12-12 01:29:49,649 [INFO] ThirdParty:1030 - CMSIS Pack Vendor :STMicroelectronics X-CUBE-TOF1 3.4.2
2024-12-12 01:29:49,649 [INFO] ThirdParty:1030 - CMSIS Pack Vendor :STMicroelectronics X-CUBE-AI 9.1.0
2024-12-12 01:29:49,649 [INFO] ThirdParty:1030 - CMSIS Pack Vendor :wolfSSL I-CUBE-wolfSSH 1.4.17
2024-12-12 01:29:49,656 [INFO] LoadServerUpdatesThread:375 - End of LoadServerUpdate Thread
2024-12-12 01:29:53,195 [INFO] ServerAccessManage:473 - Download File 
2024-12-12 01:29:53,209 [INFO] LoadUrlFilesThread:185 - End of LoadServerUrlFiles without Thread
2024-12-12 01:29:53,236 [INFO] DetailPanel:341 - Set advertising image to C:/Users/anhhu/STM32Cube/Repository/\en.Prom_NBSTM32U50921.jpg
2024-12-12 01:30:17,376 [INFO] MultiScanPanel:200 - Auto-refresh data requested => check proxy status ongoing
2024-12-12 01:30:17,562 [INFO] LoadUrlFilesThread:185 - End of LoadServerUrlFiles without Thread
2024-12-12 01:30:17,562 [INFO] DetailPanel:341 - Set advertising image to C:/Users/anhhu/STM32Cube/Repository/\en.Prom_NBSTM32U50921.jpg
2024-12-12 01:30:17,596 [INFO] DbBoards:642 - Loading board mini-images...
2024-12-12 01:30:18,076 [ERROR] DbBoards:659 - Image file not found for board B-WBA5M-WPAN: C:\Users\anhhu\.stmcufinder\plugins\mcufinder//mcu//boards_images/B-WBA5M-WPAN.jpg
2024-12-12 01:30:19,807 [ERROR] DbBoards:659 - Image file not found for board NUCLEO-U385RG-Q: C:\Users\anhhu\.stmcufinder\plugins\mcufinder//mcu//boards_images/NUCLEO-U385RG-Q.jpg
2024-12-12 01:30:19,854 [ERROR] DbBoards:659 - Image file not found for board NUCLEO-WB05KZ: C:\Users\anhhu\.stmcufinder\plugins\mcufinder//mcu//boards_images/NUCLEO-WB05KZ.jpg
2024-12-12 01:30:20,089 [ERROR] DbBoards:659 - Image file not found for board NUCLEO-WL33CC1: C:\Users\anhhu\.stmcufinder\plugins\mcufinder//mcu//boards_images/NUCLEO-WL33CC1.jpg
2024-12-12 01:30:20,089 [ERROR] DbBoards:659 - Image file not found for board NUCLEO-WL33CC2: C:\Users\anhhu\.stmcufinder\plugins\mcufinder//mcu//boards_images/NUCLEO-WL33CC2.jpg
2024-12-12 01:30:22,715 [INFO] DbBoards:665 - Loaded 204 board mini-images
2024-12-12 01:32:52,044 [INFO] McuFinderGlobals:76 - Set McuFinderConnectedMode to true
2024-12-12 01:32:52,051 [INFO] ApiDb:448 - Save user favorites file C:\Users\anhhu/.stm32cubeide/favorites.mcus.txt: 0 item(s)
2024-12-12 01:32:52,051 [INFO] ApiDb:452 - User favorites MCUs=[]
2024-12-12 01:32:52,055 [INFO] ApiDb:448 - Save user favorites file C:\Users\anhhu/.stm32cubeide/favorites.boards.txt: 0 item(s)
2024-12-12 01:32:52,055 [INFO] ApiDb:452 - User favorites Boards=[]
