2024-12-18 00:41:52,095 [INFO] MainUpdater:2872 - connection check result : 10
2024-12-18 00:41:53,897 [INFO] McuFinderGlobals:76 - Set McuFinderConnectedMode to true
2024-12-18 00:41:54,030 [INFO] MultiScanPanel:200 - Auto-refresh data requested => check proxy status ongoing
2024-12-18 00:41:54,061 [INFO] FinderPluginLoader:95 - Searching for filters in installed packs
2024-12-18 00:41:58,948 [INFO] LoadUrlFilesThread:185 - End of LoadServerUrlFiles without Thread
2024-12-18 00:41:58,949 [INFO] DetailPanel:341 - Set advertising image to C:/Users/anhhu/STM32Cube/Repository/\en.prom-stm32c071-usb-memories-mcu-finder.png
2024-12-18 00:42:15,146 [INFO] MultiScanPanel:200 - Auto-refresh data requested => check proxy status ongoing
2024-12-18 00:42:15,415 [INFO] LoadUrlFilesThread:185 - End of LoadServerUrlFiles without Thread
2024-12-18 00:42:15,415 [INFO] DetailPanel:341 - Set advertising image to C:/Users/anhhu/STM32Cube/Repository/\en.prom-stm32c071-usb-memories-mcu-finder.png
2024-12-18 00:42:15,424 [INFO] DbBoards:642 - Loading board mini-images...
2024-12-18 00:42:15,767 [ERROR] DbBoards:659 - Image file not found for board B-WBA5M-WPAN: C:\Users\anhhu\.stmcufinder\plugins\mcufinder//mcu//boards_images/B-WBA5M-WPAN.jpg
2024-12-18 00:42:17,157 [ERROR] DbBoards:659 - Image file not found for board NUCLEO-U385RG-Q: C:\Users\anhhu\.stmcufinder\plugins\mcufinder//mcu//boards_images/NUCLEO-U385RG-Q.jpg
2024-12-18 00:42:17,193 [ERROR] DbBoards:659 - Image file not found for board NUCLEO-WB05KZ: C:\Users\anhhu\.stmcufinder\plugins\mcufinder//mcu//boards_images/NUCLEO-WB05KZ.jpg
2024-12-18 00:42:17,338 [ERROR] DbBoards:659 - Image file not found for board NUCLEO-WL33CC1: C:\Users\anhhu\.stmcufinder\plugins\mcufinder//mcu//boards_images/NUCLEO-WL33CC1.jpg
2024-12-18 00:42:17,338 [ERROR] DbBoards:659 - Image file not found for board NUCLEO-WL33CC2: C:\Users\anhhu\.stmcufinder\plugins\mcufinder//mcu//boards_images/NUCLEO-WL33CC2.jpg
2024-12-18 00:42:19,182 [INFO] DbBoards:665 - Loaded 204 board mini-images
2024-12-18 00:42:59,466 [INFO] McuFinderGlobals:76 - Set McuFinderConnectedMode to true
2024-12-18 00:42:59,491 [INFO] ApiDb:448 - Save user favorites file C:\Users\anhhu/.stm32cubeide/favorites.mcus.txt: 0 item(s)
2024-12-18 00:42:59,491 [INFO] ApiDb:452 - User favorites MCUs=[]
2024-12-18 00:42:59,528 [INFO] ApiDb:448 - Save user favorites file C:\Users\anhhu/.stm32cubeide/favorites.boards.txt: 0 item(s)
2024-12-18 00:42:59,528 [INFO] ApiDb:452 - User favorites Boards=[]
