2025-01-13 22:50:02,043 [INFO] Activator:176 - 


2025-01-13 22:50:02,052 [INFO] Activator:177 - !SESSION log4j initialized
2025-01-13 22:50:13,183 [INFO] LogOutputStream:77 - [STDOUT_REDIRECT] 
2025-01-13 22:50:24,184 [INFO] ApplicationProperties:184 - Using Application install path: C:\ST\STM32CubeIDE_1.17.0\STM32CubeIDE\plugins\com.st.stm32cube.common.mx_6.13.0.202411220809
2025-01-13 22:50:24,214 [INFO] DbMcusXml:78 - Set database path to: C:\ST\STM32CubeIDE_1.17.0\STM32CubeIDE\plugins\com.st.stm32cube.common.mx_6.13.0.202411220809\\db\/mcu/
2025-01-13 22:50:24,214 [INFO] ApiDb:274 - Set plugin database path to: C:\ST\STM32CubeIDE_1.17.0\STM32CubeIDE\plugins\com.st.stm32cube.common.mx_6.13.0.202411220809\\db\/plugins/boardmanager/
2025-01-13 22:50:24,215 [WARN] ApiDb:259 - Overriding images path with different value:  => C:\ST\STM32CubeIDE_1.17.0\STM32CubeIDE\plugins\com.st.stm32cube.common.mx_6.13.0.202411220809\\db\/plugins/mcufinder/images/
2025-01-13 22:50:24,238 [INFO] ApiDb:250 - Set database path to: C:\Users\anhhu\.stmcufinder\plugins\mcufinder//mcu/
2025-01-13 22:50:24,240 [INFO] DbMcusAds:125 - Set database path to: C:\Users\anhhu\.stmcufinder\plugins\mcufinder//mcu/
2025-01-13 22:50:24,290 [INFO] CrossReferenceDbSqlite:203 - Set database path to: C:\Users\anhhu\.stmcufinder\plugins\mcufinder//mcu/cs/
2025-01-13 22:50:24,494 [INFO] RulesReader:64 - Compatibility file has been processed (297 Rules)
2025-01-13 22:50:24,644 [INFO] DbMcusXml:78 - Set database path to: C:\ST\STM32CubeIDE_1.17.0\STM32CubeIDE\plugins\com.st.stm32cube.common.mx_6.13.0.202411220809\\db\/mcu/
2025-01-13 22:50:24,645 [INFO] ApiDb:274 - Set plugin database path to: C:\ST\STM32CubeIDE_1.17.0\STM32CubeIDE\plugins\com.st.stm32cube.common.mx_6.13.0.202411220809\\db\/plugins/boardmanager/
2025-01-13 22:50:24,645 [INFO] ApiDb:261 - Set plugin images path to: C:\ST\STM32CubeIDE_1.17.0\STM32CubeIDE\plugins\com.st.stm32cube.common.mx_6.13.0.202411220809\\db\/plugins/mcufinder/images/
2025-01-13 22:50:24,646 [WARN] DbFile:41 - Overriding database path with different value: C:\Users\anhhu\.stmcufinder\plugins\mcufinder/ => C:\Users\anhhu\.stmcufinder\plugins\mcufinder
2025-01-13 22:50:24,648 [INFO] ApiDb:250 - Set database path to: C:\Users\anhhu\.stmcufinder\plugins\mcufinder//mcu/
2025-01-13 22:50:24,648 [WARN] DbFile:41 - Overriding database path with different value: C:\Users\anhhu\.stmcufinder\plugins\mcufinder/ => C:\Users\anhhu\.stmcufinder\plugins\mcufinder
2025-01-13 22:50:24,650 [INFO] DbMcusAds:125 - Set database path to: C:\Users\anhhu\.stmcufinder\plugins\mcufinder//mcu/
2025-01-13 22:50:24,650 [WARN] DbFile:41 - Overriding database path with different value: C:\Users\anhhu\.stmcufinder\plugins\mcufinder/ => C:\Users\anhhu\.stmcufinder\plugins\mcufinder
2025-01-13 22:50:24,650 [WARN] DbFile:41 - Overriding database path with different value: C:\Users\anhhu\.stmcufinder\plugins\mcufinder/ => C:\Users\anhhu\.stmcufinder\plugins\mcufinder
2025-01-13 22:50:24,650 [INFO] CrossReferenceDbSqlite:203 - Set database path to: C:\Users\anhhu\.stmcufinder\plugins\mcufinder//mcu/cs/
2025-01-13 22:50:24,796 [INFO] MainPanel:272 - HeapMemory: 268435456
2025-01-13 22:50:24,973 [INFO] DbMcusXml:78 - Set database path to: C:\ST\STM32CubeIDE_1.17.0\STM32CubeIDE\plugins\com.st.stm32cube.common.mx_6.13.0.202411220809\\db\/mcu/
2025-01-13 22:50:24,973 [INFO] ApiDb:274 - Set plugin database path to: C:\ST\STM32CubeIDE_1.17.0\STM32CubeIDE\plugins\com.st.stm32cube.common.mx_6.13.0.202411220809\\db\/plugins/boardmanager/
2025-01-13 22:50:24,973 [INFO] ApiDb:261 - Set plugin images path to: C:\ST\STM32CubeIDE_1.17.0\STM32CubeIDE\plugins\com.st.stm32cube.common.mx_6.13.0.202411220809\\db\/plugins/mcufinder/images/
2025-01-13 22:50:24,974 [WARN] DbFile:41 - Overriding database path with different value: C:\Users\anhhu\.stmcufinder\plugins\mcufinder/ => C:\Users\anhhu\.stmcufinder\plugins\mcufinder
2025-01-13 22:50:24,974 [INFO] ApiDb:250 - Set database path to: C:\Users\anhhu\.stmcufinder\plugins\mcufinder//mcu/
2025-01-13 22:50:24,974 [WARN] DbFile:41 - Overriding database path with different value: C:\Users\anhhu\.stmcufinder\plugins\mcufinder/ => C:\Users\anhhu\.stmcufinder\plugins\mcufinder
2025-01-13 22:50:24,974 [INFO] DbMcusAds:125 - Set database path to: C:\Users\anhhu\.stmcufinder\plugins\mcufinder//mcu/
2025-01-13 22:50:24,974 [WARN] DbFile:41 - Overriding database path with different value: C:\Users\anhhu\.stmcufinder\plugins\mcufinder/ => C:\Users\anhhu\.stmcufinder\plugins\mcufinder
2025-01-13 22:50:24,974 [WARN] DbFile:41 - Overriding database path with different value: C:\Users\anhhu\.stmcufinder\plugins\mcufinder/ => C:\Users\anhhu\.stmcufinder\plugins\mcufinder
2025-01-13 22:50:24,974 [INFO] CrossReferenceDbSqlite:203 - Set database path to: C:\Users\anhhu\.stmcufinder\plugins\mcufinder//mcu/cs/
2025-01-13 22:50:25,002 [INFO] ApplicationProperties:184 - Using Application install path: C:\ST\STM32CubeIDE_1.17.0\STM32CubeIDE\plugins\com.st.stm32cube.common.mx_6.13.0.202411220809
2025-01-13 22:50:25,004 [INFO] PluginManage:196 - Search for loadable plugins [exclusion list=, ]
2025-01-13 22:50:25,008 [INFO] PluginManage:310 - Check plugin analytics
2025-01-13 22:50:34,444 [INFO] AnalyticsPlugin:253 - Accepted Software Licenses: STM32CubeMX.5.3.0,STM32CubeMX.5.6.0,STM32CubeMX.5.6.1
2025-01-13 22:50:34,445 [INFO] AnalyticsPlugin:255 - Accepted CMSIS Pack Licenses: 
2025-01-13 22:50:34,446 [INFO] AnalyticsPlugin:257 - Accepted Firmware Licenses: 
2025-01-13 22:50:34,459 [INFO] PluginManage:359 - Loaded plugin analytics (category:tool,tabindex:-1)
2025-01-13 22:50:34,459 [INFO] PluginManage:310 - Check plugin cadmodel
2025-01-13 22:50:34,499 [INFO] CADModel:105 - Init CAD model plugin
2025-01-13 22:50:34,499 [INFO] PluginManage:359 - Loaded plugin cadmodel (category:power,tabindex:5)
2025-01-13 22:50:34,499 [INFO] PluginManage:310 - Check plugin clock
2025-01-13 22:50:34,538 [INFO] PluginManage:359 - Loaded plugin clock (category:base,tabindex:2)
2025-01-13 22:50:34,538 [INFO] PluginManage:310 - Check plugin ddr
2025-01-13 22:50:34,543 [INFO] PluginManage:359 - Loaded plugin ddr (category:tool,tabindex:6)
2025-01-13 22:50:34,543 [INFO] PluginManage:310 - Check plugin filemanager
2025-01-13 22:50:34,826 [INFO] PluginManage:359 - Loaded plugin filemanager (category:base,tabindex:10)
2025-01-13 22:50:34,826 [INFO] PluginManage:310 - Check plugin ipmanager
2025-01-13 22:50:34,839 [INFO] PluginManage:359 - Loaded plugin ipmanager (category:base,tabindex:5)
2025-01-13 22:50:34,839 [INFO] PluginManage:310 - Check plugin lpbam
2025-01-13 22:50:34,868 [INFO] PluginManage:359 - Loaded plugin lpbam (category:base,tabindex:0)
2025-01-13 22:50:34,868 [INFO] PluginManage:310 - Check plugin memorymap
2025-01-13 22:50:34,906 [INFO] PluginManage:359 - Loaded plugin memorymap (category:base,tabindex:4)
2025-01-13 22:50:34,906 [INFO] PluginManage:310 - Check plugin pinoutandconfiguration
2025-01-13 22:50:34,936 [INFO] PluginManage:359 - Loaded plugin pinoutandconfiguration (category:base,tabindex:1)
2025-01-13 22:50:34,936 [INFO] PluginManage:310 - Check plugin pinoutconfig
2025-01-13 22:50:35,293 [WARN] SupportedApi:132 - Cannot load RTOS API schema: s4s-elt-must-match.1: The content of 'definitions' must match (annotation?, (simpleType | complexType)?, (unique | key | keyref)*)). A problem was found starting at: attribute.
2025-01-13 22:50:35,540 [INFO] PluginManage:359 - Loaded plugin pinoutconfig (category:base,tabindex:0)
2025-01-13 22:50:35,541 [INFO] PluginManage:310 - Check plugin power
2025-01-13 22:50:35,573 [INFO] PluginManage:359 - Loaded plugin power (category:power,tabindex:4)
2025-01-13 22:50:35,573 [INFO] PluginManage:310 - Check plugin projectmanager
2025-01-13 22:50:35,594 [INFO] PluginManage:359 - Loaded plugin projectmanager (category:projectmanager,tabindex:4)
2025-01-13 22:50:35,594 [INFO] PluginManage:310 - Check plugin rif
2025-01-13 22:50:35,621 [INFO] PluginManage:359 - Loaded plugin rif (category:base,tabindex:3)
2025-01-13 22:50:35,621 [INFO] PluginManage:310 - Check plugin thirdparty
2025-01-13 22:50:36,116 [INFO] PluginManage:359 - Loaded plugin thirdparty (category:base,tabindex:-1)
2025-01-13 22:50:36,116 [WARN] IntegrityCheckThread:84 - waiting for thirdparty lock release [integrity check]
2025-01-13 22:50:36,117 [INFO] PluginManage:310 - Check plugin tools
2025-01-13 22:50:36,117 [INFO] IntegrityCheckThread:86 - entering critical section [integrity check]
2025-01-13 22:50:36,117 [INFO] ThirdPartyUpdaterWithRetryManager:70 - Updater plugin not ready yet. [1/15]
2025-01-13 22:50:36,174 [INFO] PluginManage:359 - Loaded plugin tools (category:base,tabindex:7)
2025-01-13 22:50:36,174 [INFO] PluginManage:310 - Check plugin tutovideos
2025-01-13 22:50:36,439 [INFO] PluginManage:359 - Loaded plugin tutovideos (category:base,tabindex:-1)
2025-01-13 22:50:36,440 [INFO] PluginManage:310 - Check plugin updater
2025-01-13 22:50:36,467 [INFO] PluginManage:359 - Loaded plugin updater (category:base,tabindex:12)
2025-01-13 22:50:36,467 [INFO] PluginManage:310 - Check plugin userauth
2025-01-13 22:50:36,473 [INFO] UserAuth:118 - Init User Auth plugin
2025-01-13 22:50:36,475 [INFO] PluginManage:359 - Loaded plugin userauth (category:base,tabindex:14)
2025-01-13 22:50:36,475 [INFO] PluginManage:283 - PluginManage : Loaded plugins [18]
2025-01-13 22:50:36,795 [INFO] PinOutPanel:1589 - setPackage(No Configuration,No Configuration)
2025-01-13 22:50:36,926 [INFO] CADModel:165 - CPN selected for project level
2025-01-13 22:50:36,927 [INFO] CADModel:114 - Register for checkConnection events
2025-01-13 22:50:36,980 [INFO] IPUIPlugin:80 - create IPUIPlugin
2025-01-13 22:50:36,981 [INFO] PluginManager:220 - loadIPPluginJar : add adc
2025-01-13 22:50:37,055 [INFO] IPUIPlugin:80 - create IPUIPlugin
2025-01-13 22:50:37,055 [INFO] PluginManager:220 - loadIPPluginJar : add aes
2025-01-13 22:50:37,130 [INFO] IPUIPlugin:80 - create IPUIPlugin
2025-01-13 22:50:37,130 [INFO] PluginManager:220 - loadIPPluginJar : add can
2025-01-13 22:50:37,171 [INFO] IPUIPlugin:80 - create IPUIPlugin
2025-01-13 22:50:37,171 [INFO] PluginManager:220 - loadIPPluginJar : add comp
2025-01-13 22:50:37,229 [INFO] IPUIPlugin:80 - create IPUIPlugin
2025-01-13 22:50:37,229 [INFO] PluginManager:220 - loadIPPluginJar : add cryp
2025-01-13 22:50:37,250 [INFO] IPUIPlugin:80 - create IPUIPlugin
2025-01-13 22:50:37,250 [INFO] PluginManager:220 - loadIPPluginJar : add ddr_ctrl_phy
2025-01-13 22:50:37,301 [INFO] IPUIPlugin:80 - create IPUIPlugin
2025-01-13 22:50:37,301 [INFO] PluginManager:220 - loadIPPluginJar : add dfsdm
2025-01-13 22:50:37,323 [INFO] IPUIPlugin:80 - create IPUIPlugin
2025-01-13 22:50:37,324 [INFO] PluginManager:220 - loadIPPluginJar : add dma
2025-01-13 22:50:37,385 [INFO] IPUIPlugin:80 - create IPUIPlugin
2025-01-13 22:50:37,385 [INFO] PluginManager:220 - loadIPPluginJar : add dma3
2025-01-13 22:50:37,460 [INFO] IPUIPlugin:80 - create IPUIPlugin
2025-01-13 22:50:37,460 [INFO] PluginManager:220 - loadIPPluginJar : add extmemmanager
2025-01-13 22:50:37,492 [INFO] IPUIPlugin:80 - create IPUIPlugin
2025-01-13 22:50:37,492 [INFO] PluginManager:220 - loadIPPluginJar : add fatfs
2025-01-13 22:50:37,567 [INFO] IPUIPlugin:80 - create IPUIPlugin
2025-01-13 22:50:37,567 [INFO] PluginManager:220 - loadIPPluginJar : add fmc
2025-01-13 22:50:37,591 [INFO] IPUIPlugin:80 - create IPUIPlugin
2025-01-13 22:50:37,592 [INFO] PluginManager:220 - loadIPPluginJar : add freertos
2025-01-13 22:50:37,629 [INFO] IPUIPlugin:80 - create IPUIPlugin
2025-01-13 22:50:37,629 [INFO] PluginManager:220 - loadIPPluginJar : add genericplugin
2025-01-13 22:50:37,776 [INFO] IPUIPlugin:80 - create IPUIPlugin
2025-01-13 22:50:37,776 [INFO] PluginManager:220 - loadIPPluginJar : add gfxmmu
2025-01-13 22:50:38,009 [INFO] IPUIPlugin:80 - create IPUIPlugin
2025-01-13 22:50:38,009 [INFO] PluginManager:220 - loadIPPluginJar : add gic
2025-01-13 22:50:38,027 [INFO] IPUIPlugin:80 - create IPUIPlugin
2025-01-13 22:50:38,027 [INFO] PluginManager:220 - loadIPPluginJar : add gpio
2025-01-13 22:50:38,192 [INFO] IPUIPlugin:80 - create IPUIPlugin
2025-01-13 22:50:38,192 [INFO] PluginManager:220 - loadIPPluginJar : add gtzc
2025-01-13 22:50:38,253 [INFO] IPUIPlugin:80 - create IPUIPlugin
2025-01-13 22:50:38,253 [INFO] PluginManager:220 - loadIPPluginJar : add hash
2025-01-13 22:50:38,345 [INFO] IPUIPlugin:80 - create IPUIPlugin
2025-01-13 22:50:38,346 [INFO] PluginManager:220 - loadIPPluginJar : add i2c
2025-01-13 22:50:38,412 [INFO] IPUIPlugin:80 - create IPUIPlugin
2025-01-13 22:50:38,412 [INFO] PluginManager:220 - loadIPPluginJar : add i2s
2025-01-13 22:50:38,480 [INFO] IPUIPlugin:80 - create IPUIPlugin
2025-01-13 22:50:38,480 [INFO] PluginManager:220 - loadIPPluginJar : add i3c
2025-01-13 22:50:38,652 [INFO] IPUIPlugin:80 - create IPUIPlugin
2025-01-13 22:50:38,653 [INFO] PluginManager:220 - loadIPPluginJar : add ipddr
2025-01-13 22:50:38,828 [INFO] IPUIPlugin:80 - create IPUIPlugin
2025-01-13 22:50:38,829 [INFO] PluginManager:220 - loadIPPluginJar : add linkedlist
2025-01-13 22:50:38,896 [INFO] IPUIPlugin:80 - create IPUIPlugin
2025-01-13 22:50:38,896 [INFO] PluginManager:220 - loadIPPluginJar : add lorawan
2025-01-13 22:50:38,964 [INFO] IPUIPlugin:80 - create IPUIPlugin
2025-01-13 22:50:38,964 [INFO] PluginManager:220 - loadIPPluginJar : add ltdc
2025-01-13 22:50:38,990 [INFO] IPUIPlugin:80 - create IPUIPlugin
2025-01-13 22:50:38,991 [INFO] PluginManager:220 - loadIPPluginJar : add mdma
2025-01-13 22:50:39,012 [INFO] IPUIPlugin:80 - create IPUIPlugin
2025-01-13 22:50:39,012 [INFO] PluginManager:220 - loadIPPluginJar : add nvic
2025-01-13 22:50:39,080 [INFO] IPUIPlugin:80 - create IPUIPlugin
2025-01-13 22:50:39,080 [INFO] PluginManager:220 - loadIPPluginJar : add opamp
2025-01-13 22:50:39,118 [INFO] ThirdPartyUpdaterWithRetryManager:70 - Updater plugin not ready yet. [2/15]
2025-01-13 22:50:39,195 [INFO] IPUIPlugin:80 - create IPUIPlugin
2025-01-13 22:50:39,195 [INFO] PluginManager:220 - loadIPPluginJar : add openamp
2025-01-13 22:50:39,269 [INFO] IPUIPlugin:80 - create IPUIPlugin
2025-01-13 22:50:39,269 [INFO] PluginManager:220 - loadIPPluginJar : add pdm2pcm
2025-01-13 22:50:39,292 [INFO] IPUIPlugin:80 - create IPUIPlugin
2025-01-13 22:50:39,295 [INFO] PluginManager:220 - loadIPPluginJar : add plateformsettings
2025-01-13 22:50:39,332 [INFO] IPUIPlugin:80 - create IPUIPlugin
2025-01-13 22:50:39,332 [INFO] PluginManager:220 - loadIPPluginJar : add quadspi
2025-01-13 22:50:39,375 [INFO] IPUIPlugin:80 - create IPUIPlugin
2025-01-13 22:50:39,376 [INFO] PluginManager:220 - loadIPPluginJar : add radio
2025-01-13 22:50:39,399 [INFO] IPUIPlugin:80 - create IPUIPlugin
2025-01-13 22:50:39,399 [INFO] PluginManager:220 - loadIPPluginJar : add resmgrutility
2025-01-13 22:50:39,480 [INFO] IPUIPlugin:80 - create IPUIPlugin
2025-01-13 22:50:39,480 [INFO] PluginManager:220 - loadIPPluginJar : add sai
2025-01-13 22:50:39,547 [INFO] IPUIPlugin:80 - create IPUIPlugin
2025-01-13 22:50:39,548 [INFO] PluginManager:220 - loadIPPluginJar : add spi
2025-01-13 22:50:39,713 [INFO] IPUIPlugin:80 - create IPUIPlugin
2025-01-13 22:50:39,713 [INFO] PluginManager:220 - loadIPPluginJar : add stm32_wpan
2025-01-13 22:50:39,769 [INFO] IPUIPlugin:80 - create IPUIPlugin
2025-01-13 22:50:39,769 [INFO] PluginManager:220 - loadIPPluginJar : add tim
2025-01-13 22:50:39,910 [INFO] IPUIPlugin:80 - create IPUIPlugin
2025-01-13 22:50:39,910 [INFO] PluginManager:220 - loadIPPluginJar : add touchsensing
2025-01-13 22:50:39,955 [INFO] IPUIPlugin:80 - create IPUIPlugin
2025-01-13 22:50:39,956 [INFO] PluginManager:220 - loadIPPluginJar : add tracer_emb
2025-01-13 22:50:40,031 [INFO] IPUIPlugin:80 - create IPUIPlugin
2025-01-13 22:50:40,031 [INFO] PluginManager:220 - loadIPPluginJar : add ts
2025-01-13 22:50:40,084 [INFO] IPUIPlugin:80 - create IPUIPlugin
2025-01-13 22:50:40,084 [INFO] PluginManager:220 - loadIPPluginJar : add tsc
2025-01-13 22:50:40,126 [INFO] IPUIPlugin:80 - create IPUIPlugin
2025-01-13 22:50:40,126 [INFO] PluginManager:220 - loadIPPluginJar : add ucpd
2025-01-13 22:50:40,204 [INFO] IPUIPlugin:80 - create IPUIPlugin
2025-01-13 22:50:40,205 [INFO] PluginManager:220 - loadIPPluginJar : add usart
2025-01-13 22:50:40,285 [INFO] IPUIPlugin:80 - create IPUIPlugin
2025-01-13 22:50:40,286 [INFO] PluginManager:220 - loadIPPluginJar : add usbx
2025-01-13 22:50:40,497 [FATAL] Updater:351 - Updater called before beeing initialized
2025-01-13 22:50:40,537 [INFO] RulesReader:64 - Compatibility file has been processed (297 Rules)
2025-01-13 22:50:40,552 [INFO] RulesReader:64 - Compatibility file has been processed (297 Rules)
2025-01-13 22:50:40,566 [INFO] CADModel:165 - CPN selected for project level
2025-01-13 22:50:40,566 [INFO] CADModel:114 - Register for checkConnection events
2025-01-13 22:50:40,566 [FATAL] Updater:351 - Updater called before beeing initialized
2025-01-13 22:50:40,566 [ERROR] CADModel:125 - Updater not yet initialized, retry later 
2025-01-13 22:50:40,777 [FATAL] Updater:351 - Updater called before beeing initialized
2025-01-13 22:50:40,780 [INFO] CADModel:165 - CPN selected for project level
2025-01-13 22:50:40,780 [INFO] CADModel:114 - Register for checkConnection events
2025-01-13 22:50:40,780 [FATAL] Updater:351 - Updater called before beeing initialized
2025-01-13 22:50:40,780 [ERROR] CADModel:125 - Updater not yet initialized, retry later 
2025-01-13 22:50:40,788 [FATAL] Updater:351 - Updater called before beeing initialized
2025-01-13 22:50:41,066 [FATAL] Updater:351 - Updater called before beeing initialized
2025-01-13 22:50:41,116 [INFO] DbMcusAds:53 - JSON generation date=Tue Dec 17 23:01:15 ICT 2024 (1734451275222)
2025-01-13 22:50:41,117 [FATAL] Updater:351 - Updater called before beeing initialized
2025-01-13 22:50:41,189 [WARN] DetailPanel:346 - Failed to get advertising image, set to default
2025-01-13 22:50:41,561 [FATAL] Updater:351 - Updater called before beeing initialized
2025-01-13 22:50:41,563 [FATAL] Updater:351 - Updater called before beeing initialized
2025-01-13 22:50:41,563 [FATAL] Updater:351 - Updater called before beeing initialized
2025-01-13 22:50:41,564 [WARN] DetailPanel:346 - Failed to get advertising image, set to default
2025-01-13 22:50:41,564 [FATAL] Updater:351 - Updater called before beeing initialized
2025-01-13 22:50:41,657 [ERROR] Updater:1198 - MainUpdater not yet initialized. External WinMGr cannot be set.
2025-01-13 22:50:41,673 [INFO] Updater:1134 - Updater Version found : 6.13.0
2025-01-13 22:50:41,698 [INFO] ApplicationProperties:184 - Using Application install path: C:\ST\STM32CubeIDE_1.17.0\STM32CubeIDE\plugins\com.st.stm32cube.common.mx_6.13.0.202411220809
2025-01-13 22:50:42,120 [INFO] ThirdPartyUpdaterWithRetryManager:70 - Updater plugin not ready yet. [3/15]
2025-01-13 22:50:42,244 [INFO] MainUpdater:2872 - connection check result : 10
2025-01-13 22:50:42,244 [INFO] MainUpdater:289 - Updater Check For Update Now.
2025-01-13 22:50:42,245 [INFO] MicroXplorer:498 - Change Database Version : DB.6.0.130
2025-01-13 22:50:42,268 [INFO] McuFinderGlobals:63 - Set McuFinder mode to 2 (CubeIDE integrated)
2025-01-13 22:50:42,268 [INFO] UserAuth:171 - activating auth plugin
2025-01-13 22:50:42,298 [INFO] UserAuth:486 - Internet connection configuration mode: 1
2025-01-13 22:50:42,352 [INFO] JxBrowserEngine:152 - Initiate JxBrowser Engine with user profile folder
2025-01-13 22:50:42,683 [INFO] CheckServerUpdateThread:120 - End of CheckServer Thread
2025-01-13 22:50:45,408 [INFO] WebApp:168 - Instantiating new browser for Auth
2025-01-13 22:50:46,060 [WARN] PackLoader:240 - Cannot read IP mode file for STMicroelectronics.FP-SNS-MOTENVWB1.1.4.0
2025-01-13 22:50:46,185 [WARN] PackLoader:240 - Cannot read IP mode file for STMicroelectronics.FP-ATR-ASTRA1.2.0.1
2025-01-13 22:50:46,215 [WARN] PackLoader:240 - Cannot read IP mode file for STMicroelectronics.X-CUBE-SMBUS.2.1.0
2025-01-13 22:50:46,243 [WARN] PackLoader:240 - Cannot read IP mode file for STMicroelectronics.X-CUBE-WB05N.1.1.0
2025-01-13 22:50:46,319 [WARN] PackLoader:240 - Cannot read IP mode file for STMicroelectronics.X-CUBE-AZRTOS-F7.1.1.0
2025-01-13 22:50:46,634 [WARN] PackLoader:240 - Cannot read IP mode file for STMicroelectronics.X-CUBE-MEMS1.11.0.0
2025-01-13 22:50:47,561 [WARN] PackLoader:240 - Cannot read IP mode file for STMicroelectronics.FP-SNS-FLIGHT1.5.0.2
2025-01-13 22:50:47,639 [WARN] PackLoader:240 - Cannot read IP mode file for Infineon.AIROC-Wi-Fi-Bluetooth-STM32.1.7.0
2025-01-13 22:50:47,673 [WARN] PackLoader:240 - Cannot read IP mode file for STMicroelectronics.X-CUBE-DISPLAY.3.0.0
2025-01-13 22:50:47,711 [WARN] PackLoader:240 - Cannot read IP mode file for STMicroelectronics.X-CUBE-BLE1.7.0.0
2025-01-13 22:50:47,739 [WARN] PackLoader:240 - Cannot read IP mode file for STMicroelectronics.X-CUBE-NFC10.1.0.0
2025-01-13 22:50:47,779 [WARN] PackLoader:240 - Cannot read IP mode file for STMicroelectronics.X-CUBE-BLEMGR.4.0.0
2025-01-13 22:50:47,883 [WARN] PackLoader:240 - Cannot read IP mode file for emotas.I-CUBE-CANOPEN.1.3.0
2025-01-13 22:50:47,989 [WARN] PackLoader:240 - Cannot read IP mode file for STMicroelectronics.FP-SNS-SMARTAG2.1.2.0
2025-01-13 22:50:48,222 [WARN] PackLoader:240 - Cannot read IP mode file for STMicroelectronics.X-CUBE-MEMS1.11.1.0
2025-01-13 22:50:48,472 [INFO] WebApp:449 - Apply proxy settings
2025-01-13 22:50:48,472 [INFO] WebApp:534 - Chromium requires no authentication
2025-01-13 22:50:48,498 [INFO] WebApp:477 - Direct internet connection detected
2025-01-13 22:50:48,720 [INFO] WebApp:880 - Register for checkConnection events
2025-01-13 22:50:48,720 [INFO] WebApp:449 - Apply proxy settings
2025-01-13 22:50:48,720 [INFO] WebApp:534 - Chromium requires no authentication
2025-01-13 22:50:48,721 [INFO] WebApp:477 - Direct internet connection detected
2025-01-13 22:50:48,722 [INFO] LogOutputStream:77 - [STDOUT_REDIRECT] 1 : Invalid condition id : UX_CORESTACK_Condition cause : null
2025-01-13 22:50:48,723 [INFO] LogOutputStream:77 - [STDOUT_REDIRECT] 1 : Invalid condition id : UX_CORESTACK_Condition cause : null
2025-01-13 22:50:48,725 [INFO] LogOutputStream:77 - [STDOUT_REDIRECT] 1 : Invalid condition id : UX_CORESTACK_Condition cause : null
2025-01-13 22:50:48,726 [INFO] LogOutputStream:77 - [STDOUT_REDIRECT] 1 : Invalid condition id : UX_CORESTACK_Condition cause : null
2025-01-13 22:50:48,729 [INFO] LogOutputStream:77 - [STDOUT_REDIRECT] 1 : Invalid condition id : UX_CORESTACK_Condition cause : null
2025-01-13 22:50:48,734 [WARN] PackLoader:240 - Cannot read IP mode file for STMicroelectronics.X-CUBE-AZRTOS-WL.2.0.0
2025-01-13 22:50:48,786 [WARN] PackLoader:240 - Cannot read IP mode file for STMicroelectronics.FP-SNS-MOTENV1.5.0.0
2025-01-13 22:50:48,819 [WARN] PackLoader:240 - Cannot read IP mode file for wolfSSL.I-CUBE-wolfMQTT.1.19.0
2025-01-13 22:50:48,864 [WARN] PackLoader:240 - Cannot read IP mode file for WES.I-CUBE-Cesium.1.3.0
2025-01-13 22:50:48,893 [WARN] PackLoader:240 - Cannot read IP mode file for STMicroelectronics.X-CUBE-BLE2.3.3.0
2025-01-13 22:50:48,925 [WARN] PackLoader:240 - Cannot read IP mode file for STMicroelectronics.X-CUBE-NFC9.1.0.0
2025-01-13 22:50:49,031 [WARN] PackLoader:240 - Cannot read IP mode file for STMicroelectronics.X-CUBE-AZRTOS-G0.1.1.0
2025-01-13 22:50:49,061 [WARN] PackLoader:240 - Cannot read IP mode file for STMicroelectronics.X-CUBE-SAFEA1.1.2.2
2025-01-13 22:50:49,259 [INFO] WebApp:187 - Connection restablished
2025-01-13 22:50:49,261 [WARN] PackLoader:240 - Cannot read IP mode file for STMicroelectronics.X-CUBE-NFC4.3.0.0
2025-01-13 22:50:49,313 [WARN] PackLoader:240 - Cannot read IP mode file for EmbeddedOffice.I-CUBE-FS-RTOS.1.0.1
2025-01-13 22:50:49,339 [WARN] PackLoader:240 - Cannot read IP mode file for STMicroelectronics.X-CUBE-TCPP.4.2.0
2025-01-13 22:50:49,364 [WARN] PackLoader:240 - Cannot read IP mode file for RealThread.X-CUBE-RT-Thread_Nano.4.1.1
2025-01-13 22:50:49,387 [WARN] PackLoader:240 - Cannot read IP mode file for STMicroelectronics.FP-ATR-SIGFOX1.3.2.0
2025-01-13 22:50:49,509 [WARN] ConditionMgr:438 - getConditionDescription Invalid condition id : Cortex-A Device cause : null
2025-01-13 22:50:49,670 [WARN] ConditionMgr:1044 - genDependencies : Invalid condition id : Cortex-A Device cause : null
2025-01-13 22:50:49,671 [WARN] ConditionMgr:1044 - genDependencies : Invalid condition id : Cortex-A Device cause : null
2025-01-13 22:50:49,671 [WARN] ConditionMgr:1044 - genDependencies : Invalid condition id : Cortex-A Device cause : null
2025-01-13 22:50:49,740 [WARN] PackLoader:240 - Cannot read IP mode file for STMicroelectronics.X-CUBE-EEPRMA1.5.1.0
2025-01-13 22:50:49,764 [WARN] PackLoader:240 - Cannot read IP mode file for wolfSSL.I-CUBE-wolfSSL.5.7.4
2025-01-13 22:50:49,769 [INFO] WebApp:221 - Starting web application
2025-01-13 22:50:49,769 [INFO] WebApp:579 - Web application path used C:\ST\STM32CubeIDE_1.17.0\STM32CubeIDE\plugins\com.st.stm32cube.common.mx_6.13.0.202411220809\db\plugins\mcufinder\reactClient1\index.html
2025-01-13 22:50:49,830 [WARN] PackLoader:240 - Cannot read IP mode file for ITTIA_DB.I-CUBE-ITTIADB.8.9.0
2025-01-13 22:50:49,897 [WARN] PackLoader:240 - Cannot read IP mode file for SEGGER.I-CUBE-embOS.1.3.1
2025-01-13 22:50:49,968 [WARN] PackLoader:240 - Cannot read IP mode file for STMicroelectronics.X-CUBE-ALGOBUILD.1.4.0
2025-01-13 22:50:49,994 [WARN] PackLoader:240 - Cannot read IP mode file for STMicroelectronics.X-CUBE-AI.9.1.0
2025-01-13 22:50:50,046 [WARN] PackLoader:240 - Cannot read IP mode file for STMicroelectronics.X-CUBE-AZRTOS-F4.1.1.0
2025-01-13 22:50:50,075 [WARN] PackLoader:240 - Cannot read IP mode file for STMicroelectronics.X-CUBE-ISPU.2.1.0
2025-01-13 22:50:50,126 [WARN] PackLoader:240 - Cannot read IP mode file for STMicroelectronics.X-CUBE-AZRTOS-L5.2.0.0
2025-01-13 22:50:50,165 [WARN] PackLoader:240 - Cannot read IP mode file for STMicroelectronics.X-CUBE-NFC6.3.1.0
2025-01-13 22:50:50,192 [WARN] PackLoader:240 - Cannot read IP mode file for STMicroelectronics.X-CUBE-DPower.1.2.0
2025-01-13 22:50:50,229 [WARN] PackLoader:240 - Cannot read IP mode file for STMicroelectronics.X-CUBE-FREERTOS.1.3.0
2025-01-13 22:50:50,324 [WARN] PackLoader:240 - Cannot read IP mode file for STMicroelectronics.X-CUBE-NFC7.1.0.1
2025-01-13 22:50:50,495 [WARN] ConditionMgr:438 - getConditionDescription Invalid condition id : LAN8742 Phy interface Condition cause : null
2025-01-13 22:50:50,496 [WARN] PackLoader:240 - Cannot read IP mode file for STMicroelectronics.X-CUBE-AZRTOS-L4.2.0.0
2025-01-13 22:50:50,497 [WARN] ConditionMgr:1044 - genDependencies : Invalid condition id : LAN8742 Phy interface Condition cause : null
2025-01-13 22:50:50,497 [WARN] ConditionMgr:1044 - genDependencies : Invalid condition id : LAN8742 Phy interface Condition cause : null
2025-01-13 22:50:50,498 [WARN] ConditionMgr:1044 - genDependencies : Invalid condition id : LAN8742 Phy interface Condition cause : null
2025-01-13 22:50:50,630 [WARN] PackLoader:240 - Cannot read IP mode file for STMicroelectronics.X-CUBE-SFXS2LP1.4.0.0
2025-01-13 22:50:50,732 [WARN] PackLoader:240 - Cannot read IP mode file for STMicroelectronics.X-CUBE-AZRTOS-H7.3.3.0
2025-01-13 22:50:50,795 [WARN] PackLoader:240 - Cannot read IP mode file for STMicroelectronics.X-CUBE-IPS.3.0.0
2025-01-13 22:50:51,091 [WARN] ConditionMgr:438 - getConditionDescription Invalid condition id : UX DEVICE CLASS RTOS Condition cause : null
2025-01-13 22:50:51,093 [WARN] ConditionMgr:438 - getConditionDescription Invalid condition id : UX DEVICE CLASS RTOS Condition cause : null
2025-01-13 22:50:51,096 [WARN] PackLoader:240 - Cannot read IP mode file for STMicroelectronics.X-CUBE-AZRTOS-WB.2.0.0
2025-01-13 22:50:51,097 [WARN] ConditionMgr:1044 - genDependencies : Invalid condition id : UX DEVICE CLASS RTOS Condition cause : null
2025-01-13 22:50:51,097 [WARN] ConditionMgr:1044 - genDependencies : Invalid condition id : UX DEVICE CLASS RTOS Condition cause : null
2025-01-13 22:50:51,097 [WARN] ConditionMgr:1044 - genDependencies : Invalid condition id : UX DEVICE CLASS RTOS Condition cause : null
2025-01-13 22:50:51,097 [WARN] ConditionMgr:1044 - genDependencies : Invalid condition id : UX DEVICE CLASS RTOS Condition cause : null
2025-01-13 22:50:51,097 [WARN] ConditionMgr:1044 - genDependencies : Invalid condition id : UX DEVICE CLASS RTOS Condition cause : null
2025-01-13 22:50:51,169 [WARN] PackLoader:240 - Cannot read IP mode file for STMicroelectronics.X-CUBE-GNSS1.7.0.0
2025-01-13 22:50:51,221 [WARN] PackLoader:240 - Cannot read IP mode file for STMicroelectronics.X-CUBE-GNSS1.7.0.1
2025-01-13 22:50:51,258 [WARN] PackLoader:240 - Cannot read IP mode file for STMicroelectronics.FP-SNS-STBOX1.2.0.0
2025-01-13 22:50:51,297 [WARN] PackLoader:240 - Cannot read IP mode file for STMicroelectronics.X-CUBE-SUBG2.5.0.0
2025-01-13 22:50:51,335 [WARN] PackLoader:240 - Cannot read IP mode file for Cesanta.I-CUBE-Mongoose.7.13.0
2025-01-13 22:50:51,486 [WARN] PackLoader:240 - Cannot read IP mode file for STMicroelectronics.X-CUBE-AZRTOS-G4.2.0.0
2025-01-13 22:50:51,666 [WARN] PackLoader:240 - Cannot read IP mode file for STMicroelectronics.X-CUBE-IPS.3.1.0
2025-01-13 22:50:51,699 [WARN] PackLoader:240 - Cannot read IP mode file for STMicroelectronics.X-CUBE-ALS.1.0.2
2025-01-13 22:50:51,725 [WARN] PackLoader:240 - Cannot read IP mode file for STMicroelectronics.X-CUBE-TOUCHGFX.4.24.2
2025-01-13 22:50:51,744 [WARN] PackLoader:240 - Cannot read IP mode file for STMicroelectronics.X-CUBE-TOUCHGFX.4.24.1
2025-01-13 22:50:51,764 [WARN] PackLoader:240 - Cannot read IP mode file for wolfSSL.I-CUBE-wolfTPM.3.4.0
2025-01-13 22:50:51,821 [WARN] PackLoader:240 - Cannot read IP mode file for portGmbH.I-Cube-SoM-uGOAL.1.1.0
2025-01-13 22:50:51,862 [WARN] PackLoader:240 - Cannot read IP mode file for STMicroelectronics.X-CUBE-AZRTOS-H7RS.1.0.0
2025-01-13 22:50:51,895 [WARN] PackLoader:240 - Cannot read IP mode file for STMicroelectronics.X-CUBE-TOF1.3.4.2
2025-01-13 22:50:51,951 [WARN] PackLoader:240 - Cannot read IP mode file for wolfSSL.I-CUBE-wolfSSH.1.4.17
2025-01-13 22:50:51,952 [INFO] ThirdParty:978 - Integrity check success = true
2025-01-13 22:50:51,952 [INFO] IntegrityCheckThread:100 - exiting critical section [integrity check]
2025-01-13 22:50:51,952 [INFO] IntegrityCheckThread:103 - End integrity checks thread
