2024-12-21 20:58:51,594 [INFO] Activator:176 - 


2024-12-21 20:58:51,601 [INFO] Activator:177 - !SESSION log4j initialized
2024-12-21 20:59:04,763 [INFO] LogOutputStream:77 - [STDOUT_REDIRECT] 
2024-12-21 20:59:16,013 [INFO] ApplicationProperties:184 - Using Application install path: C:\ST\STM32CubeIDE_1.17.0\STM32CubeIDE\plugins\com.st.stm32cube.common.mx_6.13.0.202411220809
2024-12-21 20:59:16,046 [INFO] DbMcusXml:78 - Set database path to: C:\ST\STM32CubeIDE_1.17.0\STM32CubeIDE\plugins\com.st.stm32cube.common.mx_6.13.0.202411220809\\db\/mcu/
2024-12-21 20:59:16,046 [INFO] ApiDb:274 - Set plugin database path to: C:\ST\STM32CubeIDE_1.17.0\STM32CubeIDE\plugins\com.st.stm32cube.common.mx_6.13.0.202411220809\\db\/plugins/boardmanager/
2024-12-21 20:59:16,046 [WARN] ApiDb:259 - Overriding images path with different value:  => C:\ST\STM32CubeIDE_1.17.0\STM32CubeIDE\plugins\com.st.stm32cube.common.mx_6.13.0.202411220809\\db\/plugins/mcufinder/images/
2024-12-21 20:59:16,069 [INFO] ApiDb:250 - Set database path to: C:\Users\anhhu\.stmcufinder\plugins\mcufinder//mcu/
2024-12-21 20:59:16,071 [INFO] DbMcusAds:125 - Set database path to: C:\Users\anhhu\.stmcufinder\plugins\mcufinder//mcu/
2024-12-21 20:59:16,107 [INFO] CrossReferenceDbSqlite:203 - Set database path to: C:\Users\anhhu\.stmcufinder\plugins\mcufinder//mcu/cs/
2024-12-21 20:59:16,298 [INFO] RulesReader:64 - Compatibility file has been processed (297 Rules)
2024-12-21 20:59:16,447 [INFO] DbMcusXml:78 - Set database path to: C:\ST\STM32CubeIDE_1.17.0\STM32CubeIDE\plugins\com.st.stm32cube.common.mx_6.13.0.202411220809\\db\/mcu/
2024-12-21 20:59:16,447 [INFO] ApiDb:274 - Set plugin database path to: C:\ST\STM32CubeIDE_1.17.0\STM32CubeIDE\plugins\com.st.stm32cube.common.mx_6.13.0.202411220809\\db\/plugins/boardmanager/
2024-12-21 20:59:16,447 [INFO] ApiDb:261 - Set plugin images path to: C:\ST\STM32CubeIDE_1.17.0\STM32CubeIDE\plugins\com.st.stm32cube.common.mx_6.13.0.202411220809\\db\/plugins/mcufinder/images/
2024-12-21 20:59:16,447 [WARN] DbFile:41 - Overriding database path with different value: C:\Users\anhhu\.stmcufinder\plugins\mcufinder/ => C:\Users\anhhu\.stmcufinder\plugins\mcufinder
2024-12-21 20:59:16,448 [INFO] ApiDb:250 - Set database path to: C:\Users\anhhu\.stmcufinder\plugins\mcufinder//mcu/
2024-12-21 20:59:16,448 [WARN] DbFile:41 - Overriding database path with different value: C:\Users\anhhu\.stmcufinder\plugins\mcufinder/ => C:\Users\anhhu\.stmcufinder\plugins\mcufinder
2024-12-21 20:59:16,448 [INFO] DbMcusAds:125 - Set database path to: C:\Users\anhhu\.stmcufinder\plugins\mcufinder//mcu/
2024-12-21 20:59:16,448 [WARN] DbFile:41 - Overriding database path with different value: C:\Users\anhhu\.stmcufinder\plugins\mcufinder/ => C:\Users\anhhu\.stmcufinder\plugins\mcufinder
2024-12-21 20:59:16,448 [WARN] DbFile:41 - Overriding database path with different value: C:\Users\anhhu\.stmcufinder\plugins\mcufinder/ => C:\Users\anhhu\.stmcufinder\plugins\mcufinder
2024-12-21 20:59:16,448 [INFO] CrossReferenceDbSqlite:203 - Set database path to: C:\Users\anhhu\.stmcufinder\plugins\mcufinder//mcu/cs/
2024-12-21 20:59:16,569 [INFO] MainPanel:272 - HeapMemory: 268435456
2024-12-21 20:59:16,805 [INFO] DbMcusXml:78 - Set database path to: C:\ST\STM32CubeIDE_1.17.0\STM32CubeIDE\plugins\com.st.stm32cube.common.mx_6.13.0.202411220809\\db\/mcu/
2024-12-21 20:59:16,805 [INFO] ApiDb:274 - Set plugin database path to: C:\ST\STM32CubeIDE_1.17.0\STM32CubeIDE\plugins\com.st.stm32cube.common.mx_6.13.0.202411220809\\db\/plugins/boardmanager/
2024-12-21 20:59:16,805 [INFO] ApiDb:261 - Set plugin images path to: C:\ST\STM32CubeIDE_1.17.0\STM32CubeIDE\plugins\com.st.stm32cube.common.mx_6.13.0.202411220809\\db\/plugins/mcufinder/images/
2024-12-21 20:59:16,805 [WARN] DbFile:41 - Overriding database path with different value: C:\Users\anhhu\.stmcufinder\plugins\mcufinder/ => C:\Users\anhhu\.stmcufinder\plugins\mcufinder
2024-12-21 20:59:16,805 [INFO] ApiDb:250 - Set database path to: C:\Users\anhhu\.stmcufinder\plugins\mcufinder//mcu/
2024-12-21 20:59:16,805 [WARN] DbFile:41 - Overriding database path with different value: C:\Users\anhhu\.stmcufinder\plugins\mcufinder/ => C:\Users\anhhu\.stmcufinder\plugins\mcufinder
2024-12-21 20:59:16,806 [INFO] DbMcusAds:125 - Set database path to: C:\Users\anhhu\.stmcufinder\plugins\mcufinder//mcu/
2024-12-21 20:59:16,806 [WARN] DbFile:41 - Overriding database path with different value: C:\Users\anhhu\.stmcufinder\plugins\mcufinder/ => C:\Users\anhhu\.stmcufinder\plugins\mcufinder
2024-12-21 20:59:16,806 [WARN] DbFile:41 - Overriding database path with different value: C:\Users\anhhu\.stmcufinder\plugins\mcufinder/ => C:\Users\anhhu\.stmcufinder\plugins\mcufinder
2024-12-21 20:59:16,806 [INFO] CrossReferenceDbSqlite:203 - Set database path to: C:\Users\anhhu\.stmcufinder\plugins\mcufinder//mcu/cs/
2024-12-21 20:59:16,835 [INFO] ApplicationProperties:184 - Using Application install path: C:\ST\STM32CubeIDE_1.17.0\STM32CubeIDE\plugins\com.st.stm32cube.common.mx_6.13.0.202411220809
2024-12-21 20:59:16,837 [INFO] PluginManage:196 - Search for loadable plugins [exclusion list=, ]
2024-12-21 20:59:16,840 [INFO] PluginManage:310 - Check plugin analytics
2024-12-21 20:59:26,188 [INFO] AnalyticsPlugin:253 - Accepted Software Licenses: STM32CubeMX.5.3.0,STM32CubeMX.5.6.0,STM32CubeMX.5.6.1
2024-12-21 20:59:26,189 [INFO] AnalyticsPlugin:255 - Accepted CMSIS Pack Licenses: 
2024-12-21 20:59:26,189 [INFO] AnalyticsPlugin:257 - Accepted Firmware Licenses: 
2024-12-21 20:59:26,193 [INFO] PluginManage:359 - Loaded plugin analytics (category:tool,tabindex:-1)
2024-12-21 20:59:26,193 [INFO] PluginManage:310 - Check plugin cadmodel
2024-12-21 20:59:26,223 [INFO] CADModel:105 - Init CAD model plugin
2024-12-21 20:59:26,223 [INFO] PluginManage:359 - Loaded plugin cadmodel (category:power,tabindex:5)
2024-12-21 20:59:26,223 [INFO] PluginManage:310 - Check plugin clock
2024-12-21 20:59:26,302 [INFO] PluginManage:359 - Loaded plugin clock (category:base,tabindex:2)
2024-12-21 20:59:26,302 [INFO] PluginManage:310 - Check plugin ddr
2024-12-21 20:59:26,314 [INFO] PluginManage:359 - Loaded plugin ddr (category:tool,tabindex:6)
2024-12-21 20:59:26,315 [INFO] PluginManage:310 - Check plugin filemanager
2024-12-21 20:59:26,537 [INFO] PluginManage:359 - Loaded plugin filemanager (category:base,tabindex:10)
2024-12-21 20:59:26,537 [INFO] PluginManage:310 - Check plugin ipmanager
2024-12-21 20:59:26,547 [INFO] PluginManage:359 - Loaded plugin ipmanager (category:base,tabindex:5)
2024-12-21 20:59:26,548 [INFO] PluginManage:310 - Check plugin lpbam
2024-12-21 20:59:26,576 [INFO] PluginManage:359 - Loaded plugin lpbam (category:base,tabindex:0)
2024-12-21 20:59:26,577 [INFO] PluginManage:310 - Check plugin memorymap
2024-12-21 20:59:26,609 [INFO] PluginManage:359 - Loaded plugin memorymap (category:base,tabindex:4)
2024-12-21 20:59:26,609 [INFO] PluginManage:310 - Check plugin pinoutandconfiguration
2024-12-21 20:59:26,635 [INFO] PluginManage:359 - Loaded plugin pinoutandconfiguration (category:base,tabindex:1)
2024-12-21 20:59:26,636 [INFO] PluginManage:310 - Check plugin pinoutconfig
2024-12-21 20:59:26,771 [WARN] SupportedApi:132 - Cannot load RTOS API schema: s4s-elt-must-match.1: The content of 'definitions' must match (annotation?, (simpleType | complexType)?, (unique | key | keyref)*)). A problem was found starting at: attribute.
2024-12-21 20:59:26,965 [INFO] PluginManage:359 - Loaded plugin pinoutconfig (category:base,tabindex:0)
2024-12-21 20:59:26,966 [INFO] PluginManage:310 - Check plugin power
2024-12-21 20:59:26,994 [INFO] PluginManage:359 - Loaded plugin power (category:power,tabindex:4)
2024-12-21 20:59:26,994 [INFO] PluginManage:310 - Check plugin projectmanager
2024-12-21 20:59:27,051 [INFO] PluginManage:359 - Loaded plugin projectmanager (category:projectmanager,tabindex:4)
2024-12-21 20:59:27,051 [INFO] PluginManage:310 - Check plugin rif
2024-12-21 20:59:27,086 [INFO] PluginManage:359 - Loaded plugin rif (category:base,tabindex:3)
2024-12-21 20:59:27,086 [INFO] PluginManage:310 - Check plugin thirdparty
2024-12-21 20:59:27,555 [INFO] PluginManage:359 - Loaded plugin thirdparty (category:base,tabindex:-1)
2024-12-21 20:59:27,554 [WARN] IntegrityCheckThread:84 - waiting for thirdparty lock release [integrity check]
2024-12-21 20:59:27,555 [INFO] IntegrityCheckThread:86 - entering critical section [integrity check]
2024-12-21 20:59:27,555 [INFO] PluginManage:310 - Check plugin tools
2024-12-21 20:59:27,555 [INFO] ThirdPartyUpdaterWithRetryManager:70 - Updater plugin not ready yet. [1/15]
2024-12-21 20:59:27,611 [INFO] PluginManage:359 - Loaded plugin tools (category:base,tabindex:7)
2024-12-21 20:59:27,611 [INFO] PluginManage:310 - Check plugin tutovideos
2024-12-21 20:59:27,938 [INFO] PluginManage:359 - Loaded plugin tutovideos (category:base,tabindex:-1)
2024-12-21 20:59:27,938 [INFO] PluginManage:310 - Check plugin updater
2024-12-21 20:59:27,969 [INFO] PluginManage:359 - Loaded plugin updater (category:base,tabindex:12)
2024-12-21 20:59:27,969 [INFO] PluginManage:310 - Check plugin userauth
2024-12-21 20:59:27,976 [INFO] UserAuth:118 - Init User Auth plugin
2024-12-21 20:59:27,977 [INFO] PluginManage:359 - Loaded plugin userauth (category:base,tabindex:14)
2024-12-21 20:59:27,978 [INFO] PluginManage:283 - PluginManage : Loaded plugins [18]
2024-12-21 20:59:28,285 [INFO] PinOutPanel:1589 - setPackage(No Configuration,No Configuration)
2024-12-21 20:59:28,432 [INFO] CADModel:165 - CPN selected for project level
2024-12-21 20:59:28,432 [INFO] CADModel:114 - Register for checkConnection events
2024-12-21 20:59:28,464 [INFO] IPUIPlugin:80 - create IPUIPlugin
2024-12-21 20:59:28,465 [INFO] PluginManager:220 - loadIPPluginJar : add adc
2024-12-21 20:59:28,517 [INFO] IPUIPlugin:80 - create IPUIPlugin
2024-12-21 20:59:28,517 [INFO] PluginManager:220 - loadIPPluginJar : add aes
2024-12-21 20:59:28,583 [INFO] IPUIPlugin:80 - create IPUIPlugin
2024-12-21 20:59:28,584 [INFO] PluginManager:220 - loadIPPluginJar : add can
2024-12-21 20:59:28,620 [INFO] IPUIPlugin:80 - create IPUIPlugin
2024-12-21 20:59:28,621 [INFO] PluginManager:220 - loadIPPluginJar : add comp
2024-12-21 20:59:28,672 [INFO] IPUIPlugin:80 - create IPUIPlugin
2024-12-21 20:59:28,673 [INFO] PluginManager:220 - loadIPPluginJar : add cryp
2024-12-21 20:59:28,690 [INFO] IPUIPlugin:80 - create IPUIPlugin
2024-12-21 20:59:28,690 [INFO] PluginManager:220 - loadIPPluginJar : add ddr_ctrl_phy
2024-12-21 20:59:28,735 [INFO] IPUIPlugin:80 - create IPUIPlugin
2024-12-21 20:59:28,735 [INFO] PluginManager:220 - loadIPPluginJar : add dfsdm
2024-12-21 20:59:28,754 [INFO] IPUIPlugin:80 - create IPUIPlugin
2024-12-21 20:59:28,754 [INFO] PluginManager:220 - loadIPPluginJar : add dma
2024-12-21 20:59:28,812 [INFO] IPUIPlugin:80 - create IPUIPlugin
2024-12-21 20:59:28,812 [INFO] PluginManager:220 - loadIPPluginJar : add dma3
2024-12-21 20:59:28,880 [INFO] IPUIPlugin:80 - create IPUIPlugin
2024-12-21 20:59:28,880 [INFO] PluginManager:220 - loadIPPluginJar : add extmemmanager
2024-12-21 20:59:28,910 [INFO] IPUIPlugin:80 - create IPUIPlugin
2024-12-21 20:59:28,910 [INFO] PluginManager:220 - loadIPPluginJar : add fatfs
2024-12-21 20:59:28,983 [INFO] IPUIPlugin:80 - create IPUIPlugin
2024-12-21 20:59:28,983 [INFO] PluginManager:220 - loadIPPluginJar : add fmc
2024-12-21 20:59:29,006 [INFO] IPUIPlugin:80 - create IPUIPlugin
2024-12-21 20:59:29,007 [INFO] PluginManager:220 - loadIPPluginJar : add freertos
2024-12-21 20:59:29,036 [INFO] IPUIPlugin:80 - create IPUIPlugin
2024-12-21 20:59:29,036 [INFO] PluginManager:220 - loadIPPluginJar : add genericplugin
2024-12-21 20:59:29,192 [INFO] IPUIPlugin:80 - create IPUIPlugin
2024-12-21 20:59:29,193 [INFO] PluginManager:220 - loadIPPluginJar : add gfxmmu
2024-12-21 20:59:29,409 [INFO] IPUIPlugin:80 - create IPUIPlugin
2024-12-21 20:59:29,410 [INFO] PluginManager:220 - loadIPPluginJar : add gic
2024-12-21 20:59:29,431 [INFO] IPUIPlugin:80 - create IPUIPlugin
2024-12-21 20:59:29,432 [INFO] PluginManager:220 - loadIPPluginJar : add gpio
2024-12-21 20:59:29,570 [INFO] IPUIPlugin:80 - create IPUIPlugin
2024-12-21 20:59:29,570 [INFO] PluginManager:220 - loadIPPluginJar : add gtzc
2024-12-21 20:59:29,621 [INFO] IPUIPlugin:80 - create IPUIPlugin
2024-12-21 20:59:29,621 [INFO] PluginManager:220 - loadIPPluginJar : add hash
2024-12-21 20:59:29,700 [INFO] IPUIPlugin:80 - create IPUIPlugin
2024-12-21 20:59:29,700 [INFO] PluginManager:220 - loadIPPluginJar : add i2c
2024-12-21 20:59:29,763 [INFO] IPUIPlugin:80 - create IPUIPlugin
2024-12-21 20:59:29,763 [INFO] PluginManager:220 - loadIPPluginJar : add i2s
2024-12-21 20:59:29,827 [INFO] IPUIPlugin:80 - create IPUIPlugin
2024-12-21 20:59:29,828 [INFO] PluginManager:220 - loadIPPluginJar : add i3c
2024-12-21 20:59:29,992 [INFO] IPUIPlugin:80 - create IPUIPlugin
2024-12-21 20:59:29,993 [INFO] PluginManager:220 - loadIPPluginJar : add ipddr
2024-12-21 20:59:30,138 [INFO] IPUIPlugin:80 - create IPUIPlugin
2024-12-21 20:59:30,138 [INFO] PluginManager:220 - loadIPPluginJar : add linkedlist
2024-12-21 20:59:30,194 [INFO] IPUIPlugin:80 - create IPUIPlugin
2024-12-21 20:59:30,194 [INFO] PluginManager:220 - loadIPPluginJar : add lorawan
2024-12-21 20:59:30,255 [INFO] IPUIPlugin:80 - create IPUIPlugin
2024-12-21 20:59:30,255 [INFO] PluginManager:220 - loadIPPluginJar : add ltdc
2024-12-21 20:59:30,278 [INFO] IPUIPlugin:80 - create IPUIPlugin
2024-12-21 20:59:30,279 [INFO] PluginManager:220 - loadIPPluginJar : add mdma
2024-12-21 20:59:30,300 [INFO] IPUIPlugin:80 - create IPUIPlugin
2024-12-21 20:59:30,300 [INFO] PluginManager:220 - loadIPPluginJar : add nvic
2024-12-21 20:59:30,360 [INFO] IPUIPlugin:80 - create IPUIPlugin
2024-12-21 20:59:30,360 [INFO] PluginManager:220 - loadIPPluginJar : add opamp
2024-12-21 20:59:30,453 [INFO] IPUIPlugin:80 - create IPUIPlugin
2024-12-21 20:59:30,453 [INFO] PluginManager:220 - loadIPPluginJar : add openamp
2024-12-21 20:59:30,522 [INFO] IPUIPlugin:80 - create IPUIPlugin
2024-12-21 20:59:30,522 [INFO] PluginManager:220 - loadIPPluginJar : add pdm2pcm
2024-12-21 20:59:30,542 [INFO] IPUIPlugin:80 - create IPUIPlugin
2024-12-21 20:59:30,545 [INFO] PluginManager:220 - loadIPPluginJar : add plateformsettings
2024-12-21 20:59:30,556 [INFO] ThirdPartyUpdaterWithRetryManager:70 - Updater plugin not ready yet. [2/15]
2024-12-21 20:59:30,579 [INFO] IPUIPlugin:80 - create IPUIPlugin
2024-12-21 20:59:30,579 [INFO] PluginManager:220 - loadIPPluginJar : add quadspi
2024-12-21 20:59:30,621 [INFO] IPUIPlugin:80 - create IPUIPlugin
2024-12-21 20:59:30,621 [INFO] PluginManager:220 - loadIPPluginJar : add radio
2024-12-21 20:59:30,641 [INFO] IPUIPlugin:80 - create IPUIPlugin
2024-12-21 20:59:30,641 [INFO] PluginManager:220 - loadIPPluginJar : add resmgrutility
2024-12-21 20:59:30,710 [INFO] IPUIPlugin:80 - create IPUIPlugin
2024-12-21 20:59:30,711 [INFO] PluginManager:220 - loadIPPluginJar : add sai
2024-12-21 20:59:30,768 [INFO] IPUIPlugin:80 - create IPUIPlugin
2024-12-21 20:59:30,768 [INFO] PluginManager:220 - loadIPPluginJar : add spi
2024-12-21 20:59:30,870 [INFO] IPUIPlugin:80 - create IPUIPlugin
2024-12-21 20:59:30,870 [INFO] PluginManager:220 - loadIPPluginJar : add stm32_wpan
2024-12-21 20:59:30,906 [INFO] IPUIPlugin:80 - create IPUIPlugin
2024-12-21 20:59:30,906 [INFO] PluginManager:220 - loadIPPluginJar : add tim
2024-12-21 20:59:30,997 [INFO] IPUIPlugin:80 - create IPUIPlugin
2024-12-21 20:59:30,997 [INFO] PluginManager:220 - loadIPPluginJar : add touchsensing
2024-12-21 20:59:31,033 [INFO] IPUIPlugin:80 - create IPUIPlugin
2024-12-21 20:59:31,034 [INFO] PluginManager:220 - loadIPPluginJar : add tracer_emb
2024-12-21 20:59:31,072 [INFO] IPUIPlugin:80 - create IPUIPlugin
2024-12-21 20:59:31,072 [INFO] PluginManager:220 - loadIPPluginJar : add ts
2024-12-21 20:59:31,111 [INFO] IPUIPlugin:80 - create IPUIPlugin
2024-12-21 20:59:31,111 [INFO] PluginManager:220 - loadIPPluginJar : add tsc
2024-12-21 20:59:31,141 [INFO] IPUIPlugin:80 - create IPUIPlugin
2024-12-21 20:59:31,141 [INFO] PluginManager:220 - loadIPPluginJar : add ucpd
2024-12-21 20:59:31,208 [INFO] IPUIPlugin:80 - create IPUIPlugin
2024-12-21 20:59:31,208 [INFO] PluginManager:220 - loadIPPluginJar : add usart
2024-12-21 20:59:31,277 [INFO] IPUIPlugin:80 - create IPUIPlugin
2024-12-21 20:59:31,278 [INFO] PluginManager:220 - loadIPPluginJar : add usbx
2024-12-21 20:59:31,444 [FATAL] Updater:351 - Updater called before beeing initialized
2024-12-21 20:59:31,490 [INFO] RulesReader:64 - Compatibility file has been processed (297 Rules)
2024-12-21 20:59:31,506 [INFO] RulesReader:64 - Compatibility file has been processed (297 Rules)
2024-12-21 20:59:31,521 [INFO] CADModel:165 - CPN selected for project level
2024-12-21 20:59:31,521 [INFO] CADModel:114 - Register for checkConnection events
2024-12-21 20:59:31,521 [FATAL] Updater:351 - Updater called before beeing initialized
2024-12-21 20:59:31,522 [ERROR] CADModel:125 - Updater not yet initialized, retry later 
2024-12-21 20:59:31,715 [FATAL] Updater:351 - Updater called before beeing initialized
2024-12-21 20:59:31,717 [INFO] CADModel:165 - CPN selected for project level
2024-12-21 20:59:31,717 [INFO] CADModel:114 - Register for checkConnection events
2024-12-21 20:59:31,717 [FATAL] Updater:351 - Updater called before beeing initialized
2024-12-21 20:59:31,718 [ERROR] CADModel:125 - Updater not yet initialized, retry later 
2024-12-21 20:59:31,722 [FATAL] Updater:351 - Updater called before beeing initialized
2024-12-21 20:59:32,874 [FATAL] Updater:351 - Updater called before beeing initialized
2024-12-21 20:59:32,888 [INFO] DbMcusAds:53 - JSON generation date=Fri Sep 20 20:04:23 ICT 2024 (1726837463113)
2024-12-21 20:59:32,888 [FATAL] Updater:351 - Updater called before beeing initialized
2024-12-21 20:59:32,948 [WARN] DetailPanel:346 - Failed to get advertising image, set to default
2024-12-21 20:59:33,317 [FATAL] Updater:351 - Updater called before beeing initialized
2024-12-21 20:59:33,320 [FATAL] Updater:351 - Updater called before beeing initialized
2024-12-21 20:59:33,320 [FATAL] Updater:351 - Updater called before beeing initialized
2024-12-21 20:59:33,321 [WARN] DetailPanel:346 - Failed to get advertising image, set to default
2024-12-21 20:59:33,322 [FATAL] Updater:351 - Updater called before beeing initialized
2024-12-21 20:59:33,416 [ERROR] Updater:1198 - MainUpdater not yet initialized. External WinMGr cannot be set.
2024-12-21 20:59:33,429 [INFO] Updater:1134 - Updater Version found : 6.13.0
2024-12-21 20:59:33,453 [INFO] ApplicationProperties:184 - Using Application install path: C:\ST\STM32CubeIDE_1.17.0\STM32CubeIDE\plugins\com.st.stm32cube.common.mx_6.13.0.202411220809
2024-12-21 20:59:33,570 [INFO] ThirdPartyUpdaterWithRetryManager:70 - Updater plugin not ready yet. [3/15]
2024-12-21 20:59:33,971 [INFO] MainUpdater:2872 - connection check result : 10
2024-12-21 20:59:33,972 [INFO] MainUpdater:289 - Updater Check For Update Now.
2024-12-21 20:59:33,972 [INFO] MicroXplorer:498 - Change Database Version : DB.6.0.130
2024-12-21 20:59:33,991 [INFO] McuFinderGlobals:63 - Set McuFinder mode to 2 (CubeIDE integrated)
2024-12-21 20:59:33,991 [INFO] UserAuth:171 - activating auth plugin
2024-12-21 20:59:34,019 [INFO] UserAuth:486 - Internet connection configuration mode: 1
2024-12-21 20:59:34,077 [INFO] JxBrowserEngine:152 - Initiate JxBrowser Engine with user profile folder
2024-12-21 20:59:34,358 [INFO] CheckServerUpdateThread:120 - End of CheckServer Thread
2024-12-21 20:59:37,544 [INFO] WebApp:168 - Instantiating new browser for Auth
2024-12-21 20:59:37,905 [WARN] PackLoader:240 - Cannot read IP mode file for STMicroelectronics.FP-SNS-MOTENVWB1.1.4.0
2024-12-21 20:59:37,963 [WARN] PackLoader:240 - Cannot read IP mode file for STMicroelectronics.FP-ATR-ASTRA1.2.0.1
2024-12-21 20:59:38,034 [WARN] PackLoader:240 - Cannot read IP mode file for STMicroelectronics.X-CUBE-SMBUS.2.1.0
2024-12-21 20:59:38,108 [WARN] PackLoader:240 - Cannot read IP mode file for STMicroelectronics.X-CUBE-WB05N.1.1.0
2024-12-21 20:59:38,183 [WARN] PackLoader:240 - Cannot read IP mode file for STMicroelectronics.X-CUBE-AZRTOS-F7.1.1.0
2024-12-21 20:59:38,567 [WARN] PackLoader:240 - Cannot read IP mode file for STMicroelectronics.X-CUBE-MEMS1.11.0.0
2024-12-21 20:59:39,197 [WARN] PackLoader:240 - Cannot read IP mode file for STMicroelectronics.FP-SNS-FLIGHT1.5.0.2
2024-12-21 20:59:39,246 [WARN] PackLoader:240 - Cannot read IP mode file for Infineon.AIROC-Wi-Fi-Bluetooth-STM32.1.7.0
2024-12-21 20:59:39,271 [WARN] PackLoader:240 - Cannot read IP mode file for STMicroelectronics.X-CUBE-DISPLAY.3.0.0
2024-12-21 20:59:39,491 [WARN] PackLoader:240 - Cannot read IP mode file for STMicroelectronics.X-CUBE-BLE1.7.0.0
2024-12-21 20:59:39,531 [WARN] PackLoader:240 - Cannot read IP mode file for STMicroelectronics.X-CUBE-NFC10.1.0.0
2024-12-21 20:59:39,595 [WARN] PackLoader:240 - Cannot read IP mode file for STMicroelectronics.X-CUBE-BLEMGR.4.0.0
2024-12-21 20:59:39,630 [WARN] PackLoader:240 - Cannot read IP mode file for emotas.I-CUBE-CANOPEN.1.3.0
2024-12-21 20:59:39,662 [WARN] PackLoader:240 - Cannot read IP mode file for STMicroelectronics.FP-SNS-SMARTAG2.1.2.0
2024-12-21 20:59:39,825 [WARN] PackLoader:240 - Cannot read IP mode file for STMicroelectronics.X-CUBE-MEMS1.11.1.0
2024-12-21 20:59:40,597 [INFO] LogOutputStream:77 - [STDOUT_REDIRECT] 1 : Invalid condition id : UX_CORESTACK_Condition cause : null
2024-12-21 20:59:40,598 [INFO] LogOutputStream:77 - [STDOUT_REDIRECT] 1 : Invalid condition id : UX_CORESTACK_Condition cause : null
2024-12-21 20:59:40,600 [INFO] LogOutputStream:77 - [STDOUT_REDIRECT] 1 : Invalid condition id : UX_CORESTACK_Condition cause : null
2024-12-21 20:59:40,601 [INFO] LogOutputStream:77 - [STDOUT_REDIRECT] 1 : Invalid condition id : UX_CORESTACK_Condition cause : null
2024-12-21 20:59:40,603 [INFO] LogOutputStream:77 - [STDOUT_REDIRECT] 1 : Invalid condition id : UX_CORESTACK_Condition cause : null
2024-12-21 20:59:40,606 [WARN] PackLoader:240 - Cannot read IP mode file for STMicroelectronics.X-CUBE-AZRTOS-WL.2.0.0
2024-12-21 20:59:40,625 [WARN] PackLoader:240 - Cannot read IP mode file for STMicroelectronics.FP-SNS-MOTENV1.5.0.0
2024-12-21 20:59:40,645 [WARN] PackLoader:240 - Cannot read IP mode file for wolfSSL.I-CUBE-wolfMQTT.1.19.0
2024-12-21 20:59:40,777 [WARN] PackLoader:240 - Cannot read IP mode file for WES.I-CUBE-Cesium.1.3.0
2024-12-21 20:59:40,839 [INFO] WebApp:449 - Apply proxy settings
2024-12-21 20:59:40,843 [INFO] WebApp:534 - Chromium requires no authentication
2024-12-21 20:59:40,890 [INFO] WebApp:477 - Direct internet connection detected
2024-12-21 20:59:40,925 [WARN] PackLoader:240 - Cannot read IP mode file for STMicroelectronics.X-CUBE-BLE2.3.3.0
2024-12-21 20:59:40,945 [WARN] PackLoader:240 - Cannot read IP mode file for STMicroelectronics.X-CUBE-NFC9.1.0.0
2024-12-21 20:59:40,992 [WARN] PackLoader:240 - Cannot read IP mode file for STMicroelectronics.X-CUBE-AZRTOS-G0.1.1.0
2024-12-21 20:59:41,017 [WARN] PackLoader:240 - Cannot read IP mode file for STMicroelectronics.X-CUBE-SAFEA1.1.2.2
2024-12-21 20:59:41,038 [INFO] WebApp:880 - Register for checkConnection events
2024-12-21 20:59:41,038 [INFO] WebApp:449 - Apply proxy settings
2024-12-21 20:59:41,038 [INFO] WebApp:534 - Chromium requires no authentication
2024-12-21 20:59:41,039 [INFO] WebApp:477 - Direct internet connection detected
2024-12-21 20:59:41,044 [WARN] PackLoader:240 - Cannot read IP mode file for STMicroelectronics.X-CUBE-NFC4.3.0.0
2024-12-21 20:59:41,100 [WARN] PackLoader:240 - Cannot read IP mode file for EmbeddedOffice.I-CUBE-FS-RTOS.1.0.1
2024-12-21 20:59:41,118 [WARN] PackLoader:240 - Cannot read IP mode file for STMicroelectronics.X-CUBE-TCPP.4.2.0
2024-12-21 20:59:41,138 [WARN] PackLoader:240 - Cannot read IP mode file for RealThread.X-CUBE-RT-Thread_Nano.4.1.1
2024-12-21 20:59:41,154 [WARN] PackLoader:240 - Cannot read IP mode file for STMicroelectronics.FP-ATR-SIGFOX1.3.2.0
2024-12-21 20:59:41,169 [WARN] ConditionMgr:438 - getConditionDescription Invalid condition id : Cortex-A Device cause : null
2024-12-21 20:59:41,223 [WARN] ConditionMgr:1044 - genDependencies : Invalid condition id : Cortex-A Device cause : null
2024-12-21 20:59:41,223 [WARN] ConditionMgr:1044 - genDependencies : Invalid condition id : Cortex-A Device cause : null
2024-12-21 20:59:41,223 [WARN] ConditionMgr:1044 - genDependencies : Invalid condition id : Cortex-A Device cause : null
2024-12-21 20:59:41,240 [WARN] PackLoader:240 - Cannot read IP mode file for STMicroelectronics.X-CUBE-EEPRMA1.5.1.0
2024-12-21 20:59:41,254 [WARN] PackLoader:240 - Cannot read IP mode file for wolfSSL.I-CUBE-wolfSSL.5.7.4
2024-12-21 20:59:41,275 [WARN] PackLoader:240 - Cannot read IP mode file for ITTIA_DB.I-CUBE-ITTIADB.8.9.0
2024-12-21 20:59:41,361 [WARN] PackLoader:240 - Cannot read IP mode file for SEGGER.I-CUBE-embOS.1.3.1
2024-12-21 20:59:41,515 [WARN] PackLoader:240 - Cannot read IP mode file for STMicroelectronics.X-CUBE-ALGOBUILD.1.4.0
2024-12-21 20:59:41,535 [WARN] PackLoader:240 - Cannot read IP mode file for STMicroelectronics.X-CUBE-AI.9.1.0
2024-12-21 20:59:41,621 [WARN] PackLoader:240 - Cannot read IP mode file for STMicroelectronics.X-CUBE-AZRTOS-F4.1.1.0
2024-12-21 20:59:41,708 [WARN] PackLoader:240 - Cannot read IP mode file for STMicroelectronics.X-CUBE-ISPU.2.1.0
2024-12-21 20:59:41,753 [WARN] PackLoader:240 - Cannot read IP mode file for STMicroelectronics.X-CUBE-AZRTOS-L5.2.0.0
2024-12-21 20:59:41,833 [WARN] PackLoader:240 - Cannot read IP mode file for STMicroelectronics.X-CUBE-NFC6.3.1.0
2024-12-21 20:59:41,901 [WARN] PackLoader:240 - Cannot read IP mode file for STMicroelectronics.X-CUBE-DPower.1.2.0
2024-12-21 20:59:41,932 [INFO] WebApp:221 - Starting web application
2024-12-21 20:59:41,932 [INFO] WebApp:579 - Web application path used C:\ST\STM32CubeIDE_1.17.0\STM32CubeIDE\plugins\com.st.stm32cube.common.mx_6.13.0.202411220809\db\plugins\mcufinder\reactClient1\index.html
2024-12-21 20:59:41,999 [INFO] WebApp:187 - Connection restablished
2024-12-21 20:59:42,006 [WARN] PackLoader:240 - Cannot read IP mode file for STMicroelectronics.X-CUBE-FREERTOS.1.3.0
2024-12-21 20:59:42,034 [WARN] PackLoader:240 - Cannot read IP mode file for STMicroelectronics.X-CUBE-NFC7.1.0.1
2024-12-21 20:59:42,077 [WARN] ConditionMgr:438 - getConditionDescription Invalid condition id : LAN8742 Phy interface Condition cause : null
2024-12-21 20:59:42,078 [WARN] PackLoader:240 - Cannot read IP mode file for STMicroelectronics.X-CUBE-AZRTOS-L4.2.0.0
2024-12-21 20:59:42,079 [WARN] ConditionMgr:1044 - genDependencies : Invalid condition id : LAN8742 Phy interface Condition cause : null
2024-12-21 20:59:42,079 [WARN] ConditionMgr:1044 - genDependencies : Invalid condition id : LAN8742 Phy interface Condition cause : null
2024-12-21 20:59:42,209 [WARN] ConditionMgr:1044 - genDependencies : Invalid condition id : LAN8742 Phy interface Condition cause : null
2024-12-21 20:59:42,362 [WARN] PackLoader:240 - Cannot read IP mode file for STMicroelectronics.X-CUBE-SFXS2LP1.4.0.0
2024-12-21 20:59:42,405 [WARN] PackLoader:240 - Cannot read IP mode file for STMicroelectronics.X-CUBE-AZRTOS-H7.3.3.0
2024-12-21 20:59:42,542 [WARN] PackLoader:240 - Cannot read IP mode file for STMicroelectronics.X-CUBE-IPS.3.0.0
2024-12-21 20:59:42,662 [WARN] ConditionMgr:438 - getConditionDescription Invalid condition id : UX DEVICE CLASS RTOS Condition cause : null
2024-12-21 20:59:42,662 [WARN] ConditionMgr:438 - getConditionDescription Invalid condition id : UX DEVICE CLASS RTOS Condition cause : null
2024-12-21 20:59:42,664 [WARN] PackLoader:240 - Cannot read IP mode file for STMicroelectronics.X-CUBE-AZRTOS-WB.2.0.0
2024-12-21 20:59:42,665 [WARN] ConditionMgr:1044 - genDependencies : Invalid condition id : UX DEVICE CLASS RTOS Condition cause : null
2024-12-21 20:59:42,665 [WARN] ConditionMgr:1044 - genDependencies : Invalid condition id : UX DEVICE CLASS RTOS Condition cause : null
2024-12-21 20:59:42,666 [WARN] ConditionMgr:1044 - genDependencies : Invalid condition id : UX DEVICE CLASS RTOS Condition cause : null
2024-12-21 20:59:42,666 [WARN] ConditionMgr:1044 - genDependencies : Invalid condition id : UX DEVICE CLASS RTOS Condition cause : null
2024-12-21 20:59:42,666 [WARN] ConditionMgr:1044 - genDependencies : Invalid condition id : UX DEVICE CLASS RTOS Condition cause : null
2024-12-21 20:59:42,684 [WARN] PackLoader:240 - Cannot read IP mode file for STMicroelectronics.X-CUBE-GNSS1.7.0.0
2024-12-21 20:59:42,702 [WARN] PackLoader:240 - Cannot read IP mode file for STMicroelectronics.X-CUBE-GNSS1.7.0.1
2024-12-21 20:59:42,718 [WARN] PackLoader:240 - Cannot read IP mode file for STMicroelectronics.FP-SNS-STBOX1.2.0.0
2024-12-21 20:59:42,750 [WARN] PackLoader:240 - Cannot read IP mode file for STMicroelectronics.X-CUBE-SUBG2.5.0.0
2024-12-21 20:59:42,769 [WARN] PackLoader:240 - Cannot read IP mode file for Cesanta.I-CUBE-Mongoose.7.13.0
2024-12-21 20:59:42,800 [WARN] PackLoader:240 - Cannot read IP mode file for STMicroelectronics.X-CUBE-AZRTOS-G4.2.0.0
2024-12-21 20:59:42,818 [WARN] PackLoader:240 - Cannot read IP mode file for STMicroelectronics.X-CUBE-ALS.1.0.2
2024-12-21 20:59:42,838 [WARN] PackLoader:240 - Cannot read IP mode file for STMicroelectronics.X-CUBE-TOUCHGFX.4.24.1
2024-12-21 20:59:42,857 [WARN] PackLoader:240 - Cannot read IP mode file for wolfSSL.I-CUBE-wolfTPM.3.4.0
2024-12-21 20:59:42,875 [WARN] PackLoader:240 - Cannot read IP mode file for portGmbH.I-Cube-SoM-uGOAL.1.1.0
2024-12-21 20:59:42,917 [WARN] PackLoader:240 - Cannot read IP mode file for STMicroelectronics.X-CUBE-AZRTOS-H7RS.1.0.0
2024-12-21 20:59:43,061 [WARN] PackLoader:240 - Cannot read IP mode file for STMicroelectronics.X-CUBE-TOF1.3.4.2
2024-12-21 20:59:43,089 [WARN] PackLoader:240 - Cannot read IP mode file for wolfSSL.I-CUBE-wolfSSH.1.4.17
2024-12-21 20:59:43,089 [INFO] ThirdParty:978 - Integrity check success = true
2024-12-21 20:59:43,090 [INFO] IntegrityCheckThread:100 - exiting critical section [integrity check]
2024-12-21 20:59:43,090 [INFO] IntegrityCheckThread:103 - End integrity checks thread
2024-12-21 23:23:53,195 [ERROR] LogOutputStream:75 - [STDERR_REDIRECT] 
