2024-12-14 20:16:06,990 [INFO] Activator:176 - 


2024-12-14 20:16:06,997 [INFO] Activator:177 - !SESSION log4j initialized
2024-12-14 20:16:20,175 [INFO] LogOutputStream:77 - [STDOUT_REDIRECT] 
2024-12-14 20:16:32,079 [INFO] ApplicationProperties:184 - Using Application install path: C:\ST\STM32CubeIDE_1.17.0\STM32CubeIDE\plugins\com.st.stm32cube.common.mx_6.13.0.202411220809
2024-12-14 20:16:32,109 [INFO] DbMcusXml:78 - Set database path to: C:\ST\STM32CubeIDE_1.17.0\STM32CubeIDE\plugins\com.st.stm32cube.common.mx_6.13.0.202411220809\\db\/mcu/
2024-12-14 20:16:32,109 [INFO] ApiDb:274 - Set plugin database path to: C:\ST\STM32CubeIDE_1.17.0\STM32CubeIDE\plugins\com.st.stm32cube.common.mx_6.13.0.202411220809\\db\/plugins/boardmanager/
2024-12-14 20:16:32,110 [WARN] ApiDb:259 - Overriding images path with different value:  => C:\ST\STM32CubeIDE_1.17.0\STM32CubeIDE\plugins\com.st.stm32cube.common.mx_6.13.0.202411220809\\db\/plugins/mcufinder/images/
2024-12-14 20:16:32,128 [INFO] ApiDb:250 - Set database path to: C:\Users\anhhu\.stmcufinder\plugins\mcufinder//mcu/
2024-12-14 20:16:32,129 [INFO] DbMcusAds:125 - Set database path to: C:\Users\anhhu\.stmcufinder\plugins\mcufinder//mcu/
2024-12-14 20:16:32,168 [INFO] CrossReferenceDbSqlite:203 - Set database path to: C:\Users\anhhu\.stmcufinder\plugins\mcufinder//mcu/cs/
2024-12-14 20:16:32,347 [INFO] RulesReader:64 - Compatibility file has been processed (297 Rules)
2024-12-14 20:16:32,492 [INFO] DbMcusXml:78 - Set database path to: C:\ST\STM32CubeIDE_1.17.0\STM32CubeIDE\plugins\com.st.stm32cube.common.mx_6.13.0.202411220809\\db\/mcu/
2024-12-14 20:16:32,493 [INFO] ApiDb:274 - Set plugin database path to: C:\ST\STM32CubeIDE_1.17.0\STM32CubeIDE\plugins\com.st.stm32cube.common.mx_6.13.0.202411220809\\db\/plugins/boardmanager/
2024-12-14 20:16:32,493 [INFO] ApiDb:261 - Set plugin images path to: C:\ST\STM32CubeIDE_1.17.0\STM32CubeIDE\plugins\com.st.stm32cube.common.mx_6.13.0.202411220809\\db\/plugins/mcufinder/images/
2024-12-14 20:16:32,493 [WARN] DbFile:41 - Overriding database path with different value: C:\Users\anhhu\.stmcufinder\plugins\mcufinder/ => C:\Users\anhhu\.stmcufinder\plugins\mcufinder
2024-12-14 20:16:32,493 [INFO] ApiDb:250 - Set database path to: C:\Users\anhhu\.stmcufinder\plugins\mcufinder//mcu/
2024-12-14 20:16:32,493 [WARN] DbFile:41 - Overriding database path with different value: C:\Users\anhhu\.stmcufinder\plugins\mcufinder/ => C:\Users\anhhu\.stmcufinder\plugins\mcufinder
2024-12-14 20:16:32,493 [INFO] DbMcusAds:125 - Set database path to: C:\Users\anhhu\.stmcufinder\plugins\mcufinder//mcu/
2024-12-14 20:16:32,493 [WARN] DbFile:41 - Overriding database path with different value: C:\Users\anhhu\.stmcufinder\plugins\mcufinder/ => C:\Users\anhhu\.stmcufinder\plugins\mcufinder
2024-12-14 20:16:32,494 [WARN] DbFile:41 - Overriding database path with different value: C:\Users\anhhu\.stmcufinder\plugins\mcufinder/ => C:\Users\anhhu\.stmcufinder\plugins\mcufinder
2024-12-14 20:16:32,494 [INFO] CrossReferenceDbSqlite:203 - Set database path to: C:\Users\anhhu\.stmcufinder\plugins\mcufinder//mcu/cs/
2024-12-14 20:16:32,630 [INFO] MainPanel:272 - HeapMemory: 268435456
2024-12-14 20:16:32,925 [INFO] DbMcusXml:78 - Set database path to: C:\ST\STM32CubeIDE_1.17.0\STM32CubeIDE\plugins\com.st.stm32cube.common.mx_6.13.0.202411220809\\db\/mcu/
2024-12-14 20:16:32,926 [INFO] ApiDb:274 - Set plugin database path to: C:\ST\STM32CubeIDE_1.17.0\STM32CubeIDE\plugins\com.st.stm32cube.common.mx_6.13.0.202411220809\\db\/plugins/boardmanager/
2024-12-14 20:16:32,926 [INFO] ApiDb:261 - Set plugin images path to: C:\ST\STM32CubeIDE_1.17.0\STM32CubeIDE\plugins\com.st.stm32cube.common.mx_6.13.0.202411220809\\db\/plugins/mcufinder/images/
2024-12-14 20:16:32,926 [WARN] DbFile:41 - Overriding database path with different value: C:\Users\anhhu\.stmcufinder\plugins\mcufinder/ => C:\Users\anhhu\.stmcufinder\plugins\mcufinder
2024-12-14 20:16:32,926 [INFO] ApiDb:250 - Set database path to: C:\Users\anhhu\.stmcufinder\plugins\mcufinder//mcu/
2024-12-14 20:16:32,926 [WARN] DbFile:41 - Overriding database path with different value: C:\Users\anhhu\.stmcufinder\plugins\mcufinder/ => C:\Users\anhhu\.stmcufinder\plugins\mcufinder
2024-12-14 20:16:32,927 [INFO] DbMcusAds:125 - Set database path to: C:\Users\anhhu\.stmcufinder\plugins\mcufinder//mcu/
2024-12-14 20:16:32,927 [WARN] DbFile:41 - Overriding database path with different value: C:\Users\anhhu\.stmcufinder\plugins\mcufinder/ => C:\Users\anhhu\.stmcufinder\plugins\mcufinder
2024-12-14 20:16:32,927 [WARN] DbFile:41 - Overriding database path with different value: C:\Users\anhhu\.stmcufinder\plugins\mcufinder/ => C:\Users\anhhu\.stmcufinder\plugins\mcufinder
2024-12-14 20:16:32,927 [INFO] CrossReferenceDbSqlite:203 - Set database path to: C:\Users\anhhu\.stmcufinder\plugins\mcufinder//mcu/cs/
2024-12-14 20:16:32,957 [INFO] ApplicationProperties:184 - Using Application install path: C:\ST\STM32CubeIDE_1.17.0\STM32CubeIDE\plugins\com.st.stm32cube.common.mx_6.13.0.202411220809
2024-12-14 20:16:32,959 [INFO] PluginManage:196 - Search for loadable plugins [exclusion list=, ]
2024-12-14 20:16:32,961 [INFO] PluginManage:310 - Check plugin analytics
2024-12-14 20:16:42,372 [INFO] AnalyticsPlugin:253 - Accepted Software Licenses: STM32CubeMX.5.3.0,STM32CubeMX.5.6.0,STM32CubeMX.5.6.1
2024-12-14 20:16:42,373 [INFO] AnalyticsPlugin:255 - Accepted CMSIS Pack Licenses: 
2024-12-14 20:16:42,373 [INFO] AnalyticsPlugin:257 - Accepted Firmware Licenses: 
2024-12-14 20:16:42,376 [INFO] PluginManage:359 - Loaded plugin analytics (category:tool,tabindex:-1)
2024-12-14 20:16:42,376 [INFO] PluginManage:310 - Check plugin cadmodel
2024-12-14 20:16:42,407 [INFO] CADModel:105 - Init CAD model plugin
2024-12-14 20:16:42,408 [INFO] PluginManage:359 - Loaded plugin cadmodel (category:power,tabindex:5)
2024-12-14 20:16:42,408 [INFO] PluginManage:310 - Check plugin clock
2024-12-14 20:16:42,443 [INFO] PluginManage:359 - Loaded plugin clock (category:base,tabindex:2)
2024-12-14 20:16:42,444 [INFO] PluginManage:310 - Check plugin ddr
2024-12-14 20:16:42,448 [INFO] PluginManage:359 - Loaded plugin ddr (category:tool,tabindex:6)
2024-12-14 20:16:42,448 [INFO] PluginManage:310 - Check plugin filemanager
2024-12-14 20:16:42,659 [INFO] PluginManage:359 - Loaded plugin filemanager (category:base,tabindex:10)
2024-12-14 20:16:42,659 [INFO] PluginManage:310 - Check plugin ipmanager
2024-12-14 20:16:42,669 [INFO] PluginManage:359 - Loaded plugin ipmanager (category:base,tabindex:5)
2024-12-14 20:16:42,669 [INFO] PluginManage:310 - Check plugin lpbam
2024-12-14 20:16:42,694 [INFO] PluginManage:359 - Loaded plugin lpbam (category:base,tabindex:0)
2024-12-14 20:16:42,694 [INFO] PluginManage:310 - Check plugin memorymap
2024-12-14 20:16:42,728 [INFO] PluginManage:359 - Loaded plugin memorymap (category:base,tabindex:4)
2024-12-14 20:16:42,728 [INFO] PluginManage:310 - Check plugin pinoutandconfiguration
2024-12-14 20:16:42,760 [INFO] PluginManage:359 - Loaded plugin pinoutandconfiguration (category:base,tabindex:1)
2024-12-14 20:16:42,760 [INFO] PluginManage:310 - Check plugin pinoutconfig
2024-12-14 20:16:42,957 [WARN] SupportedApi:132 - Cannot load RTOS API schema: s4s-elt-must-match.1: The content of 'definitions' must match (annotation?, (simpleType | complexType)?, (unique | key | keyref)*)). A problem was found starting at: attribute.
2024-12-14 20:16:43,162 [INFO] PluginManage:359 - Loaded plugin pinoutconfig (category:base,tabindex:0)
2024-12-14 20:16:43,163 [INFO] PluginManage:310 - Check plugin power
2024-12-14 20:16:43,191 [INFO] PluginManage:359 - Loaded plugin power (category:power,tabindex:4)
2024-12-14 20:16:43,191 [INFO] PluginManage:310 - Check plugin projectmanager
2024-12-14 20:16:43,215 [INFO] PluginManage:359 - Loaded plugin projectmanager (category:projectmanager,tabindex:4)
2024-12-14 20:16:43,216 [INFO] PluginManage:310 - Check plugin rif
2024-12-14 20:16:43,239 [INFO] PluginManage:359 - Loaded plugin rif (category:base,tabindex:3)
2024-12-14 20:16:43,240 [INFO] PluginManage:310 - Check plugin thirdparty
2024-12-14 20:16:43,644 [INFO] PluginManage:359 - Loaded plugin thirdparty (category:base,tabindex:-1)
2024-12-14 20:16:43,644 [WARN] IntegrityCheckThread:84 - waiting for thirdparty lock release [integrity check]
2024-12-14 20:16:43,644 [INFO] PluginManage:310 - Check plugin tools
2024-12-14 20:16:43,644 [INFO] IntegrityCheckThread:86 - entering critical section [integrity check]
2024-12-14 20:16:43,645 [INFO] ThirdPartyUpdaterWithRetryManager:70 - Updater plugin not ready yet. [1/15]
2024-12-14 20:16:43,707 [INFO] PluginManage:359 - Loaded plugin tools (category:base,tabindex:7)
2024-12-14 20:16:43,707 [INFO] PluginManage:310 - Check plugin tutovideos
2024-12-14 20:16:43,981 [INFO] PluginManage:359 - Loaded plugin tutovideos (category:base,tabindex:-1)
2024-12-14 20:16:43,981 [INFO] PluginManage:310 - Check plugin updater
2024-12-14 20:16:44,019 [INFO] PluginManage:359 - Loaded plugin updater (category:base,tabindex:12)
2024-12-14 20:16:44,019 [INFO] PluginManage:310 - Check plugin userauth
2024-12-14 20:16:44,026 [INFO] UserAuth:118 - Init User Auth plugin
2024-12-14 20:16:44,027 [INFO] PluginManage:359 - Loaded plugin userauth (category:base,tabindex:14)
2024-12-14 20:16:44,027 [INFO] PluginManage:283 - PluginManage : Loaded plugins [18]
2024-12-14 20:16:44,401 [INFO] PinOutPanel:1589 - setPackage(No Configuration,No Configuration)
2024-12-14 20:16:44,547 [INFO] CADModel:165 - CPN selected for project level
2024-12-14 20:16:44,547 [INFO] CADModel:114 - Register for checkConnection events
2024-12-14 20:16:44,585 [INFO] IPUIPlugin:80 - create IPUIPlugin
2024-12-14 20:16:44,586 [INFO] PluginManager:220 - loadIPPluginJar : add adc
2024-12-14 20:16:44,658 [INFO] IPUIPlugin:80 - create IPUIPlugin
2024-12-14 20:16:44,658 [INFO] PluginManager:220 - loadIPPluginJar : add aes
2024-12-14 20:16:44,739 [INFO] IPUIPlugin:80 - create IPUIPlugin
2024-12-14 20:16:44,740 [INFO] PluginManager:220 - loadIPPluginJar : add can
2024-12-14 20:16:44,802 [INFO] IPUIPlugin:80 - create IPUIPlugin
2024-12-14 20:16:44,803 [INFO] PluginManager:220 - loadIPPluginJar : add comp
2024-12-14 20:16:44,903 [INFO] IPUIPlugin:80 - create IPUIPlugin
2024-12-14 20:16:44,903 [INFO] PluginManager:220 - loadIPPluginJar : add cryp
2024-12-14 20:16:44,921 [INFO] IPUIPlugin:80 - create IPUIPlugin
2024-12-14 20:16:44,921 [INFO] PluginManager:220 - loadIPPluginJar : add ddr_ctrl_phy
2024-12-14 20:16:44,977 [INFO] IPUIPlugin:80 - create IPUIPlugin
2024-12-14 20:16:44,977 [INFO] PluginManager:220 - loadIPPluginJar : add dfsdm
2024-12-14 20:16:44,997 [INFO] IPUIPlugin:80 - create IPUIPlugin
2024-12-14 20:16:44,998 [INFO] PluginManager:220 - loadIPPluginJar : add dma
2024-12-14 20:16:45,081 [INFO] IPUIPlugin:80 - create IPUIPlugin
2024-12-14 20:16:45,081 [INFO] PluginManager:220 - loadIPPluginJar : add dma3
2024-12-14 20:16:45,196 [INFO] IPUIPlugin:80 - create IPUIPlugin
2024-12-14 20:16:45,196 [INFO] PluginManager:220 - loadIPPluginJar : add extmemmanager
2024-12-14 20:16:45,252 [INFO] IPUIPlugin:80 - create IPUIPlugin
2024-12-14 20:16:45,253 [INFO] PluginManager:220 - loadIPPluginJar : add fatfs
2024-12-14 20:16:45,367 [INFO] IPUIPlugin:80 - create IPUIPlugin
2024-12-14 20:16:45,367 [INFO] PluginManager:220 - loadIPPluginJar : add fmc
2024-12-14 20:16:45,403 [INFO] IPUIPlugin:80 - create IPUIPlugin
2024-12-14 20:16:45,404 [INFO] PluginManager:220 - loadIPPluginJar : add freertos
2024-12-14 20:16:45,454 [INFO] IPUIPlugin:80 - create IPUIPlugin
2024-12-14 20:16:45,455 [INFO] PluginManager:220 - loadIPPluginJar : add genericplugin
2024-12-14 20:16:45,673 [INFO] IPUIPlugin:80 - create IPUIPlugin
2024-12-14 20:16:45,673 [INFO] PluginManager:220 - loadIPPluginJar : add gfxmmu
2024-12-14 20:16:45,963 [INFO] IPUIPlugin:80 - create IPUIPlugin
2024-12-14 20:16:45,964 [INFO] PluginManager:220 - loadIPPluginJar : add gic
2024-12-14 20:16:45,995 [INFO] IPUIPlugin:80 - create IPUIPlugin
2024-12-14 20:16:45,995 [INFO] PluginManager:220 - loadIPPluginJar : add gpio
2024-12-14 20:16:46,202 [INFO] IPUIPlugin:80 - create IPUIPlugin
2024-12-14 20:16:46,203 [INFO] PluginManager:220 - loadIPPluginJar : add gtzc
2024-12-14 20:16:46,275 [INFO] IPUIPlugin:80 - create IPUIPlugin
2024-12-14 20:16:46,282 [INFO] PluginManager:220 - loadIPPluginJar : add hash
2024-12-14 20:16:46,376 [INFO] IPUIPlugin:80 - create IPUIPlugin
2024-12-14 20:16:46,377 [INFO] PluginManager:220 - loadIPPluginJar : add i2c
2024-12-14 20:16:46,467 [INFO] IPUIPlugin:80 - create IPUIPlugin
2024-12-14 20:16:46,467 [INFO] PluginManager:220 - loadIPPluginJar : add i2s
2024-12-14 20:16:46,583 [INFO] IPUIPlugin:80 - create IPUIPlugin
2024-12-14 20:16:46,584 [INFO] PluginManager:220 - loadIPPluginJar : add i3c
2024-12-14 20:16:46,648 [INFO] ThirdPartyUpdaterWithRetryManager:70 - Updater plugin not ready yet. [2/15]
2024-12-14 20:16:46,777 [INFO] IPUIPlugin:80 - create IPUIPlugin
2024-12-14 20:16:46,777 [INFO] PluginManager:220 - loadIPPluginJar : add ipddr
2024-12-14 20:16:47,195 [INFO] IPUIPlugin:80 - create IPUIPlugin
2024-12-14 20:16:47,196 [INFO] PluginManager:220 - loadIPPluginJar : add linkedlist
2024-12-14 20:16:47,316 [INFO] IPUIPlugin:80 - create IPUIPlugin
2024-12-14 20:16:47,316 [INFO] PluginManager:220 - loadIPPluginJar : add lorawan
2024-12-14 20:16:47,425 [INFO] IPUIPlugin:80 - create IPUIPlugin
2024-12-14 20:16:47,426 [INFO] PluginManager:220 - loadIPPluginJar : add ltdc
2024-12-14 20:16:47,474 [INFO] IPUIPlugin:80 - create IPUIPlugin
2024-12-14 20:16:47,475 [INFO] PluginManager:220 - loadIPPluginJar : add mdma
2024-12-14 20:16:47,527 [INFO] IPUIPlugin:80 - create IPUIPlugin
2024-12-14 20:16:47,527 [INFO] PluginManager:220 - loadIPPluginJar : add nvic
2024-12-14 20:16:47,614 [INFO] IPUIPlugin:80 - create IPUIPlugin
2024-12-14 20:16:47,615 [INFO] PluginManager:220 - loadIPPluginJar : add opamp
2024-12-14 20:16:47,783 [INFO] IPUIPlugin:80 - create IPUIPlugin
2024-12-14 20:16:47,783 [INFO] PluginManager:220 - loadIPPluginJar : add openamp
2024-12-14 20:16:47,873 [INFO] IPUIPlugin:80 - create IPUIPlugin
2024-12-14 20:16:47,874 [INFO] PluginManager:220 - loadIPPluginJar : add pdm2pcm
2024-12-14 20:16:47,897 [INFO] IPUIPlugin:80 - create IPUIPlugin
2024-12-14 20:16:47,900 [INFO] PluginManager:220 - loadIPPluginJar : add plateformsettings
2024-12-14 20:16:47,939 [INFO] IPUIPlugin:80 - create IPUIPlugin
2024-12-14 20:16:47,939 [INFO] PluginManager:220 - loadIPPluginJar : add quadspi
2024-12-14 20:16:47,999 [INFO] IPUIPlugin:80 - create IPUIPlugin
2024-12-14 20:16:48,001 [INFO] PluginManager:220 - loadIPPluginJar : add radio
2024-12-14 20:16:48,028 [INFO] IPUIPlugin:80 - create IPUIPlugin
2024-12-14 20:16:48,028 [INFO] PluginManager:220 - loadIPPluginJar : add resmgrutility
2024-12-14 20:16:48,155 [INFO] IPUIPlugin:80 - create IPUIPlugin
2024-12-14 20:16:48,163 [INFO] PluginManager:220 - loadIPPluginJar : add sai
2024-12-14 20:16:48,286 [INFO] IPUIPlugin:80 - create IPUIPlugin
2024-12-14 20:16:48,287 [INFO] PluginManager:220 - loadIPPluginJar : add spi
2024-12-14 20:16:48,512 [INFO] IPUIPlugin:80 - create IPUIPlugin
2024-12-14 20:16:48,512 [INFO] PluginManager:220 - loadIPPluginJar : add stm32_wpan
2024-12-14 20:16:48,563 [INFO] IPUIPlugin:80 - create IPUIPlugin
2024-12-14 20:16:48,563 [INFO] PluginManager:220 - loadIPPluginJar : add tim
2024-12-14 20:16:48,696 [INFO] IPUIPlugin:80 - create IPUIPlugin
2024-12-14 20:16:48,696 [INFO] PluginManager:220 - loadIPPluginJar : add touchsensing
2024-12-14 20:16:48,738 [INFO] IPUIPlugin:80 - create IPUIPlugin
2024-12-14 20:16:48,739 [INFO] PluginManager:220 - loadIPPluginJar : add tracer_emb
2024-12-14 20:16:48,806 [INFO] IPUIPlugin:80 - create IPUIPlugin
2024-12-14 20:16:48,807 [INFO] PluginManager:220 - loadIPPluginJar : add ts
2024-12-14 20:16:48,859 [INFO] IPUIPlugin:80 - create IPUIPlugin
2024-12-14 20:16:48,859 [INFO] PluginManager:220 - loadIPPluginJar : add tsc
2024-12-14 20:16:48,921 [INFO] IPUIPlugin:80 - create IPUIPlugin
2024-12-14 20:16:48,921 [INFO] PluginManager:220 - loadIPPluginJar : add ucpd
2024-12-14 20:16:49,003 [INFO] IPUIPlugin:80 - create IPUIPlugin
2024-12-14 20:16:49,003 [INFO] PluginManager:220 - loadIPPluginJar : add usart
2024-12-14 20:16:49,088 [INFO] IPUIPlugin:80 - create IPUIPlugin
2024-12-14 20:16:49,088 [INFO] PluginManager:220 - loadIPPluginJar : add usbx
2024-12-14 20:16:49,339 [FATAL] Updater:351 - Updater called before beeing initialized
2024-12-14 20:16:49,387 [INFO] RulesReader:64 - Compatibility file has been processed (297 Rules)
2024-12-14 20:16:49,403 [INFO] RulesReader:64 - Compatibility file has been processed (297 Rules)
2024-12-14 20:16:49,423 [INFO] CADModel:165 - CPN selected for project level
2024-12-14 20:16:49,423 [INFO] CADModel:114 - Register for checkConnection events
2024-12-14 20:16:49,423 [FATAL] Updater:351 - Updater called before beeing initialized
2024-12-14 20:16:49,423 [ERROR] CADModel:125 - Updater not yet initialized, retry later 
2024-12-14 20:16:49,661 [INFO] ThirdPartyUpdaterWithRetryManager:70 - Updater plugin not ready yet. [3/15]
2024-12-14 20:16:49,779 [FATAL] Updater:351 - Updater called before beeing initialized
2024-12-14 20:16:49,782 [INFO] CADModel:165 - CPN selected for project level
2024-12-14 20:16:49,782 [INFO] CADModel:114 - Register for checkConnection events
2024-12-14 20:16:49,783 [FATAL] Updater:351 - Updater called before beeing initialized
2024-12-14 20:16:49,783 [ERROR] CADModel:125 - Updater not yet initialized, retry later 
2024-12-14 20:16:49,791 [FATAL] Updater:351 - Updater called before beeing initialized
2024-12-14 20:16:50,644 [FATAL] Updater:351 - Updater called before beeing initialized
2024-12-14 20:16:50,679 [INFO] DbMcusAds:53 - JSON generation date=Thu Sep 30 13:55:09 ICT 2021 (1632984909247)
2024-12-14 20:16:50,679 [FATAL] Updater:351 - Updater called before beeing initialized
2024-12-14 20:16:50,775 [WARN] DetailPanel:346 - Failed to get advertising image, set to default
2024-12-14 20:16:51,337 [FATAL] Updater:351 - Updater called before beeing initialized
2024-12-14 20:16:51,342 [FATAL] Updater:351 - Updater called before beeing initialized
2024-12-14 20:16:51,342 [FATAL] Updater:351 - Updater called before beeing initialized
2024-12-14 20:16:51,342 [WARN] DetailPanel:346 - Failed to get advertising image, set to default
2024-12-14 20:16:51,343 [FATAL] Updater:351 - Updater called before beeing initialized
2024-12-14 20:16:51,536 [ERROR] Updater:1198 - MainUpdater not yet initialized. External WinMGr cannot be set.
2024-12-14 20:16:51,556 [INFO] Updater:1134 - Updater Version found : 6.13.0
2024-12-14 20:16:51,588 [INFO] ApplicationProperties:184 - Using Application install path: C:\ST\STM32CubeIDE_1.17.0\STM32CubeIDE\plugins\com.st.stm32cube.common.mx_6.13.0.202411220809
2024-12-14 20:16:52,060 [INFO] MainUpdater:2872 - connection check result : 10
2024-12-14 20:16:52,061 [INFO] MainUpdater:289 - Updater Check For Update Now.
2024-12-14 20:16:52,061 [INFO] MicroXplorer:498 - Change Database Version : DB.6.0.130
2024-12-14 20:16:52,148 [INFO] McuFinderGlobals:63 - Set McuFinder mode to 2 (CubeIDE integrated)
2024-12-14 20:16:52,148 [INFO] UserAuth:171 - activating auth plugin
2024-12-14 20:16:52,189 [INFO] UserAuth:486 - Internet connection configuration mode: 1
2024-12-14 20:16:52,257 [INFO] JxBrowserEngine:152 - Initiate JxBrowser Engine with user profile folder
2024-12-14 20:16:52,469 [INFO] CheckServerUpdateThread:120 - End of CheckServer Thread
2024-12-14 20:16:53,536 [WARN] PackLoader:240 - Cannot read IP mode file for STMicroelectronics.FP-SNS-MOTENVWB1.1.4.0
2024-12-14 20:16:53,560 [WARN] PackLoader:240 - Cannot read IP mode file for STMicroelectronics.FP-ATR-ASTRA1.2.0.1
2024-12-14 20:16:53,597 [WARN] PackLoader:240 - Cannot read IP mode file for STMicroelectronics.X-CUBE-SMBUS.2.1.0
2024-12-14 20:16:53,675 [WARN] PackLoader:240 - Cannot read IP mode file for STMicroelectronics.X-CUBE-WB05N.1.1.0
2024-12-14 20:16:53,766 [WARN] PackLoader:240 - Cannot read IP mode file for STMicroelectronics.X-CUBE-AZRTOS-F7.1.1.0
2024-12-14 20:16:54,151 [WARN] PackLoader:240 - Cannot read IP mode file for STMicroelectronics.X-CUBE-MEMS1.11.0.0
2024-12-14 20:16:55,384 [WARN] PackLoader:240 - Cannot read IP mode file for STMicroelectronics.FP-SNS-FLIGHT1.5.0.2
2024-12-14 20:16:55,539 [WARN] PackLoader:240 - Cannot read IP mode file for Infineon.AIROC-Wi-Fi-Bluetooth-STM32.1.7.0
2024-12-14 20:16:55,604 [WARN] PackLoader:240 - Cannot read IP mode file for STMicroelectronics.X-CUBE-DISPLAY.3.0.0
2024-12-14 20:16:55,719 [WARN] PackLoader:240 - Cannot read IP mode file for STMicroelectronics.X-CUBE-BLE1.7.0.0
2024-12-14 20:16:55,853 [WARN] PackLoader:240 - Cannot read IP mode file for STMicroelectronics.X-CUBE-NFC10.1.0.0
2024-12-14 20:16:55,899 [WARN] PackLoader:240 - Cannot read IP mode file for STMicroelectronics.X-CUBE-BLEMGR.4.0.0
2024-12-14 20:16:55,930 [WARN] PackLoader:240 - Cannot read IP mode file for emotas.I-CUBE-CANOPEN.1.3.0
2024-12-14 20:16:55,956 [WARN] PackLoader:240 - Cannot read IP mode file for STMicroelectronics.FP-SNS-SMARTAG2.1.2.0
2024-12-14 20:16:56,032 [INFO] LogOutputStream:77 - [STDOUT_REDIRECT] 1 : Invalid condition id : UX_CORESTACK_Condition cause : null
2024-12-14 20:16:56,033 [INFO] LogOutputStream:77 - [STDOUT_REDIRECT] 1 : Invalid condition id : UX_CORESTACK_Condition cause : null
2024-12-14 20:16:56,035 [INFO] LogOutputStream:77 - [STDOUT_REDIRECT] 1 : Invalid condition id : UX_CORESTACK_Condition cause : null
2024-12-14 20:16:56,039 [INFO] LogOutputStream:77 - [STDOUT_REDIRECT] 1 : Invalid condition id : UX_CORESTACK_Condition cause : null
2024-12-14 20:16:56,041 [INFO] LogOutputStream:77 - [STDOUT_REDIRECT] 1 : Invalid condition id : UX_CORESTACK_Condition cause : null
2024-12-14 20:16:56,044 [WARN] PackLoader:240 - Cannot read IP mode file for STMicroelectronics.X-CUBE-AZRTOS-WL.2.0.0
2024-12-14 20:16:56,068 [WARN] PackLoader:240 - Cannot read IP mode file for STMicroelectronics.FP-SNS-MOTENV1.5.0.0
2024-12-14 20:16:56,096 [WARN] PackLoader:240 - Cannot read IP mode file for wolfSSL.I-CUBE-wolfMQTT.1.19.0
2024-12-14 20:16:56,269 [WARN] PackLoader:240 - Cannot read IP mode file for WES.I-CUBE-Cesium.1.3.0
2024-12-14 20:16:56,348 [WARN] PackLoader:240 - Cannot read IP mode file for STMicroelectronics.X-CUBE-BLE2.3.3.0
2024-12-14 20:16:56,374 [WARN] PackLoader:240 - Cannot read IP mode file for STMicroelectronics.X-CUBE-NFC9.1.0.0
2024-12-14 20:16:56,423 [WARN] PackLoader:240 - Cannot read IP mode file for STMicroelectronics.X-CUBE-AZRTOS-G0.1.1.0
2024-12-14 20:16:56,461 [WARN] PackLoader:240 - Cannot read IP mode file for STMicroelectronics.X-CUBE-SAFEA1.1.2.2
2024-12-14 20:16:56,503 [WARN] PackLoader:240 - Cannot read IP mode file for STMicroelectronics.X-CUBE-NFC4.3.0.0
2024-12-14 20:16:56,569 [WARN] PackLoader:240 - Cannot read IP mode file for EmbeddedOffice.I-CUBE-FS-RTOS.1.0.1
2024-12-14 20:16:56,589 [WARN] PackLoader:240 - Cannot read IP mode file for STMicroelectronics.X-CUBE-TCPP.4.2.0
2024-12-14 20:16:56,610 [WARN] PackLoader:240 - Cannot read IP mode file for RealThread.X-CUBE-RT-Thread_Nano.4.1.1
2024-12-14 20:16:56,688 [WARN] PackLoader:240 - Cannot read IP mode file for STMicroelectronics.FP-ATR-SIGFOX1.3.2.0
2024-12-14 20:16:56,737 [WARN] ConditionMgr:438 - getConditionDescription Invalid condition id : Cortex-A Device cause : null
2024-12-14 20:16:56,804 [WARN] ConditionMgr:1044 - genDependencies : Invalid condition id : Cortex-A Device cause : null
2024-12-14 20:16:56,805 [WARN] ConditionMgr:1044 - genDependencies : Invalid condition id : Cortex-A Device cause : null
2024-12-14 20:16:56,805 [WARN] ConditionMgr:1044 - genDependencies : Invalid condition id : Cortex-A Device cause : null
2024-12-14 20:16:56,826 [WARN] PackLoader:240 - Cannot read IP mode file for STMicroelectronics.X-CUBE-EEPRMA1.5.1.0
2024-12-14 20:16:56,845 [WARN] PackLoader:240 - Cannot read IP mode file for wolfSSL.I-CUBE-wolfSSL.5.7.4
2024-12-14 20:16:56,886 [WARN] PackLoader:240 - Cannot read IP mode file for ITTIA_DB.I-CUBE-ITTIADB.8.9.0
2024-12-14 20:16:57,014 [WARN] PackLoader:240 - Cannot read IP mode file for SEGGER.I-CUBE-embOS.1.3.1
2024-12-14 20:16:57,185 [WARN] PackLoader:240 - Cannot read IP mode file for STMicroelectronics.X-CUBE-ALGOBUILD.1.4.0
2024-12-14 20:16:57,226 [WARN] PackLoader:240 - Cannot read IP mode file for STMicroelectronics.X-CUBE-AI.9.1.0
2024-12-14 20:16:57,311 [INFO] WebApp:168 - Instantiating new browser for Auth
2024-12-14 20:16:57,344 [WARN] PackLoader:240 - Cannot read IP mode file for STMicroelectronics.X-CUBE-AZRTOS-F4.1.1.0
2024-12-14 20:16:57,432 [WARN] PackLoader:240 - Cannot read IP mode file for STMicroelectronics.X-CUBE-ISPU.2.1.0
2024-12-14 20:16:57,513 [WARN] PackLoader:240 - Cannot read IP mode file for STMicroelectronics.X-CUBE-AZRTOS-L5.2.0.0
2024-12-14 20:16:57,673 [WARN] PackLoader:240 - Cannot read IP mode file for STMicroelectronics.X-CUBE-NFC6.3.1.0
2024-12-14 20:16:57,735 [WARN] PackLoader:240 - Cannot read IP mode file for STMicroelectronics.X-CUBE-DPower.1.2.0
2024-12-14 20:16:57,761 [WARN] PackLoader:240 - Cannot read IP mode file for STMicroelectronics.X-CUBE-FREERTOS.1.3.0
2024-12-14 20:16:57,784 [WARN] PackLoader:240 - Cannot read IP mode file for STMicroelectronics.X-CUBE-NFC7.1.0.1
2024-12-14 20:16:57,850 [WARN] ConditionMgr:438 - getConditionDescription Invalid condition id : LAN8742 Phy interface Condition cause : null
2024-12-14 20:16:57,851 [WARN] PackLoader:240 - Cannot read IP mode file for STMicroelectronics.X-CUBE-AZRTOS-L4.2.0.0
2024-12-14 20:16:57,853 [WARN] ConditionMgr:1044 - genDependencies : Invalid condition id : LAN8742 Phy interface Condition cause : null
2024-12-14 20:16:57,853 [WARN] ConditionMgr:1044 - genDependencies : Invalid condition id : LAN8742 Phy interface Condition cause : null
2024-12-14 20:16:57,854 [WARN] ConditionMgr:1044 - genDependencies : Invalid condition id : LAN8742 Phy interface Condition cause : null
2024-12-14 20:16:57,881 [WARN] PackLoader:240 - Cannot read IP mode file for STMicroelectronics.X-CUBE-SFXS2LP1.4.0.0
2024-12-14 20:16:57,950 [WARN] PackLoader:240 - Cannot read IP mode file for STMicroelectronics.X-CUBE-AZRTOS-H7.3.3.0
2024-12-14 20:16:57,983 [WARN] PackLoader:240 - Cannot read IP mode file for STMicroelectronics.X-CUBE-IPS.3.0.0
2024-12-14 20:16:58,028 [WARN] ConditionMgr:438 - getConditionDescription Invalid condition id : UX DEVICE CLASS RTOS Condition cause : null
2024-12-14 20:16:58,028 [WARN] ConditionMgr:438 - getConditionDescription Invalid condition id : UX DEVICE CLASS RTOS Condition cause : null
2024-12-14 20:16:58,044 [WARN] PackLoader:240 - Cannot read IP mode file for STMicroelectronics.X-CUBE-AZRTOS-WB.2.0.0
2024-12-14 20:16:58,045 [WARN] ConditionMgr:1044 - genDependencies : Invalid condition id : UX DEVICE CLASS RTOS Condition cause : null
2024-12-14 20:16:58,045 [WARN] ConditionMgr:1044 - genDependencies : Invalid condition id : UX DEVICE CLASS RTOS Condition cause : null
2024-12-14 20:16:58,045 [WARN] ConditionMgr:1044 - genDependencies : Invalid condition id : UX DEVICE CLASS RTOS Condition cause : null
2024-12-14 20:16:58,046 [WARN] ConditionMgr:1044 - genDependencies : Invalid condition id : UX DEVICE CLASS RTOS Condition cause : null
2024-12-14 20:16:58,046 [WARN] ConditionMgr:1044 - genDependencies : Invalid condition id : UX DEVICE CLASS RTOS Condition cause : null
2024-12-14 20:16:58,067 [WARN] PackLoader:240 - Cannot read IP mode file for STMicroelectronics.X-CUBE-GNSS1.7.0.0
2024-12-14 20:16:58,090 [WARN] PackLoader:240 - Cannot read IP mode file for STMicroelectronics.FP-SNS-STBOX1.2.0.0
2024-12-14 20:16:58,124 [WARN] PackLoader:240 - Cannot read IP mode file for STMicroelectronics.X-CUBE-SUBG2.5.0.0
2024-12-14 20:16:58,173 [WARN] PackLoader:240 - Cannot read IP mode file for Cesanta.I-CUBE-Mongoose.7.13.0
2024-12-14 20:16:58,208 [WARN] PackLoader:240 - Cannot read IP mode file for STMicroelectronics.X-CUBE-AZRTOS-G4.2.0.0
2024-12-14 20:16:58,227 [WARN] PackLoader:240 - Cannot read IP mode file for STMicroelectronics.X-CUBE-ALS.1.0.2
2024-12-14 20:16:58,246 [WARN] PackLoader:240 - Cannot read IP mode file for STMicroelectronics.X-CUBE-TOUCHGFX.4.24.1
2024-12-14 20:16:58,263 [WARN] PackLoader:240 - Cannot read IP mode file for wolfSSL.I-CUBE-wolfTPM.3.4.0
2024-12-14 20:16:58,283 [WARN] PackLoader:240 - Cannot read IP mode file for portGmbH.I-Cube-SoM-uGOAL.1.1.0
2024-12-14 20:16:58,327 [WARN] PackLoader:240 - Cannot read IP mode file for STMicroelectronics.X-CUBE-AZRTOS-H7RS.1.0.0
2024-12-14 20:16:58,376 [WARN] PackLoader:240 - Cannot read IP mode file for STMicroelectronics.X-CUBE-TOF1.3.4.2
2024-12-14 20:16:58,481 [WARN] PackLoader:240 - Cannot read IP mode file for wolfSSL.I-CUBE-wolfSSH.1.4.17
2024-12-14 20:16:58,482 [INFO] ThirdParty:978 - Integrity check success = true
2024-12-14 20:16:58,482 [INFO] IntegrityCheckThread:100 - exiting critical section [integrity check]
2024-12-14 20:16:58,482 [INFO] IntegrityCheckThread:103 - End integrity checks thread
2024-12-14 20:16:59,537 [INFO] WebApp:449 - Apply proxy settings
2024-12-14 20:16:59,537 [INFO] WebApp:534 - Chromium requires no authentication
2024-12-14 20:16:59,552 [INFO] WebApp:477 - Direct internet connection detected
2024-12-14 20:16:59,875 [INFO] WebApp:880 - Register for checkConnection events
2024-12-14 20:16:59,875 [INFO] WebApp:449 - Apply proxy settings
2024-12-14 20:16:59,875 [INFO] WebApp:534 - Chromium requires no authentication
2024-12-14 20:16:59,876 [INFO] WebApp:477 - Direct internet connection detected
2024-12-14 20:17:00,356 [INFO] WebApp:187 - Connection restablished
2024-12-14 20:17:00,570 [INFO] WebApp:221 - Starting web application
2024-12-14 20:17:00,570 [INFO] WebApp:579 - Web application path used C:\ST\STM32CubeIDE_1.17.0\STM32CubeIDE\plugins\com.st.stm32cube.common.mx_6.13.0.202411220809\db\plugins\mcufinder\reactClient1\index.html
2024-12-14 20:40:35,492 [INFO] Activator:176 - 


2024-12-14 20:40:35,496 [INFO] Activator:177 - !SESSION log4j initialized
2024-12-14 20:40:44,120 [INFO] LogOutputStream:77 - [STDOUT_REDIRECT] 
2024-12-14 20:40:54,485 [INFO] ApplicationProperties:184 - Using Application install path: C:\ST\STM32CubeIDE_1.17.0\STM32CubeIDE\plugins\com.st.stm32cube.common.mx_6.13.0.202411220809
2024-12-14 20:40:54,512 [INFO] DbMcusXml:78 - Set database path to: C:\ST\STM32CubeIDE_1.17.0\STM32CubeIDE\plugins\com.st.stm32cube.common.mx_6.13.0.202411220809\\db\/mcu/
2024-12-14 20:40:54,513 [INFO] ApiDb:274 - Set plugin database path to: C:\ST\STM32CubeIDE_1.17.0\STM32CubeIDE\plugins\com.st.stm32cube.common.mx_6.13.0.202411220809\\db\/plugins/boardmanager/
2024-12-14 20:40:54,513 [WARN] ApiDb:259 - Overriding images path with different value:  => C:\ST\STM32CubeIDE_1.17.0\STM32CubeIDE\plugins\com.st.stm32cube.common.mx_6.13.0.202411220809\\db\/plugins/mcufinder/images/
2024-12-14 20:40:54,519 [INFO] ApiDb:250 - Set database path to: C:\Users\anhhu\.stmcufinder\plugins\mcufinder//mcu/
2024-12-14 20:40:54,521 [INFO] DbMcusAds:125 - Set database path to: C:\Users\anhhu\.stmcufinder\plugins\mcufinder//mcu/
2024-12-14 20:40:54,525 [INFO] CrossReferenceDbSqlite:203 - Set database path to: C:\Users\anhhu\.stmcufinder\plugins\mcufinder//mcu/cs/
2024-12-14 20:40:54,666 [INFO] RulesReader:64 - Compatibility file has been processed (297 Rules)
2024-12-14 20:40:54,792 [INFO] DbMcusXml:78 - Set database path to: C:\ST\STM32CubeIDE_1.17.0\STM32CubeIDE\plugins\com.st.stm32cube.common.mx_6.13.0.202411220809\\db\/mcu/
2024-12-14 20:40:54,792 [INFO] ApiDb:274 - Set plugin database path to: C:\ST\STM32CubeIDE_1.17.0\STM32CubeIDE\plugins\com.st.stm32cube.common.mx_6.13.0.202411220809\\db\/plugins/boardmanager/
2024-12-14 20:40:54,793 [INFO] ApiDb:261 - Set plugin images path to: C:\ST\STM32CubeIDE_1.17.0\STM32CubeIDE\plugins\com.st.stm32cube.common.mx_6.13.0.202411220809\\db\/plugins/mcufinder/images/
2024-12-14 20:40:54,793 [WARN] DbFile:41 - Overriding database path with different value: C:\Users\anhhu\.stmcufinder\plugins\mcufinder/ => C:\Users\anhhu\.stmcufinder\plugins\mcufinder
2024-12-14 20:40:54,794 [INFO] ApiDb:250 - Set database path to: C:\Users\anhhu\.stmcufinder\plugins\mcufinder//mcu/
2024-12-14 20:40:54,794 [WARN] DbFile:41 - Overriding database path with different value: C:\Users\anhhu\.stmcufinder\plugins\mcufinder/ => C:\Users\anhhu\.stmcufinder\plugins\mcufinder
2024-12-14 20:40:54,794 [INFO] DbMcusAds:125 - Set database path to: C:\Users\anhhu\.stmcufinder\plugins\mcufinder//mcu/
2024-12-14 20:40:54,794 [WARN] DbFile:41 - Overriding database path with different value: C:\Users\anhhu\.stmcufinder\plugins\mcufinder/ => C:\Users\anhhu\.stmcufinder\plugins\mcufinder
2024-12-14 20:40:54,794 [WARN] DbFile:41 - Overriding database path with different value: C:\Users\anhhu\.stmcufinder\plugins\mcufinder/ => C:\Users\anhhu\.stmcufinder\plugins\mcufinder
2024-12-14 20:40:54,830 [INFO] CrossReferenceDbSqlite:203 - Set database path to: C:\Users\anhhu\.stmcufinder\plugins\mcufinder//mcu/cs/
2024-12-14 20:40:54,935 [INFO] MainPanel:272 - HeapMemory: 268435456
2024-12-14 20:40:55,081 [INFO] DbMcusXml:78 - Set database path to: C:\ST\STM32CubeIDE_1.17.0\STM32CubeIDE\plugins\com.st.stm32cube.common.mx_6.13.0.202411220809\\db\/mcu/
2024-12-14 20:40:55,081 [INFO] ApiDb:274 - Set plugin database path to: C:\ST\STM32CubeIDE_1.17.0\STM32CubeIDE\plugins\com.st.stm32cube.common.mx_6.13.0.202411220809\\db\/plugins/boardmanager/
2024-12-14 20:40:55,081 [INFO] ApiDb:261 - Set plugin images path to: C:\ST\STM32CubeIDE_1.17.0\STM32CubeIDE\plugins\com.st.stm32cube.common.mx_6.13.0.202411220809\\db\/plugins/mcufinder/images/
2024-12-14 20:40:55,081 [WARN] DbFile:41 - Overriding database path with different value: C:\Users\anhhu\.stmcufinder\plugins\mcufinder/ => C:\Users\anhhu\.stmcufinder\plugins\mcufinder
2024-12-14 20:40:55,082 [INFO] ApiDb:250 - Set database path to: C:\Users\anhhu\.stmcufinder\plugins\mcufinder//mcu/
2024-12-14 20:40:55,082 [WARN] DbFile:41 - Overriding database path with different value: C:\Users\anhhu\.stmcufinder\plugins\mcufinder/ => C:\Users\anhhu\.stmcufinder\plugins\mcufinder
2024-12-14 20:40:55,082 [INFO] DbMcusAds:125 - Set database path to: C:\Users\anhhu\.stmcufinder\plugins\mcufinder//mcu/
2024-12-14 20:40:55,082 [WARN] DbFile:41 - Overriding database path with different value: C:\Users\anhhu\.stmcufinder\plugins\mcufinder/ => C:\Users\anhhu\.stmcufinder\plugins\mcufinder
2024-12-14 20:40:55,082 [WARN] DbFile:41 - Overriding database path with different value: C:\Users\anhhu\.stmcufinder\plugins\mcufinder/ => C:\Users\anhhu\.stmcufinder\plugins\mcufinder
2024-12-14 20:40:55,082 [INFO] CrossReferenceDbSqlite:203 - Set database path to: C:\Users\anhhu\.stmcufinder\plugins\mcufinder//mcu/cs/
2024-12-14 20:40:55,106 [INFO] ApplicationProperties:184 - Using Application install path: C:\ST\STM32CubeIDE_1.17.0\STM32CubeIDE\plugins\com.st.stm32cube.common.mx_6.13.0.202411220809
2024-12-14 20:40:55,108 [INFO] PluginManage:196 - Search for loadable plugins [exclusion list=, ]
2024-12-14 20:40:55,111 [INFO] PluginManage:310 - Check plugin analytics
2024-12-14 20:41:04,397 [INFO] AnalyticsPlugin:253 - Accepted Software Licenses: STM32CubeMX.5.3.0,STM32CubeMX.5.6.0,STM32CubeMX.5.6.1
2024-12-14 20:41:04,397 [INFO] AnalyticsPlugin:255 - Accepted CMSIS Pack Licenses: 
2024-12-14 20:41:04,398 [INFO] AnalyticsPlugin:257 - Accepted Firmware Licenses: 
2024-12-14 20:41:04,401 [INFO] PluginManage:359 - Loaded plugin analytics (category:tool,tabindex:-1)
2024-12-14 20:41:04,402 [INFO] PluginManage:310 - Check plugin cadmodel
2024-12-14 20:41:04,408 [INFO] CADModel:105 - Init CAD model plugin
2024-12-14 20:41:04,409 [INFO] PluginManage:359 - Loaded plugin cadmodel (category:power,tabindex:5)
2024-12-14 20:41:04,409 [INFO] PluginManage:310 - Check plugin clock
2024-12-14 20:41:04,421 [INFO] PluginManage:359 - Loaded plugin clock (category:base,tabindex:2)
2024-12-14 20:41:04,422 [INFO] PluginManage:310 - Check plugin ddr
2024-12-14 20:41:04,425 [INFO] PluginManage:359 - Loaded plugin ddr (category:tool,tabindex:6)
2024-12-14 20:41:04,425 [INFO] PluginManage:310 - Check plugin filemanager
2024-12-14 20:41:04,616 [INFO] PluginManage:359 - Loaded plugin filemanager (category:base,tabindex:10)
2024-12-14 20:41:04,616 [INFO] PluginManage:310 - Check plugin ipmanager
2024-12-14 20:41:04,625 [INFO] PluginManage:359 - Loaded plugin ipmanager (category:base,tabindex:5)
2024-12-14 20:41:04,625 [INFO] PluginManage:310 - Check plugin lpbam
2024-12-14 20:41:04,635 [INFO] PluginManage:359 - Loaded plugin lpbam (category:base,tabindex:0)
2024-12-14 20:41:04,636 [INFO] PluginManage:310 - Check plugin memorymap
2024-12-14 20:41:04,655 [INFO] PluginManage:359 - Loaded plugin memorymap (category:base,tabindex:4)
2024-12-14 20:41:04,655 [INFO] PluginManage:310 - Check plugin pinoutandconfiguration
2024-12-14 20:41:04,667 [INFO] PluginManage:359 - Loaded plugin pinoutandconfiguration (category:base,tabindex:1)
2024-12-14 20:41:04,667 [INFO] PluginManage:310 - Check plugin pinoutconfig
2024-12-14 20:41:04,791 [WARN] SupportedApi:132 - Cannot load RTOS API schema: s4s-elt-must-match.1: The content of 'definitions' must match (annotation?, (simpleType | complexType)?, (unique | key | keyref)*)). A problem was found starting at: attribute.
2024-12-14 20:41:04,970 [INFO] PluginManage:359 - Loaded plugin pinoutconfig (category:base,tabindex:0)
2024-12-14 20:41:04,970 [INFO] PluginManage:310 - Check plugin power
2024-12-14 20:41:04,982 [INFO] PluginManage:359 - Loaded plugin power (category:power,tabindex:4)
2024-12-14 20:41:04,982 [INFO] PluginManage:310 - Check plugin projectmanager
2024-12-14 20:41:05,008 [INFO] PluginManage:359 - Loaded plugin projectmanager (category:projectmanager,tabindex:4)
2024-12-14 20:41:05,008 [INFO] PluginManage:310 - Check plugin rif
2024-12-14 20:41:05,019 [INFO] PluginManage:359 - Loaded plugin rif (category:base,tabindex:3)
2024-12-14 20:41:05,020 [INFO] PluginManage:310 - Check plugin thirdparty
2024-12-14 20:41:05,203 [INFO] PluginManage:359 - Loaded plugin thirdparty (category:base,tabindex:-1)
2024-12-14 20:41:05,203 [INFO] PluginManage:310 - Check plugin tools
2024-12-14 20:41:05,203 [WARN] IntegrityCheckThread:84 - waiting for thirdparty lock release [integrity check]
2024-12-14 20:41:05,207 [INFO] IntegrityCheckThread:86 - entering critical section [integrity check]
2024-12-14 20:41:05,208 [INFO] ThirdPartyUpdaterWithRetryManager:70 - Updater plugin not ready yet. [1/15]
2024-12-14 20:41:05,208 [INFO] PluginManage:359 - Loaded plugin tools (category:base,tabindex:7)
2024-12-14 20:41:05,208 [INFO] PluginManage:310 - Check plugin tutovideos
2024-12-14 20:41:05,440 [INFO] PluginManage:359 - Loaded plugin tutovideos (category:base,tabindex:-1)
2024-12-14 20:41:05,440 [INFO] PluginManage:310 - Check plugin updater
2024-12-14 20:41:05,465 [INFO] PluginManage:359 - Loaded plugin updater (category:base,tabindex:12)
2024-12-14 20:41:05,465 [INFO] PluginManage:310 - Check plugin userauth
2024-12-14 20:41:05,470 [INFO] UserAuth:118 - Init User Auth plugin
2024-12-14 20:41:05,472 [INFO] PluginManage:359 - Loaded plugin userauth (category:base,tabindex:14)
2024-12-14 20:41:05,472 [INFO] PluginManage:283 - PluginManage : Loaded plugins [18]
2024-12-14 20:41:05,773 [INFO] PinOutPanel:1589 - setPackage(No Configuration,No Configuration)
2024-12-14 20:41:05,961 [INFO] CADModel:165 - CPN selected for project level
2024-12-14 20:41:05,961 [INFO] CADModel:114 - Register for checkConnection events
2024-12-14 20:41:06,000 [INFO] IPUIPlugin:80 - create IPUIPlugin
2024-12-14 20:41:06,001 [INFO] PluginManager:220 - loadIPPluginJar : add adc
2024-12-14 20:41:06,007 [INFO] IPUIPlugin:80 - create IPUIPlugin
2024-12-14 20:41:06,007 [INFO] PluginManager:220 - loadIPPluginJar : add aes
2024-12-14 20:41:06,010 [INFO] IPUIPlugin:80 - create IPUIPlugin
2024-12-14 20:41:06,011 [INFO] PluginManager:220 - loadIPPluginJar : add can
2024-12-14 20:41:06,013 [INFO] IPUIPlugin:80 - create IPUIPlugin
2024-12-14 20:41:06,013 [INFO] PluginManager:220 - loadIPPluginJar : add comp
2024-12-14 20:41:06,016 [INFO] IPUIPlugin:80 - create IPUIPlugin
2024-12-14 20:41:06,016 [INFO] PluginManager:220 - loadIPPluginJar : add cryp
2024-12-14 20:41:06,020 [INFO] IPUIPlugin:80 - create IPUIPlugin
2024-12-14 20:41:06,021 [INFO] PluginManager:220 - loadIPPluginJar : add ddr_ctrl_phy
2024-12-14 20:41:06,023 [INFO] IPUIPlugin:80 - create IPUIPlugin
2024-12-14 20:41:06,023 [INFO] PluginManager:220 - loadIPPluginJar : add dfsdm
2024-12-14 20:41:06,030 [INFO] IPUIPlugin:80 - create IPUIPlugin
2024-12-14 20:41:06,030 [INFO] PluginManager:220 - loadIPPluginJar : add dma
2024-12-14 20:41:06,035 [INFO] IPUIPlugin:80 - create IPUIPlugin
2024-12-14 20:41:06,035 [INFO] PluginManager:220 - loadIPPluginJar : add dma3
2024-12-14 20:41:06,038 [INFO] IPUIPlugin:80 - create IPUIPlugin
2024-12-14 20:41:06,039 [INFO] PluginManager:220 - loadIPPluginJar : add extmemmanager
2024-12-14 20:41:06,040 [INFO] IPUIPlugin:80 - create IPUIPlugin
2024-12-14 20:41:06,041 [INFO] PluginManager:220 - loadIPPluginJar : add fatfs
2024-12-14 20:41:06,046 [INFO] IPUIPlugin:80 - create IPUIPlugin
2024-12-14 20:41:06,047 [INFO] PluginManager:220 - loadIPPluginJar : add fmc
2024-12-14 20:41:06,053 [INFO] IPUIPlugin:80 - create IPUIPlugin
2024-12-14 20:41:06,053 [INFO] PluginManager:220 - loadIPPluginJar : add freertos
2024-12-14 20:41:06,055 [INFO] IPUIPlugin:80 - create IPUIPlugin
2024-12-14 20:41:06,055 [INFO] PluginManager:220 - loadIPPluginJar : add genericplugin
2024-12-14 20:41:06,059 [INFO] IPUIPlugin:80 - create IPUIPlugin
2024-12-14 20:41:06,059 [INFO] PluginManager:220 - loadIPPluginJar : add gfxmmu
2024-12-14 20:41:06,065 [INFO] IPUIPlugin:80 - create IPUIPlugin
2024-12-14 20:41:06,065 [INFO] PluginManager:220 - loadIPPluginJar : add gic
2024-12-14 20:41:06,070 [INFO] IPUIPlugin:80 - create IPUIPlugin
2024-12-14 20:41:06,070 [INFO] PluginManager:220 - loadIPPluginJar : add gpio
2024-12-14 20:41:06,074 [INFO] IPUIPlugin:80 - create IPUIPlugin
2024-12-14 20:41:06,074 [INFO] PluginManager:220 - loadIPPluginJar : add gtzc
2024-12-14 20:41:06,077 [INFO] IPUIPlugin:80 - create IPUIPlugin
2024-12-14 20:41:06,077 [INFO] PluginManager:220 - loadIPPluginJar : add hash
2024-12-14 20:41:06,080 [INFO] IPUIPlugin:80 - create IPUIPlugin
2024-12-14 20:41:06,080 [INFO] PluginManager:220 - loadIPPluginJar : add i2c
2024-12-14 20:41:06,083 [INFO] IPUIPlugin:80 - create IPUIPlugin
2024-12-14 20:41:06,083 [INFO] PluginManager:220 - loadIPPluginJar : add i2s
2024-12-14 20:41:06,088 [INFO] IPUIPlugin:80 - create IPUIPlugin
2024-12-14 20:41:06,089 [INFO] PluginManager:220 - loadIPPluginJar : add i3c
2024-12-14 20:41:06,093 [INFO] IPUIPlugin:80 - create IPUIPlugin
2024-12-14 20:41:06,093 [INFO] PluginManager:220 - loadIPPluginJar : add ipddr
2024-12-14 20:41:06,102 [INFO] IPUIPlugin:80 - create IPUIPlugin
2024-12-14 20:41:06,102 [INFO] PluginManager:220 - loadIPPluginJar : add linkedlist
2024-12-14 20:41:06,105 [INFO] IPUIPlugin:80 - create IPUIPlugin
2024-12-14 20:41:06,106 [INFO] PluginManager:220 - loadIPPluginJar : add lorawan
2024-12-14 20:41:06,108 [INFO] IPUIPlugin:80 - create IPUIPlugin
2024-12-14 20:41:06,108 [INFO] PluginManager:220 - loadIPPluginJar : add ltdc
2024-12-14 20:41:06,116 [INFO] IPUIPlugin:80 - create IPUIPlugin
2024-12-14 20:41:06,118 [INFO] PluginManager:220 - loadIPPluginJar : add mdma
2024-12-14 20:41:06,122 [INFO] IPUIPlugin:80 - create IPUIPlugin
2024-12-14 20:41:06,122 [INFO] PluginManager:220 - loadIPPluginJar : add nvic
2024-12-14 20:41:06,126 [INFO] IPUIPlugin:80 - create IPUIPlugin
2024-12-14 20:41:06,126 [INFO] PluginManager:220 - loadIPPluginJar : add opamp
2024-12-14 20:41:06,130 [INFO] IPUIPlugin:80 - create IPUIPlugin
2024-12-14 20:41:06,130 [INFO] PluginManager:220 - loadIPPluginJar : add openamp
2024-12-14 20:41:06,134 [INFO] IPUIPlugin:80 - create IPUIPlugin
2024-12-14 20:41:06,134 [INFO] PluginManager:220 - loadIPPluginJar : add pdm2pcm
2024-12-14 20:41:06,143 [INFO] IPUIPlugin:80 - create IPUIPlugin
2024-12-14 20:41:06,146 [INFO] PluginManager:220 - loadIPPluginJar : add plateformsettings
2024-12-14 20:41:06,148 [INFO] IPUIPlugin:80 - create IPUIPlugin
2024-12-14 20:41:06,148 [INFO] PluginManager:220 - loadIPPluginJar : add quadspi
2024-12-14 20:41:06,150 [INFO] IPUIPlugin:80 - create IPUIPlugin
2024-12-14 20:41:06,152 [INFO] PluginManager:220 - loadIPPluginJar : add radio
2024-12-14 20:41:06,157 [INFO] IPUIPlugin:80 - create IPUIPlugin
2024-12-14 20:41:06,157 [INFO] PluginManager:220 - loadIPPluginJar : add resmgrutility
2024-12-14 20:41:06,161 [INFO] IPUIPlugin:80 - create IPUIPlugin
2024-12-14 20:41:06,161 [INFO] PluginManager:220 - loadIPPluginJar : add sai
2024-12-14 20:41:06,163 [INFO] IPUIPlugin:80 - create IPUIPlugin
2024-12-14 20:41:06,164 [INFO] PluginManager:220 - loadIPPluginJar : add spi
2024-12-14 20:41:06,172 [INFO] IPUIPlugin:80 - create IPUIPlugin
2024-12-14 20:41:06,172 [INFO] PluginManager:220 - loadIPPluginJar : add stm32_wpan
2024-12-14 20:41:06,174 [INFO] IPUIPlugin:80 - create IPUIPlugin
2024-12-14 20:41:06,174 [INFO] PluginManager:220 - loadIPPluginJar : add tim
2024-12-14 20:41:06,179 [INFO] IPUIPlugin:80 - create IPUIPlugin
2024-12-14 20:41:06,181 [INFO] PluginManager:220 - loadIPPluginJar : add touchsensing
2024-12-14 20:41:06,184 [INFO] IPUIPlugin:80 - create IPUIPlugin
2024-12-14 20:41:06,184 [INFO] PluginManager:220 - loadIPPluginJar : add tracer_emb
2024-12-14 20:41:06,187 [INFO] IPUIPlugin:80 - create IPUIPlugin
2024-12-14 20:41:06,187 [INFO] PluginManager:220 - loadIPPluginJar : add ts
2024-12-14 20:41:06,189 [INFO] IPUIPlugin:80 - create IPUIPlugin
2024-12-14 20:41:06,189 [INFO] PluginManager:220 - loadIPPluginJar : add tsc
2024-12-14 20:41:06,193 [INFO] IPUIPlugin:80 - create IPUIPlugin
2024-12-14 20:41:06,193 [INFO] PluginManager:220 - loadIPPluginJar : add ucpd
2024-12-14 20:41:06,196 [INFO] IPUIPlugin:80 - create IPUIPlugin
2024-12-14 20:41:06,196 [INFO] PluginManager:220 - loadIPPluginJar : add usart
2024-12-14 20:41:06,200 [INFO] IPUIPlugin:80 - create IPUIPlugin
2024-12-14 20:41:06,200 [INFO] PluginManager:220 - loadIPPluginJar : add usbx
2024-12-14 20:41:06,349 [FATAL] Updater:351 - Updater called before beeing initialized
2024-12-14 20:41:06,381 [INFO] RulesReader:64 - Compatibility file has been processed (297 Rules)
2024-12-14 20:41:06,396 [INFO] RulesReader:64 - Compatibility file has been processed (297 Rules)
2024-12-14 20:41:06,406 [INFO] CADModel:165 - CPN selected for project level
2024-12-14 20:41:06,407 [INFO] CADModel:114 - Register for checkConnection events
2024-12-14 20:41:06,407 [FATAL] Updater:351 - Updater called before beeing initialized
2024-12-14 20:41:06,407 [ERROR] CADModel:125 - Updater not yet initialized, retry later 
2024-12-14 20:41:06,639 [FATAL] Updater:351 - Updater called before beeing initialized
2024-12-14 20:41:06,641 [INFO] CADModel:165 - CPN selected for project level
2024-12-14 20:41:06,641 [INFO] CADModel:114 - Register for checkConnection events
2024-12-14 20:41:06,642 [FATAL] Updater:351 - Updater called before beeing initialized
2024-12-14 20:41:06,642 [ERROR] CADModel:125 - Updater not yet initialized, retry later 
2024-12-14 20:41:06,645 [FATAL] Updater:351 - Updater called before beeing initialized
2024-12-14 20:41:06,790 [FATAL] Updater:351 - Updater called before beeing initialized
2024-12-14 20:41:06,796 [INFO] DbMcusAds:53 - JSON generation date=Thu Sep 30 13:55:09 ICT 2021 (1632984909247)
2024-12-14 20:41:06,797 [FATAL] Updater:351 - Updater called before beeing initialized
2024-12-14 20:41:06,847 [WARN] DetailPanel:346 - Failed to get advertising image, set to default
2024-12-14 20:41:07,199 [FATAL] Updater:351 - Updater called before beeing initialized
2024-12-14 20:41:07,201 [FATAL] Updater:351 - Updater called before beeing initialized
2024-12-14 20:41:07,202 [FATAL] Updater:351 - Updater called before beeing initialized
2024-12-14 20:41:07,202 [WARN] DetailPanel:346 - Failed to get advertising image, set to default
2024-12-14 20:41:07,203 [FATAL] Updater:351 - Updater called before beeing initialized
2024-12-14 20:41:07,264 [ERROR] Updater:1198 - MainUpdater not yet initialized. External WinMGr cannot be set.
2024-12-14 20:41:07,267 [INFO] Updater:1134 - Updater Version found : 6.13.0
2024-12-14 20:41:07,289 [INFO] ApplicationProperties:184 - Using Application install path: C:\ST\STM32CubeIDE_1.17.0\STM32CubeIDE\plugins\com.st.stm32cube.common.mx_6.13.0.202411220809
2024-12-14 20:41:07,733 [INFO] MainUpdater:2872 - connection check result : 10
2024-12-14 20:41:07,733 [INFO] MainUpdater:289 - Updater Check For Update Now.
2024-12-14 20:41:07,734 [INFO] MicroXplorer:498 - Change Database Version : DB.6.0.130
2024-12-14 20:41:07,742 [INFO] McuFinderGlobals:63 - Set McuFinder mode to 2 (CubeIDE integrated)
2024-12-14 20:41:07,742 [INFO] UserAuth:171 - activating auth plugin
2024-12-14 20:41:07,760 [INFO] UserAuth:486 - Internet connection configuration mode: 1
2024-12-14 20:41:07,802 [INFO] JxBrowserEngine:152 - Initiate JxBrowser Engine with user profile folder
2024-12-14 20:41:07,991 [INFO] CheckServerUpdateThread:120 - End of CheckServer Thread
2024-12-14 20:41:08,537 [WARN] PackLoader:240 - Cannot read IP mode file for STMicroelectronics.FP-SNS-MOTENVWB1.1.4.0
2024-12-14 20:41:08,588 [WARN] PackLoader:240 - Cannot read IP mode file for STMicroelectronics.FP-ATR-ASTRA1.2.0.1
2024-12-14 20:41:08,604 [WARN] PackLoader:240 - Cannot read IP mode file for STMicroelectronics.X-CUBE-SMBUS.2.1.0
2024-12-14 20:41:08,635 [WARN] PackLoader:240 - Cannot read IP mode file for STMicroelectronics.X-CUBE-WB05N.1.1.0
2024-12-14 20:41:08,901 [WARN] PackLoader:240 - Cannot read IP mode file for STMicroelectronics.X-CUBE-AZRTOS-F7.1.1.0
2024-12-14 20:41:09,088 [WARN] PackLoader:240 - Cannot read IP mode file for STMicroelectronics.X-CUBE-MEMS1.11.0.0
2024-12-14 20:41:09,614 [WARN] PackLoader:240 - Cannot read IP mode file for STMicroelectronics.FP-SNS-FLIGHT1.5.0.2
2024-12-14 20:41:09,662 [INFO] WebApp:168 - Instantiating new browser for Auth
2024-12-14 20:41:09,678 [WARN] PackLoader:240 - Cannot read IP mode file for Infineon.AIROC-Wi-Fi-Bluetooth-STM32.1.7.0
2024-12-14 20:41:09,715 [WARN] PackLoader:240 - Cannot read IP mode file for STMicroelectronics.X-CUBE-DISPLAY.3.0.0
2024-12-14 20:41:09,759 [WARN] PackLoader:240 - Cannot read IP mode file for STMicroelectronics.X-CUBE-BLE1.7.0.0
2024-12-14 20:41:09,774 [WARN] PackLoader:240 - Cannot read IP mode file for STMicroelectronics.X-CUBE-NFC10.1.0.0
2024-12-14 20:41:09,820 [WARN] PackLoader:240 - Cannot read IP mode file for STMicroelectronics.X-CUBE-BLEMGR.4.0.0
2024-12-14 20:41:09,841 [WARN] PackLoader:240 - Cannot read IP mode file for emotas.I-CUBE-CANOPEN.1.3.0
2024-12-14 20:41:09,858 [WARN] PackLoader:240 - Cannot read IP mode file for STMicroelectronics.FP-SNS-SMARTAG2.1.2.0
2024-12-14 20:41:09,895 [INFO] LogOutputStream:77 - [STDOUT_REDIRECT] 1 : Invalid condition id : UX_CORESTACK_Condition cause : null
2024-12-14 20:41:09,896 [INFO] LogOutputStream:77 - [STDOUT_REDIRECT] 1 : Invalid condition id : UX_CORESTACK_Condition cause : null
2024-12-14 20:41:09,917 [INFO] LogOutputStream:77 - [STDOUT_REDIRECT] 1 : Invalid condition id : UX_CORESTACK_Condition cause : null
2024-12-14 20:41:09,961 [INFO] LogOutputStream:77 - [STDOUT_REDIRECT] 1 : Invalid condition id : UX_CORESTACK_Condition cause : null
2024-12-14 20:41:09,963 [INFO] LogOutputStream:77 - [STDOUT_REDIRECT] 1 : Invalid condition id : UX_CORESTACK_Condition cause : null
2024-12-14 20:41:09,968 [WARN] PackLoader:240 - Cannot read IP mode file for STMicroelectronics.X-CUBE-AZRTOS-WL.2.0.0
2024-12-14 20:41:09,984 [WARN] PackLoader:240 - Cannot read IP mode file for STMicroelectronics.FP-SNS-MOTENV1.5.0.0
2024-12-14 20:41:09,995 [WARN] PackLoader:240 - Cannot read IP mode file for wolfSSL.I-CUBE-wolfMQTT.1.19.0
2024-12-14 20:41:10,011 [WARN] PackLoader:240 - Cannot read IP mode file for WES.I-CUBE-Cesium.1.3.0
2024-12-14 20:41:10,027 [WARN] PackLoader:240 - Cannot read IP mode file for STMicroelectronics.X-CUBE-BLE2.3.3.0
2024-12-14 20:41:10,061 [WARN] PackLoader:240 - Cannot read IP mode file for STMicroelectronics.X-CUBE-NFC9.1.0.0
2024-12-14 20:41:10,091 [WARN] PackLoader:240 - Cannot read IP mode file for STMicroelectronics.X-CUBE-AZRTOS-G0.1.1.0
2024-12-14 20:41:10,324 [WARN] PackLoader:240 - Cannot read IP mode file for STMicroelectronics.X-CUBE-SAFEA1.1.2.2
2024-12-14 20:41:10,360 [WARN] PackLoader:240 - Cannot read IP mode file for STMicroelectronics.X-CUBE-NFC4.3.0.0
2024-12-14 20:41:10,374 [WARN] PackLoader:240 - Cannot read IP mode file for EmbeddedOffice.I-CUBE-FS-RTOS.1.0.1
2024-12-14 20:41:10,382 [WARN] PackLoader:240 - Cannot read IP mode file for STMicroelectronics.X-CUBE-TCPP.4.2.0
2024-12-14 20:41:10,387 [WARN] PackLoader:240 - Cannot read IP mode file for RealThread.X-CUBE-RT-Thread_Nano.4.1.1
2024-12-14 20:41:10,394 [WARN] PackLoader:240 - Cannot read IP mode file for STMicroelectronics.FP-ATR-SIGFOX1.3.2.0
2024-12-14 20:41:10,398 [WARN] ConditionMgr:438 - getConditionDescription Invalid condition id : Cortex-A Device cause : null
2024-12-14 20:41:10,433 [WARN] ConditionMgr:1044 - genDependencies : Invalid condition id : Cortex-A Device cause : null
2024-12-14 20:41:10,433 [WARN] ConditionMgr:1044 - genDependencies : Invalid condition id : Cortex-A Device cause : null
2024-12-14 20:41:10,433 [WARN] ConditionMgr:1044 - genDependencies : Invalid condition id : Cortex-A Device cause : null
2024-12-14 20:41:10,439 [WARN] PackLoader:240 - Cannot read IP mode file for STMicroelectronics.X-CUBE-EEPRMA1.5.1.0
2024-12-14 20:41:10,444 [WARN] PackLoader:240 - Cannot read IP mode file for wolfSSL.I-CUBE-wolfSSL.5.7.4
2024-12-14 20:41:10,451 [WARN] PackLoader:240 - Cannot read IP mode file for ITTIA_DB.I-CUBE-ITTIADB.8.9.0
2024-12-14 20:41:10,503 [WARN] PackLoader:240 - Cannot read IP mode file for SEGGER.I-CUBE-embOS.1.3.1
2024-12-14 20:41:10,599 [WARN] PackLoader:240 - Cannot read IP mode file for STMicroelectronics.X-CUBE-ALGOBUILD.1.4.0
2024-12-14 20:41:10,603 [WARN] PackLoader:240 - Cannot read IP mode file for STMicroelectronics.X-CUBE-AI.9.1.0
2024-12-14 20:41:10,636 [WARN] PackLoader:240 - Cannot read IP mode file for STMicroelectronics.X-CUBE-AZRTOS-F4.1.1.0
2024-12-14 20:41:10,650 [WARN] PackLoader:240 - Cannot read IP mode file for STMicroelectronics.X-CUBE-ISPU.2.1.0
2024-12-14 20:41:10,672 [WARN] PackLoader:240 - Cannot read IP mode file for STMicroelectronics.X-CUBE-AZRTOS-L5.2.0.0
2024-12-14 20:41:10,812 [WARN] PackLoader:240 - Cannot read IP mode file for STMicroelectronics.X-CUBE-NFC6.3.1.0
2024-12-14 20:41:10,821 [WARN] PackLoader:240 - Cannot read IP mode file for STMicroelectronics.X-CUBE-DPower.1.2.0
2024-12-14 20:41:10,828 [WARN] PackLoader:240 - Cannot read IP mode file for STMicroelectronics.X-CUBE-FREERTOS.1.3.0
2024-12-14 20:41:10,834 [WARN] PackLoader:240 - Cannot read IP mode file for STMicroelectronics.X-CUBE-NFC7.1.0.1
2024-12-14 20:41:10,864 [WARN] ConditionMgr:438 - getConditionDescription Invalid condition id : LAN8742 Phy interface Condition cause : null
2024-12-14 20:41:10,865 [WARN] PackLoader:240 - Cannot read IP mode file for STMicroelectronics.X-CUBE-AZRTOS-L4.2.0.0
2024-12-14 20:41:10,867 [WARN] ConditionMgr:1044 - genDependencies : Invalid condition id : LAN8742 Phy interface Condition cause : null
2024-12-14 20:41:10,867 [WARN] ConditionMgr:1044 - genDependencies : Invalid condition id : LAN8742 Phy interface Condition cause : null
2024-12-14 20:41:10,869 [WARN] ConditionMgr:1044 - genDependencies : Invalid condition id : LAN8742 Phy interface Condition cause : null
2024-12-14 20:41:10,888 [WARN] PackLoader:240 - Cannot read IP mode file for STMicroelectronics.X-CUBE-SFXS2LP1.4.0.0
2024-12-14 20:41:10,916 [WARN] PackLoader:240 - Cannot read IP mode file for STMicroelectronics.X-CUBE-AZRTOS-H7.3.3.0
2024-12-14 20:41:10,931 [WARN] PackLoader:240 - Cannot read IP mode file for STMicroelectronics.X-CUBE-IPS.3.0.0
2024-12-14 20:41:10,945 [WARN] ConditionMgr:438 - getConditionDescription Invalid condition id : UX DEVICE CLASS RTOS Condition cause : null
2024-12-14 20:41:10,945 [WARN] ConditionMgr:438 - getConditionDescription Invalid condition id : UX DEVICE CLASS RTOS Condition cause : null
2024-12-14 20:41:10,948 [WARN] PackLoader:240 - Cannot read IP mode file for STMicroelectronics.X-CUBE-AZRTOS-WB.2.0.0
2024-12-14 20:41:10,948 [WARN] ConditionMgr:1044 - genDependencies : Invalid condition id : UX DEVICE CLASS RTOS Condition cause : null
2024-12-14 20:41:10,948 [WARN] ConditionMgr:1044 - genDependencies : Invalid condition id : UX DEVICE CLASS RTOS Condition cause : null
2024-12-14 20:41:10,948 [WARN] ConditionMgr:1044 - genDependencies : Invalid condition id : UX DEVICE CLASS RTOS Condition cause : null
2024-12-14 20:41:10,948 [WARN] ConditionMgr:1044 - genDependencies : Invalid condition id : UX DEVICE CLASS RTOS Condition cause : null
2024-12-14 20:41:10,949 [WARN] ConditionMgr:1044 - genDependencies : Invalid condition id : UX DEVICE CLASS RTOS Condition cause : null
2024-12-14 20:41:10,961 [WARN] PackLoader:240 - Cannot read IP mode file for STMicroelectronics.X-CUBE-GNSS1.7.0.0
2024-12-14 20:41:10,969 [WARN] PackLoader:240 - Cannot read IP mode file for STMicroelectronics.FP-SNS-STBOX1.2.0.0
2024-12-14 20:41:10,981 [WARN] PackLoader:240 - Cannot read IP mode file for STMicroelectronics.X-CUBE-SUBG2.5.0.0
2024-12-14 20:41:10,989 [WARN] PackLoader:240 - Cannot read IP mode file for Cesanta.I-CUBE-Mongoose.7.13.0
2024-12-14 20:41:11,006 [WARN] PackLoader:240 - Cannot read IP mode file for STMicroelectronics.X-CUBE-AZRTOS-G4.2.0.0
2024-12-14 20:41:11,013 [WARN] PackLoader:240 - Cannot read IP mode file for STMicroelectronics.X-CUBE-ALS.1.0.2
2024-12-14 20:41:11,019 [WARN] PackLoader:240 - Cannot read IP mode file for STMicroelectronics.X-CUBE-TOUCHGFX.4.24.1
2024-12-14 20:41:11,023 [WARN] PackLoader:240 - Cannot read IP mode file for wolfSSL.I-CUBE-wolfTPM.3.4.0
2024-12-14 20:41:11,028 [WARN] PackLoader:240 - Cannot read IP mode file for portGmbH.I-Cube-SoM-uGOAL.1.1.0
2024-12-14 20:41:11,054 [WARN] PackLoader:240 - Cannot read IP mode file for STMicroelectronics.X-CUBE-AZRTOS-H7RS.1.0.0
2024-12-14 20:41:11,067 [WARN] PackLoader:240 - Cannot read IP mode file for STMicroelectronics.X-CUBE-TOF1.3.4.2
2024-12-14 20:41:11,090 [WARN] PackLoader:240 - Cannot read IP mode file for wolfSSL.I-CUBE-wolfSSH.1.4.17
2024-12-14 20:41:11,095 [INFO] ThirdParty:978 - Integrity check success = true
2024-12-14 20:41:11,095 [INFO] IntegrityCheckThread:100 - exiting critical section [integrity check]
2024-12-14 20:41:11,095 [INFO] IntegrityCheckThread:103 - End integrity checks thread
2024-12-14 20:41:12,064 [INFO] WebApp:449 - Apply proxy settings
2024-12-14 20:41:12,064 [INFO] WebApp:534 - Chromium requires no authentication
2024-12-14 20:41:12,106 [INFO] WebApp:477 - Direct internet connection detected
2024-12-14 20:41:12,172 [INFO] WebApp:880 - Register for checkConnection events
2024-12-14 20:41:12,173 [INFO] WebApp:449 - Apply proxy settings
2024-12-14 20:41:12,173 [INFO] WebApp:534 - Chromium requires no authentication
2024-12-14 20:41:12,173 [INFO] WebApp:477 - Direct internet connection detected
2024-12-14 20:41:12,450 [INFO] WebApp:187 - Connection restablished
2024-12-14 20:41:12,695 [INFO] WebApp:221 - Starting web application
2024-12-14 20:41:12,695 [INFO] WebApp:579 - Web application path used C:\ST\STM32CubeIDE_1.17.0\STM32CubeIDE\plugins\com.st.stm32cube.common.mx_6.13.0.202411220809\db\plugins\mcufinder\reactClient1\index.html
2024-12-14 20:50:07,770 [INFO] LogOutputStream:77 - [STDOUT_REDIRECT] StartTraceHandler.execute(), success : Collect=true
2024-12-14 20:54:10,273 [INFO] LogOutputStream:77 - [STDOUT_REDIRECT] StartTraceHandler.execute(), success : Collect=false
2024-12-14 20:54:26,549 [INFO] LogOutputStream:77 - [STDOUT_REDIRECT] StartTraceHandler.execute(), success : Collect=true
2024-12-14 20:54:30,908 [INFO] LogOutputStream:77 - [STDOUT_REDIRECT] StartTraceHandler.execute(), success : Collect=false
2024-12-14 20:54:32,622 [INFO] LogOutputStream:77 - [STDOUT_REDIRECT] StartTraceHandler.execute(), success : Collect=true
2024-12-14 21:31:14,240 [INFO] LogOutputStream:77 - [STDOUT_REDIRECT] StartTraceHandler.execute(), success : Collect=false
2024-12-14 21:31:16,801 [INFO] LogOutputStream:77 - [STDOUT_REDIRECT] StartTraceHandler.execute(), success : Collect=true
2024-12-14 21:31:17,581 [INFO] LogOutputStream:77 - [STDOUT_REDIRECT] StartTraceHandler.execute(), success : Collect=false
2024-12-14 21:31:19,341 [INFO] LogOutputStream:77 - [STDOUT_REDIRECT] StartTraceHandler.execute(), success : Collect=true
2024-12-14 21:32:48,774 [INFO] LogOutputStream:77 - [STDOUT_REDIRECT] StartTraceHandler.execute(), success : Collect=false
2024-12-14 21:33:02,081 [INFO] LogOutputStream:77 - [STDOUT_REDIRECT] StartTraceHandler.execute(), success : Collect=true
2024-12-14 21:33:46,184 [INFO] LogOutputStream:77 - [STDOUT_REDIRECT] StartTraceHandler.execute(), success : Collect=false
2024-12-14 21:33:48,076 [INFO] LogOutputStream:77 - [STDOUT_REDIRECT] StartTraceHandler.execute(), success : Collect=true
2024-12-14 22:38:17,507 [ERROR] LogOutputStream:75 - [STDERR_REDIRECT] 
