2025-01-16 23:32:08,751 [INFO] Activator:176 - 


2025-01-16 23:32:08,758 [INFO] Activator:177 - !SESSION log4j initialized
2025-01-16 23:32:21,409 [INFO] LogOutputStream:77 - [STDOUT_REDIRECT] 
2025-01-16 23:32:32,835 [INFO] ApplicationProperties:184 - Using Application install path: C:\ST\STM32CubeIDE_1.17.0\STM32CubeIDE\plugins\com.st.stm32cube.common.mx_6.13.0.202411220809
2025-01-16 23:32:32,861 [INFO] DbMcusXml:78 - Set database path to: C:\ST\STM32CubeIDE_1.17.0\STM32CubeIDE\plugins\com.st.stm32cube.common.mx_6.13.0.202411220809\\db\/mcu/
2025-01-16 23:32:32,861 [INFO] ApiDb:274 - Set plugin database path to: C:\ST\STM32CubeIDE_1.17.0\STM32CubeIDE\plugins\com.st.stm32cube.common.mx_6.13.0.202411220809\\db\/plugins/boardmanager/
2025-01-16 23:32:32,862 [WARN] ApiDb:259 - Overriding images path with different value:  => C:\ST\STM32CubeIDE_1.17.0\STM32CubeIDE\plugins\com.st.stm32cube.common.mx_6.13.0.202411220809\\db\/plugins/mcufinder/images/
2025-01-16 23:32:32,887 [INFO] ApiDb:250 - Set database path to: C:\Users\anhhu\.stmcufinder\plugins\mcufinder//mcu/
2025-01-16 23:32:32,889 [INFO] DbMcusAds:125 - Set database path to: C:\Users\anhhu\.stmcufinder\plugins\mcufinder//mcu/
2025-01-16 23:32:32,936 [INFO] CrossReferenceDbSqlite:203 - Set database path to: C:\Users\anhhu\.stmcufinder\plugins\mcufinder//mcu/cs/
2025-01-16 23:32:33,125 [INFO] RulesReader:64 - Compatibility file has been processed (297 Rules)
2025-01-16 23:32:33,273 [INFO] DbMcusXml:78 - Set database path to: C:\ST\STM32CubeIDE_1.17.0\STM32CubeIDE\plugins\com.st.stm32cube.common.mx_6.13.0.202411220809\\db\/mcu/
2025-01-16 23:32:33,273 [INFO] ApiDb:274 - Set plugin database path to: C:\ST\STM32CubeIDE_1.17.0\STM32CubeIDE\plugins\com.st.stm32cube.common.mx_6.13.0.202411220809\\db\/plugins/boardmanager/
2025-01-16 23:32:33,274 [INFO] ApiDb:261 - Set plugin images path to: C:\ST\STM32CubeIDE_1.17.0\STM32CubeIDE\plugins\com.st.stm32cube.common.mx_6.13.0.202411220809\\db\/plugins/mcufinder/images/
2025-01-16 23:32:33,274 [WARN] DbFile:41 - Overriding database path with different value: C:\Users\anhhu\.stmcufinder\plugins\mcufinder/ => C:\Users\anhhu\.stmcufinder\plugins\mcufinder
2025-01-16 23:32:33,274 [INFO] ApiDb:250 - Set database path to: C:\Users\anhhu\.stmcufinder\plugins\mcufinder//mcu/
2025-01-16 23:32:33,274 [WARN] DbFile:41 - Overriding database path with different value: C:\Users\anhhu\.stmcufinder\plugins\mcufinder/ => C:\Users\anhhu\.stmcufinder\plugins\mcufinder
2025-01-16 23:32:33,274 [INFO] DbMcusAds:125 - Set database path to: C:\Users\anhhu\.stmcufinder\plugins\mcufinder//mcu/
2025-01-16 23:32:33,274 [WARN] DbFile:41 - Overriding database path with different value: C:\Users\anhhu\.stmcufinder\plugins\mcufinder/ => C:\Users\anhhu\.stmcufinder\plugins\mcufinder
2025-01-16 23:32:33,274 [WARN] DbFile:41 - Overriding database path with different value: C:\Users\anhhu\.stmcufinder\plugins\mcufinder/ => C:\Users\anhhu\.stmcufinder\plugins\mcufinder
2025-01-16 23:32:33,275 [INFO] CrossReferenceDbSqlite:203 - Set database path to: C:\Users\anhhu\.stmcufinder\plugins\mcufinder//mcu/cs/
2025-01-16 23:32:33,375 [INFO] MainPanel:272 - HeapMemory: 268435456
2025-01-16 23:32:33,563 [INFO] DbMcusXml:78 - Set database path to: C:\ST\STM32CubeIDE_1.17.0\STM32CubeIDE\plugins\com.st.stm32cube.common.mx_6.13.0.202411220809\\db\/mcu/
2025-01-16 23:32:33,564 [INFO] ApiDb:274 - Set plugin database path to: C:\ST\STM32CubeIDE_1.17.0\STM32CubeIDE\plugins\com.st.stm32cube.common.mx_6.13.0.202411220809\\db\/plugins/boardmanager/
2025-01-16 23:32:33,564 [INFO] ApiDb:261 - Set plugin images path to: C:\ST\STM32CubeIDE_1.17.0\STM32CubeIDE\plugins\com.st.stm32cube.common.mx_6.13.0.202411220809\\db\/plugins/mcufinder/images/
2025-01-16 23:32:33,565 [WARN] DbFile:41 - Overriding database path with different value: C:\Users\anhhu\.stmcufinder\plugins\mcufinder/ => C:\Users\anhhu\.stmcufinder\plugins\mcufinder
2025-01-16 23:32:33,565 [INFO] ApiDb:250 - Set database path to: C:\Users\anhhu\.stmcufinder\plugins\mcufinder//mcu/
2025-01-16 23:32:33,565 [WARN] DbFile:41 - Overriding database path with different value: C:\Users\anhhu\.stmcufinder\plugins\mcufinder/ => C:\Users\anhhu\.stmcufinder\plugins\mcufinder
2025-01-16 23:32:33,565 [INFO] DbMcusAds:125 - Set database path to: C:\Users\anhhu\.stmcufinder\plugins\mcufinder//mcu/
2025-01-16 23:32:33,565 [WARN] DbFile:41 - Overriding database path with different value: C:\Users\anhhu\.stmcufinder\plugins\mcufinder/ => C:\Users\anhhu\.stmcufinder\plugins\mcufinder
2025-01-16 23:32:33,565 [WARN] DbFile:41 - Overriding database path with different value: C:\Users\anhhu\.stmcufinder\plugins\mcufinder/ => C:\Users\anhhu\.stmcufinder\plugins\mcufinder
2025-01-16 23:32:33,566 [INFO] CrossReferenceDbSqlite:203 - Set database path to: C:\Users\anhhu\.stmcufinder\plugins\mcufinder//mcu/cs/
2025-01-16 23:32:33,589 [INFO] ApplicationProperties:184 - Using Application install path: C:\ST\STM32CubeIDE_1.17.0\STM32CubeIDE\plugins\com.st.stm32cube.common.mx_6.13.0.202411220809
2025-01-16 23:32:33,591 [INFO] PluginManage:196 - Search for loadable plugins [exclusion list=, ]
2025-01-16 23:32:33,593 [INFO] PluginManage:310 - Check plugin analytics
2025-01-16 23:32:42,953 [INFO] AnalyticsPlugin:253 - Accepted Software Licenses: STM32CubeMX.5.3.0,STM32CubeMX.5.6.0,STM32CubeMX.5.6.1
2025-01-16 23:32:42,955 [INFO] AnalyticsPlugin:255 - Accepted CMSIS Pack Licenses: 
2025-01-16 23:32:42,955 [INFO] AnalyticsPlugin:257 - Accepted Firmware Licenses: 
2025-01-16 23:32:42,962 [INFO] PluginManage:359 - Loaded plugin analytics (category:tool,tabindex:-1)
2025-01-16 23:32:42,963 [INFO] PluginManage:310 - Check plugin cadmodel
2025-01-16 23:32:42,987 [INFO] CADModel:105 - Init CAD model plugin
2025-01-16 23:32:42,987 [INFO] PluginManage:359 - Loaded plugin cadmodel (category:power,tabindex:5)
2025-01-16 23:32:42,988 [INFO] PluginManage:310 - Check plugin clock
2025-01-16 23:32:43,946 [INFO] PluginManage:359 - Loaded plugin clock (category:base,tabindex:2)
2025-01-16 23:32:43,947 [INFO] PluginManage:310 - Check plugin ddr
2025-01-16 23:32:43,950 [INFO] PluginManage:359 - Loaded plugin ddr (category:tool,tabindex:6)
2025-01-16 23:32:43,950 [INFO] PluginManage:310 - Check plugin filemanager
2025-01-16 23:32:44,207 [INFO] PluginManage:359 - Loaded plugin filemanager (category:base,tabindex:10)
2025-01-16 23:32:44,207 [INFO] PluginManage:310 - Check plugin ipmanager
2025-01-16 23:32:44,220 [INFO] PluginManage:359 - Loaded plugin ipmanager (category:base,tabindex:5)
2025-01-16 23:32:44,220 [INFO] PluginManage:310 - Check plugin lpbam
2025-01-16 23:32:44,253 [INFO] PluginManage:359 - Loaded plugin lpbam (category:base,tabindex:0)
2025-01-16 23:32:44,253 [INFO] PluginManage:310 - Check plugin memorymap
2025-01-16 23:32:44,292 [INFO] PluginManage:359 - Loaded plugin memorymap (category:base,tabindex:4)
2025-01-16 23:32:44,292 [INFO] PluginManage:310 - Check plugin pinoutandconfiguration
2025-01-16 23:32:44,320 [INFO] PluginManage:359 - Loaded plugin pinoutandconfiguration (category:base,tabindex:1)
2025-01-16 23:32:44,320 [INFO] PluginManage:310 - Check plugin pinoutconfig
2025-01-16 23:32:44,484 [WARN] SupportedApi:132 - Cannot load RTOS API schema: s4s-elt-must-match.1: The content of 'definitions' must match (annotation?, (simpleType | complexType)?, (unique | key | keyref)*)). A problem was found starting at: attribute.
2025-01-16 23:32:44,723 [INFO] PluginManage:359 - Loaded plugin pinoutconfig (category:base,tabindex:0)
2025-01-16 23:32:44,723 [INFO] PluginManage:310 - Check plugin power
2025-01-16 23:32:44,758 [INFO] PluginManage:359 - Loaded plugin power (category:power,tabindex:4)
2025-01-16 23:32:44,758 [INFO] PluginManage:310 - Check plugin projectmanager
2025-01-16 23:32:44,786 [INFO] PluginManage:359 - Loaded plugin projectmanager (category:projectmanager,tabindex:4)
2025-01-16 23:32:44,787 [INFO] PluginManage:310 - Check plugin rif
2025-01-16 23:32:44,816 [INFO] PluginManage:359 - Loaded plugin rif (category:base,tabindex:3)
2025-01-16 23:32:44,816 [INFO] PluginManage:310 - Check plugin thirdparty
2025-01-16 23:32:45,395 [INFO] PluginManage:359 - Loaded plugin thirdparty (category:base,tabindex:-1)
2025-01-16 23:32:45,396 [INFO] PluginManage:310 - Check plugin tools
2025-01-16 23:32:45,393 [WARN] IntegrityCheckThread:84 - waiting for thirdparty lock release [integrity check]
2025-01-16 23:32:45,398 [INFO] IntegrityCheckThread:86 - entering critical section [integrity check]
2025-01-16 23:32:45,399 [INFO] ThirdPartyUpdaterWithRetryManager:70 - Updater plugin not ready yet. [1/15]
2025-01-16 23:32:45,472 [INFO] PluginManage:359 - Loaded plugin tools (category:base,tabindex:7)
2025-01-16 23:32:45,472 [INFO] PluginManage:310 - Check plugin tutovideos
2025-01-16 23:32:45,816 [INFO] PluginManage:359 - Loaded plugin tutovideos (category:base,tabindex:-1)
2025-01-16 23:32:45,816 [INFO] PluginManage:310 - Check plugin updater
2025-01-16 23:32:45,853 [INFO] PluginManage:359 - Loaded plugin updater (category:base,tabindex:12)
2025-01-16 23:32:45,857 [INFO] PluginManage:310 - Check plugin userauth
2025-01-16 23:32:45,864 [INFO] UserAuth:118 - Init User Auth plugin
2025-01-16 23:32:45,865 [INFO] PluginManage:359 - Loaded plugin userauth (category:base,tabindex:14)
2025-01-16 23:32:45,865 [INFO] PluginManage:283 - PluginManage : Loaded plugins [18]
2025-01-16 23:32:46,252 [INFO] PinOutPanel:1589 - setPackage(No Configuration,No Configuration)
2025-01-16 23:32:46,387 [INFO] CADModel:165 - CPN selected for project level
2025-01-16 23:32:46,388 [INFO] CADModel:114 - Register for checkConnection events
2025-01-16 23:32:46,432 [INFO] IPUIPlugin:80 - create IPUIPlugin
2025-01-16 23:32:46,432 [INFO] PluginManager:220 - loadIPPluginJar : add adc
2025-01-16 23:32:46,499 [INFO] IPUIPlugin:80 - create IPUIPlugin
2025-01-16 23:32:46,500 [INFO] PluginManager:220 - loadIPPluginJar : add aes
2025-01-16 23:32:46,574 [INFO] IPUIPlugin:80 - create IPUIPlugin
2025-01-16 23:32:46,574 [INFO] PluginManager:220 - loadIPPluginJar : add can
2025-01-16 23:32:46,671 [INFO] IPUIPlugin:80 - create IPUIPlugin
2025-01-16 23:32:46,672 [INFO] PluginManager:220 - loadIPPluginJar : add comp
2025-01-16 23:32:46,755 [INFO] IPUIPlugin:80 - create IPUIPlugin
2025-01-16 23:32:46,755 [INFO] PluginManager:220 - loadIPPluginJar : add cryp
2025-01-16 23:32:46,772 [INFO] IPUIPlugin:80 - create IPUIPlugin
2025-01-16 23:32:46,772 [INFO] PluginManager:220 - loadIPPluginJar : add ddr_ctrl_phy
2025-01-16 23:32:46,828 [INFO] IPUIPlugin:80 - create IPUIPlugin
2025-01-16 23:32:46,828 [INFO] PluginManager:220 - loadIPPluginJar : add dfsdm
2025-01-16 23:32:46,853 [INFO] IPUIPlugin:80 - create IPUIPlugin
2025-01-16 23:32:46,853 [INFO] PluginManager:220 - loadIPPluginJar : add dma
2025-01-16 23:32:46,966 [INFO] IPUIPlugin:80 - create IPUIPlugin
2025-01-16 23:32:46,966 [INFO] PluginManager:220 - loadIPPluginJar : add dma3
2025-01-16 23:32:47,066 [INFO] IPUIPlugin:80 - create IPUIPlugin
2025-01-16 23:32:47,067 [INFO] PluginManager:220 - loadIPPluginJar : add extmemmanager
2025-01-16 23:32:47,117 [INFO] IPUIPlugin:80 - create IPUIPlugin
2025-01-16 23:32:47,117 [INFO] PluginManager:220 - loadIPPluginJar : add fatfs
2025-01-16 23:32:47,203 [INFO] IPUIPlugin:80 - create IPUIPlugin
2025-01-16 23:32:47,204 [INFO] PluginManager:220 - loadIPPluginJar : add fmc
2025-01-16 23:32:47,230 [INFO] IPUIPlugin:80 - create IPUIPlugin
2025-01-16 23:32:47,230 [INFO] PluginManager:220 - loadIPPluginJar : add freertos
2025-01-16 23:32:47,264 [INFO] IPUIPlugin:80 - create IPUIPlugin
2025-01-16 23:32:47,264 [INFO] PluginManager:220 - loadIPPluginJar : add genericplugin
2025-01-16 23:32:47,439 [INFO] IPUIPlugin:80 - create IPUIPlugin
2025-01-16 23:32:47,440 [INFO] PluginManager:220 - loadIPPluginJar : add gfxmmu
2025-01-16 23:32:47,755 [INFO] IPUIPlugin:80 - create IPUIPlugin
2025-01-16 23:32:47,758 [INFO] PluginManager:220 - loadIPPluginJar : add gic
2025-01-16 23:32:47,788 [INFO] IPUIPlugin:80 - create IPUIPlugin
2025-01-16 23:32:47,788 [INFO] PluginManager:220 - loadIPPluginJar : add gpio
2025-01-16 23:32:47,986 [INFO] IPUIPlugin:80 - create IPUIPlugin
2025-01-16 23:32:47,986 [INFO] PluginManager:220 - loadIPPluginJar : add gtzc
2025-01-16 23:32:48,049 [INFO] IPUIPlugin:80 - create IPUIPlugin
2025-01-16 23:32:48,050 [INFO] PluginManager:220 - loadIPPluginJar : add hash
2025-01-16 23:32:48,150 [INFO] IPUIPlugin:80 - create IPUIPlugin
2025-01-16 23:32:48,151 [INFO] PluginManager:220 - loadIPPluginJar : add i2c
2025-01-16 23:32:48,232 [INFO] IPUIPlugin:80 - create IPUIPlugin
2025-01-16 23:32:48,232 [INFO] PluginManager:220 - loadIPPluginJar : add i2s
2025-01-16 23:32:48,315 [INFO] IPUIPlugin:80 - create IPUIPlugin
2025-01-16 23:32:48,315 [INFO] PluginManager:220 - loadIPPluginJar : add i3c
2025-01-16 23:32:48,400 [INFO] ThirdPartyUpdaterWithRetryManager:70 - Updater plugin not ready yet. [2/15]
2025-01-16 23:32:48,531 [INFO] IPUIPlugin:80 - create IPUIPlugin
2025-01-16 23:32:48,532 [INFO] PluginManager:220 - loadIPPluginJar : add ipddr
2025-01-16 23:32:48,706 [INFO] IPUIPlugin:80 - create IPUIPlugin
2025-01-16 23:32:48,706 [INFO] PluginManager:220 - loadIPPluginJar : add linkedlist
2025-01-16 23:32:48,827 [INFO] IPUIPlugin:80 - create IPUIPlugin
2025-01-16 23:32:48,827 [INFO] PluginManager:220 - loadIPPluginJar : add lorawan
2025-01-16 23:32:48,891 [INFO] IPUIPlugin:80 - create IPUIPlugin
2025-01-16 23:32:48,892 [INFO] PluginManager:220 - loadIPPluginJar : add ltdc
2025-01-16 23:32:48,917 [INFO] IPUIPlugin:80 - create IPUIPlugin
2025-01-16 23:32:48,917 [INFO] PluginManager:220 - loadIPPluginJar : add mdma
2025-01-16 23:32:48,937 [INFO] IPUIPlugin:80 - create IPUIPlugin
2025-01-16 23:32:48,937 [INFO] PluginManager:220 - loadIPPluginJar : add nvic
2025-01-16 23:32:49,004 [INFO] IPUIPlugin:80 - create IPUIPlugin
2025-01-16 23:32:49,004 [INFO] PluginManager:220 - loadIPPluginJar : add opamp
2025-01-16 23:32:49,134 [INFO] IPUIPlugin:80 - create IPUIPlugin
2025-01-16 23:32:49,135 [INFO] PluginManager:220 - loadIPPluginJar : add openamp
2025-01-16 23:32:49,217 [INFO] IPUIPlugin:80 - create IPUIPlugin
2025-01-16 23:32:49,217 [INFO] PluginManager:220 - loadIPPluginJar : add pdm2pcm
2025-01-16 23:32:49,242 [INFO] IPUIPlugin:80 - create IPUIPlugin
2025-01-16 23:32:49,246 [INFO] PluginManager:220 - loadIPPluginJar : add plateformsettings
2025-01-16 23:32:49,292 [INFO] IPUIPlugin:80 - create IPUIPlugin
2025-01-16 23:32:49,292 [INFO] PluginManager:220 - loadIPPluginJar : add quadspi
2025-01-16 23:32:49,345 [INFO] IPUIPlugin:80 - create IPUIPlugin
2025-01-16 23:32:49,346 [INFO] PluginManager:220 - loadIPPluginJar : add radio
2025-01-16 23:32:49,367 [INFO] IPUIPlugin:80 - create IPUIPlugin
2025-01-16 23:32:49,367 [INFO] PluginManager:220 - loadIPPluginJar : add resmgrutility
2025-01-16 23:32:49,453 [INFO] IPUIPlugin:80 - create IPUIPlugin
2025-01-16 23:32:49,454 [INFO] PluginManager:220 - loadIPPluginJar : add sai
2025-01-16 23:32:49,530 [INFO] IPUIPlugin:80 - create IPUIPlugin
2025-01-16 23:32:49,530 [INFO] PluginManager:220 - loadIPPluginJar : add spi
2025-01-16 23:32:49,708 [INFO] IPUIPlugin:80 - create IPUIPlugin
2025-01-16 23:32:49,708 [INFO] PluginManager:220 - loadIPPluginJar : add stm32_wpan
2025-01-16 23:32:49,763 [INFO] IPUIPlugin:80 - create IPUIPlugin
2025-01-16 23:32:49,763 [INFO] PluginManager:220 - loadIPPluginJar : add tim
2025-01-16 23:32:49,884 [INFO] IPUIPlugin:80 - create IPUIPlugin
2025-01-16 23:32:49,885 [INFO] PluginManager:220 - loadIPPluginJar : add touchsensing
2025-01-16 23:32:49,925 [INFO] IPUIPlugin:80 - create IPUIPlugin
2025-01-16 23:32:49,925 [INFO] PluginManager:220 - loadIPPluginJar : add tracer_emb
2025-01-16 23:32:49,967 [INFO] IPUIPlugin:80 - create IPUIPlugin
2025-01-16 23:32:49,967 [INFO] PluginManager:220 - loadIPPluginJar : add ts
2025-01-16 23:32:50,017 [INFO] IPUIPlugin:80 - create IPUIPlugin
2025-01-16 23:32:50,017 [INFO] PluginManager:220 - loadIPPluginJar : add tsc
2025-01-16 23:32:50,059 [INFO] IPUIPlugin:80 - create IPUIPlugin
2025-01-16 23:32:50,059 [INFO] PluginManager:220 - loadIPPluginJar : add ucpd
2025-01-16 23:32:50,148 [INFO] IPUIPlugin:80 - create IPUIPlugin
2025-01-16 23:32:50,148 [INFO] PluginManager:220 - loadIPPluginJar : add usart
2025-01-16 23:32:50,230 [INFO] IPUIPlugin:80 - create IPUIPlugin
2025-01-16 23:32:50,230 [INFO] PluginManager:220 - loadIPPluginJar : add usbx
2025-01-16 23:32:50,425 [FATAL] Updater:351 - Updater called before beeing initialized
2025-01-16 23:32:50,459 [INFO] RulesReader:64 - Compatibility file has been processed (297 Rules)
2025-01-16 23:32:50,476 [INFO] RulesReader:64 - Compatibility file has been processed (297 Rules)
2025-01-16 23:32:50,484 [INFO] CADModel:165 - CPN selected for project level
2025-01-16 23:32:50,485 [INFO] CADModel:114 - Register for checkConnection events
2025-01-16 23:32:50,485 [FATAL] Updater:351 - Updater called before beeing initialized
2025-01-16 23:32:50,485 [ERROR] CADModel:125 - Updater not yet initialized, retry later 
2025-01-16 23:32:50,678 [FATAL] Updater:351 - Updater called before beeing initialized
2025-01-16 23:32:50,680 [INFO] CADModel:165 - CPN selected for project level
2025-01-16 23:32:50,681 [INFO] CADModel:114 - Register for checkConnection events
2025-01-16 23:32:50,681 [FATAL] Updater:351 - Updater called before beeing initialized
2025-01-16 23:32:50,681 [ERROR] CADModel:125 - Updater not yet initialized, retry later 
2025-01-16 23:32:50,685 [FATAL] Updater:351 - Updater called before beeing initialized
2025-01-16 23:32:50,881 [FATAL] Updater:351 - Updater called before beeing initialized
2025-01-16 23:32:50,897 [INFO] DbMcusAds:53 - JSON generation date=Tue Dec 17 23:01:15 ICT 2024 (1734451275222)
2025-01-16 23:32:50,897 [FATAL] Updater:351 - Updater called before beeing initialized
2025-01-16 23:32:50,954 [WARN] DetailPanel:346 - Failed to get advertising image, set to default
2025-01-16 23:32:51,371 [FATAL] Updater:351 - Updater called before beeing initialized
2025-01-16 23:32:51,374 [FATAL] Updater:351 - Updater called before beeing initialized
2025-01-16 23:32:51,374 [FATAL] Updater:351 - Updater called before beeing initialized
2025-01-16 23:32:51,375 [WARN] DetailPanel:346 - Failed to get advertising image, set to default
2025-01-16 23:32:51,375 [FATAL] Updater:351 - Updater called before beeing initialized
2025-01-16 23:32:51,401 [INFO] ThirdPartyUpdaterWithRetryManager:70 - Updater plugin not ready yet. [3/15]
2025-01-16 23:32:51,515 [ERROR] Updater:1198 - MainUpdater not yet initialized. External WinMGr cannot be set.
2025-01-16 23:32:51,533 [INFO] Updater:1134 - Updater Version found : 6.13.0
2025-01-16 23:32:51,562 [INFO] ApplicationProperties:184 - Using Application install path: C:\ST\STM32CubeIDE_1.17.0\STM32CubeIDE\plugins\com.st.stm32cube.common.mx_6.13.0.202411220809
2025-01-16 23:32:52,782 [INFO] MainUpdater:2872 - connection check result : 10
2025-01-16 23:32:52,783 [INFO] MainUpdater:289 - Updater Check For Update Now.
2025-01-16 23:32:52,784 [INFO] MicroXplorer:498 - Change Database Version : DB.6.0.130
2025-01-16 23:32:52,803 [INFO] McuFinderGlobals:63 - Set McuFinder mode to 2 (CubeIDE integrated)
2025-01-16 23:32:52,803 [INFO] UserAuth:171 - activating auth plugin
2025-01-16 23:32:52,846 [INFO] UserAuth:486 - Internet connection configuration mode: 1
2025-01-16 23:32:52,984 [INFO] JxBrowserEngine:152 - Initiate JxBrowser Engine with user profile folder
2025-01-16 23:32:53,148 [INFO] CheckServerUpdateThread:120 - End of CheckServer Thread
2025-01-16 23:32:55,044 [WARN] PackLoader:240 - Cannot read IP mode file for STMicroelectronics.FP-SNS-MOTENVWB1.1.4.0
2025-01-16 23:32:55,075 [WARN] PackLoader:240 - Cannot read IP mode file for STMicroelectronics.FP-ATR-ASTRA1.2.0.1
2025-01-16 23:32:55,106 [WARN] PackLoader:240 - Cannot read IP mode file for STMicroelectronics.X-CUBE-SMBUS.2.1.0
2025-01-16 23:32:55,172 [WARN] PackLoader:240 - Cannot read IP mode file for STMicroelectronics.X-CUBE-WB05N.1.1.0
2025-01-16 23:32:55,429 [WARN] PackLoader:240 - Cannot read IP mode file for STMicroelectronics.X-CUBE-AZRTOS-F7.1.1.0
2025-01-16 23:32:55,768 [WARN] PackLoader:240 - Cannot read IP mode file for STMicroelectronics.X-CUBE-MEMS1.11.0.0
2025-01-16 23:32:56,512 [WARN] PackLoader:240 - Cannot read IP mode file for STMicroelectronics.FP-SNS-FLIGHT1.5.0.2
2025-01-16 23:32:56,632 [WARN] PackLoader:240 - Cannot read IP mode file for Infineon.AIROC-Wi-Fi-Bluetooth-STM32.1.7.0
2025-01-16 23:32:56,718 [WARN] PackLoader:240 - Cannot read IP mode file for STMicroelectronics.X-CUBE-DISPLAY.3.0.0
2025-01-16 23:32:56,727 [INFO] WebApp:168 - Instantiating new browser for Auth
2025-01-16 23:32:56,750 [WARN] PackLoader:240 - Cannot read IP mode file for STMicroelectronics.X-CUBE-BLE1.7.0.0
2025-01-16 23:32:56,936 [WARN] PackLoader:240 - Cannot read IP mode file for STMicroelectronics.X-CUBE-NFC10.1.0.0
2025-01-16 23:32:56,974 [WARN] PackLoader:240 - Cannot read IP mode file for STMicroelectronics.X-CUBE-BLEMGR.4.0.0
2025-01-16 23:32:57,016 [WARN] PackLoader:240 - Cannot read IP mode file for emotas.I-CUBE-CANOPEN.1.3.0
2025-01-16 23:32:57,045 [WARN] PackLoader:240 - Cannot read IP mode file for STMicroelectronics.FP-SNS-SMARTAG2.1.2.0
2025-01-16 23:32:57,459 [WARN] PackLoader:240 - Cannot read IP mode file for STMicroelectronics.X-CUBE-MEMS1.11.1.0
2025-01-16 23:32:57,821 [INFO] LogOutputStream:77 - [STDOUT_REDIRECT] 1 : Invalid condition id : UX_CORESTACK_Condition cause : null
2025-01-16 23:32:57,826 [INFO] LogOutputStream:77 - [STDOUT_REDIRECT] 1 : Invalid condition id : UX_CORESTACK_Condition cause : null
2025-01-16 23:32:57,828 [INFO] LogOutputStream:77 - [STDOUT_REDIRECT] 1 : Invalid condition id : UX_CORESTACK_Condition cause : null
2025-01-16 23:32:57,831 [INFO] LogOutputStream:77 - [STDOUT_REDIRECT] 1 : Invalid condition id : UX_CORESTACK_Condition cause : null
2025-01-16 23:32:57,833 [INFO] LogOutputStream:77 - [STDOUT_REDIRECT] 1 : Invalid condition id : UX_CORESTACK_Condition cause : null
2025-01-16 23:32:57,838 [WARN] PackLoader:240 - Cannot read IP mode file for STMicroelectronics.X-CUBE-AZRTOS-WL.2.0.0
2025-01-16 23:32:58,208 [WARN] PackLoader:240 - Cannot read IP mode file for STMicroelectronics.FP-SNS-MOTENV1.5.0.0
2025-01-16 23:32:58,302 [WARN] PackLoader:240 - Cannot read IP mode file for wolfSSL.I-CUBE-wolfMQTT.1.19.0
2025-01-16 23:32:58,454 [WARN] PackLoader:240 - Cannot read IP mode file for WES.I-CUBE-Cesium.1.3.0
2025-01-16 23:32:58,473 [WARN] PackLoader:240 - Cannot read IP mode file for STMicroelectronics.X-CUBE-BLE2.3.3.0
2025-01-16 23:32:58,498 [WARN] PackLoader:240 - Cannot read IP mode file for STMicroelectronics.X-CUBE-NFC9.1.0.0
2025-01-16 23:32:58,565 [WARN] PackLoader:240 - Cannot read IP mode file for STMicroelectronics.X-CUBE-AZRTOS-G0.1.1.0
2025-01-16 23:32:58,589 [WARN] PackLoader:240 - Cannot read IP mode file for STMicroelectronics.X-CUBE-SAFEA1.1.2.2
2025-01-16 23:32:58,608 [WARN] PackLoader:240 - Cannot read IP mode file for STMicroelectronics.X-CUBE-NFC4.3.0.0
2025-01-16 23:32:58,635 [WARN] PackLoader:240 - Cannot read IP mode file for EmbeddedOffice.I-CUBE-FS-RTOS.1.0.1
2025-01-16 23:32:58,657 [WARN] PackLoader:240 - Cannot read IP mode file for STMicroelectronics.X-CUBE-TCPP.4.2.0
2025-01-16 23:32:59,093 [WARN] PackLoader:240 - Cannot read IP mode file for RealThread.X-CUBE-RT-Thread_Nano.4.1.1
2025-01-16 23:32:59,137 [WARN] PackLoader:240 - Cannot read IP mode file for STMicroelectronics.FP-ATR-SIGFOX1.3.2.0
2025-01-16 23:32:59,224 [WARN] ConditionMgr:438 - getConditionDescription Invalid condition id : Cortex-A Device cause : null
2025-01-16 23:32:59,259 [WARN] ConditionMgr:1044 - genDependencies : Invalid condition id : Cortex-A Device cause : null
2025-01-16 23:32:59,260 [WARN] ConditionMgr:1044 - genDependencies : Invalid condition id : Cortex-A Device cause : null
2025-01-16 23:32:59,260 [WARN] ConditionMgr:1044 - genDependencies : Invalid condition id : Cortex-A Device cause : null
2025-01-16 23:32:59,282 [WARN] PackLoader:240 - Cannot read IP mode file for STMicroelectronics.X-CUBE-EEPRMA1.5.1.0
2025-01-16 23:32:59,300 [WARN] PackLoader:240 - Cannot read IP mode file for wolfSSL.I-CUBE-wolfSSL.5.7.4
2025-01-16 23:32:59,349 [WARN] PackLoader:240 - Cannot read IP mode file for ITTIA_DB.I-CUBE-ITTIADB.8.9.0
2025-01-16 23:32:59,393 [WARN] PackLoader:240 - Cannot read IP mode file for SEGGER.I-CUBE-embOS.1.3.1
2025-01-16 23:32:59,467 [WARN] PackLoader:240 - Cannot read IP mode file for STMicroelectronics.X-CUBE-ALGOBUILD.1.4.0
2025-01-16 23:32:59,486 [WARN] PackLoader:240 - Cannot read IP mode file for STMicroelectronics.X-CUBE-AI.9.1.0
2025-01-16 23:32:59,541 [WARN] PackLoader:240 - Cannot read IP mode file for STMicroelectronics.X-CUBE-AZRTOS-F4.1.1.0
2025-01-16 23:32:59,565 [WARN] PackLoader:240 - Cannot read IP mode file for STMicroelectronics.X-CUBE-ISPU.2.1.0
2025-01-16 23:32:59,675 [WARN] PackLoader:240 - Cannot read IP mode file for STMicroelectronics.X-CUBE-AZRTOS-L5.2.0.0
2025-01-16 23:33:00,142 [WARN] PackLoader:240 - Cannot read IP mode file for STMicroelectronics.X-CUBE-NFC6.3.1.0
2025-01-16 23:33:00,722 [WARN] PackLoader:240 - Cannot read IP mode file for STMicroelectronics.X-CUBE-DPower.1.2.0
2025-01-16 23:33:00,791 [WARN] PackLoader:240 - Cannot read IP mode file for STMicroelectronics.X-CUBE-FREERTOS.1.3.0
2025-01-16 23:33:00,816 [WARN] PackLoader:240 - Cannot read IP mode file for STMicroelectronics.X-CUBE-NFC7.1.0.1
2025-01-16 23:33:00,975 [WARN] ConditionMgr:438 - getConditionDescription Invalid condition id : LAN8742 Phy interface Condition cause : null
2025-01-16 23:33:00,975 [WARN] PackLoader:240 - Cannot read IP mode file for STMicroelectronics.X-CUBE-AZRTOS-L4.2.0.0
2025-01-16 23:33:00,977 [WARN] ConditionMgr:1044 - genDependencies : Invalid condition id : LAN8742 Phy interface Condition cause : null
2025-01-16 23:33:00,977 [WARN] ConditionMgr:1044 - genDependencies : Invalid condition id : LAN8742 Phy interface Condition cause : null
2025-01-16 23:33:00,977 [WARN] ConditionMgr:1044 - genDependencies : Invalid condition id : LAN8742 Phy interface Condition cause : null
2025-01-16 23:33:01,006 [WARN] PackLoader:240 - Cannot read IP mode file for STMicroelectronics.X-CUBE-SFXS2LP1.4.0.0
2025-01-16 23:33:01,100 [WARN] PackLoader:240 - Cannot read IP mode file for STMicroelectronics.X-CUBE-AZRTOS-H7.3.3.0
2025-01-16 23:33:01,137 [WARN] PackLoader:240 - Cannot read IP mode file for STMicroelectronics.X-CUBE-IPS.3.0.0
2025-01-16 23:33:01,268 [INFO] WebApp:449 - Apply proxy settings
2025-01-16 23:33:01,269 [INFO] WebApp:534 - Chromium requires no authentication
2025-01-16 23:33:01,285 [INFO] WebApp:477 - Direct internet connection detected
2025-01-16 23:33:01,363 [WARN] ConditionMgr:438 - getConditionDescription Invalid condition id : UX DEVICE CLASS RTOS Condition cause : null
2025-01-16 23:33:01,363 [WARN] ConditionMgr:438 - getConditionDescription Invalid condition id : UX DEVICE CLASS RTOS Condition cause : null
2025-01-16 23:33:01,365 [WARN] PackLoader:240 - Cannot read IP mode file for STMicroelectronics.X-CUBE-AZRTOS-WB.2.0.0
2025-01-16 23:33:01,365 [WARN] ConditionMgr:1044 - genDependencies : Invalid condition id : UX DEVICE CLASS RTOS Condition cause : null
2025-01-16 23:33:01,365 [WARN] ConditionMgr:1044 - genDependencies : Invalid condition id : UX DEVICE CLASS RTOS Condition cause : null
2025-01-16 23:33:01,366 [WARN] ConditionMgr:1044 - genDependencies : Invalid condition id : UX DEVICE CLASS RTOS Condition cause : null
2025-01-16 23:33:01,366 [WARN] ConditionMgr:1044 - genDependencies : Invalid condition id : UX DEVICE CLASS RTOS Condition cause : null
2025-01-16 23:33:01,366 [WARN] ConditionMgr:1044 - genDependencies : Invalid condition id : UX DEVICE CLASS RTOS Condition cause : null
2025-01-16 23:33:01,401 [INFO] WebApp:880 - Register for checkConnection events
2025-01-16 23:33:01,401 [INFO] WebApp:449 - Apply proxy settings
2025-01-16 23:33:01,401 [INFO] WebApp:534 - Chromium requires no authentication
2025-01-16 23:33:01,401 [INFO] WebApp:477 - Direct internet connection detected
2025-01-16 23:33:01,439 [WARN] PackLoader:240 - Cannot read IP mode file for STMicroelectronics.X-CUBE-GNSS1.7.0.0
2025-01-16 23:33:01,460 [WARN] PackLoader:240 - Cannot read IP mode file for STMicroelectronics.X-CUBE-GNSS1.7.0.1
2025-01-16 23:33:01,485 [WARN] PackLoader:240 - Cannot read IP mode file for STMicroelectronics.FP-SNS-STBOX1.2.0.0
2025-01-16 23:33:01,512 [WARN] PackLoader:240 - Cannot read IP mode file for STMicroelectronics.X-CUBE-SUBG2.5.0.0
2025-01-16 23:33:01,575 [WARN] PackLoader:240 - Cannot read IP mode file for Cesanta.I-CUBE-Mongoose.7.13.0
2025-01-16 23:33:01,645 [WARN] PackLoader:240 - Cannot read IP mode file for STMicroelectronics.X-CUBE-AZRTOS-G4.2.0.0
2025-01-16 23:33:01,716 [WARN] PackLoader:240 - Cannot read IP mode file for STMicroelectronics.X-CUBE-IPS.3.1.0
2025-01-16 23:33:01,781 [WARN] PackLoader:240 - Cannot read IP mode file for STMicroelectronics.X-CUBE-ALS.1.0.2
2025-01-16 23:33:01,843 [WARN] PackLoader:240 - Cannot read IP mode file for STMicroelectronics.X-CUBE-TOUCHGFX.4.24.2
2025-01-16 23:33:01,860 [WARN] PackLoader:240 - Cannot read IP mode file for STMicroelectronics.X-CUBE-TOUCHGFX.4.24.1
2025-01-16 23:33:01,885 [WARN] PackLoader:240 - Cannot read IP mode file for wolfSSL.I-CUBE-wolfTPM.3.4.0
2025-01-16 23:33:01,897 [INFO] WebApp:187 - Connection restablished
2025-01-16 23:33:01,908 [WARN] PackLoader:240 - Cannot read IP mode file for portGmbH.I-Cube-SoM-uGOAL.1.1.0
2025-01-16 23:33:01,976 [WARN] PackLoader:240 - Cannot read IP mode file for STMicroelectronics.X-CUBE-AZRTOS-H7RS.1.0.0
2025-01-16 23:33:02,254 [WARN] PackLoader:240 - Cannot read IP mode file for STMicroelectronics.X-CUBE-TOF1.3.4.2
2025-01-16 23:33:02,288 [WARN] PackLoader:240 - Cannot read IP mode file for wolfSSL.I-CUBE-wolfSSH.1.4.17
2025-01-16 23:33:02,289 [INFO] ThirdParty:978 - Integrity check success = true
2025-01-16 23:33:02,289 [INFO] IntegrityCheckThread:100 - exiting critical section [integrity check]
2025-01-16 23:33:02,289 [INFO] IntegrityCheckThread:103 - End integrity checks thread
2025-01-16 23:33:02,430 [INFO] WebApp:221 - Starting web application
2025-01-16 23:33:02,430 [INFO] WebApp:579 - Web application path used C:\ST\STM32CubeIDE_1.17.0\STM32CubeIDE\plugins\com.st.stm32cube.common.mx_6.13.0.202411220809\db\plugins\mcufinder\reactClient1\index.html
