2025-02-19 00:03:52,255 [ERROR] LogOutputStream:75 - [STDERR_REDIRECT] 
2025-02-19 21:50:48,975 [INFO] Activator:176 - 


2025-02-19 21:50:48,979 [INFO] Activator:177 - !SESSION log4j initialized
2025-02-19 21:50:59,655 [INFO] LogOutputStream:77 - [STDOUT_REDIRECT] 
2025-02-19 21:51:11,520 [INFO] ApplicationProperties:184 - Using Application install path: C:\ST\STM32CubeIDE_1.17.0\STM32CubeIDE\plugins\com.st.stm32cube.common.mx_6.13.0.202411220809
2025-02-19 21:51:11,554 [INFO] DbMcusXml:78 - Set database path to: C:\ST\STM32CubeIDE_1.17.0\STM32CubeIDE\plugins\com.st.stm32cube.common.mx_6.13.0.202411220809\\db\/mcu/
2025-02-19 21:51:11,554 [INFO] ApiDb:274 - Set plugin database path to: C:\ST\STM32CubeIDE_1.17.0\STM32CubeIDE\plugins\com.st.stm32cube.common.mx_6.13.0.202411220809\\db\/plugins/boardmanager/
2025-02-19 21:51:11,554 [WARN] ApiDb:259 - Overriding images path with different value:  => C:\ST\STM32CubeIDE_1.17.0\STM32CubeIDE\plugins\com.st.stm32cube.common.mx_6.13.0.202411220809\\db\/plugins/mcufinder/images/
2025-02-19 21:51:11,579 [INFO] ApiDb:250 - Set database path to: C:\Users\anhhu\.stmcufinder\plugins\mcufinder//mcu/
2025-02-19 21:51:11,581 [INFO] DbMcusAds:125 - Set database path to: C:\Users\anhhu\.stmcufinder\plugins\mcufinder//mcu/
2025-02-19 21:51:11,623 [INFO] CrossReferenceDbSqlite:203 - Set database path to: C:\Users\anhhu\.stmcufinder\plugins\mcufinder//mcu/cs/
2025-02-19 21:51:11,852 [INFO] RulesReader:64 - Compatibility file has been processed (297 Rules)
2025-02-19 21:51:11,982 [INFO] DbMcusXml:78 - Set database path to: C:\ST\STM32CubeIDE_1.17.0\STM32CubeIDE\plugins\com.st.stm32cube.common.mx_6.13.0.202411220809\\db\/mcu/
2025-02-19 21:51:11,983 [INFO] ApiDb:274 - Set plugin database path to: C:\ST\STM32CubeIDE_1.17.0\STM32CubeIDE\plugins\com.st.stm32cube.common.mx_6.13.0.202411220809\\db\/plugins/boardmanager/
2025-02-19 21:51:11,983 [INFO] ApiDb:261 - Set plugin images path to: C:\ST\STM32CubeIDE_1.17.0\STM32CubeIDE\plugins\com.st.stm32cube.common.mx_6.13.0.202411220809\\db\/plugins/mcufinder/images/
2025-02-19 21:51:11,983 [WARN] DbFile:41 - Overriding database path with different value: C:\Users\anhhu\.stmcufinder\plugins\mcufinder/ => C:\Users\anhhu\.stmcufinder\plugins\mcufinder
2025-02-19 21:51:11,984 [INFO] ApiDb:250 - Set database path to: C:\Users\anhhu\.stmcufinder\plugins\mcufinder//mcu/
2025-02-19 21:51:11,985 [WARN] DbFile:41 - Overriding database path with different value: C:\Users\anhhu\.stmcufinder\plugins\mcufinder/ => C:\Users\anhhu\.stmcufinder\plugins\mcufinder
2025-02-19 21:51:11,986 [INFO] DbMcusAds:125 - Set database path to: C:\Users\anhhu\.stmcufinder\plugins\mcufinder//mcu/
2025-02-19 21:51:11,987 [WARN] DbFile:41 - Overriding database path with different value: C:\Users\anhhu\.stmcufinder\plugins\mcufinder/ => C:\Users\anhhu\.stmcufinder\plugins\mcufinder
2025-02-19 21:51:11,987 [WARN] DbFile:41 - Overriding database path with different value: C:\Users\anhhu\.stmcufinder\plugins\mcufinder/ => C:\Users\anhhu\.stmcufinder\plugins\mcufinder
2025-02-19 21:51:11,987 [INFO] CrossReferenceDbSqlite:203 - Set database path to: C:\Users\anhhu\.stmcufinder\plugins\mcufinder//mcu/cs/
2025-02-19 21:51:12,098 [INFO] MainPanel:272 - HeapMemory: 268435456
2025-02-19 21:51:12,279 [INFO] DbMcusXml:78 - Set database path to: C:\ST\STM32CubeIDE_1.17.0\STM32CubeIDE\plugins\com.st.stm32cube.common.mx_6.13.0.202411220809\\db\/mcu/
2025-02-19 21:51:12,279 [INFO] ApiDb:274 - Set plugin database path to: C:\ST\STM32CubeIDE_1.17.0\STM32CubeIDE\plugins\com.st.stm32cube.common.mx_6.13.0.202411220809\\db\/plugins/boardmanager/
2025-02-19 21:51:12,279 [INFO] ApiDb:261 - Set plugin images path to: C:\ST\STM32CubeIDE_1.17.0\STM32CubeIDE\plugins\com.st.stm32cube.common.mx_6.13.0.202411220809\\db\/plugins/mcufinder/images/
2025-02-19 21:51:12,279 [WARN] DbFile:41 - Overriding database path with different value: C:\Users\anhhu\.stmcufinder\plugins\mcufinder/ => C:\Users\anhhu\.stmcufinder\plugins\mcufinder
2025-02-19 21:51:12,280 [INFO] ApiDb:250 - Set database path to: C:\Users\anhhu\.stmcufinder\plugins\mcufinder//mcu/
2025-02-19 21:51:12,280 [WARN] DbFile:41 - Overriding database path with different value: C:\Users\anhhu\.stmcufinder\plugins\mcufinder/ => C:\Users\anhhu\.stmcufinder\plugins\mcufinder
2025-02-19 21:51:12,280 [INFO] DbMcusAds:125 - Set database path to: C:\Users\anhhu\.stmcufinder\plugins\mcufinder//mcu/
2025-02-19 21:51:12,280 [WARN] DbFile:41 - Overriding database path with different value: C:\Users\anhhu\.stmcufinder\plugins\mcufinder/ => C:\Users\anhhu\.stmcufinder\plugins\mcufinder
2025-02-19 21:51:12,280 [WARN] DbFile:41 - Overriding database path with different value: C:\Users\anhhu\.stmcufinder\plugins\mcufinder/ => C:\Users\anhhu\.stmcufinder\plugins\mcufinder
2025-02-19 21:51:12,280 [INFO] CrossReferenceDbSqlite:203 - Set database path to: C:\Users\anhhu\.stmcufinder\plugins\mcufinder//mcu/cs/
2025-02-19 21:51:12,310 [INFO] ApplicationProperties:184 - Using Application install path: C:\ST\STM32CubeIDE_1.17.0\STM32CubeIDE\plugins\com.st.stm32cube.common.mx_6.13.0.202411220809
2025-02-19 21:51:12,312 [INFO] PluginManage:196 - Search for loadable plugins [exclusion list=, ]
2025-02-19 21:51:12,314 [INFO] PluginManage:310 - Check plugin analytics
2025-02-19 21:51:21,662 [INFO] AnalyticsPlugin:253 - Accepted Software Licenses: STM32CubeMX.5.3.0,STM32CubeMX.5.6.0,STM32CubeMX.5.6.1
2025-02-19 21:51:21,662 [INFO] AnalyticsPlugin:255 - Accepted CMSIS Pack Licenses: 
2025-02-19 21:51:21,662 [INFO] AnalyticsPlugin:257 - Accepted Firmware Licenses: 
2025-02-19 21:51:21,666 [INFO] PluginManage:359 - Loaded plugin analytics (category:tool,tabindex:-1)
2025-02-19 21:51:21,667 [INFO] PluginManage:310 - Check plugin cadmodel
2025-02-19 21:51:21,756 [INFO] CADModel:105 - Init CAD model plugin
2025-02-19 21:51:21,756 [INFO] PluginManage:359 - Loaded plugin cadmodel (category:power,tabindex:5)
2025-02-19 21:51:21,757 [INFO] PluginManage:310 - Check plugin clock
2025-02-19 21:51:21,790 [INFO] PluginManage:359 - Loaded plugin clock (category:base,tabindex:2)
2025-02-19 21:51:21,790 [INFO] PluginManage:310 - Check plugin ddr
2025-02-19 21:51:21,795 [INFO] PluginManage:359 - Loaded plugin ddr (category:tool,tabindex:6)
2025-02-19 21:51:21,795 [INFO] PluginManage:310 - Check plugin filemanager
2025-02-19 21:51:22,064 [INFO] PluginManage:359 - Loaded plugin filemanager (category:base,tabindex:10)
2025-02-19 21:51:22,064 [INFO] PluginManage:310 - Check plugin ipmanager
2025-02-19 21:51:22,075 [INFO] PluginManage:359 - Loaded plugin ipmanager (category:base,tabindex:5)
2025-02-19 21:51:22,075 [INFO] PluginManage:310 - Check plugin lpbam
2025-02-19 21:51:22,106 [INFO] PluginManage:359 - Loaded plugin lpbam (category:base,tabindex:0)
2025-02-19 21:51:22,106 [INFO] PluginManage:310 - Check plugin memorymap
2025-02-19 21:51:22,144 [INFO] PluginManage:359 - Loaded plugin memorymap (category:base,tabindex:4)
2025-02-19 21:51:22,145 [INFO] PluginManage:310 - Check plugin pinoutandconfiguration
2025-02-19 21:51:22,171 [INFO] PluginManage:359 - Loaded plugin pinoutandconfiguration (category:base,tabindex:1)
2025-02-19 21:51:22,171 [INFO] PluginManage:310 - Check plugin pinoutconfig
2025-02-19 21:51:22,405 [WARN] SupportedApi:132 - Cannot load RTOS API schema: s4s-elt-must-match.1: The content of 'definitions' must match (annotation?, (simpleType | complexType)?, (unique | key | keyref)*)). A problem was found starting at: attribute.
2025-02-19 21:51:22,644 [INFO] PluginManage:359 - Loaded plugin pinoutconfig (category:base,tabindex:0)
2025-02-19 21:51:22,644 [INFO] PluginManage:310 - Check plugin power
2025-02-19 21:51:22,679 [INFO] PluginManage:359 - Loaded plugin power (category:power,tabindex:4)
2025-02-19 21:51:22,679 [INFO] PluginManage:310 - Check plugin projectmanager
2025-02-19 21:51:22,701 [INFO] PluginManage:359 - Loaded plugin projectmanager (category:projectmanager,tabindex:4)
2025-02-19 21:51:22,701 [INFO] PluginManage:310 - Check plugin rif
2025-02-19 21:51:22,729 [INFO] PluginManage:359 - Loaded plugin rif (category:base,tabindex:3)
2025-02-19 21:51:22,730 [INFO] PluginManage:310 - Check plugin thirdparty
2025-02-19 21:51:23,214 [INFO] PluginManage:359 - Loaded plugin thirdparty (category:base,tabindex:-1)
2025-02-19 21:51:23,214 [INFO] PluginManage:310 - Check plugin tools
2025-02-19 21:51:23,214 [WARN] IntegrityCheckThread:84 - waiting for thirdparty lock release [integrity check]
2025-02-19 21:51:23,215 [INFO] IntegrityCheckThread:86 - entering critical section [integrity check]
2025-02-19 21:51:23,215 [INFO] ThirdPartyUpdaterWithRetryManager:70 - Updater plugin not ready yet. [1/15]
2025-02-19 21:51:23,269 [INFO] PluginManage:359 - Loaded plugin tools (category:base,tabindex:7)
2025-02-19 21:51:23,269 [INFO] PluginManage:310 - Check plugin tutovideos
2025-02-19 21:51:23,563 [INFO] PluginManage:359 - Loaded plugin tutovideos (category:base,tabindex:-1)
2025-02-19 21:51:23,563 [INFO] PluginManage:310 - Check plugin updater
2025-02-19 21:51:23,590 [INFO] PluginManage:359 - Loaded plugin updater (category:base,tabindex:12)
2025-02-19 21:51:23,590 [INFO] PluginManage:310 - Check plugin userauth
2025-02-19 21:51:23,597 [INFO] UserAuth:118 - Init User Auth plugin
2025-02-19 21:51:23,598 [INFO] PluginManage:359 - Loaded plugin userauth (category:base,tabindex:14)
2025-02-19 21:51:23,598 [INFO] PluginManage:283 - PluginManage : Loaded plugins [18]
2025-02-19 21:51:23,933 [INFO] PinOutPanel:1589 - setPackage(No Configuration,No Configuration)
2025-02-19 21:51:24,063 [INFO] CADModel:165 - CPN selected for project level
2025-02-19 21:51:24,064 [INFO] CADModel:114 - Register for checkConnection events
2025-02-19 21:51:24,111 [INFO] IPUIPlugin:80 - create IPUIPlugin
2025-02-19 21:51:24,111 [INFO] PluginManager:220 - loadIPPluginJar : add adc
2025-02-19 21:51:24,177 [INFO] IPUIPlugin:80 - create IPUIPlugin
2025-02-19 21:51:24,178 [INFO] PluginManager:220 - loadIPPluginJar : add aes
2025-02-19 21:51:24,248 [INFO] IPUIPlugin:80 - create IPUIPlugin
2025-02-19 21:51:24,248 [INFO] PluginManager:220 - loadIPPluginJar : add can
2025-02-19 21:51:24,376 [INFO] IPUIPlugin:80 - create IPUIPlugin
2025-02-19 21:51:24,376 [INFO] PluginManager:220 - loadIPPluginJar : add comp
2025-02-19 21:51:24,443 [INFO] IPUIPlugin:80 - create IPUIPlugin
2025-02-19 21:51:24,443 [INFO] PluginManager:220 - loadIPPluginJar : add cryp
2025-02-19 21:51:24,467 [INFO] IPUIPlugin:80 - create IPUIPlugin
2025-02-19 21:51:24,468 [INFO] PluginManager:220 - loadIPPluginJar : add ddr_ctrl_phy
2025-02-19 21:51:24,520 [INFO] IPUIPlugin:80 - create IPUIPlugin
2025-02-19 21:51:24,520 [INFO] PluginManager:220 - loadIPPluginJar : add dfsdm
2025-02-19 21:51:24,542 [INFO] IPUIPlugin:80 - create IPUIPlugin
2025-02-19 21:51:24,543 [INFO] PluginManager:220 - loadIPPluginJar : add dma
2025-02-19 21:51:24,614 [INFO] IPUIPlugin:80 - create IPUIPlugin
2025-02-19 21:51:24,614 [INFO] PluginManager:220 - loadIPPluginJar : add dma3
2025-02-19 21:51:24,690 [INFO] IPUIPlugin:80 - create IPUIPlugin
2025-02-19 21:51:24,691 [INFO] PluginManager:220 - loadIPPluginJar : add extmemmanager
2025-02-19 21:51:24,725 [INFO] IPUIPlugin:80 - create IPUIPlugin
2025-02-19 21:51:24,725 [INFO] PluginManager:220 - loadIPPluginJar : add fatfs
2025-02-19 21:51:24,797 [INFO] IPUIPlugin:80 - create IPUIPlugin
2025-02-19 21:51:24,798 [INFO] PluginManager:220 - loadIPPluginJar : add fmc
2025-02-19 21:51:24,827 [INFO] IPUIPlugin:80 - create IPUIPlugin
2025-02-19 21:51:24,827 [INFO] PluginManager:220 - loadIPPluginJar : add freertos
2025-02-19 21:51:24,862 [INFO] IPUIPlugin:80 - create IPUIPlugin
2025-02-19 21:51:24,862 [INFO] PluginManager:220 - loadIPPluginJar : add genericplugin
2025-02-19 21:51:25,152 [INFO] IPUIPlugin:80 - create IPUIPlugin
2025-02-19 21:51:25,153 [INFO] PluginManager:220 - loadIPPluginJar : add gfxmmu
2025-02-19 21:51:25,538 [INFO] IPUIPlugin:80 - create IPUIPlugin
2025-02-19 21:51:25,539 [INFO] PluginManager:220 - loadIPPluginJar : add gic
2025-02-19 21:51:25,586 [INFO] IPUIPlugin:80 - create IPUIPlugin
2025-02-19 21:51:25,586 [INFO] PluginManager:220 - loadIPPluginJar : add gpio
2025-02-19 21:51:25,782 [INFO] IPUIPlugin:80 - create IPUIPlugin
2025-02-19 21:51:25,782 [INFO] PluginManager:220 - loadIPPluginJar : add gtzc
2025-02-19 21:51:25,845 [INFO] IPUIPlugin:80 - create IPUIPlugin
2025-02-19 21:51:25,846 [INFO] PluginManager:220 - loadIPPluginJar : add hash
2025-02-19 21:51:25,937 [INFO] IPUIPlugin:80 - create IPUIPlugin
2025-02-19 21:51:25,937 [INFO] PluginManager:220 - loadIPPluginJar : add i2c
2025-02-19 21:51:26,217 [INFO] ThirdPartyUpdaterWithRetryManager:70 - Updater plugin not ready yet. [2/15]
2025-02-19 21:51:26,315 [INFO] IPUIPlugin:80 - create IPUIPlugin
2025-02-19 21:51:26,315 [INFO] PluginManager:220 - loadIPPluginJar : add i2s
2025-02-19 21:51:26,391 [INFO] IPUIPlugin:80 - create IPUIPlugin
2025-02-19 21:51:26,391 [INFO] PluginManager:220 - loadIPPluginJar : add i3c
2025-02-19 21:51:26,591 [INFO] IPUIPlugin:80 - create IPUIPlugin
2025-02-19 21:51:26,591 [INFO] PluginManager:220 - loadIPPluginJar : add ipddr
2025-02-19 21:51:26,751 [INFO] IPUIPlugin:80 - create IPUIPlugin
2025-02-19 21:51:26,751 [INFO] PluginManager:220 - loadIPPluginJar : add linkedlist
2025-02-19 21:51:26,812 [INFO] IPUIPlugin:80 - create IPUIPlugin
2025-02-19 21:51:26,812 [INFO] PluginManager:220 - loadIPPluginJar : add lorawan
2025-02-19 21:51:26,879 [INFO] IPUIPlugin:80 - create IPUIPlugin
2025-02-19 21:51:26,879 [INFO] PluginManager:220 - loadIPPluginJar : add ltdc
2025-02-19 21:51:26,904 [INFO] IPUIPlugin:80 - create IPUIPlugin
2025-02-19 21:51:26,904 [INFO] PluginManager:220 - loadIPPluginJar : add mdma
2025-02-19 21:51:26,923 [INFO] IPUIPlugin:80 - create IPUIPlugin
2025-02-19 21:51:26,923 [INFO] PluginManager:220 - loadIPPluginJar : add nvic
2025-02-19 21:51:26,986 [INFO] IPUIPlugin:80 - create IPUIPlugin
2025-02-19 21:51:26,987 [INFO] PluginManager:220 - loadIPPluginJar : add opamp
2025-02-19 21:51:27,165 [INFO] IPUIPlugin:80 - create IPUIPlugin
2025-02-19 21:51:27,165 [INFO] PluginManager:220 - loadIPPluginJar : add openamp
2025-02-19 21:51:27,284 [INFO] IPUIPlugin:80 - create IPUIPlugin
2025-02-19 21:51:27,284 [INFO] PluginManager:220 - loadIPPluginJar : add pdm2pcm
2025-02-19 21:51:27,308 [INFO] IPUIPlugin:80 - create IPUIPlugin
2025-02-19 21:51:27,310 [INFO] PluginManager:220 - loadIPPluginJar : add plateformsettings
2025-02-19 21:51:27,347 [INFO] IPUIPlugin:80 - create IPUIPlugin
2025-02-19 21:51:27,347 [INFO] PluginManager:220 - loadIPPluginJar : add quadspi
2025-02-19 21:51:27,402 [INFO] IPUIPlugin:80 - create IPUIPlugin
2025-02-19 21:51:27,403 [INFO] PluginManager:220 - loadIPPluginJar : add radio
2025-02-19 21:51:27,430 [INFO] IPUIPlugin:80 - create IPUIPlugin
2025-02-19 21:51:27,430 [INFO] PluginManager:220 - loadIPPluginJar : add resmgrutility
2025-02-19 21:51:27,570 [INFO] IPUIPlugin:80 - create IPUIPlugin
2025-02-19 21:51:27,572 [INFO] PluginManager:220 - loadIPPluginJar : add sai
2025-02-19 21:51:27,645 [INFO] IPUIPlugin:80 - create IPUIPlugin
2025-02-19 21:51:27,646 [INFO] PluginManager:220 - loadIPPluginJar : add spi
2025-02-19 21:51:27,776 [INFO] IPUIPlugin:80 - create IPUIPlugin
2025-02-19 21:51:27,776 [INFO] PluginManager:220 - loadIPPluginJar : add stm32_wpan
2025-02-19 21:51:27,828 [INFO] IPUIPlugin:80 - create IPUIPlugin
2025-02-19 21:51:27,829 [INFO] PluginManager:220 - loadIPPluginJar : add tim
2025-02-19 21:51:27,960 [INFO] IPUIPlugin:80 - create IPUIPlugin
2025-02-19 21:51:27,960 [INFO] PluginManager:220 - loadIPPluginJar : add touchsensing
2025-02-19 21:51:27,998 [INFO] IPUIPlugin:80 - create IPUIPlugin
2025-02-19 21:51:27,998 [INFO] PluginManager:220 - loadIPPluginJar : add tracer_emb
2025-02-19 21:51:28,038 [INFO] IPUIPlugin:80 - create IPUIPlugin
2025-02-19 21:51:28,038 [INFO] PluginManager:220 - loadIPPluginJar : add ts
2025-02-19 21:51:28,078 [INFO] IPUIPlugin:80 - create IPUIPlugin
2025-02-19 21:51:28,079 [INFO] PluginManager:220 - loadIPPluginJar : add tsc
2025-02-19 21:51:28,116 [INFO] IPUIPlugin:80 - create IPUIPlugin
2025-02-19 21:51:28,116 [INFO] PluginManager:220 - loadIPPluginJar : add ucpd
2025-02-19 21:51:28,195 [INFO] IPUIPlugin:80 - create IPUIPlugin
2025-02-19 21:51:28,195 [INFO] PluginManager:220 - loadIPPluginJar : add usart
2025-02-19 21:51:28,284 [INFO] IPUIPlugin:80 - create IPUIPlugin
2025-02-19 21:51:28,284 [INFO] PluginManager:220 - loadIPPluginJar : add usbx
2025-02-19 21:51:28,466 [FATAL] Updater:351 - Updater called before beeing initialized
2025-02-19 21:51:28,523 [INFO] RulesReader:64 - Compatibility file has been processed (297 Rules)
2025-02-19 21:51:28,548 [INFO] RulesReader:64 - Compatibility file has been processed (297 Rules)
2025-02-19 21:51:28,565 [INFO] CADModel:165 - CPN selected for project level
2025-02-19 21:51:28,565 [INFO] CADModel:114 - Register for checkConnection events
2025-02-19 21:51:28,565 [FATAL] Updater:351 - Updater called before beeing initialized
2025-02-19 21:51:28,566 [ERROR] CADModel:125 - Updater not yet initialized, retry later 
2025-02-19 21:51:28,925 [FATAL] Updater:351 - Updater called before beeing initialized
2025-02-19 21:51:28,931 [INFO] CADModel:165 - CPN selected for project level
2025-02-19 21:51:28,931 [INFO] CADModel:114 - Register for checkConnection events
2025-02-19 21:51:28,931 [FATAL] Updater:351 - Updater called before beeing initialized
2025-02-19 21:51:28,931 [ERROR] CADModel:125 - Updater not yet initialized, retry later 
2025-02-19 21:51:28,935 [FATAL] Updater:351 - Updater called before beeing initialized
2025-02-19 21:51:29,165 [FATAL] Updater:351 - Updater called before beeing initialized
2025-02-19 21:51:29,186 [INFO] DbMcusAds:53 - JSON generation date=Tue Dec 17 23:01:15 ICT 2024 (1734451275222)
2025-02-19 21:51:29,186 [FATAL] Updater:351 - Updater called before beeing initialized
2025-02-19 21:51:29,219 [INFO] ThirdPartyUpdaterWithRetryManager:70 - Updater plugin not ready yet. [3/15]
2025-02-19 21:51:29,262 [WARN] DetailPanel:346 - Failed to get advertising image, set to default
2025-02-19 21:51:29,690 [FATAL] Updater:351 - Updater called before beeing initialized
2025-02-19 21:51:29,694 [FATAL] Updater:351 - Updater called before beeing initialized
2025-02-19 21:51:29,694 [FATAL] Updater:351 - Updater called before beeing initialized
2025-02-19 21:51:29,694 [WARN] DetailPanel:346 - Failed to get advertising image, set to default
2025-02-19 21:51:29,696 [FATAL] Updater:351 - Updater called before beeing initialized
2025-02-19 21:51:29,897 [ERROR] Updater:1198 - MainUpdater not yet initialized. External WinMGr cannot be set.
2025-02-19 21:51:29,934 [INFO] Updater:1134 - Updater Version found : 6.13.0
2025-02-19 21:51:29,968 [INFO] ApplicationProperties:184 - Using Application install path: C:\ST\STM32CubeIDE_1.17.0\STM32CubeIDE\plugins\com.st.stm32cube.common.mx_6.13.0.202411220809
2025-02-19 21:51:30,543 [INFO] MainUpdater:2872 - connection check result : 10
2025-02-19 21:51:30,545 [INFO] MainUpdater:289 - Updater Check For Update Now.
2025-02-19 21:51:30,546 [INFO] MicroXplorer:498 - Change Database Version : DB.6.0.130
2025-02-19 21:51:30,571 [INFO] McuFinderGlobals:63 - Set McuFinder mode to 2 (CubeIDE integrated)
2025-02-19 21:51:30,571 [INFO] UserAuth:171 - activating auth plugin
2025-02-19 21:51:30,709 [INFO] UserAuth:486 - Internet connection configuration mode: 1
2025-02-19 21:51:31,044 [INFO] JxBrowserEngine:152 - Initiate JxBrowser Engine with user profile folder
2025-02-19 21:51:31,127 [INFO] CheckServerUpdateThread:120 - End of CheckServer Thread
2025-02-19 21:51:32,595 [WARN] PackLoader:240 - Cannot read IP mode file for STMicroelectronics.FP-SNS-MOTENVWB1.1.4.0
2025-02-19 21:51:32,619 [WARN] PackLoader:240 - Cannot read IP mode file for STMicroelectronics.FP-ATR-ASTRA1.2.0.1
2025-02-19 21:51:32,739 [WARN] PackLoader:240 - Cannot read IP mode file for STMicroelectronics.X-CUBE-SMBUS.2.1.0
2025-02-19 21:51:32,761 [WARN] PackLoader:240 - Cannot read IP mode file for STMicroelectronics.X-CUBE-WB05N.1.1.0
2025-02-19 21:51:32,818 [WARN] PackLoader:240 - Cannot read IP mode file for STMicroelectronics.X-CUBE-AZRTOS-F7.1.1.0
2025-02-19 21:51:32,946 [WARN] PackLoader:240 - Cannot read IP mode file for STMicroelectronics.X-CUBE-MEMS1.11.0.0
2025-02-19 21:51:33,248 [WARN] PackLoader:240 - Cannot read IP mode file for STMicroelectronics.FP-SNS-FLIGHT1.5.0.2
2025-02-19 21:51:33,320 [WARN] PackLoader:240 - Cannot read IP mode file for Infineon.AIROC-Wi-Fi-Bluetooth-STM32.1.7.0
2025-02-19 21:51:33,349 [WARN] PackLoader:240 - Cannot read IP mode file for STMicroelectronics.X-CUBE-DISPLAY.3.0.0
2025-02-19 21:51:33,372 [WARN] PackLoader:240 - Cannot read IP mode file for STMicroelectronics.X-CUBE-BLE1.7.0.0
2025-02-19 21:51:33,391 [WARN] PackLoader:240 - Cannot read IP mode file for STMicroelectronics.X-CUBE-NFC10.1.0.0
2025-02-19 21:51:33,428 [WARN] PackLoader:240 - Cannot read IP mode file for STMicroelectronics.X-CUBE-BLEMGR.4.0.0
2025-02-19 21:51:33,459 [WARN] PackLoader:240 - Cannot read IP mode file for emotas.I-CUBE-CANOPEN.1.3.0
2025-02-19 21:51:33,477 [WARN] PackLoader:240 - Cannot read IP mode file for STMicroelectronics.X-CUBE-AI.10.0.0
2025-02-19 21:51:33,504 [WARN] PackLoader:240 - Cannot read IP mode file for STMicroelectronics.FP-SNS-SMARTAG2.1.2.0
2025-02-19 21:51:33,582 [WARN] PackLoader:240 - Cannot read IP mode file for STMicroelectronics.X-CUBE-MEMS1.11.1.0
2025-02-19 21:51:33,744 [INFO] LogOutputStream:77 - [STDOUT_REDIRECT] 1 : Invalid condition id : UX_CORESTACK_Condition cause : null
2025-02-19 21:51:33,745 [INFO] LogOutputStream:77 - [STDOUT_REDIRECT] 1 : Invalid condition id : UX_CORESTACK_Condition cause : null
2025-02-19 21:51:33,746 [INFO] LogOutputStream:77 - [STDOUT_REDIRECT] 1 : Invalid condition id : UX_CORESTACK_Condition cause : null
2025-02-19 21:51:33,748 [INFO] LogOutputStream:77 - [STDOUT_REDIRECT] 1 : Invalid condition id : UX_CORESTACK_Condition cause : null
2025-02-19 21:51:33,750 [INFO] LogOutputStream:77 - [STDOUT_REDIRECT] 1 : Invalid condition id : UX_CORESTACK_Condition cause : null
2025-02-19 21:51:33,752 [WARN] PackLoader:240 - Cannot read IP mode file for STMicroelectronics.X-CUBE-AZRTOS-WL.2.0.0
2025-02-19 21:51:33,772 [WARN] PackLoader:240 - Cannot read IP mode file for STMicroelectronics.FP-SNS-MOTENV1.5.0.0
2025-02-19 21:51:33,788 [WARN] PackLoader:240 - Cannot read IP mode file for wolfSSL.I-CUBE-wolfMQTT.1.19.0
2025-02-19 21:51:33,809 [WARN] PackLoader:240 - Cannot read IP mode file for WES.I-CUBE-Cesium.1.3.0
2025-02-19 21:51:34,073 [WARN] PackLoader:240 - Cannot read IP mode file for STMicroelectronics.X-CUBE-BLE2.3.3.0
2025-02-19 21:51:34,292 [WARN] PackLoader:240 - Cannot read IP mode file for STMicroelectronics.X-CUBE-NFC9.1.0.0
2025-02-19 21:51:34,343 [WARN] PackLoader:240 - Cannot read IP mode file for STMicroelectronics.X-CUBE-AZRTOS-G0.1.1.0
2025-02-19 21:51:34,363 [WARN] PackLoader:240 - Cannot read IP mode file for STMicroelectronics.X-CUBE-SAFEA1.1.2.2
2025-02-19 21:51:34,487 [WARN] PackLoader:240 - Cannot read IP mode file for STMicroelectronics.X-CUBE-NFC4.3.0.0
2025-02-19 21:51:34,530 [WARN] PackLoader:240 - Cannot read IP mode file for EmbeddedOffice.I-CUBE-FS-RTOS.1.0.1
2025-02-19 21:51:34,589 [WARN] PackLoader:240 - Cannot read IP mode file for STMicroelectronics.X-CUBE-TCPP.4.2.0
2025-02-19 21:51:34,612 [WARN] PackLoader:240 - Cannot read IP mode file for RealThread.X-CUBE-RT-Thread_Nano.4.1.1
2025-02-19 21:51:34,629 [WARN] PackLoader:240 - Cannot read IP mode file for STMicroelectronics.FP-ATR-SIGFOX1.3.2.0
2025-02-19 21:51:34,655 [WARN] ConditionMgr:438 - getConditionDescription Invalid condition id : Cortex-A Device cause : null
2025-02-19 21:51:34,689 [WARN] ConditionMgr:1044 - genDependencies : Invalid condition id : Cortex-A Device cause : null
2025-02-19 21:51:34,689 [WARN] ConditionMgr:1044 - genDependencies : Invalid condition id : Cortex-A Device cause : null
2025-02-19 21:51:34,689 [WARN] ConditionMgr:1044 - genDependencies : Invalid condition id : Cortex-A Device cause : null
2025-02-19 21:51:34,711 [WARN] PackLoader:240 - Cannot read IP mode file for STMicroelectronics.X-CUBE-EEPRMA1.5.1.0
2025-02-19 21:51:34,790 [WARN] PackLoader:240 - Cannot read IP mode file for wolfSSL.I-CUBE-wolfSSL.5.7.4
2025-02-19 21:51:34,955 [WARN] PackLoader:240 - Cannot read IP mode file for ITTIA_DB.I-CUBE-ITTIADB.8.9.0
2025-02-19 21:51:35,019 [WARN] PackLoader:240 - Cannot read IP mode file for SEGGER.I-CUBE-embOS.1.3.1
2025-02-19 21:51:35,083 [WARN] PackLoader:240 - Cannot read IP mode file for STMicroelectronics.X-CUBE-ALGOBUILD.1.4.0
2025-02-19 21:51:35,099 [WARN] PackLoader:240 - Cannot read IP mode file for STMicroelectronics.X-CUBE-AI.9.1.0
2025-02-19 21:51:35,211 [WARN] PackLoader:240 - Cannot read IP mode file for STMicroelectronics.X-CUBE-AZRTOS-F4.1.1.0
2025-02-19 21:51:35,236 [WARN] PackLoader:240 - Cannot read IP mode file for STMicroelectronics.X-CUBE-ISPU.2.1.0
2025-02-19 21:51:35,276 [WARN] PackLoader:240 - Cannot read IP mode file for STMicroelectronics.X-CUBE-AZRTOS-L5.2.0.0
2025-02-19 21:51:35,653 [WARN] PackLoader:240 - Cannot read IP mode file for STMicroelectronics.X-CUBE-NFC6.3.1.0
2025-02-19 21:51:35,673 [WARN] PackLoader:240 - Cannot read IP mode file for STMicroelectronics.X-CUBE-DPower.1.2.0
2025-02-19 21:51:35,693 [WARN] PackLoader:240 - Cannot read IP mode file for STMicroelectronics.X-CUBE-FREERTOS.1.3.0
2025-02-19 21:51:35,710 [WARN] PackLoader:240 - Cannot read IP mode file for STMicroelectronics.X-CUBE-NFC7.1.0.1
2025-02-19 21:51:35,837 [WARN] ConditionMgr:438 - getConditionDescription Invalid condition id : LAN8742 Phy interface Condition cause : null
2025-02-19 21:51:35,837 [WARN] PackLoader:240 - Cannot read IP mode file for STMicroelectronics.X-CUBE-AZRTOS-L4.2.0.0
2025-02-19 21:51:35,838 [WARN] ConditionMgr:1044 - genDependencies : Invalid condition id : LAN8742 Phy interface Condition cause : null
2025-02-19 21:51:35,839 [WARN] ConditionMgr:1044 - genDependencies : Invalid condition id : LAN8742 Phy interface Condition cause : null
2025-02-19 21:51:35,839 [WARN] ConditionMgr:1044 - genDependencies : Invalid condition id : LAN8742 Phy interface Condition cause : null
2025-02-19 21:51:35,863 [WARN] PackLoader:240 - Cannot read IP mode file for STMicroelectronics.X-CUBE-SFXS2LP1.4.0.0
2025-02-19 21:51:36,050 [WARN] PackLoader:240 - Cannot read IP mode file for STMicroelectronics.X-CUBE-AZRTOS-H7.3.3.0
2025-02-19 21:51:36,190 [WARN] PackLoader:240 - Cannot read IP mode file for STMicroelectronics.X-CUBE-IPS.3.0.0
2025-02-19 21:51:36,280 [INFO] WebApp:168 - Instantiating new browser for Auth
2025-02-19 21:51:36,717 [WARN] ConditionMgr:438 - getConditionDescription Invalid condition id : UX DEVICE CLASS RTOS Condition cause : null
2025-02-19 21:51:36,718 [WARN] ConditionMgr:438 - getConditionDescription Invalid condition id : UX DEVICE CLASS RTOS Condition cause : null
2025-02-19 21:51:36,720 [WARN] PackLoader:240 - Cannot read IP mode file for STMicroelectronics.X-CUBE-AZRTOS-WB.2.0.0
2025-02-19 21:51:36,720 [WARN] ConditionMgr:1044 - genDependencies : Invalid condition id : UX DEVICE CLASS RTOS Condition cause : null
2025-02-19 21:51:36,720 [WARN] ConditionMgr:1044 - genDependencies : Invalid condition id : UX DEVICE CLASS RTOS Condition cause : null
2025-02-19 21:51:36,721 [WARN] ConditionMgr:1044 - genDependencies : Invalid condition id : UX DEVICE CLASS RTOS Condition cause : null
2025-02-19 21:51:36,721 [WARN] ConditionMgr:1044 - genDependencies : Invalid condition id : UX DEVICE CLASS RTOS Condition cause : null
2025-02-19 21:51:36,721 [WARN] ConditionMgr:1044 - genDependencies : Invalid condition id : UX DEVICE CLASS RTOS Condition cause : null
2025-02-19 21:51:36,763 [WARN] PackLoader:240 - Cannot read IP mode file for STMicroelectronics.X-CUBE-GNSS1.7.0.0
2025-02-19 21:51:36,785 [WARN] PackLoader:240 - Cannot read IP mode file for STMicroelectronics.X-CUBE-GNSS1.7.0.1
2025-02-19 21:51:36,829 [WARN] PackLoader:240 - Cannot read IP mode file for STMicroelectronics.FP-SNS-STBOX1.2.0.0
2025-02-19 21:51:36,925 [WARN] PackLoader:240 - Cannot read IP mode file for STMicroelectronics.X-CUBE-SUBG2.5.0.0
2025-02-19 21:51:36,963 [WARN] PackLoader:240 - Cannot read IP mode file for Cesanta.I-CUBE-Mongoose.7.13.0
2025-02-19 21:51:37,048 [WARN] PackLoader:240 - Cannot read IP mode file for STMicroelectronics.X-CUBE-AZRTOS-G4.2.0.0
2025-02-19 21:51:37,091 [WARN] PackLoader:240 - Cannot read IP mode file for STMicroelectronics.X-CUBE-IPS.3.1.0
2025-02-19 21:51:37,134 [WARN] PackLoader:240 - Cannot read IP mode file for STMicroelectronics.X-CUBE-ALS.1.0.2
2025-02-19 21:51:37,163 [WARN] PackLoader:240 - Cannot read IP mode file for STMicroelectronics.X-CUBE-TOUCHGFX.4.24.2
2025-02-19 21:51:37,183 [WARN] PackLoader:240 - Cannot read IP mode file for STMicroelectronics.X-CUBE-TOUCHGFX.4.24.1
2025-02-19 21:51:37,224 [WARN] PackLoader:240 - Cannot read IP mode file for wolfSSL.I-CUBE-wolfTPM.3.4.0
2025-02-19 21:51:37,247 [WARN] PackLoader:240 - Cannot read IP mode file for portGmbH.I-Cube-SoM-uGOAL.1.1.0
2025-02-19 21:51:37,291 [WARN] PackLoader:240 - Cannot read IP mode file for STMicroelectronics.X-CUBE-AZRTOS-H7RS.1.0.0
2025-02-19 21:51:37,323 [WARN] PackLoader:240 - Cannot read IP mode file for STMicroelectronics.X-CUBE-TOF1.3.4.2
2025-02-19 21:51:37,352 [WARN] PackLoader:240 - Cannot read IP mode file for wolfSSL.I-CUBE-wolfSSH.1.4.17
2025-02-19 21:51:37,352 [INFO] ThirdParty:978 - Integrity check success = true
2025-02-19 21:51:37,353 [INFO] IntegrityCheckThread:100 - exiting critical section [integrity check]
2025-02-19 21:51:37,353 [INFO] IntegrityCheckThread:103 - End integrity checks thread
2025-02-19 21:51:38,137 [INFO] WebApp:449 - Apply proxy settings
2025-02-19 21:51:38,137 [INFO] WebApp:534 - Chromium requires no authentication
2025-02-19 21:51:38,171 [INFO] WebApp:477 - Direct internet connection detected
2025-02-19 21:51:38,251 [INFO] WebApp:880 - Register for checkConnection events
2025-02-19 21:51:38,251 [INFO] WebApp:449 - Apply proxy settings
2025-02-19 21:51:38,252 [INFO] WebApp:534 - Chromium requires no authentication
2025-02-19 21:51:38,252 [INFO] WebApp:477 - Direct internet connection detected
2025-02-19 21:51:38,495 [INFO] WebApp:187 - Connection restablished
2025-02-19 21:51:38,860 [INFO] WebApp:221 - Starting web application
2025-02-19 21:51:38,860 [INFO] WebApp:579 - Web application path used C:\ST\STM32CubeIDE_1.17.0\STM32CubeIDE\plugins\com.st.stm32cube.common.mx_6.13.0.202411220809\db\plugins\mcufinder\reactClient1\index.html
