2025-02-24 21:32:06,301 [INFO] Activator:176 - 


2025-02-24 21:32:06,310 [INFO] Activator:177 - !SESSION log4j initialized
2025-02-24 21:32:15,987 [INFO] LogOutputStream:77 - [STDOUT_REDIRECT] 
2025-02-24 21:32:26,740 [INFO] ApplicationProperties:184 - Using Application install path: C:\ST\STM32CubeIDE_1.17.0\STM32CubeIDE\plugins\com.st.stm32cube.common.mx_6.13.0.202411220809
2025-02-24 21:32:26,766 [INFO] DbMcusXml:78 - Set database path to: C:\ST\STM32CubeIDE_1.17.0\STM32CubeIDE\plugins\com.st.stm32cube.common.mx_6.13.0.202411220809\\db\/mcu/
2025-02-24 21:32:26,767 [INFO] ApiDb:274 - Set plugin database path to: C:\ST\STM32CubeIDE_1.17.0\STM32CubeIDE\plugins\com.st.stm32cube.common.mx_6.13.0.202411220809\\db\/plugins/boardmanager/
2025-02-24 21:32:26,767 [WARN] ApiDb:259 - Overriding images path with different value:  => C:\ST\STM32CubeIDE_1.17.0\STM32CubeIDE\plugins\com.st.stm32cube.common.mx_6.13.0.202411220809\\db\/plugins/mcufinder/images/
2025-02-24 21:32:26,787 [INFO] ApiDb:250 - Set database path to: C:\Users\anhhu\.stmcufinder\plugins\mcufinder//mcu/
2025-02-24 21:32:26,789 [INFO] DbMcusAds:125 - Set database path to: C:\Users\anhhu\.stmcufinder\plugins\mcufinder//mcu/
2025-02-24 21:32:26,855 [INFO] CrossReferenceDbSqlite:203 - Set database path to: C:\Users\anhhu\.stmcufinder\plugins\mcufinder//mcu/cs/
2025-02-24 21:32:27,024 [INFO] RulesReader:64 - Compatibility file has been processed (297 Rules)
2025-02-24 21:32:27,148 [INFO] DbMcusXml:78 - Set database path to: C:\ST\STM32CubeIDE_1.17.0\STM32CubeIDE\plugins\com.st.stm32cube.common.mx_6.13.0.202411220809\\db\/mcu/
2025-02-24 21:32:27,148 [INFO] ApiDb:274 - Set plugin database path to: C:\ST\STM32CubeIDE_1.17.0\STM32CubeIDE\plugins\com.st.stm32cube.common.mx_6.13.0.202411220809\\db\/plugins/boardmanager/
2025-02-24 21:32:27,148 [INFO] ApiDb:261 - Set plugin images path to: C:\ST\STM32CubeIDE_1.17.0\STM32CubeIDE\plugins\com.st.stm32cube.common.mx_6.13.0.202411220809\\db\/plugins/mcufinder/images/
2025-02-24 21:32:27,149 [WARN] DbFile:41 - Overriding database path with different value: C:\Users\anhhu\.stmcufinder\plugins\mcufinder/ => C:\Users\anhhu\.stmcufinder\plugins\mcufinder
2025-02-24 21:32:27,149 [INFO] ApiDb:250 - Set database path to: C:\Users\anhhu\.stmcufinder\plugins\mcufinder//mcu/
2025-02-24 21:32:27,150 [WARN] DbFile:41 - Overriding database path with different value: C:\Users\anhhu\.stmcufinder\plugins\mcufinder/ => C:\Users\anhhu\.stmcufinder\plugins\mcufinder
2025-02-24 21:32:27,150 [INFO] DbMcusAds:125 - Set database path to: C:\Users\anhhu\.stmcufinder\plugins\mcufinder//mcu/
2025-02-24 21:32:27,150 [WARN] DbFile:41 - Overriding database path with different value: C:\Users\anhhu\.stmcufinder\plugins\mcufinder/ => C:\Users\anhhu\.stmcufinder\plugins\mcufinder
2025-02-24 21:32:27,150 [WARN] DbFile:41 - Overriding database path with different value: C:\Users\anhhu\.stmcufinder\plugins\mcufinder/ => C:\Users\anhhu\.stmcufinder\plugins\mcufinder
2025-02-24 21:32:27,150 [INFO] CrossReferenceDbSqlite:203 - Set database path to: C:\Users\anhhu\.stmcufinder\plugins\mcufinder//mcu/cs/
2025-02-24 21:32:27,371 [INFO] MainPanel:272 - HeapMemory: 268435456
2025-02-24 21:32:27,522 [INFO] DbMcusXml:78 - Set database path to: C:\ST\STM32CubeIDE_1.17.0\STM32CubeIDE\plugins\com.st.stm32cube.common.mx_6.13.0.202411220809\\db\/mcu/
2025-02-24 21:32:27,522 [INFO] ApiDb:274 - Set plugin database path to: C:\ST\STM32CubeIDE_1.17.0\STM32CubeIDE\plugins\com.st.stm32cube.common.mx_6.13.0.202411220809\\db\/plugins/boardmanager/
2025-02-24 21:32:27,522 [INFO] ApiDb:261 - Set plugin images path to: C:\ST\STM32CubeIDE_1.17.0\STM32CubeIDE\plugins\com.st.stm32cube.common.mx_6.13.0.202411220809\\db\/plugins/mcufinder/images/
2025-02-24 21:32:27,523 [WARN] DbFile:41 - Overriding database path with different value: C:\Users\anhhu\.stmcufinder\plugins\mcufinder/ => C:\Users\anhhu\.stmcufinder\plugins\mcufinder
2025-02-24 21:32:27,523 [INFO] ApiDb:250 - Set database path to: C:\Users\anhhu\.stmcufinder\plugins\mcufinder//mcu/
2025-02-24 21:32:27,523 [WARN] DbFile:41 - Overriding database path with different value: C:\Users\anhhu\.stmcufinder\plugins\mcufinder/ => C:\Users\anhhu\.stmcufinder\plugins\mcufinder
2025-02-24 21:32:27,523 [INFO] DbMcusAds:125 - Set database path to: C:\Users\anhhu\.stmcufinder\plugins\mcufinder//mcu/
2025-02-24 21:32:27,523 [WARN] DbFile:41 - Overriding database path with different value: C:\Users\anhhu\.stmcufinder\plugins\mcufinder/ => C:\Users\anhhu\.stmcufinder\plugins\mcufinder
2025-02-24 21:32:27,523 [WARN] DbFile:41 - Overriding database path with different value: C:\Users\anhhu\.stmcufinder\plugins\mcufinder/ => C:\Users\anhhu\.stmcufinder\plugins\mcufinder
2025-02-24 21:32:27,524 [INFO] CrossReferenceDbSqlite:203 - Set database path to: C:\Users\anhhu\.stmcufinder\plugins\mcufinder//mcu/cs/
2025-02-24 21:32:27,547 [INFO] ApplicationProperties:184 - Using Application install path: C:\ST\STM32CubeIDE_1.17.0\STM32CubeIDE\plugins\com.st.stm32cube.common.mx_6.13.0.202411220809
2025-02-24 21:32:27,549 [INFO] PluginManage:196 - Search for loadable plugins [exclusion list=, ]
2025-02-24 21:32:27,551 [INFO] PluginManage:310 - Check plugin analytics
2025-02-24 21:32:36,939 [INFO] AnalyticsPlugin:253 - Accepted Software Licenses: STM32CubeMX.5.3.0,STM32CubeMX.5.6.0,STM32CubeMX.5.6.1
2025-02-24 21:32:36,940 [INFO] AnalyticsPlugin:255 - Accepted CMSIS Pack Licenses: 
2025-02-24 21:32:36,940 [INFO] AnalyticsPlugin:257 - Accepted Firmware Licenses: 
2025-02-24 21:32:36,943 [INFO] PluginManage:359 - Loaded plugin analytics (category:tool,tabindex:-1)
2025-02-24 21:32:36,944 [INFO] PluginManage:310 - Check plugin cadmodel
2025-02-24 21:32:36,970 [INFO] CADModel:105 - Init CAD model plugin
2025-02-24 21:32:36,970 [INFO] PluginManage:359 - Loaded plugin cadmodel (category:power,tabindex:5)
2025-02-24 21:32:36,970 [INFO] PluginManage:310 - Check plugin clock
2025-02-24 21:32:37,006 [INFO] PluginManage:359 - Loaded plugin clock (category:base,tabindex:2)
2025-02-24 21:32:37,006 [INFO] PluginManage:310 - Check plugin ddr
2025-02-24 21:32:37,010 [INFO] PluginManage:359 - Loaded plugin ddr (category:tool,tabindex:6)
2025-02-24 21:32:37,010 [INFO] PluginManage:310 - Check plugin filemanager
2025-02-24 21:32:37,202 [INFO] PluginManage:359 - Loaded plugin filemanager (category:base,tabindex:10)
2025-02-24 21:32:37,202 [INFO] PluginManage:310 - Check plugin ipmanager
2025-02-24 21:32:37,212 [INFO] PluginManage:359 - Loaded plugin ipmanager (category:base,tabindex:5)
2025-02-24 21:32:37,212 [INFO] PluginManage:310 - Check plugin lpbam
2025-02-24 21:32:37,239 [INFO] PluginManage:359 - Loaded plugin lpbam (category:base,tabindex:0)
2025-02-24 21:32:37,239 [INFO] PluginManage:310 - Check plugin memorymap
2025-02-24 21:32:37,272 [INFO] PluginManage:359 - Loaded plugin memorymap (category:base,tabindex:4)
2025-02-24 21:32:37,272 [INFO] PluginManage:310 - Check plugin pinoutandconfiguration
2025-02-24 21:32:37,335 [INFO] PluginManage:359 - Loaded plugin pinoutandconfiguration (category:base,tabindex:1)
2025-02-24 21:32:37,335 [INFO] PluginManage:310 - Check plugin pinoutconfig
2025-02-24 21:32:37,549 [WARN] SupportedApi:132 - Cannot load RTOS API schema: s4s-elt-must-match.1: The content of 'definitions' must match (annotation?, (simpleType | complexType)?, (unique | key | keyref)*)). A problem was found starting at: attribute.
2025-02-24 21:32:37,859 [INFO] PluginManage:359 - Loaded plugin pinoutconfig (category:base,tabindex:0)
2025-02-24 21:32:37,859 [INFO] PluginManage:310 - Check plugin power
2025-02-24 21:32:37,888 [INFO] PluginManage:359 - Loaded plugin power (category:power,tabindex:4)
2025-02-24 21:32:37,888 [INFO] PluginManage:310 - Check plugin projectmanager
2025-02-24 21:32:37,907 [INFO] PluginManage:359 - Loaded plugin projectmanager (category:projectmanager,tabindex:4)
2025-02-24 21:32:37,907 [INFO] PluginManage:310 - Check plugin rif
2025-02-24 21:32:37,932 [INFO] PluginManage:359 - Loaded plugin rif (category:base,tabindex:3)
2025-02-24 21:32:37,932 [INFO] PluginManage:310 - Check plugin thirdparty
2025-02-24 21:32:38,327 [INFO] PluginManage:359 - Loaded plugin thirdparty (category:base,tabindex:-1)
2025-02-24 21:32:38,326 [WARN] IntegrityCheckThread:84 - waiting for thirdparty lock release [integrity check]
2025-02-24 21:32:38,327 [INFO] PluginManage:310 - Check plugin tools
2025-02-24 21:32:38,327 [INFO] IntegrityCheckThread:86 - entering critical section [integrity check]
2025-02-24 21:32:38,328 [INFO] ThirdPartyUpdaterWithRetryManager:70 - Updater plugin not ready yet. [1/15]
2025-02-24 21:32:38,384 [INFO] PluginManage:359 - Loaded plugin tools (category:base,tabindex:7)
2025-02-24 21:32:38,384 [INFO] PluginManage:310 - Check plugin tutovideos
2025-02-24 21:32:38,686 [INFO] PluginManage:359 - Loaded plugin tutovideos (category:base,tabindex:-1)
2025-02-24 21:32:38,687 [INFO] PluginManage:310 - Check plugin updater
2025-02-24 21:32:38,714 [INFO] PluginManage:359 - Loaded plugin updater (category:base,tabindex:12)
2025-02-24 21:32:38,714 [INFO] PluginManage:310 - Check plugin userauth
2025-02-24 21:32:38,719 [INFO] UserAuth:118 - Init User Auth plugin
2025-02-24 21:32:38,720 [INFO] PluginManage:359 - Loaded plugin userauth (category:base,tabindex:14)
2025-02-24 21:32:38,721 [INFO] PluginManage:283 - PluginManage : Loaded plugins [18]
2025-02-24 21:32:38,984 [INFO] PinOutPanel:1589 - setPackage(No Configuration,No Configuration)
2025-02-24 21:32:39,089 [INFO] CADModel:165 - CPN selected for project level
2025-02-24 21:32:39,090 [INFO] CADModel:114 - Register for checkConnection events
2025-02-24 21:32:39,128 [INFO] IPUIPlugin:80 - create IPUIPlugin
2025-02-24 21:32:39,128 [INFO] PluginManager:220 - loadIPPluginJar : add adc
2025-02-24 21:32:39,194 [INFO] IPUIPlugin:80 - create IPUIPlugin
2025-02-24 21:32:39,194 [INFO] PluginManager:220 - loadIPPluginJar : add aes
2025-02-24 21:32:39,261 [INFO] IPUIPlugin:80 - create IPUIPlugin
2025-02-24 21:32:39,261 [INFO] PluginManager:220 - loadIPPluginJar : add can
2025-02-24 21:32:39,350 [INFO] IPUIPlugin:80 - create IPUIPlugin
2025-02-24 21:32:39,350 [INFO] PluginManager:220 - loadIPPluginJar : add comp
2025-02-24 21:32:39,412 [INFO] IPUIPlugin:80 - create IPUIPlugin
2025-02-24 21:32:39,412 [INFO] PluginManager:220 - loadIPPluginJar : add cryp
2025-02-24 21:32:39,431 [INFO] IPUIPlugin:80 - create IPUIPlugin
2025-02-24 21:32:39,431 [INFO] PluginManager:220 - loadIPPluginJar : add ddr_ctrl_phy
2025-02-24 21:32:39,479 [INFO] IPUIPlugin:80 - create IPUIPlugin
2025-02-24 21:32:39,479 [INFO] PluginManager:220 - loadIPPluginJar : add dfsdm
2025-02-24 21:32:39,499 [INFO] IPUIPlugin:80 - create IPUIPlugin
2025-02-24 21:32:39,499 [INFO] PluginManager:220 - loadIPPluginJar : add dma
2025-02-24 21:32:39,560 [INFO] IPUIPlugin:80 - create IPUIPlugin
2025-02-24 21:32:39,561 [INFO] PluginManager:220 - loadIPPluginJar : add dma3
2025-02-24 21:32:39,641 [INFO] IPUIPlugin:80 - create IPUIPlugin
2025-02-24 21:32:39,641 [INFO] PluginManager:220 - loadIPPluginJar : add extmemmanager
2025-02-24 21:32:39,687 [INFO] IPUIPlugin:80 - create IPUIPlugin
2025-02-24 21:32:39,687 [INFO] PluginManager:220 - loadIPPluginJar : add fatfs
2025-02-24 21:32:39,779 [INFO] IPUIPlugin:80 - create IPUIPlugin
2025-02-24 21:32:39,780 [INFO] PluginManager:220 - loadIPPluginJar : add fmc
2025-02-24 21:32:39,809 [INFO] IPUIPlugin:80 - create IPUIPlugin
2025-02-24 21:32:39,809 [INFO] PluginManager:220 - loadIPPluginJar : add freertos
2025-02-24 21:32:39,846 [INFO] IPUIPlugin:80 - create IPUIPlugin
2025-02-24 21:32:39,846 [INFO] PluginManager:220 - loadIPPluginJar : add genericplugin
2025-02-24 21:32:39,999 [INFO] IPUIPlugin:80 - create IPUIPlugin
2025-02-24 21:32:39,999 [INFO] PluginManager:220 - loadIPPluginJar : add gfxmmu
2025-02-24 21:32:40,230 [INFO] IPUIPlugin:80 - create IPUIPlugin
2025-02-24 21:32:40,230 [INFO] PluginManager:220 - loadIPPluginJar : add gic
2025-02-24 21:32:40,259 [INFO] IPUIPlugin:80 - create IPUIPlugin
2025-02-24 21:32:40,259 [INFO] PluginManager:220 - loadIPPluginJar : add gpio
2025-02-24 21:32:40,407 [INFO] IPUIPlugin:80 - create IPUIPlugin
2025-02-24 21:32:40,407 [INFO] PluginManager:220 - loadIPPluginJar : add gtzc
2025-02-24 21:32:40,454 [INFO] IPUIPlugin:80 - create IPUIPlugin
2025-02-24 21:32:40,455 [INFO] PluginManager:220 - loadIPPluginJar : add hash
2025-02-24 21:32:40,532 [INFO] IPUIPlugin:80 - create IPUIPlugin
2025-02-24 21:32:40,532 [INFO] PluginManager:220 - loadIPPluginJar : add i2c
2025-02-24 21:32:40,602 [INFO] IPUIPlugin:80 - create IPUIPlugin
2025-02-24 21:32:40,602 [INFO] PluginManager:220 - loadIPPluginJar : add i2s
2025-02-24 21:32:40,668 [INFO] IPUIPlugin:80 - create IPUIPlugin
2025-02-24 21:32:40,668 [INFO] PluginManager:220 - loadIPPluginJar : add i3c
2025-02-24 21:32:40,818 [INFO] IPUIPlugin:80 - create IPUIPlugin
2025-02-24 21:32:40,819 [INFO] PluginManager:220 - loadIPPluginJar : add ipddr
2025-02-24 21:32:40,997 [INFO] IPUIPlugin:80 - create IPUIPlugin
2025-02-24 21:32:40,997 [INFO] PluginManager:220 - loadIPPluginJar : add linkedlist
2025-02-24 21:32:41,052 [INFO] IPUIPlugin:80 - create IPUIPlugin
2025-02-24 21:32:41,052 [INFO] PluginManager:220 - loadIPPluginJar : add lorawan
2025-02-24 21:32:41,107 [INFO] IPUIPlugin:80 - create IPUIPlugin
2025-02-24 21:32:41,107 [INFO] PluginManager:220 - loadIPPluginJar : add ltdc
2025-02-24 21:32:41,126 [INFO] IPUIPlugin:80 - create IPUIPlugin
2025-02-24 21:32:41,127 [INFO] PluginManager:220 - loadIPPluginJar : add mdma
2025-02-24 21:32:41,144 [INFO] IPUIPlugin:80 - create IPUIPlugin
2025-02-24 21:32:41,144 [INFO] PluginManager:220 - loadIPPluginJar : add nvic
2025-02-24 21:32:41,194 [INFO] IPUIPlugin:80 - create IPUIPlugin
2025-02-24 21:32:41,194 [INFO] PluginManager:220 - loadIPPluginJar : add opamp
2025-02-24 21:32:41,278 [INFO] IPUIPlugin:80 - create IPUIPlugin
2025-02-24 21:32:41,279 [INFO] PluginManager:220 - loadIPPluginJar : add openamp
2025-02-24 21:32:41,330 [INFO] ThirdPartyUpdaterWithRetryManager:70 - Updater plugin not ready yet. [2/15]
2025-02-24 21:32:41,340 [INFO] IPUIPlugin:80 - create IPUIPlugin
2025-02-24 21:32:41,340 [INFO] PluginManager:220 - loadIPPluginJar : add pdm2pcm
2025-02-24 21:32:41,361 [INFO] IPUIPlugin:80 - create IPUIPlugin
2025-02-24 21:32:41,363 [INFO] PluginManager:220 - loadIPPluginJar : add plateformsettings
2025-02-24 21:32:41,395 [INFO] IPUIPlugin:80 - create IPUIPlugin
2025-02-24 21:32:41,395 [INFO] PluginManager:220 - loadIPPluginJar : add quadspi
2025-02-24 21:32:41,433 [INFO] IPUIPlugin:80 - create IPUIPlugin
2025-02-24 21:32:41,434 [INFO] PluginManager:220 - loadIPPluginJar : add radio
2025-02-24 21:32:41,452 [INFO] IPUIPlugin:80 - create IPUIPlugin
2025-02-24 21:32:41,452 [INFO] PluginManager:220 - loadIPPluginJar : add resmgrutility
2025-02-24 21:32:41,555 [INFO] IPUIPlugin:80 - create IPUIPlugin
2025-02-24 21:32:41,556 [INFO] PluginManager:220 - loadIPPluginJar : add sai
2025-02-24 21:32:41,610 [INFO] IPUIPlugin:80 - create IPUIPlugin
2025-02-24 21:32:41,611 [INFO] PluginManager:220 - loadIPPluginJar : add spi
2025-02-24 21:32:41,779 [INFO] IPUIPlugin:80 - create IPUIPlugin
2025-02-24 21:32:41,780 [INFO] PluginManager:220 - loadIPPluginJar : add stm32_wpan
2025-02-24 21:32:41,821 [INFO] IPUIPlugin:80 - create IPUIPlugin
2025-02-24 21:32:41,821 [INFO] PluginManager:220 - loadIPPluginJar : add tim
2025-02-24 21:32:41,907 [INFO] IPUIPlugin:80 - create IPUIPlugin
2025-02-24 21:32:41,907 [INFO] PluginManager:220 - loadIPPluginJar : add touchsensing
2025-02-24 21:32:41,939 [INFO] IPUIPlugin:80 - create IPUIPlugin
2025-02-24 21:32:41,939 [INFO] PluginManager:220 - loadIPPluginJar : add tracer_emb
2025-02-24 21:32:41,973 [INFO] IPUIPlugin:80 - create IPUIPlugin
2025-02-24 21:32:41,973 [INFO] PluginManager:220 - loadIPPluginJar : add ts
2025-02-24 21:32:42,005 [INFO] IPUIPlugin:80 - create IPUIPlugin
2025-02-24 21:32:42,005 [INFO] PluginManager:220 - loadIPPluginJar : add tsc
2025-02-24 21:32:42,036 [INFO] IPUIPlugin:80 - create IPUIPlugin
2025-02-24 21:32:42,037 [INFO] PluginManager:220 - loadIPPluginJar : add ucpd
2025-02-24 21:32:42,097 [INFO] IPUIPlugin:80 - create IPUIPlugin
2025-02-24 21:32:42,097 [INFO] PluginManager:220 - loadIPPluginJar : add usart
2025-02-24 21:32:42,158 [INFO] IPUIPlugin:80 - create IPUIPlugin
2025-02-24 21:32:42,158 [INFO] PluginManager:220 - loadIPPluginJar : add usbx
2025-02-24 21:32:42,309 [FATAL] Updater:351 - Updater called before beeing initialized
2025-02-24 21:32:42,337 [INFO] RulesReader:64 - Compatibility file has been processed (297 Rules)
2025-02-24 21:32:42,349 [INFO] RulesReader:64 - Compatibility file has been processed (297 Rules)
2025-02-24 21:32:42,358 [INFO] CADModel:165 - CPN selected for project level
2025-02-24 21:32:42,358 [INFO] CADModel:114 - Register for checkConnection events
2025-02-24 21:32:42,358 [FATAL] Updater:351 - Updater called before beeing initialized
2025-02-24 21:32:42,359 [ERROR] CADModel:125 - Updater not yet initialized, retry later 
2025-02-24 21:32:42,530 [FATAL] Updater:351 - Updater called before beeing initialized
2025-02-24 21:32:42,532 [INFO] CADModel:165 - CPN selected for project level
2025-02-24 21:32:42,533 [INFO] CADModel:114 - Register for checkConnection events
2025-02-24 21:32:42,533 [FATAL] Updater:351 - Updater called before beeing initialized
2025-02-24 21:32:42,533 [ERROR] CADModel:125 - Updater not yet initialized, retry later 
2025-02-24 21:32:42,536 [FATAL] Updater:351 - Updater called before beeing initialized
2025-02-24 21:32:42,766 [FATAL] Updater:351 - Updater called before beeing initialized
2025-02-24 21:32:42,779 [INFO] DbMcusAds:53 - JSON generation date=Tue Dec 17 23:01:15 ICT 2024 (1734451275222)
2025-02-24 21:32:42,779 [FATAL] Updater:351 - Updater called before beeing initialized
2025-02-24 21:32:42,829 [WARN] DetailPanel:346 - Failed to get advertising image, set to default
2025-02-24 21:32:43,129 [FATAL] Updater:351 - Updater called before beeing initialized
2025-02-24 21:32:43,132 [FATAL] Updater:351 - Updater called before beeing initialized
2025-02-24 21:32:43,132 [FATAL] Updater:351 - Updater called before beeing initialized
2025-02-24 21:32:43,132 [WARN] DetailPanel:346 - Failed to get advertising image, set to default
2025-02-24 21:32:43,133 [FATAL] Updater:351 - Updater called before beeing initialized
2025-02-24 21:32:43,208 [ERROR] Updater:1198 - MainUpdater not yet initialized. External WinMGr cannot be set.
2025-02-24 21:32:43,222 [INFO] Updater:1134 - Updater Version found : 6.13.0
2025-02-24 21:32:43,242 [INFO] ApplicationProperties:184 - Using Application install path: C:\ST\STM32CubeIDE_1.17.0\STM32CubeIDE\plugins\com.st.stm32cube.common.mx_6.13.0.202411220809
2025-02-24 21:32:43,812 [INFO] MainUpdater:2872 - connection check result : 10
2025-02-24 21:32:43,812 [INFO] MainUpdater:3566 - Updater definition file requires update
2025-02-24 21:32:43,814 [INFO] MainUpdater:289 - Updater Check For Update Now.
2025-02-24 21:32:43,814 [INFO] MicroXplorer:498 - Change Database Version : DB.6.0.130
2025-02-24 21:32:43,835 [INFO] McuFinderGlobals:63 - Set McuFinder mode to 2 (CubeIDE integrated)
2025-02-24 21:32:43,836 [INFO] UserAuth:171 - activating auth plugin
2025-02-24 21:32:43,839 [INFO] UserAuth:486 - Internet connection configuration mode: 1
2025-02-24 21:32:43,875 [INFO] JxBrowserEngine:152 - Initiate JxBrowser Engine with user profile folder
2025-02-24 21:32:43,898 [INFO] ServerAccessManage:473 - Download File updaters.zip
2025-02-24 21:32:44,167 [INFO] FileExtend:240 - Unzip File : updaters.zip
2025-02-24 21:32:44,188 [INFO] FileExtend:255 - Standard Zip Deflate
2025-02-24 21:32:44,343 [WARN] MainUpdater:1193 - Updater busy. Cannot search thirdparties
2025-02-24 21:32:44,343 [INFO] ThirdPartyUpdaterWithRetryManager:96 - Updater plugin is busy. [1/15]
2025-02-24 21:32:45,055 [INFO] ServerAccessManage:473 - Download File PacksControlFlags.xml
2025-02-24 21:32:45,347 [INFO] ServerAccessManage:473 - Download File cubemx.pidx
2025-02-24 21:32:45,698 [INFO] LoadServerUpdatesThread:375 - End of LoadServerUpdate Thread
2025-02-24 21:32:46,181 [INFO] CheckServerUpdateThread:120 - End of CheckServer Thread
2025-02-24 21:32:48,098 [WARN] PackLoader:240 - Cannot read IP mode file for STMicroelectronics.FP-SNS-MOTENVWB1.1.4.0
2025-02-24 21:32:48,135 [WARN] PackLoader:240 - Cannot read IP mode file for STMicroelectronics.FP-ATR-ASTRA1.2.0.1
2025-02-24 21:32:48,174 [WARN] PackLoader:240 - Cannot read IP mode file for STMicroelectronics.X-CUBE-SMBUS.2.1.0
2025-02-24 21:32:48,206 [WARN] PackLoader:240 - Cannot read IP mode file for STMicroelectronics.X-CUBE-WB05N.1.1.0
2025-02-24 21:32:48,295 [WARN] PackLoader:240 - Cannot read IP mode file for STMicroelectronics.X-CUBE-AZRTOS-F7.1.1.0
2025-02-24 21:32:48,563 [INFO] WebApp:168 - Instantiating new browser for Auth
2025-02-24 21:32:48,690 [WARN] PackLoader:240 - Cannot read IP mode file for STMicroelectronics.X-CUBE-MEMS1.11.0.0
2025-02-24 21:32:49,255 [WARN] PackLoader:240 - Cannot read IP mode file for STMicroelectronics.FP-SNS-FLIGHT1.5.0.2
2025-02-24 21:32:49,347 [WARN] PackLoader:240 - Cannot read IP mode file for Infineon.AIROC-Wi-Fi-Bluetooth-STM32.1.7.0
2025-02-24 21:32:49,424 [WARN] PackLoader:240 - Cannot read IP mode file for STMicroelectronics.X-CUBE-DISPLAY.3.0.0
2025-02-24 21:32:49,458 [WARN] PackLoader:240 - Cannot read IP mode file for STMicroelectronics.X-CUBE-BLE1.7.0.0
2025-02-24 21:32:49,491 [WARN] PackLoader:240 - Cannot read IP mode file for STMicroelectronics.X-CUBE-NFC10.1.0.0
2025-02-24 21:32:49,564 [WARN] PackLoader:240 - Cannot read IP mode file for STMicroelectronics.X-CUBE-BLEMGR.4.0.0
2025-02-24 21:32:49,615 [WARN] PackLoader:240 - Cannot read IP mode file for emotas.I-CUBE-CANOPEN.1.3.0
2025-02-24 21:32:49,637 [WARN] PackLoader:240 - Cannot read IP mode file for STMicroelectronics.X-CUBE-AI.10.0.0
2025-02-24 21:32:49,665 [WARN] PackLoader:240 - Cannot read IP mode file for STMicroelectronics.FP-SNS-SMARTAG2.1.2.0
2025-02-24 21:32:49,962 [WARN] PackLoader:240 - Cannot read IP mode file for STMicroelectronics.X-CUBE-MEMS1.11.1.0
2025-02-24 21:32:50,983 [INFO] LogOutputStream:77 - [STDOUT_REDIRECT] 1 : Invalid condition id : UX_CORESTACK_Condition cause : null
2025-02-24 21:32:50,988 [INFO] LogOutputStream:77 - [STDOUT_REDIRECT] 1 : Invalid condition id : UX_CORESTACK_Condition cause : null
2025-02-24 21:32:50,990 [INFO] LogOutputStream:77 - [STDOUT_REDIRECT] 1 : Invalid condition id : UX_CORESTACK_Condition cause : null
2025-02-24 21:32:51,000 [INFO] LogOutputStream:77 - [STDOUT_REDIRECT] 1 : Invalid condition id : UX_CORESTACK_Condition cause : null
2025-02-24 21:32:51,003 [INFO] LogOutputStream:77 - [STDOUT_REDIRECT] 1 : Invalid condition id : UX_CORESTACK_Condition cause : null
2025-02-24 21:32:51,068 [WARN] PackLoader:240 - Cannot read IP mode file for STMicroelectronics.X-CUBE-AZRTOS-WL.2.0.0
2025-02-24 21:32:51,090 [WARN] PackLoader:240 - Cannot read IP mode file for STMicroelectronics.FP-SNS-MOTENV1.5.0.0
2025-02-24 21:32:51,185 [WARN] PackLoader:240 - Cannot read IP mode file for wolfSSL.I-CUBE-wolfMQTT.1.19.0
2025-02-24 21:32:51,222 [WARN] PackLoader:240 - Cannot read IP mode file for WES.I-CUBE-Cesium.1.3.0
2025-02-24 21:32:51,242 [WARN] PackLoader:240 - Cannot read IP mode file for STMicroelectronics.X-CUBE-BLE2.3.3.0
2025-02-24 21:32:51,280 [WARN] PackLoader:240 - Cannot read IP mode file for STMicroelectronics.X-CUBE-NFC9.1.0.0
2025-02-24 21:32:51,374 [WARN] PackLoader:240 - Cannot read IP mode file for STMicroelectronics.X-CUBE-AZRTOS-G0.1.1.0
2025-02-24 21:32:51,419 [WARN] PackLoader:240 - Cannot read IP mode file for STMicroelectronics.X-CUBE-SAFEA1.1.2.2
2025-02-24 21:32:51,438 [WARN] PackLoader:240 - Cannot read IP mode file for STMicroelectronics.X-CUBE-NFC4.3.0.0
2025-02-24 21:32:51,491 [WARN] PackLoader:240 - Cannot read IP mode file for EmbeddedOffice.I-CUBE-FS-RTOS.1.0.1
2025-02-24 21:32:51,508 [WARN] PackLoader:240 - Cannot read IP mode file for STMicroelectronics.X-CUBE-TCPP.4.2.0
2025-02-24 21:32:51,571 [WARN] PackLoader:240 - Cannot read IP mode file for RealThread.X-CUBE-RT-Thread_Nano.4.1.1
2025-02-24 21:32:51,648 [WARN] PackLoader:240 - Cannot read IP mode file for STMicroelectronics.FP-ATR-SIGFOX1.3.2.0
2025-02-24 21:32:51,750 [WARN] ConditionMgr:438 - getConditionDescription Invalid condition id : Cortex-A Device cause : null
2025-02-24 21:32:51,793 [WARN] ConditionMgr:1044 - genDependencies : Invalid condition id : Cortex-A Device cause : null
2025-02-24 21:32:51,799 [WARN] ConditionMgr:1044 - genDependencies : Invalid condition id : Cortex-A Device cause : null
2025-02-24 21:32:51,800 [WARN] ConditionMgr:1044 - genDependencies : Invalid condition id : Cortex-A Device cause : null
2025-02-24 21:32:51,825 [WARN] PackLoader:240 - Cannot read IP mode file for STMicroelectronics.X-CUBE-EEPRMA1.5.1.0
2025-02-24 21:32:51,986 [WARN] PackLoader:240 - Cannot read IP mode file for wolfSSL.I-CUBE-wolfSSL.5.7.4
2025-02-24 21:32:52,022 [WARN] PackLoader:240 - Cannot read IP mode file for ITTIA_DB.I-CUBE-ITTIADB.8.9.0
2025-02-24 21:32:52,164 [WARN] PackLoader:240 - Cannot read IP mode file for SEGGER.I-CUBE-embOS.1.3.1
2025-02-24 21:32:52,213 [INFO] WebApp:449 - Apply proxy settings
2025-02-24 21:32:52,214 [INFO] WebApp:534 - Chromium requires no authentication
2025-02-24 21:32:52,230 [INFO] WebApp:477 - Direct internet connection detected
2025-02-24 21:32:52,299 [WARN] PackLoader:240 - Cannot read IP mode file for STMicroelectronics.X-CUBE-ALGOBUILD.1.4.0
2025-02-24 21:32:52,311 [INFO] WebApp:880 - Register for checkConnection events
2025-02-24 21:32:52,312 [INFO] WebApp:449 - Apply proxy settings
2025-02-24 21:32:52,312 [INFO] WebApp:534 - Chromium requires no authentication
2025-02-24 21:32:52,312 [INFO] WebApp:477 - Direct internet connection detected
2025-02-24 21:32:52,316 [WARN] PackLoader:240 - Cannot read IP mode file for STMicroelectronics.X-CUBE-AI.9.1.0
2025-02-24 21:32:52,364 [WARN] PackLoader:240 - Cannot read IP mode file for STMicroelectronics.X-CUBE-AZRTOS-F4.1.1.0
2025-02-24 21:32:52,401 [WARN] PackLoader:240 - Cannot read IP mode file for STMicroelectronics.X-CUBE-ISPU.2.1.0
2025-02-24 21:32:52,452 [WARN] PackLoader:240 - Cannot read IP mode file for STMicroelectronics.X-CUBE-AZRTOS-L5.2.0.0
2025-02-24 21:32:52,484 [WARN] PackLoader:240 - Cannot read IP mode file for STMicroelectronics.X-CUBE-NFC6.3.1.0
2025-02-24 21:32:52,587 [WARN] PackLoader:240 - Cannot read IP mode file for STMicroelectronics.X-CUBE-DPower.1.2.0
2025-02-24 21:32:52,628 [WARN] PackLoader:240 - Cannot read IP mode file for STMicroelectronics.X-CUBE-FREERTOS.1.3.0
2025-02-24 21:32:52,647 [WARN] PackLoader:240 - Cannot read IP mode file for STMicroelectronics.X-CUBE-NFC7.1.0.1
2025-02-24 21:32:52,761 [WARN] ConditionMgr:438 - getConditionDescription Invalid condition id : LAN8742 Phy interface Condition cause : null
2025-02-24 21:32:52,763 [WARN] PackLoader:240 - Cannot read IP mode file for STMicroelectronics.X-CUBE-AZRTOS-L4.2.0.0
2025-02-24 21:32:52,764 [WARN] ConditionMgr:1044 - genDependencies : Invalid condition id : LAN8742 Phy interface Condition cause : null
2025-02-24 21:32:52,764 [WARN] ConditionMgr:1044 - genDependencies : Invalid condition id : LAN8742 Phy interface Condition cause : null
2025-02-24 21:32:52,765 [WARN] ConditionMgr:1044 - genDependencies : Invalid condition id : LAN8742 Phy interface Condition cause : null
2025-02-24 21:32:52,803 [WARN] PackLoader:240 - Cannot read IP mode file for STMicroelectronics.X-CUBE-SFXS2LP1.4.0.0
2025-02-24 21:32:52,967 [WARN] PackLoader:240 - Cannot read IP mode file for STMicroelectronics.X-CUBE-AZRTOS-H7.3.3.0
2025-02-24 21:32:53,070 [WARN] PackLoader:240 - Cannot read IP mode file for STMicroelectronics.X-CUBE-IPS.3.0.0
2025-02-24 21:32:53,296 [WARN] ConditionMgr:438 - getConditionDescription Invalid condition id : UX DEVICE CLASS RTOS Condition cause : null
2025-02-24 21:32:53,297 [WARN] ConditionMgr:438 - getConditionDescription Invalid condition id : UX DEVICE CLASS RTOS Condition cause : null
2025-02-24 21:32:53,298 [WARN] PackLoader:240 - Cannot read IP mode file for STMicroelectronics.X-CUBE-AZRTOS-WB.2.0.0
2025-02-24 21:32:53,299 [WARN] ConditionMgr:1044 - genDependencies : Invalid condition id : UX DEVICE CLASS RTOS Condition cause : null
2025-02-24 21:32:53,299 [WARN] ConditionMgr:1044 - genDependencies : Invalid condition id : UX DEVICE CLASS RTOS Condition cause : null
2025-02-24 21:32:53,299 [WARN] ConditionMgr:1044 - genDependencies : Invalid condition id : UX DEVICE CLASS RTOS Condition cause : null
2025-02-24 21:32:53,300 [WARN] ConditionMgr:1044 - genDependencies : Invalid condition id : UX DEVICE CLASS RTOS Condition cause : null
2025-02-24 21:32:53,300 [WARN] ConditionMgr:1044 - genDependencies : Invalid condition id : UX DEVICE CLASS RTOS Condition cause : null
2025-02-24 21:32:53,323 [WARN] PackLoader:240 - Cannot read IP mode file for STMicroelectronics.X-CUBE-GNSS1.7.0.0
2025-02-24 21:32:53,343 [INFO] WebApp:187 - Connection restablished
2025-02-24 21:32:53,348 [WARN] PackLoader:240 - Cannot read IP mode file for STMicroelectronics.X-CUBE-GNSS1.7.0.1
2025-02-24 21:32:53,373 [WARN] PackLoader:240 - Cannot read IP mode file for STMicroelectronics.FP-SNS-STBOX1.2.0.0
2025-02-24 21:32:53,495 [WARN] PackLoader:240 - Cannot read IP mode file for STMicroelectronics.X-CUBE-SUBG2.5.0.0
2025-02-24 21:32:53,525 [WARN] PackLoader:240 - Cannot read IP mode file for Cesanta.I-CUBE-Mongoose.7.13.0
2025-02-24 21:32:53,593 [WARN] PackLoader:240 - Cannot read IP mode file for STMicroelectronics.X-CUBE-AZRTOS-G4.2.0.0
2025-02-24 21:32:53,617 [INFO] WebApp:221 - Starting web application
2025-02-24 21:32:53,618 [INFO] WebApp:579 - Web application path used C:\ST\STM32CubeIDE_1.17.0\STM32CubeIDE\plugins\com.st.stm32cube.common.mx_6.13.0.202411220809\db\plugins\mcufinder\reactClient1\index.html
2025-02-24 21:32:53,739 [WARN] PackLoader:240 - Cannot read IP mode file for STMicroelectronics.X-CUBE-IPS.3.1.0
2025-02-24 21:32:53,811 [WARN] PackLoader:240 - Cannot read IP mode file for STMicroelectronics.X-CUBE-ALS.1.0.2
2025-02-24 21:32:53,840 [WARN] PackLoader:240 - Cannot read IP mode file for STMicroelectronics.X-CUBE-TOUCHGFX.4.24.2
2025-02-24 21:32:53,858 [WARN] PackLoader:240 - Cannot read IP mode file for STMicroelectronics.X-CUBE-TOUCHGFX.4.24.1
2025-02-24 21:32:53,878 [WARN] PackLoader:240 - Cannot read IP mode file for wolfSSL.I-CUBE-wolfTPM.3.4.0
2025-02-24 21:32:53,909 [WARN] PackLoader:240 - Cannot read IP mode file for portGmbH.I-Cube-SoM-uGOAL.1.1.0
2025-02-24 21:32:53,960 [WARN] PackLoader:240 - Cannot read IP mode file for STMicroelectronics.X-CUBE-AZRTOS-H7RS.1.0.0
2025-02-24 21:32:53,992 [WARN] PackLoader:240 - Cannot read IP mode file for STMicroelectronics.X-CUBE-TOF1.3.4.2
2025-02-24 21:32:54,016 [WARN] PackLoader:240 - Cannot read IP mode file for wolfSSL.I-CUBE-wolfSSH.1.4.17
2025-02-24 21:32:54,017 [INFO] ThirdParty:978 - Integrity check success = true
2025-02-24 21:32:54,017 [INFO] IntegrityCheckThread:100 - exiting critical section [integrity check]
2025-02-24 21:32:54,017 [INFO] IntegrityCheckThread:103 - End integrity checks thread
